\BOOKMARK [1][-]{section.1}{Time Series}{}% 1
\BOOKMARK [2][-]{subsection.1.1}{Chapter 6: ARDL Models}{section.1}% 2
\BOOKMARK [2][-]{subsection.1.2}{Chapters 12 and 13: Intro to Stochastic Processes and Spectral Analysis}{section.1}% 3
\BOOKMARK [3][-]{subsubsection.1.2.1}{Worked Examples}{subsection.1.2}% 4
\BOOKMARK [2][-]{subsection.1.3}{Some time series and their properties}{section.1}% 5
\BOOKMARK [3][-]{subsubsection.1.3.1}{White noise process:}{subsection.1.3}% 6
\BOOKMARK [3][-]{subsubsection.1.3.2}{MA\(1\) process:}{subsection.1.3}% 7
\BOOKMARK [3][-]{subsubsection.1.3.3}{MA\(\) process:}{subsection.1.3}% 8
\BOOKMARK [3][-]{subsubsection.1.3.4}{AR\(1\) process:}{subsection.1.3}% 9
\BOOKMARK [3][-]{subsubsection.1.3.5}{AR\(2\) process:}{subsection.1.3}% 10
\BOOKMARK [3][-]{subsubsection.1.3.6}{AR\(p\) process:}{subsection.1.3}% 11
\BOOKMARK [3][-]{subsubsection.1.3.7}{ARMA\(1, 1\) process:}{subsection.1.3}% 12
\BOOKMARK [2][-]{subsection.1.4}{Chapter 14: Estimation of Stationary Time Series Processes}{section.1}% 13
\BOOKMARK [3][-]{subsubsection.1.4.1}{Sufficient conditions for ergodicity of mean. \(Book section 14.2.1\)}{subsection.1.4}% 14
\BOOKMARK [3][-]{subsubsection.1.4.2}{Estimation of autocovariances \(Book section 14.2.2\).}{subsection.1.4}% 15
\BOOKMARK [3][-]{subsubsection.1.4.3}{Worked examples}{subsection.1.4}% 16
\BOOKMARK [2][-]{subsection.1.5}{Chapter 15: Unit Root Processes}{section.1}% 17
\BOOKMARK [3][-]{subsubsection.1.5.1}{Worked Problems}{subsection.1.5}% 18
\BOOKMARK [2][-]{subsection.1.6}{Chapter 17: Introduction to Forecasting}{section.1}% 19
\BOOKMARK [3][-]{subsubsection.1.6.1}{17.7: Iterated and direct multi-step AR methods}{subsection.1.6}% 20
\BOOKMARK [3][-]{subsubsection.1.6.2}{Worked Problems}{subsection.1.6}% 21
\BOOKMARK [2][-]{subsection.1.7}{Chapter 18: Measurement and Modeling of Volatility}{section.1}% 22
\BOOKMARK [3][-]{subsubsection.1.7.1}{Higher order GARCH models \(Pesaran Section 18.4.2\)}{subsection.1.7}% 23
\BOOKMARK [3][-]{subsubsection.1.7.2}{Testing for GARCH effects \(Pesaran Section 18.5.1\)}{subsection.1.7}% 24
\BOOKMARK [3][-]{subsubsection.1.7.3}{Worked Problems}{subsection.1.7}% 25
\BOOKMARK [2][-]{subsection.1.8}{Chapter 21: Vector Autoregressive Models}{section.1}% 26
\BOOKMARK [3][-]{subsubsection.1.8.1}{Worked Problems}{subsection.1.8}% 27
\BOOKMARK [2][-]{subsection.1.9}{Chapter 22: Cointegration Analysis}{section.1}% 28
\BOOKMARK [3][-]{subsubsection.1.9.1}{22.4 Cointegrating VAR: multiple cointegrating relations and 22.5: Identification of long-run effects}{subsection.1.9}% 29
\BOOKMARK [3][-]{subsubsection.1.9.2}{Worked Problems}{subsection.1.9}% 30
\BOOKMARK [2][-]{subsection.1.10}{Chapter 23: VARX Modeling}{section.1}% 31
\BOOKMARK [3][-]{subsubsection.1.10.1}{Worked Problems}{subsection.1.10}% 32
\BOOKMARK [2][-]{subsection.1.11}{Chapter 24: Impulse Response Analysis}{section.1}% 33
\BOOKMARK [3][-]{subsubsection.1.11.1}{Worked Problems}{subsection.1.11}% 34
\BOOKMARK [2][-]{subsection.1.12}{Chapter 33: Theory and Practice of GVAR Modeling}{section.1}% 35
