\BOOKMARK [0][-]{chapter.1}{Introduction}{}% 1
\BOOKMARK [0][-]{chapter.2}{Linear Algebra}{}% 2
\BOOKMARK [1][-]{section.2.1}{Properties of Projection Matrices}{chapter.2}% 3
\BOOKMARK [1][-]{section.2.2}{Eigenvalues, Eigenvectors, Diagonalization, Symmetric Matrices}{chapter.2}% 4
\BOOKMARK [1][-]{section.2.3}{Positive Definite Matrices}{chapter.2}% 5
\BOOKMARK [1][-]{section.2.4}{Matrix Decompositions}{chapter.2}% 6
\BOOKMARK [2][-]{subsection.2.4.1}{Singular value decomposition and Pseudo-inverse}{section.2.4}% 7
\BOOKMARK [2][-]{subsection.2.4.2}{Principal Components}{section.2.4}% 8
\BOOKMARK [2][-]{subsection.2.4.3}{Low rank matrix approximation}{section.2.4}% 9
\BOOKMARK [1][-]{section.2.5}{Inverting Matrices}{chapter.2}% 10
\BOOKMARK [1][-]{section.2.6}{Other}{chapter.2}% 11
\BOOKMARK [1][-]{section.2.7}{Practice Problems}{chapter.2}% 12
\BOOKMARK [0][-]{chapter.3}{Calculus}{}% 13
\BOOKMARK [1][-]{section.3.1}{Differentiation and common derivatives and integrals to know}{chapter.3}% 14
\BOOKMARK [1][-]{section.3.2}{Matrix Differentiation}{chapter.3}% 15
\BOOKMARK [1][-]{section.3.3}{Some theorems in higher dimensions}{chapter.3}% 16
\BOOKMARK [1][-]{section.3.4}{Optimizing functions of several variables}{chapter.3}% 17
\BOOKMARK [1][-]{section.3.5}{Lagrange Multipliers}{chapter.3}% 18
\BOOKMARK [1][-]{section.3.6}{Line Integrals}{chapter.3}% 19
\BOOKMARK [1][-]{section.3.7}{Miscellaneous}{chapter.3}% 20
\BOOKMARK [1][-]{section.3.8}{Practice Problems}{chapter.3}% 21
\BOOKMARK [0][-]{chapter.4}{Differential Equations}{}% 22
\BOOKMARK [0][-]{chapter.5}{Real Analysis}{}% 23
\BOOKMARK [1][-]{section.5.1}{Midterm 1}{chapter.5}% 24
\BOOKMARK [2][-]{subsection.5.1.1}{Homework 1}{section.5.1}% 25
\BOOKMARK [2][-]{subsection.5.1.2}{Homework 2}{section.5.1}% 26
\BOOKMARK [1][-]{section.5.2}{Midterm 2}{chapter.5}% 27
\BOOKMARK [2][-]{subsection.5.2.1}{Homework 3}{section.5.2}% 28
\BOOKMARK [2][-]{subsection.5.2.2}{Homework 4}{section.5.2}% 29
\BOOKMARK [1][-]{section.5.3}{Real Numbers \(Chapter 1 of pugh2015real; also from Homework 6 of Math 4650 at Cal State LA\)}{chapter.5}% 30
\BOOKMARK [1][-]{section.5.4}{A Taste of Topology \(Chapter 2 of pugh2015real; also from Homework 5 of Math 4650 at Cal State LA\)}{chapter.5}% 31
\BOOKMARK [1][-]{section.5.5}{Functions of a Real Variable; Differentiation, Riemann Integration, and Series \(Chapter 3 of pugh2015real\)}{chapter.5}% 32
\BOOKMARK [1][-]{section.5.6}{Function Spaces \(Chapter 4 of pugh2015real\)}{chapter.5}% 33
\BOOKMARK [2][-]{subsection.5.6.1}{Uniform Convergence and C0 \(Section 4.1 of pugh2015real\)}{section.5.6}% 34
\BOOKMARK [2][-]{subsection.5.6.2}{Power Series \(Section 4.2 of pugh2015real\)}{section.5.6}% 35
\BOOKMARK [2][-]{subsection.5.6.3}{Compactness and Equicontinuity in C0 \(Section 4.3 of pugh2015real\)}{section.5.6}% 36
\BOOKMARK [2][-]{subsection.5.6.4}{Uniform Approximation in C0 \(Section 4.4 of pugh2015real\)}{section.5.6}% 37
\BOOKMARK [2][-]{subsection.5.6.5}{Contractions and ODEs \(Section 4.5 of pugh2015real\)}{section.5.6}% 38
\BOOKMARK [1][-]{section.5.7}{Multivariable Calculus \(Chapter 5 of pugh2015real\)}{chapter.5}% 39
\BOOKMARK [2][-]{subsection.5.7.1}{Linear Algebra \(Section 5.1 of pugh2015real\)}{section.5.7}% 40
\BOOKMARK [2][-]{subsection.5.7.2}{Manifolds \(Chapter 5 of spivak1971calculus\)}{section.5.7}% 41
\BOOKMARK [2][-]{subsection.5.7.3}{Differentiability of functions from Rn Rm \(Section 5.2 of pugh2015real\)}{section.5.7}% 42
\BOOKMARK [2][-]{subsection.5.7.4}{Implicit and Inverse Functions Theorems \(Section 5.4 of pugh2015real\)}{section.5.7}% 43
\BOOKMARK [2][-]{subsection.5.7.5}{Tensors \(Homeworks 11 - 14 in Math 425b, Chapter 16 of lang2005algebra\)}{section.5.7}% 44
\BOOKMARK [2][-]{subsection.5.7.6}{Differential Forms \(Section 5.8 of pugh2015real; Chapter 10 of rudin1976principles\)}{section.5.7}% 45
\BOOKMARK [1][-]{section.5.8}{Problems from Practice Math GRE Subject Tests}{chapter.5}% 46
\BOOKMARK [0][-]{chapter.6}{Probability}{}% 47
\BOOKMARK [1][-]{section.6.1}{To Know for Math 505A Midterm 1 \(Discrete Random Variables\)}{chapter.6}% 48
\BOOKMARK [2][-]{subsection.6.1.1}{Definitions}{section.6.1}% 49
\BOOKMARK [2][-]{subsection.6.1.2}{Conditioning}{section.6.1}% 50
\BOOKMARK [2][-]{subsection.6.1.3}{Convolution}{section.6.1}% 51
\BOOKMARK [2][-]{subsection.6.1.4}{Compound Random Variables}{section.6.1}% 52
\BOOKMARK [2][-]{subsection.6.1.5}{Odds and Ends}{section.6.1}% 53
\BOOKMARK [2][-]{subsection.6.1.6}{Methods for Calculating Quantities}{section.6.1}% 54
\BOOKMARK [2][-]{subsection.6.1.7}{Discrete Random Variable Distributions}{section.6.1}% 55
\BOOKMARK [2][-]{subsection.6.1.8}{Indicator Method}{section.6.1}% 56
\BOOKMARK [2][-]{subsection.6.1.9}{Linear transformations of random variables}{section.6.1}% 57
\BOOKMARK [2][-]{subsection.6.1.10}{Poisson Paradigm \(Poisson approximation for indicator method\)}{section.6.1}% 58
\BOOKMARK [2][-]{subsection.6.1.11}{Asymptotic Distributions}{section.6.1}% 59
\BOOKMARK [1][-]{section.6.2}{Worked problems}{chapter.6}% 60
\BOOKMARK [2][-]{subsection.6.2.1}{Example Problems That Will Likely Appear on Midterm \(and Final\)}{section.6.2}% 61
\BOOKMARK [2][-]{subsection.6.2.2}{Problems we did in class that professor mentioned}{section.6.2}% 62
\BOOKMARK [2][-]{subsection.6.2.3}{Problems we did on homework}{section.6.2}% 63
\BOOKMARK [2][-]{subsection.6.2.4}{DSO Statistics Group Screening Exam Problems}{section.6.2}% 64
\BOOKMARK [1][-]{section.6.3}{To Know for Math 505A Midterm 2}{chapter.6}% 65
\BOOKMARK [2][-]{subsection.6.3.1}{Definitions}{section.6.3}% 66
\BOOKMARK [2][-]{subsection.6.3.2}{Probability-Generating Functions}{section.6.3}% 67
\BOOKMARK [2][-]{subsection.6.3.3}{Moment-Generating Functions}{section.6.3}% 68
\BOOKMARK [2][-]{subsection.6.3.4}{Characteristic Functions}{section.6.3}% 69
\BOOKMARK [2][-]{subsection.6.3.5}{Continuous Random Variable Distributions}{section.6.3}% 70
\BOOKMARK [2][-]{subsection.6.3.6}{More on Exponential Random Variables}{section.6.3}% 71
\BOOKMARK [2][-]{subsection.6.3.7}{Multivariate Gaussian \(Normal\) Distributions}{section.6.3}% 72
\BOOKMARK [1][-]{section.6.4}{Exponential Families}{chapter.6}% 73
\BOOKMARK [2][-]{subsection.6.4.1}{Differential identities \(Generalization of Moment-Generating Functions\)}{section.6.4}% 74
\BOOKMARK [1][-]{section.6.5}{KL Divergence \(DSO 607\)}{chapter.6}% 75
\BOOKMARK [1][-]{section.6.6}{Worked problems}{chapter.6}% 76
\BOOKMARK [2][-]{subsection.6.6.1}{Example Problems That Will Likely Appear on Midterm \(and Final\)}{section.6.6}% 77
\BOOKMARK [2][-]{subsection.6.6.2}{More Problems From Homework}{section.6.6}% 78
\BOOKMARK [1][-]{section.6.7}{Random Matrix Theory}{chapter.6}% 79
\BOOKMARK [2][-]{subsection.6.7.1}{Large Deviation Theory}{section.6.7}% 80
\BOOKMARK [2][-]{subsection.6.7.2}{Band Matrix}{section.6.7}% 81
\BOOKMARK [2][-]{subsection.6.7.3}{Subgaussian Random Variable}{section.6.7}% 82
\BOOKMARK [2][-]{subsection.6.7.4}{Topic 1: Invertibility of Matrices}{section.6.7}% 83
\BOOKMARK [2][-]{subsection.6.7.5}{Random Graphs}{section.6.7}% 84
\BOOKMARK [0][-]{chapter.7}{Stochastic Processes}{}% 85
\BOOKMARK [1][-]{section.7.1}{Preliminaries}{chapter.7}% 86
\BOOKMARK [1][-]{section.7.2}{Poisson Processes}{chapter.7}% 87
\BOOKMARK [2][-]{subsection.7.2.1}{Poissonization Trick}{section.7.2}% 88
\BOOKMARK [2][-]{subsection.7.2.2}{Time Sampling Poisson Processes}{section.7.2}% 89
\BOOKMARK [2][-]{subsection.7.2.3}{Nonstationary Poisson Processes}{section.7.2}% 90
\BOOKMARK [2][-]{subsection.7.2.4}{Queueing Systems}{section.7.2}% 91
\BOOKMARK [1][-]{section.7.3}{Renewal Processes}{chapter.7}% 92
\BOOKMARK [2][-]{subsection.7.3.1}{Stopping Times}{section.7.3}% 93
\BOOKMARK [1][-]{section.7.4}{ISE 620 Midterm Solutions}{chapter.7}% 94
\BOOKMARK [1][-]{section.7.5}{Renewal Reward Processes \(Section 4.7 in Introduction to Probability Models, 3.6 Stochastic Processes\)}{chapter.7}% 95
\BOOKMARK [2][-]{subsection.7.5.1}{Alternating Renewal Processes \(Section 7.5.1 in Introduction to Probability Models}{section.7.5}% 96
\BOOKMARK [2][-]{subsection.7.5.2}{Equilibrium renewal processes}{section.7.5}% 97
\BOOKMARK [2][-]{subsection.7.5.3}{Regenerative Processes}{section.7.5}% 98
\BOOKMARK [2][-]{subsection.7.5.4}{Example of Renewal Reward Processes to Patterns}{section.7.5}% 99
\BOOKMARK [1][-]{section.7.6}{Markov Chains \(Chapter 4 of Stochastic Processes; Chapter 4 of Introduction to Probability Models\)}{chapter.7}% 100
\BOOKMARK [2][-]{subsection.7.6.1}{Chapman-Kolmogorov Equations\204section 4.2 of Introduction to Probability Models, section 4.2 of Stochastic Processes \(p. 178 of pdf\)}{section.7.6}% 101
\BOOKMARK [2][-]{subsection.7.6.2}{Classification of States \(Section 4.3 of Introduction to Probability Models\)}{section.7.6}% 102
\BOOKMARK [2][-]{subsection.7.6.3}{Long-Run Proportions and Limiting Probabilities \(Limit Theorems\) \(4.4 in Introduction to Probability Models, 4.3 in Stochastic Processes}{section.7.6}% 103
\BOOKMARK [2][-]{subsection.7.6.4}{Branching Processes \(Section 4.7 of Introduction to Probability Models, Section 4.5 of Stochastic Processes}{section.7.6}% 104
\BOOKMARK [2][-]{subsection.7.6.5}{A Markov Chain Model of Algorithmic Efficiency \(Section 4.6.1 of Stochastic Processes\)}{section.7.6}% 105
\BOOKMARK [2][-]{subsection.7.6.6}{Time Reversible Markov Chains \(Section 4.8 of Introduction to Probability Models, Section 4.7 of Stochastic Processes}{section.7.6}% 106
\BOOKMARK [2][-]{subsection.7.6.7}{Semi-Markov Processes \(Section 4.8 of Stochastic Processes \(p. 224 of pdf\), Section 7.6 of Introduction to Probability Models}{section.7.6}% 107
\BOOKMARK [1][-]{section.7.7}{ISE 620}{chapter.7}% 108
\BOOKMARK [1][-]{section.7.8}{DSO Statistics Group Screening Exam Problems}{chapter.7}% 109
\BOOKMARK [1][-]{section.7.9}{Simple Random Walk}{chapter.7}% 110
\BOOKMARK [1][-]{section.7.10}{Martingales}{chapter.7}% 111
\BOOKMARK [1][-]{section.7.11}{Brownian Motion}{chapter.7}% 112
\BOOKMARK [0][-]{chapter.8}{Asymptotics and Convergence}{}% 113
\BOOKMARK [1][-]{section.8.1}{Preliminaries \(5.9 and 7.1, Grimmett and Stirzaker\)}{chapter.8}% 114
\BOOKMARK [1][-]{section.8.2}{Inequalities \(8.6 of Pesaran\)}{chapter.8}% 115
\BOOKMARK [1][-]{section.8.3}{Modes of Convergence \(7.2 of Grimmett and Stirzaker, 8.2 and 8.4 of Pesaran\)}{chapter.8}% 116
\BOOKMARK [1][-]{section.8.4}{More on convergence \(7.2 of Grimmet and Stirzaker\)}{chapter.8}% 117
\BOOKMARK [2][-]{subsection.8.4.1}{Slutsky's Convergence Theorems \(8.4.1 of Pesaran, 7.3 of Grimmett and Stirzaker\)}{section.8.4}% 118
\BOOKMARK [1][-]{section.8.5}{Stochastic orders Op\(\) and op\(\) \(Pesaran 8.5\)}{chapter.8}% 119
\BOOKMARK [1][-]{section.8.6}{Laws of Large Numbers and Central Limit Theorems \(Pesaran 8.6; Grimmett and Stirzaker 7.4, 7.5\)}{chapter.8}% 120
\BOOKMARK [1][-]{section.8.7}{The case of dependent and heterogeneously distributed observations \(Pesaran 8.8\)}{chapter.8}% 121
\BOOKMARK [1][-]{section.8.8}{Worked Examples from Math 505A Midterm 2}{chapter.8}% 122
\BOOKMARK [1][-]{section.8.9}{Estimators and Central Limit Theorems \(DSO 607\)}{chapter.8}% 123
\BOOKMARK [0][-]{chapter.9}{Convex Optimization}{}% 124
\BOOKMARK [1][-]{section.9.1}{Convex Functions}{chapter.9}% 125
\BOOKMARK [1][-]{section.9.2}{Schur Complement Trick}{chapter.9}% 126
\BOOKMARK [2][-]{subsection.9.2.1}{Definition}{section.9.2}% 127
\BOOKMARK [2][-]{subsection.9.2.2}{The Trick}{section.9.2}% 128
\BOOKMARK [2][-]{subsection.9.2.3}{Example 1: Last Year's Final, Question 2\(b\)}{section.9.2}% 129
\BOOKMARK [2][-]{subsection.9.2.4}{Example 2: Last Year's Final, Question 4\(b\)}{section.9.2}% 130
\BOOKMARK [1][-]{section.9.3}{Duality}{chapter.9}% 131
\BOOKMARK [1][-]{section.9.4}{MLE estimates}{chapter.9}% 132
\BOOKMARK [1][-]{section.9.5}{Practice Final \(2017 Final\)}{chapter.9}% 133
\BOOKMARK [0][-]{chapter.10}{Mathematical Statistics}{}% 134
\BOOKMARK [1][-]{section.10.1}{Order Statistics}{chapter.10}% 135
\BOOKMARK [1][-]{section.10.2}{Random Samples}{chapter.10}% 136
\BOOKMARK [2][-]{subsection.10.2.1}{The Delta Method}{section.10.2}% 137
\BOOKMARK [2][-]{subsection.10.2.2}{Simulation of Random Variables}{section.10.2}% 138
\BOOKMARK [1][-]{section.10.3}{Data Reduction}{chapter.10}% 139
\BOOKMARK [2][-]{subsection.10.3.1}{Sufficient Statistics}{section.10.3}% 140
\BOOKMARK [2][-]{subsection.10.3.2}{Minimal Sufficient Statistics}{section.10.3}% 141
\BOOKMARK [2][-]{subsection.10.3.3}{Ancillary Statistics}{section.10.3}% 142
\BOOKMARK [2][-]{subsection.10.3.4}{Complete Statistics}{section.10.3}% 143
\BOOKMARK [1][-]{section.10.4}{Point Estimation}{chapter.10}% 144
\BOOKMARK [2][-]{subsection.10.4.1}{Heuristic Principles for Finding Good Estimators}{section.10.4}% 145
\BOOKMARK [2][-]{subsection.10.4.2}{Evaluating Estimators}{section.10.4}% 146
\BOOKMARK [2][-]{subsection.10.4.3}{Efficiency of an Estimator}{section.10.4}% 147
\BOOKMARK [2][-]{subsection.10.4.4}{Bayes Estimation}{section.10.4}% 148
\BOOKMARK [2][-]{subsection.10.4.5}{Method of Moments}{section.10.4}% 149
\BOOKMARK [2][-]{subsection.10.4.6}{Maximum likelihood estimator}{section.10.4}% 150
\BOOKMARK [2][-]{subsection.10.4.7}{Bayes estimator}{section.10.4}% 151
\BOOKMARK [2][-]{subsection.10.4.8}{EM Algorithm}{section.10.4}% 152
\BOOKMARK [2][-]{subsection.10.4.9}{Comparison of estimators}{section.10.4}% 153
\BOOKMARK [1][-]{section.10.5}{Resampling and Bias Reduction}{chapter.10}% 154
\BOOKMARK [2][-]{subsection.10.5.1}{Jackknife Resampling}{section.10.5}% 155
\BOOKMARK [2][-]{subsection.10.5.2}{Bootstrapping}{section.10.5}% 156
\BOOKMARK [1][-]{section.10.6}{Some Concentration of Measure}{chapter.10}% 157
\BOOKMARK [2][-]{subsection.10.6.1}{Concentration for Independent Sums}{section.10.6}% 158
\BOOKMARK [1][-]{section.10.7}{Math 541B}{chapter.10}% 159
\BOOKMARK [1][-]{section.10.8}{Hypothesis Testing}{chapter.10}% 160
\BOOKMARK [2][-]{subsection.10.8.1}{Neyman-Pearson Tests}{section.10.8}% 161
\BOOKMARK [2][-]{subsection.10.8.2}{Consistency of Neyman-Pearson Tests}{section.10.8}% 162
\BOOKMARK [2][-]{subsection.10.8.3}{Composite Hypothesis Testing}{section.10.8}% 163
\BOOKMARK [2][-]{subsection.10.8.4}{Locally Most Powerful Tests}{section.10.8}% 164
\BOOKMARK [2][-]{subsection.10.8.5}{Similarity and Completeness \(Section 4.3 of lehmann2005testing\)}{section.10.8}% 165
\BOOKMARK [2][-]{subsection.10.8.6}{Permutation Tests \(section 5.8 in lehmann2005testing, p. 188 of pdf\)}{section.10.8}% 166
\BOOKMARK [2][-]{subsection.10.8.7}{Invariance in Testing \(Chapter 6 of lehmann2005testing\)}{section.10.8}% 167
\BOOKMARK [2][-]{subsection.10.8.8}{Maximal Invariants \(Section 6.2 of lehmann2005testing\)}{section.10.8}% 168
\BOOKMARK [2][-]{subsection.10.8.9}{Rank Tests \(Section 6.8 and 6.9 of lehmann2005testing\)}{section.10.8}% 169
\BOOKMARK [2][-]{subsection.10.8.10}{Likelihood Ratio Tests \(Section 12.4.4 of lehmann2005testing\)}{section.10.8}% 170
\BOOKMARK [2][-]{subsection.10.8.11}{Bahadur's Relative Efficiency \(Section 10.4 of serfling1980\)}{section.10.8}% 171
\BOOKMARK [1][-]{section.10.9}{Confidence Intervals}{chapter.10}% 172
\BOOKMARK [2][-]{subsection.10.9.1}{Connection Between Testing and Confidence Sets}{section.10.9}% 173
\BOOKMARK [1][-]{section.10.10}{U-Statistics}{chapter.10}% 174
\BOOKMARK [2][-]{subsection.10.10.1}{Basic Definitions and Properties [Sections 5.1 and 5.2]serfling1980, [Section 15.1]dasgupta2008asymptotic}{section.10.10}% 175
\BOOKMARK [2][-]{subsection.10.10.2}{Asymptotics [Section 5.3]serfling1980, [Section 15.2]dasgupta2008asymptotic}{section.10.10}% 176
\BOOKMARK [1][-]{section.10.11}{Influence Functions \(Section 6.6.1 of serfling1980\)}{chapter.10}% 177
\BOOKMARK [1][-]{section.10.12}{M-Estimators \(Chapter 7 of serfling1980\)}{chapter.10}% 178
\BOOKMARK [1][-]{section.10.13}{Distance Correlation}{chapter.10}% 179
\BOOKMARK [0][-]{chapter.11}{Linear Regression}{}% 180
\BOOKMARK [1][-]{section.11.1}{Chapter 1: Linear Regression}{chapter.11}% 181
\BOOKMARK [2][-]{subsection.11.1.1}{Preliminaries}{section.11.1}% 182
\BOOKMARK [2][-]{subsection.11.1.2}{Estimation}{section.11.1}% 183
\BOOKMARK [1][-]{section.11.2}{Chapter 2: Multiple Regression}{chapter.11}% 184
\BOOKMARK [1][-]{section.11.3}{Chapter 3: Hypothesis testing in regression}{chapter.11}% 185
\BOOKMARK [2][-]{subsection.11.3.1}{ANOVA}{section.11.3}% 186
\BOOKMARK [1][-]{section.11.4}{Chapter 4: Heteroskedasticity}{chapter.11}% 187
\BOOKMARK [1][-]{section.11.5}{Chapter 5: Autocorrelated disturbances}{chapter.11}% 188
\BOOKMARK [1][-]{section.11.6}{Quantile Regression}{chapter.11}% 189
\BOOKMARK [2][-]{subsection.11.6.1}{Detecting outliers in multiple dimensions}{section.11.6}% 190
\BOOKMARK [1][-]{section.11.7}{Transformed Linear Models}{chapter.11}% 191
\BOOKMARK [2][-]{subsection.11.7.1}{Transformations of response}{section.11.7}% 192
\BOOKMARK [2][-]{subsection.11.7.2}{Transforming predictor values}{section.11.7}% 193
\BOOKMARK [0][-]{chapter.12}{Time Series}{}% 194
\BOOKMARK [1][-]{section.12.1}{Chapter 6: ARDL Models}{chapter.12}% 195
\BOOKMARK [1][-]{section.12.2}{Chapters 12 and 13: Intro to Stochastic Processes and Spectral Analysis}{chapter.12}% 196
\BOOKMARK [2][-]{subsection.12.2.1}{Worked Examples}{section.12.2}% 197
\BOOKMARK [1][-]{section.12.3}{Some time series and their properties}{chapter.12}% 198
\BOOKMARK [2][-]{subsection.12.3.1}{White noise process:}{section.12.3}% 199
\BOOKMARK [2][-]{subsection.12.3.2}{MA\(1\) process:}{section.12.3}% 200
\BOOKMARK [2][-]{subsection.12.3.3}{MA\(\) process:}{section.12.3}% 201
\BOOKMARK [2][-]{subsection.12.3.4}{AR\(1\) process:}{section.12.3}% 202
\BOOKMARK [2][-]{subsection.12.3.5}{AR\(2\) process:}{section.12.3}% 203
\BOOKMARK [2][-]{subsection.12.3.6}{AR\(p\) process:}{section.12.3}% 204
\BOOKMARK [2][-]{subsection.12.3.7}{ARMA\(1, 1\) process:}{section.12.3}% 205
\BOOKMARK [1][-]{section.12.4}{Chapter 14: Estimation of Stationary Time Series Processes}{chapter.12}% 206
\BOOKMARK [2][-]{subsection.12.4.1}{Sufficient conditions for ergodicity of mean. \(Book section 14.2.1\)}{section.12.4}% 207
\BOOKMARK [2][-]{subsection.12.4.2}{Estimation of autocovariances \(Book section 14.2.2\).}{section.12.4}% 208
\BOOKMARK [2][-]{subsection.12.4.3}{Worked examples}{section.12.4}% 209
\BOOKMARK [1][-]{section.12.5}{Chapter 15: Unit Root Processes}{chapter.12}% 210
\BOOKMARK [2][-]{subsection.12.5.1}{Worked Problems}{section.12.5}% 211
\BOOKMARK [1][-]{section.12.6}{Chapter 17: Introduction to Forecasting}{chapter.12}% 212
\BOOKMARK [2][-]{subsection.12.6.1}{17.7: Iterated and direct multi-step AR methods}{section.12.6}% 213
\BOOKMARK [2][-]{subsection.12.6.2}{Worked Problems}{section.12.6}% 214
\BOOKMARK [1][-]{section.12.7}{Chapter 18: Measurement and Modeling of Volatility}{chapter.12}% 215
\BOOKMARK [2][-]{subsection.12.7.1}{Higher order GARCH models \(Pesaran Section 18.4.2\)}{section.12.7}% 216
\BOOKMARK [2][-]{subsection.12.7.2}{Testing for GARCH effects \(Pesaran Section 18.5.1\)}{section.12.7}% 217
\BOOKMARK [2][-]{subsection.12.7.3}{Worked Problems}{section.12.7}% 218
\BOOKMARK [1][-]{section.12.8}{Chapter 21: Vector Autoregressive Models}{chapter.12}% 219
\BOOKMARK [2][-]{subsection.12.8.1}{Worked Problems}{section.12.8}% 220
\BOOKMARK [1][-]{section.12.9}{Chapter 22: Cointegration Analysis}{chapter.12}% 221
\BOOKMARK [2][-]{subsection.12.9.1}{22.4 Cointegrating VAR: multiple cointegrating relations and 22.5: Identification of long-run effects}{section.12.9}% 222
\BOOKMARK [2][-]{subsection.12.9.2}{Worked Problems}{section.12.9}% 223
\BOOKMARK [1][-]{section.12.10}{Chapter 23: VARX Modeling}{chapter.12}% 224
\BOOKMARK [2][-]{subsection.12.10.1}{Worked Problems}{section.12.10}% 225
\BOOKMARK [1][-]{section.12.11}{Chapter 24: Impulse Response Analysis}{chapter.12}% 226
\BOOKMARK [2][-]{subsection.12.11.1}{Worked Problems}{section.12.11}% 227
\BOOKMARK [1][-]{section.12.12}{Chapter 33: Theory and Practice of GVAR Modeling}{chapter.12}% 228
\BOOKMARK [0][-]{chapter.13}{Statistical Learning}{}% 229
\BOOKMARK [1][-]{section.13.1}{Segmented regression, local regression, splines}{chapter.13}% 230
\BOOKMARK [2][-]{subsection.13.1.1}{Local Regression}{section.13.1}% 231
\BOOKMARK [2][-]{subsection.13.1.2}{Curse of Dimensionality \(brief discussion\)}{section.13.1}% 232
\BOOKMARK [1][-]{section.13.2}{Dimension Reduction methods}{chapter.13}% 233
\BOOKMARK [2][-]{subsection.13.2.1}{Principal components regression}{section.13.2}% 234
\BOOKMARK [2][-]{subsection.13.2.2}{Partial least squares}{section.13.2}% 235
\BOOKMARK [2][-]{subsection.13.2.3}{Dimension reduction by random matrix}{section.13.2}% 236
\BOOKMARK [1][-]{section.13.3}{Goodness of fit, residuals, residual diagnostics, leverage}{chapter.13}% 237
\BOOKMARK [2][-]{subsection.13.3.1}{Residual diagnostics}{section.13.3}% 238
\BOOKMARK [1][-]{section.13.4}{DSO 607}{chapter.13}% 239
\BOOKMARK [2][-]{subsection.13.4.1}{Akaike Information Criterion \(AIC\)}{section.13.4}% 240
\BOOKMARK [2][-]{subsection.13.4.2}{Bayesian Information Criterion \(BIC\)}{section.13.4}% 241
\BOOKMARK [1][-]{section.13.5}{Ridge Regression}{chapter.13}% 242
\BOOKMARK [1][-]{section.13.6}{Lasso}{chapter.13}% 243
\BOOKMARK [2][-]{subsection.13.6.1}{Soft Thresholding}{section.13.6}% 244
\BOOKMARK [2][-]{subsection.13.6.2}{Lasso theory}{section.13.6}% 245
\BOOKMARK [2][-]{subsection.13.6.3}{Non-Negative Garotte}{section.13.6}% 246
\BOOKMARK [2][-]{subsection.13.6.4}{LARS\204Preliminaries and Intuition}{section.13.6}% 247
\BOOKMARK [2][-]{subsection.13.6.5}{LARS}{section.13.6}% 248
\BOOKMARK [1][-]{section.13.7}{Loss Functions}{chapter.13}% 249
\BOOKMARK [2][-]{subsection.13.7.1}{Feature Selection properties}{section.13.7}% 250
\BOOKMARK [1][-]{section.13.8}{Dantzig Selector}{chapter.13}% 251
\BOOKMARK [1][-]{section.13.9}{Coordinate Descent}{chapter.13}% 252
\BOOKMARK [1][-]{section.13.10}{Total Variational Distance}{chapter.13}% 253
\BOOKMARK [1][-]{section.13.11}{Non-parametric regression}{chapter.13}% 254
\BOOKMARK [2][-]{subsection.13.11.1}{Generalized additive models}{section.13.11}% 255
\BOOKMARK [1][-]{section.13.12}{Mixture regression}{chapter.13}% 256
\BOOKMARK [1][-]{section.13.13}{Missing observations}{chapter.13}% 257
\BOOKMARK [1][-]{section.13.14}{Generalized linear models}{chapter.13}% 258
\BOOKMARK [2][-]{subsection.13.14.1}{Regression models}{section.13.14}% 259
\BOOKMARK [2][-]{subsection.13.14.2}{Applications\204Categorical Data}{section.13.14}% 260
\BOOKMARK [2][-]{subsection.13.14.3}{Applications\204Continuous Data}{section.13.14}% 261
\BOOKMARK [1][-]{section.13.15}{Mixed Effects Models}{chapter.13}% 262
\BOOKMARK [1][-]{section.13.16}{Miscellaneous Topics}{chapter.13}% 263
\BOOKMARK [2][-]{subsection.13.16.1}{Multinomial Response}{section.13.16}% 264
\BOOKMARK [2][-]{subsection.13.16.2}{Zero-inflated response}{section.13.16}% 265
\BOOKMARK [2][-]{subsection.13.16.3}{Overdispersion}{section.13.16}% 266
\BOOKMARK [1][-]{section.13.17}{Generalized linear mixed models}{chapter.13}% 267
\BOOKMARK [2][-]{subsection.13.17.1}{Longitudinal data analysis and Generalized Estimating Equations}{section.13.17}% 268
\BOOKMARK [1][-]{section.13.18}{Causal Inference}{chapter.13}% 269
\BOOKMARK [2][-]{subsection.13.18.1}{Factorial Design \(see R lab 7\)}{section.13.18}% 270
\BOOKMARK [1][-]{section.13.19}{Math 547}{chapter.13}% 271
\BOOKMARK [2][-]{subsection.13.19.1}{Perceptron Algorithm}{section.13.19}% 272
\BOOKMARK [2][-]{subsection.13.19.2}{Mercer's Theorem}{section.13.19}% 273
\BOOKMARK [1][-]{section.13.20}{Norms}{chapter.13}% 274
\BOOKMARK [1][-]{section.13.21}{Collaborative Filtering and Trace Regression \(Math 541B\)}{chapter.13}% 275
\BOOKMARK [2][-]{subsection.13.21.1}{Trace Regression}{section.13.21}% 276
\BOOKMARK [1][-]{section.13.22}{Dynamic Programming}{chapter.13}% 277
\BOOKMARK [2][-]{subsection.13.22.1}{Introduction to Dynamic Programming and Principle of Optimality \(Sections 1.1 - 1.3 of v1bertsekas2012dynamic \)}{section.13.22}% 278
\BOOKMARK [2][-]{subsection.13.22.2}{State Augmentation and Other Reformulations \(Section 1.4 of v1bertsekas2012dynamic\)}{section.13.22}% 279
\BOOKMARK [2][-]{subsection.13.22.3}{Inventory Control \(Section 3.2 of v1bertsekas2012dynamic \)}{section.13.22}% 280
\BOOKMARK [2][-]{subsection.13.22.4}{Capacity Allocation and Revenue Management}{section.13.22}% 281
\BOOKMARK [2][-]{subsection.13.22.5}{Optimal Stopping \(Section 3.4 of v1bertsekas2012dynamic\)}{section.13.22}% 282
\BOOKMARK [2][-]{subsection.13.22.6}{Infinite Horizon \(Sections 1.2, 1.5 and 2.1 of v2bertsekas2012dynamic; starts on p. 210 of pdf for Volume 3\)}{section.13.22}% 283
\BOOKMARK [2][-]{subsection.13.22.7}{Value Iterations and Policy Iterations \(Sections 2.2 and 2.3 of v2bertsekas2012dynamic; starts on p. 210 of pdf for Volume 3\)}{section.13.22}% 284
\BOOKMARK [2][-]{subsection.13.22.8}{Scheduling and Multiarmed Bandit Problems \(Section 1.3 of v2bertsekas2012dynamic\)}{section.13.22}% 285
\BOOKMARK [2][-]{subsection.13.22.9}{Approximate DP: Q-Learning \(Section 6.3.3 of v1bertsekas2012dynamic, Sections 2.2.3, 2.5.3, and 6.1 - 6.6.1 of v2bertsekas2012dynamic\)}{section.13.22}% 286
\BOOKMARK [2][-]{subsection.13.22.10}{Optimal Stopping \(Section 6.6.4 of v2bertsekas2012dynamic, p. 504\)}{section.13.22}% 287
\BOOKMARK [1][-]{section.13.23}{Notes on Mathieu2019}{chapter.13}% 288
\BOOKMARK [2][-]{subsection.13.23.1}{Notation}{section.13.23}% 289
\BOOKMARK [2][-]{subsection.13.23.2}{Section 1}{section.13.23}% 290
\BOOKMARK [0][-]{chapter.14}{Abstract Algebra}{}% 291
\BOOKMARK [1][-]{section.14.1}{Chapter 1: Binary Operations}{chapter.14}% 292
\BOOKMARK [1][-]{section.14.2}{Chapter 2: Groups}{chapter.14}% 293
\BOOKMARK [1][-]{section.14.3}{Chapter 3: The Symmetric Groups}{chapter.14}% 294
\BOOKMARK [1][-]{section.14.4}{Chapter 4: Subgroups}{chapter.14}% 295
\BOOKMARK [1][-]{section.14.5}{Chapter 5: The Group of Units of Zn}{chapter.14}% 296
\BOOKMARK [1][-]{section.14.6}{Chapter 6: Direct Products of Groups}{chapter.14}% 297
\BOOKMARK [1][-]{section.14.7}{Chapter 7: Isomorphism of Groups}{chapter.14}% 298
\BOOKMARK [1][-]{section.14.8}{Chapter 8: Cosets and Lagrange's Theorem}{chapter.14}% 299
\BOOKMARK [1][-]{section.14.9}{Chapter 9: Introduction to Ring Theory}{chapter.14}% 300
\BOOKMARK [0][-]{chapter.15}{Miscellaneous}{}% 301
\BOOKMARK [1][-]{section.15.1}{Set Theory}{chapter.15}% 302
\BOOKMARK [1][-]{section.15.2}{Other}{chapter.15}% 303
