This is pdfTeX, Version 3.14159265-2.6-1.40.17 (TeX Live 2016) (preloaded format=pdflatex 2017.4.8)  19 JAN 2019 17:12
entering extended mode
 restricted \write18 enabled.
 file:line:error style messages enabled.
 %&-line parsing enabled.
**"Math Review Notes.tex"
(./Math Review Notes.tex
LaTeX2e <2017/01/01> patch level 3
Babel <3.9r> and hyphenation patterns for 83 language(s) loaded.
(/usr/local/texlive/2016/texmf-dist/tex/latex/base/article.cls
Document Class: article 2014/09/29 v1.4h Standard LaTeX document class
(/usr/local/texlive/2016/texmf-dist/tex/latex/base/size10.clo
File: size10.clo 2014/09/29 v1.4h Standard LaTeX file (size option)
)
\c@part=\count79
\c@section=\count80
\c@subsection=\count81
\c@subsubsection=\count82
\c@paragraph=\count83
\c@subparagraph=\count84
\c@figure=\count85
\c@table=\count86
\abovecaptionskip=\skip41
\belowcaptionskip=\skip42
\bibindent=\dimen102
)
(/usr/local/texlive/2016/texmf-dist/tex/latex/fancyhdr/fancyhdr.sty
Package: fancyhdr 2016/09/06 3.8 Extensive control of page headers and footers
\fancy@headwidth=\skip43
\f@ncyO@elh=\skip44
\f@ncyO@erh=\skip45
\f@ncyO@olh=\skip46
\f@ncyO@orh=\skip47
\f@ncyO@elf=\skip48
\f@ncyO@erf=\skip49
\f@ncyO@olf=\skip50
\f@ncyO@orf=\skip51
)
(/usr/local/texlive/2016/texmf-dist/tex/latex/fancyhdr/extramarks.sty
Package: extramarks 2016/08/27 2.1 Extra marks
\@temptokenb=\toks14
)
(/usr/local/texlive/2016/texmf-dist/tex/latex/amsmath/amsmath.sty
Package: amsmath 2016/11/05 v2.16a AMS math features
\@mathmargin=\skip52

For additional information on amsmath, use the `?' option.
(/usr/local/texlive/2016/texmf-dist/tex/latex/amsmath/amstext.sty
Package: amstext 2000/06/29 v2.01 AMS text

(/usr/local/texlive/2016/texmf-dist/tex/latex/amsmath/amsgen.sty
File: amsgen.sty 1999/11/30 v2.0 generic functions
\@emptytoks=\toks15
\ex@=\dimen103
))
(/usr/local/texlive/2016/texmf-dist/tex/latex/amsmath/amsbsy.sty
Package: amsbsy 1999/11/29 v1.2d Bold Symbols
\pmbraise@=\dimen104
)
(/usr/local/texlive/2016/texmf-dist/tex/latex/amsmath/amsopn.sty
Package: amsopn 2016/03/08 v2.02 operator names
)
\inf@bad=\count87
LaTeX Info: Redefining \frac on input line 213.
\uproot@=\count88
\leftroot@=\count89
LaTeX Info: Redefining \overline on input line 375.
\classnum@=\count90
\DOTSCASE@=\count91
LaTeX Info: Redefining \ldots on input line 472.
LaTeX Info: Redefining \dots on input line 475.
LaTeX Info: Redefining \cdots on input line 596.
\Mathstrutbox@=\box26
\strutbox@=\box27
\big@size=\dimen105
LaTeX Font Info:    Redeclaring font encoding OML on input line 712.
LaTeX Font Info:    Redeclaring font encoding OMS on input line 713.
\macc@depth=\count92
\c@MaxMatrixCols=\count93
\dotsspace@=\muskip10
\c@parentequation=\count94
\dspbrk@lvl=\count95
\tag@help=\toks16
\row@=\count96
\column@=\count97
\maxfields@=\count98
\andhelp@=\toks17
\eqnshift@=\dimen106
\alignsep@=\dimen107
\tagshift@=\dimen108
\tagwidth@=\dimen109
\totwidth@=\dimen110
\lineht@=\dimen111
\@envbody=\toks18
\multlinegap=\skip53
\multlinetaggap=\skip54
\mathdisplay@stack=\toks19
LaTeX Info: Redefining \[ on input line 2817.
LaTeX Info: Redefining \] on input line 2818.
)
(/usr/local/texlive/2016/texmf-dist/tex/latex/amscls/amsthm.sty
Package: amsthm 2015/03/04 v2.20.2
\thm@style=\toks20
\thm@bodyfont=\toks21
\thm@headfont=\toks22
\thm@notefont=\toks23
\thm@headpunct=\toks24
\thm@preskip=\skip55
\thm@postskip=\skip56
\thm@headsep=\skip57
\dth@everypar=\toks25
)
(/usr/local/texlive/2016/texmf-dist/tex/latex/amsfonts/amsfonts.sty
Package: amsfonts 2013/01/14 v3.01 Basic AMSFonts support
\symAMSa=\mathgroup4
\symAMSb=\mathgroup5
LaTeX Font Info:    Overwriting math alphabet `\mathfrak' in version `bold'
(Font)                  U/euf/m/n --> U/euf/b/n on input line 106.
)
(/usr/local/texlive/2016/texmf-dist/tex/latex/pgf/frontendlayer/tikz.sty
(/usr/local/texlive/2016/texmf-dist/tex/latex/pgf/basiclayer/pgf.sty
(/usr/local/texlive/2016/texmf-dist/tex/latex/pgf/utilities/pgfrcs.sty
(/usr/local/texlive/2016/texmf-dist/tex/generic/pgf/utilities/pgfutil-common.te
x
\pgfutil@everybye=\toks26
\pgfutil@tempdima=\dimen112
\pgfutil@tempdimb=\dimen113

(/usr/local/texlive/2016/texmf-dist/tex/generic/pgf/utilities/pgfutil-common-li
sts.tex))
(/usr/local/texlive/2016/texmf-dist/tex/generic/pgf/utilities/pgfutil-latex.def
\pgfutil@abb=\box28
(/usr/local/texlive/2016/texmf-dist/tex/latex/ms/everyshi.sty
Package: everyshi 2001/05/15 v3.00 EveryShipout Package (MS)
))
(/usr/local/texlive/2016/texmf-dist/tex/generic/pgf/utilities/pgfrcs.code.tex
Package: pgfrcs 2015/08/07 v3.0.1a (rcs-revision 1.31)
))
Package: pgf 2015/08/07 v3.0.1a (rcs-revision 1.15)
(/usr/local/texlive/2016/texmf-dist/tex/latex/pgf/basiclayer/pgfcore.sty
(/usr/local/texlive/2016/texmf-dist/tex/latex/graphics/graphicx.sty
Package: graphicx 2014/10/28 v1.0g Enhanced LaTeX Graphics (DPC,SPQR)

(/usr/local/texlive/2016/texmf-dist/tex/latex/graphics/keyval.sty
Package: keyval 2014/10/28 v1.15 key=value parser (DPC)
\KV@toks@=\toks27
)
(/usr/local/texlive/2016/texmf-dist/tex/latex/graphics/graphics.sty
Package: graphics 2016/10/09 v1.0u Standard LaTeX Graphics (DPC,SPQR)

(/usr/local/texlive/2016/texmf-dist/tex/latex/graphics/trig.sty
Package: trig 2016/01/03 v1.10 sin cos tan (DPC)
)
(/usr/local/texlive/2016/texmf-dist/tex/latex/graphics-cfg/graphics.cfg
File: graphics.cfg 2016/06/04 v1.11 sample graphics configuration
)
Package graphics Info: Driver file: pdftex.def on input line 99.

(/usr/local/texlive/2016/texmf-dist/tex/latex/graphics-def/pdftex.def
File: pdftex.def 2017/01/12 v0.06k Graphics/color for pdfTeX

(/usr/local/texlive/2016/texmf-dist/tex/generic/oberdiek/infwarerr.sty
Package: infwarerr 2016/05/16 v1.4 Providing info/warning/error messages (HO)
)
(/usr/local/texlive/2016/texmf-dist/tex/generic/oberdiek/ltxcmds.sty
Package: ltxcmds 2016/05/16 v1.23 LaTeX kernel commands for general use (HO)
)
\Gread@gobject=\count99
))
\Gin@req@height=\dimen114
\Gin@req@width=\dimen115
)
(/usr/local/texlive/2016/texmf-dist/tex/latex/pgf/systemlayer/pgfsys.sty
(/usr/local/texlive/2016/texmf-dist/tex/generic/pgf/systemlayer/pgfsys.code.tex
Package: pgfsys 2014/07/09 v3.0.1a (rcs-revision 1.48)
(/usr/local/texlive/2016/texmf-dist/tex/generic/pgf/utilities/pgfkeys.code.tex
\pgfkeys@pathtoks=\toks28
\pgfkeys@temptoks=\toks29

(/usr/local/texlive/2016/texmf-dist/tex/generic/pgf/utilities/pgfkeysfiltered.c
ode.tex
\pgfkeys@tmptoks=\toks30
))
\pgf@x=\dimen116
\pgf@y=\dimen117
\pgf@xa=\dimen118
\pgf@ya=\dimen119
\pgf@xb=\dimen120
\pgf@yb=\dimen121
\pgf@xc=\dimen122
\pgf@yc=\dimen123
\w@pgf@writea=\write3
\r@pgf@reada=\read1
\c@pgf@counta=\count100
\c@pgf@countb=\count101
\c@pgf@countc=\count102
\c@pgf@countd=\count103
\t@pgf@toka=\toks31
\t@pgf@tokb=\toks32
\t@pgf@tokc=\toks33

(/usr/local/texlive/2016/texmf-dist/tex/generic/pgf/systemlayer/pgf.cfg
File: pgf.cfg 2008/05/14  (rcs-revision 1.7)
)
Driver file for pgf: pgfsys-pdftex.def

(/usr/local/texlive/2016/texmf-dist/tex/generic/pgf/systemlayer/pgfsys-pdftex.d
ef
File: pgfsys-pdftex.def 2014/10/11  (rcs-revision 1.35)

(/usr/local/texlive/2016/texmf-dist/tex/generic/pgf/systemlayer/pgfsys-common-p
df.def
File: pgfsys-common-pdf.def 2013/10/10  (rcs-revision 1.13)
)))
(/usr/local/texlive/2016/texmf-dist/tex/generic/pgf/systemlayer/pgfsyssoftpath.
code.tex
File: pgfsyssoftpath.code.tex 2013/09/09  (rcs-revision 1.9)
\pgfsyssoftpath@smallbuffer@items=\count104
\pgfsyssoftpath@bigbuffer@items=\count105
)
(/usr/local/texlive/2016/texmf-dist/tex/generic/pgf/systemlayer/pgfsysprotocol.
code.tex
File: pgfsysprotocol.code.tex 2006/10/16  (rcs-revision 1.4)
)) (/usr/local/texlive/2016/texmf-dist/tex/latex/xcolor/xcolor.sty
Package: xcolor 2016/05/11 v2.12 LaTeX color extensions (UK)

(/usr/local/texlive/2016/texmf-dist/tex/latex/graphics-cfg/color.cfg
File: color.cfg 2016/01/02 v1.6 sample color configuration
)
Package xcolor Info: Driver file: pdftex.def on input line 225.
Package xcolor Info: Model `cmy' substituted by `cmy0' on input line 1348.
Package xcolor Info: Model `hsb' substituted by `rgb' on input line 1352.
Package xcolor Info: Model `RGB' extended on input line 1364.
Package xcolor Info: Model `HTML' substituted by `rgb' on input line 1366.
Package xcolor Info: Model `Hsb' substituted by `hsb' on input line 1367.
Package xcolor Info: Model `tHsb' substituted by `hsb' on input line 1368.
Package xcolor Info: Model `HSB' substituted by `hsb' on input line 1369.
Package xcolor Info: Model `Gray' substituted by `gray' on input line 1370.
Package xcolor Info: Model `wave' substituted by `hsb' on input line 1371.
)
(/usr/local/texlive/2016/texmf-dist/tex/generic/pgf/basiclayer/pgfcore.code.tex
Package: pgfcore 2010/04/11 v3.0.1a (rcs-revision 1.7)
(/usr/local/texlive/2016/texmf-dist/tex/generic/pgf/math/pgfmath.code.tex
(/usr/local/texlive/2016/texmf-dist/tex/generic/pgf/math/pgfmathcalc.code.tex
(/usr/local/texlive/2016/texmf-dist/tex/generic/pgf/math/pgfmathutil.code.tex)
(/usr/local/texlive/2016/texmf-dist/tex/generic/pgf/math/pgfmathparser.code.tex
\pgfmath@dimen=\dimen124
\pgfmath@count=\count106
\pgfmath@box=\box29
\pgfmath@toks=\toks34
\pgfmath@stack@operand=\toks35
\pgfmath@stack@operation=\toks36
)
(/usr/local/texlive/2016/texmf-dist/tex/generic/pgf/math/pgfmathfunctions.code.
tex
(/usr/local/texlive/2016/texmf-dist/tex/generic/pgf/math/pgfmathfunctions.basic
.code.tex)
(/usr/local/texlive/2016/texmf-dist/tex/generic/pgf/math/pgfmathfunctions.trigo
nometric.code.tex)
(/usr/local/texlive/2016/texmf-dist/tex/generic/pgf/math/pgfmathfunctions.rando
m.code.tex)
(/usr/local/texlive/2016/texmf-dist/tex/generic/pgf/math/pgfmathfunctions.compa
rison.code.tex)
(/usr/local/texlive/2016/texmf-dist/tex/generic/pgf/math/pgfmathfunctions.base.
code.tex)
(/usr/local/texlive/2016/texmf-dist/tex/generic/pgf/math/pgfmathfunctions.round
.code.tex)
(/usr/local/texlive/2016/texmf-dist/tex/generic/pgf/math/pgfmathfunctions.misc.
code.tex)
(/usr/local/texlive/2016/texmf-dist/tex/generic/pgf/math/pgfmathfunctions.integ
erarithmetics.code.tex)))
(/usr/local/texlive/2016/texmf-dist/tex/generic/pgf/math/pgfmathfloat.code.tex
\c@pgfmathroundto@lastzeros=\count107
))
(/usr/local/texlive/2016/texmf-dist/tex/generic/pgf/basiclayer/pgfcorepoints.co
de.tex
File: pgfcorepoints.code.tex 2013/10/07  (rcs-revision 1.27)
\pgf@picminx=\dimen125
\pgf@picmaxx=\dimen126
\pgf@picminy=\dimen127
\pgf@picmaxy=\dimen128
\pgf@pathminx=\dimen129
\pgf@pathmaxx=\dimen130
\pgf@pathminy=\dimen131
\pgf@pathmaxy=\dimen132
\pgf@xx=\dimen133
\pgf@xy=\dimen134
\pgf@yx=\dimen135
\pgf@yy=\dimen136
\pgf@zx=\dimen137
\pgf@zy=\dimen138
)
(/usr/local/texlive/2016/texmf-dist/tex/generic/pgf/basiclayer/pgfcorepathconst
ruct.code.tex
File: pgfcorepathconstruct.code.tex 2013/10/07  (rcs-revision 1.29)
\pgf@path@lastx=\dimen139
\pgf@path@lasty=\dimen140
)
(/usr/local/texlive/2016/texmf-dist/tex/generic/pgf/basiclayer/pgfcorepathusage
.code.tex
File: pgfcorepathusage.code.tex 2014/11/02  (rcs-revision 1.24)
\pgf@shorten@end@additional=\dimen141
\pgf@shorten@start@additional=\dimen142
)
(/usr/local/texlive/2016/texmf-dist/tex/generic/pgf/basiclayer/pgfcorescopes.co
de.tex
File: pgfcorescopes.code.tex 2015/05/08  (rcs-revision 1.46)
\pgfpic=\box30
\pgf@hbox=\box31
\pgf@layerbox@main=\box32
\pgf@picture@serial@count=\count108
)
(/usr/local/texlive/2016/texmf-dist/tex/generic/pgf/basiclayer/pgfcoregraphicst
ate.code.tex
File: pgfcoregraphicstate.code.tex 2014/11/02  (rcs-revision 1.12)
\pgflinewidth=\dimen143
)
(/usr/local/texlive/2016/texmf-dist/tex/generic/pgf/basiclayer/pgfcoretransform
ations.code.tex
File: pgfcoretransformations.code.tex 2015/08/07  (rcs-revision 1.20)
\pgf@pt@x=\dimen144
\pgf@pt@y=\dimen145
\pgf@pt@temp=\dimen146
)
(/usr/local/texlive/2016/texmf-dist/tex/generic/pgf/basiclayer/pgfcorequick.cod
e.tex
File: pgfcorequick.code.tex 2008/10/09  (rcs-revision 1.3)
)
(/usr/local/texlive/2016/texmf-dist/tex/generic/pgf/basiclayer/pgfcoreobjects.c
ode.tex
File: pgfcoreobjects.code.tex 2006/10/11  (rcs-revision 1.2)
)
(/usr/local/texlive/2016/texmf-dist/tex/generic/pgf/basiclayer/pgfcorepathproce
ssing.code.tex
File: pgfcorepathprocessing.code.tex 2013/09/09  (rcs-revision 1.9)
)
(/usr/local/texlive/2016/texmf-dist/tex/generic/pgf/basiclayer/pgfcorearrows.co
de.tex
File: pgfcorearrows.code.tex 2015/05/14  (rcs-revision 1.43)
\pgfarrowsep=\dimen147
)
(/usr/local/texlive/2016/texmf-dist/tex/generic/pgf/basiclayer/pgfcoreshade.cod
e.tex
File: pgfcoreshade.code.tex 2013/07/15  (rcs-revision 1.15)
\pgf@max=\dimen148
\pgf@sys@shading@range@num=\count109
)
(/usr/local/texlive/2016/texmf-dist/tex/generic/pgf/basiclayer/pgfcoreimage.cod
e.tex
File: pgfcoreimage.code.tex 2013/07/15  (rcs-revision 1.18)

(/usr/local/texlive/2016/texmf-dist/tex/generic/pgf/basiclayer/pgfcoreexternal.
code.tex
File: pgfcoreexternal.code.tex 2014/07/09  (rcs-revision 1.21)
\pgfexternal@startupbox=\box33
))
(/usr/local/texlive/2016/texmf-dist/tex/generic/pgf/basiclayer/pgfcorelayers.co
de.tex
File: pgfcorelayers.code.tex 2013/07/18  (rcs-revision 1.7)
)
(/usr/local/texlive/2016/texmf-dist/tex/generic/pgf/basiclayer/pgfcoretranspare
ncy.code.tex
File: pgfcoretransparency.code.tex 2013/09/30  (rcs-revision 1.5)
)
(/usr/local/texlive/2016/texmf-dist/tex/generic/pgf/basiclayer/pgfcorepatterns.
code.tex
File: pgfcorepatterns.code.tex 2013/11/07  (rcs-revision 1.5)
)))
(/usr/local/texlive/2016/texmf-dist/tex/generic/pgf/modules/pgfmoduleshapes.cod
e.tex
File: pgfmoduleshapes.code.tex 2014/03/21  (rcs-revision 1.35)
\pgfnodeparttextbox=\box34
)
(/usr/local/texlive/2016/texmf-dist/tex/generic/pgf/modules/pgfmoduleplot.code.
tex
File: pgfmoduleplot.code.tex 2015/08/03  (rcs-revision 1.13)
)
(/usr/local/texlive/2016/texmf-dist/tex/latex/pgf/compatibility/pgfcomp-version
-0-65.sty
Package: pgfcomp-version-0-65 2007/07/03 v3.0.1a (rcs-revision 1.7)
\pgf@nodesepstart=\dimen149
\pgf@nodesepend=\dimen150
)
(/usr/local/texlive/2016/texmf-dist/tex/latex/pgf/compatibility/pgfcomp-version
-1-18.sty
Package: pgfcomp-version-1-18 2007/07/23 v3.0.1a (rcs-revision 1.1)
))
(/usr/local/texlive/2016/texmf-dist/tex/latex/pgf/utilities/pgffor.sty
(/usr/local/texlive/2016/texmf-dist/tex/latex/pgf/utilities/pgfkeys.sty
(/usr/local/texlive/2016/texmf-dist/tex/generic/pgf/utilities/pgfkeys.code.tex)
) (/usr/local/texlive/2016/texmf-dist/tex/latex/pgf/math/pgfmath.sty
(/usr/local/texlive/2016/texmf-dist/tex/generic/pgf/math/pgfmath.code.tex))
(/usr/local/texlive/2016/texmf-dist/tex/generic/pgf/utilities/pgffor.code.tex
Package: pgffor 2013/12/13 v3.0.1a (rcs-revision 1.25)

(/usr/local/texlive/2016/texmf-dist/tex/generic/pgf/math/pgfmath.code.tex)
\pgffor@iter=\dimen151
\pgffor@skip=\dimen152
\pgffor@stack=\toks37
\pgffor@toks=\toks38
))
(/usr/local/texlive/2016/texmf-dist/tex/generic/pgf/frontendlayer/tikz/tikz.cod
e.tex
Package: tikz 2015/08/07 v3.0.1a (rcs-revision 1.151)

(/usr/local/texlive/2016/texmf-dist/tex/generic/pgf/libraries/pgflibraryplothan
dlers.code.tex
File: pgflibraryplothandlers.code.tex 2013/08/31 v3.0.1a (rcs-revision 1.20)
\pgf@plot@mark@count=\count110
\pgfplotmarksize=\dimen153
)
\tikz@lastx=\dimen154
\tikz@lasty=\dimen155
\tikz@lastxsaved=\dimen156
\tikz@lastysaved=\dimen157
\tikzleveldistance=\dimen158
\tikzsiblingdistance=\dimen159
\tikz@figbox=\box35
\tikz@figbox@bg=\box36
\tikz@tempbox=\box37
\tikz@tempbox@bg=\box38
\tikztreelevel=\count111
\tikznumberofchildren=\count112
\tikznumberofcurrentchild=\count113
\tikz@fig@count=\count114

(/usr/local/texlive/2016/texmf-dist/tex/generic/pgf/modules/pgfmodulematrix.cod
e.tex
File: pgfmodulematrix.code.tex 2013/09/17  (rcs-revision 1.8)
\pgfmatrixcurrentrow=\count115
\pgfmatrixcurrentcolumn=\count116
\pgf@matrix@numberofcolumns=\count117
)
\tikz@expandcount=\count118

(/usr/local/texlive/2016/texmf-dist/tex/generic/pgf/frontendlayer/tikz/librarie
s/tikzlibrarytopaths.code.tex
File: tikzlibrarytopaths.code.tex 2008/06/17 v3.0.1a (rcs-revision 1.2)
)))
(/usr/local/texlive/2016/texmf-dist/tex/latex/tools/enumerate.sty
Package: enumerate 2015/07/23 v3.00 enumerate extensions (DPC)
\@enLab=\toks39
)
(/usr/local/texlive/2016/texmf-dist/tex/latex/algorithms/algorithm.sty
Package: algorithm 2009/08/24 v0.1 Document Style `algorithm' - floating enviro
nment

(/usr/local/texlive/2016/texmf-dist/tex/latex/float/float.sty
Package: float 2001/11/08 v1.3d Float enhancements (AL)
\c@float@type=\count119
\float@exts=\toks40
\float@box=\box39
\@float@everytoks=\toks41
\@floatcapt=\box40
)
(/usr/local/texlive/2016/texmf-dist/tex/latex/base/ifthen.sty
Package: ifthen 2014/09/29 v1.1c Standard LaTeX ifthen package (DPC)
)
\@float@every@algorithm=\toks42
\c@algorithm=\count120
)
(/usr/local/texlive/2016/texmf-dist/tex/latex/algorithmicx/algpseudocode.sty
Package: algpseudocode 

(/usr/local/texlive/2016/texmf-dist/tex/latex/algorithmicx/algorithmicx.sty
Package: algorithmicx 2005/04/27 v1.2 Algorithmicx

Document Style algorithmicx 1.2 - a greatly improved `algorithmic' style
\c@ALG@line=\count121
\c@ALG@rem=\count122
\c@ALG@nested=\count123
\ALG@tlm=\skip58
\ALG@thistlm=\skip59
\c@ALG@Lnr=\count124
\c@ALG@blocknr=\count125
\c@ALG@storecount=\count126
\c@ALG@tmpcounter=\count127
\ALG@tmplength=\skip60
)
Document Style - pseudocode environments for use with the `algorithmicx' style
) (/usr/local/texlive/2016/texmf-dist/tex/latex/ms/ragged2e.sty
Package: ragged2e 2009/05/21 v2.1 ragged2e Package (MS)


LaTeX Warning: Command \@arrayparboxrestore  has changed.
               Check if current package is valid.

(/usr/local/texlive/2016/texmf-dist/tex/latex/ms/everysel.sty
Package: everysel 2011/10/28 v1.2 EverySelectfont Package (MS)
)
(/usr/local/texlive/2016/texmf-dist/tex/latex/footmisc/footmisc.sty
Package: footmisc 2011/06/06 v5.5b a miscellany of footnote facilities
\FN@temptoken=\toks43
\footnotemargin=\dimen160
\c@pp@next@reset=\count128
Package footmisc Info: Declaring symbol style bringhurst on input line 855.
Package footmisc Info: Declaring symbol style chicago on input line 863.
Package footmisc Info: Declaring symbol style wiley on input line 872.
Package footmisc Info: Declaring symbol style lamport-robust on input line 883.

Package footmisc Info: Declaring symbol style lamport* on input line 903.
Package footmisc Info: Declaring symbol style lamport*-robust on input line 924
.
)
\CenteringLeftskip=\skip61
\RaggedLeftLeftskip=\skip62
\RaggedRightLeftskip=\skip63
\CenteringRightskip=\skip64
\RaggedLeftRightskip=\skip65
\RaggedRightRightskip=\skip66
\CenteringParfillskip=\skip67
\RaggedLeftParfillskip=\skip68
\RaggedRightParfillskip=\skip69
\JustifyingParfillskip=\skip70
\CenteringParindent=\skip71
\RaggedLeftParindent=\skip72
\RaggedRightParindent=\skip73
\JustifyingParindent=\skip74
)
(/usr/local/texlive/2016/texmf-dist/tex/latex/base/textcomp.sty
Package: textcomp 2017/02/22 v2.0g Standard LaTeX package
Package textcomp Info: Sub-encoding information:
(textcomp)               5 = only ISO-Adobe without \textcurrency
(textcomp)               4 = 5 + \texteuro
(textcomp)               3 = 4 + \textohm
(textcomp)               2 = 3 + \textestimated + \textcurrency
(textcomp)               1 = TS1 - \textcircled - \t
(textcomp)               0 = TS1 (full)
(textcomp)             Font families with sub-encoding setting implement
(textcomp)             only a restricted character set as indicated.
(textcomp)             Family '?' is the default used for unknown fonts.
(textcomp)             See the documentation for details.
Package textcomp Info: Setting ? sub-encoding to TS1/1 on input line 79.

(/usr/local/texlive/2016/texmf-dist/tex/latex/base/ts1enc.def
File: ts1enc.def 2001/06/05 v3.0e (jk/car/fm) Standard LaTeX file
)
LaTeX Info: Redefining \oldstylenums on input line 334.
Package textcomp Info: Setting cmr sub-encoding to TS1/0 on input line 349.
Package textcomp Info: Setting cmss sub-encoding to TS1/0 on input line 350.
Package textcomp Info: Setting cmtt sub-encoding to TS1/0 on input line 351.
Package textcomp Info: Setting cmvtt sub-encoding to TS1/0 on input line 352.
Package textcomp Info: Setting cmbr sub-encoding to TS1/0 on input line 353.
Package textcomp Info: Setting cmtl sub-encoding to TS1/0 on input line 354.
Package textcomp Info: Setting ccr sub-encoding to TS1/0 on input line 355.
Package textcomp Info: Setting ptm sub-encoding to TS1/4 on input line 356.
Package textcomp Info: Setting pcr sub-encoding to TS1/4 on input line 357.
Package textcomp Info: Setting phv sub-encoding to TS1/4 on input line 358.
Package textcomp Info: Setting ppl sub-encoding to TS1/3 on input line 359.
Package textcomp Info: Setting pag sub-encoding to TS1/4 on input line 360.
Package textcomp Info: Setting pbk sub-encoding to TS1/4 on input line 361.
Package textcomp Info: Setting pnc sub-encoding to TS1/4 on input line 362.
Package textcomp Info: Setting pzc sub-encoding to TS1/4 on input line 363.
Package textcomp Info: Setting bch sub-encoding to TS1/4 on input line 364.
Package textcomp Info: Setting put sub-encoding to TS1/5 on input line 365.
Package textcomp Info: Setting uag sub-encoding to TS1/5 on input line 366.
Package textcomp Info: Setting ugq sub-encoding to TS1/5 on input line 367.
Package textcomp Info: Setting ul8 sub-encoding to TS1/4 on input line 368.
Package textcomp Info: Setting ul9 sub-encoding to TS1/4 on input line 369.
Package textcomp Info: Setting augie sub-encoding to TS1/5 on input line 370.
Package textcomp Info: Setting dayrom sub-encoding to TS1/3 on input line 371.
Package textcomp Info: Setting dayroms sub-encoding to TS1/3 on input line 372.

Package textcomp Info: Setting pxr sub-encoding to TS1/0 on input line 373.
Package textcomp Info: Setting pxss sub-encoding to TS1/0 on input line 374.
Package textcomp Info: Setting pxtt sub-encoding to TS1/0 on input line 375.
Package textcomp Info: Setting txr sub-encoding to TS1/0 on input line 376.
Package textcomp Info: Setting txss sub-encoding to TS1/0 on input line 377.
Package textcomp Info: Setting txtt sub-encoding to TS1/0 on input line 378.
Package textcomp Info: Setting lmr sub-encoding to TS1/0 on input line 379.
Package textcomp Info: Setting lmdh sub-encoding to TS1/0 on input line 380.
Package textcomp Info: Setting lmss sub-encoding to TS1/0 on input line 381.
Package textcomp Info: Setting lmssq sub-encoding to TS1/0 on input line 382.
Package textcomp Info: Setting lmvtt sub-encoding to TS1/0 on input line 383.
Package textcomp Info: Setting lmtt sub-encoding to TS1/0 on input line 384.
Package textcomp Info: Setting qhv sub-encoding to TS1/0 on input line 385.
Package textcomp Info: Setting qag sub-encoding to TS1/0 on input line 386.
Package textcomp Info: Setting qbk sub-encoding to TS1/0 on input line 387.
Package textcomp Info: Setting qcr sub-encoding to TS1/0 on input line 388.
Package textcomp Info: Setting qcs sub-encoding to TS1/0 on input line 389.
Package textcomp Info: Setting qpl sub-encoding to TS1/0 on input line 390.
Package textcomp Info: Setting qtm sub-encoding to TS1/0 on input line 391.
Package textcomp Info: Setting qzc sub-encoding to TS1/0 on input line 392.
Package textcomp Info: Setting qhvc sub-encoding to TS1/0 on input line 393.
Package textcomp Info: Setting futs sub-encoding to TS1/4 on input line 394.
Package textcomp Info: Setting futx sub-encoding to TS1/4 on input line 395.
Package textcomp Info: Setting futj sub-encoding to TS1/4 on input line 396.
Package textcomp Info: Setting hlh sub-encoding to TS1/3 on input line 397.
Package textcomp Info: Setting hls sub-encoding to TS1/3 on input line 398.
Package textcomp Info: Setting hlst sub-encoding to TS1/3 on input line 399.
Package textcomp Info: Setting hlct sub-encoding to TS1/5 on input line 400.
Package textcomp Info: Setting hlx sub-encoding to TS1/5 on input line 401.
Package textcomp Info: Setting hlce sub-encoding to TS1/5 on input line 402.
Package textcomp Info: Setting hlcn sub-encoding to TS1/5 on input line 403.
Package textcomp Info: Setting hlcw sub-encoding to TS1/5 on input line 404.
Package textcomp Info: Setting hlcf sub-encoding to TS1/5 on input line 405.
Package textcomp Info: Setting pplx sub-encoding to TS1/3 on input line 406.
Package textcomp Info: Setting pplj sub-encoding to TS1/3 on input line 407.
Package textcomp Info: Setting ptmx sub-encoding to TS1/4 on input line 408.
Package textcomp Info: Setting ptmj sub-encoding to TS1/4 on input line 409.
)
(/usr/local/texlive/2016/texmf-dist/tex/latex/import/import.sty
Package: import 2009/03/23  v 5.1
)
(/usr/local/texlive/2016/texmf-dist/tex/latex/hyperref/hyperref.sty
Package: hyperref 2017/03/14 v6.85a Hypertext links for LaTeX

(/usr/local/texlive/2016/texmf-dist/tex/generic/oberdiek/hobsub-hyperref.sty
Package: hobsub-hyperref 2016/05/16 v1.14 Bundle oberdiek, subset hyperref (HO)


(/usr/local/texlive/2016/texmf-dist/tex/generic/oberdiek/hobsub-generic.sty
Package: hobsub-generic 2016/05/16 v1.14 Bundle oberdiek, subset generic (HO)
Package: hobsub 2016/05/16 v1.14 Construct package bundles (HO)
Package hobsub Info: Skipping package `infwarerr' (already loaded).
Package hobsub Info: Skipping package `ltxcmds' (already loaded).
Package: ifluatex 2016/05/16 v1.4 Provides the ifluatex switch (HO)
Package ifluatex Info: LuaTeX not detected.
Package: ifvtex 2016/05/16 v1.6 Detect VTeX and its facilities (HO)
Package ifvtex Info: VTeX not detected.
Package: intcalc 2016/05/16 v1.2 Expandable calculations with integers (HO)
Package: ifpdf 2017/03/15 v3.2 Provides the ifpdf switch
Package: etexcmds 2016/05/16 v1.6 Avoid name clashes with e-TeX commands (HO)
Package etexcmds Info: Could not find \expanded.
(etexcmds)             That can mean that you are not using pdfTeX 1.50 or
(etexcmds)             that some package has redefined \expanded.
(etexcmds)             In the latter case, load this package earlier.
Package: kvsetkeys 2016/05/16 v1.17 Key value parser (HO)
Package: kvdefinekeys 2016/05/16 v1.4 Define keys (HO)
Package: pdftexcmds 2017/03/19 v0.25 Utility functions of pdfTeX for LuaTeX (HO
)
Package pdftexcmds Info: LuaTeX not detected.
Package pdftexcmds Info: \pdf@primitive is available.
Package pdftexcmds Info: \pdf@ifprimitive is available.
Package pdftexcmds Info: \pdfdraftmode found.
Package: pdfescape 2016/05/16 v1.14 Implements pdfTeX's escape features (HO)
Package: bigintcalc 2016/05/16 v1.4 Expandable calculations on big integers (HO
)
Package: bitset 2016/05/16 v1.2 Handle bit-vector datatype (HO)
Package: uniquecounter 2016/05/16 v1.3 Provide unlimited unique counter (HO)
)
Package hobsub Info: Skipping package `hobsub' (already loaded).
Package: letltxmacro 2016/05/16 v1.5 Let assignment for LaTeX macros (HO)
Package: hopatch 2016/05/16 v1.3 Wrapper for package hooks (HO)
Package: xcolor-patch 2016/05/16 xcolor patch
Package: atveryend 2016/05/16 v1.9 Hooks at the very end of document (HO)
Package atveryend Info: \enddocument detected (standard20110627).
Package: atbegshi 2016/06/09 v1.18 At begin shipout hook (HO)
Package: refcount 2016/05/16 v3.5 Data extraction from label references (HO)
Package: hycolor 2016/05/16 v1.8 Color options for hyperref/bookmark (HO)
)
(/usr/local/texlive/2016/texmf-dist/tex/generic/ifxetex/ifxetex.sty
Package: ifxetex 2010/09/12 v0.6 Provides ifxetex conditional
)
(/usr/local/texlive/2016/texmf-dist/tex/latex/oberdiek/auxhook.sty
Package: auxhook 2016/05/16 v1.4 Hooks for auxiliary files (HO)
)
(/usr/local/texlive/2016/texmf-dist/tex/latex/oberdiek/kvoptions.sty
Package: kvoptions 2016/05/16 v3.12 Key value format for package options (HO)
)
\@linkdim=\dimen161
\Hy@linkcounter=\count129
\Hy@pagecounter=\count130

(/usr/local/texlive/2016/texmf-dist/tex/latex/hyperref/pd1enc.def
File: pd1enc.def 2017/03/14 v6.85a Hyperref: PDFDocEncoding definition (HO)
)
\Hy@SavedSpaceFactor=\count131

(/usr/local/texlive/2016/texmf-dist/tex/latex/latexconfig/hyperref.cfg
File: hyperref.cfg 2002/06/06 v1.2 hyperref configuration of TeXLive
)
Package hyperref Info: Hyper figures OFF on input line 4498.
Package hyperref Info: Link nesting OFF on input line 4503.
Package hyperref Info: Hyper index ON on input line 4506.
Package hyperref Info: Plain pages OFF on input line 4513.
Package hyperref Info: Backreferencing OFF on input line 4518.
Package hyperref Info: Implicit mode ON; LaTeX internals redefined.
Package hyperref Info: Bookmarks ON on input line 4751.
\c@Hy@tempcnt=\count132

(/usr/local/texlive/2016/texmf-dist/tex/latex/url/url.sty
\Urlmuskip=\muskip11
Package: url 2013/09/16  ver 3.4  Verb mode for urls, etc.
)
LaTeX Info: Redefining \url on input line 5104.
\XeTeXLinkMargin=\dimen162
\Fld@menulength=\count133
\Field@Width=\dimen163
\Fld@charsize=\dimen164
Package hyperref Info: Hyper figures OFF on input line 6358.
Package hyperref Info: Link nesting OFF on input line 6363.
Package hyperref Info: Hyper index ON on input line 6366.
Package hyperref Info: backreferencing OFF on input line 6373.
Package hyperref Info: Link coloring OFF on input line 6378.
Package hyperref Info: Link coloring with OCG OFF on input line 6383.
Package hyperref Info: PDF/A mode OFF on input line 6388.
LaTeX Info: Redefining \ref on input line 6428.
LaTeX Info: Redefining \pageref on input line 6432.
\Hy@abspage=\count134
\c@Item=\count135
\c@Hfootnote=\count136
)

Package hyperref Message: Driver (autodetected): hpdftex.

(/usr/local/texlive/2016/texmf-dist/tex/latex/hyperref/hpdftex.def
File: hpdftex.def 2017/03/14 v6.85a Hyperref driver for pdfTeX
\Fld@listcount=\count137
\c@bookmark@seq@number=\count138

(/usr/local/texlive/2016/texmf-dist/tex/latex/oberdiek/rerunfilecheck.sty
Package: rerunfilecheck 2016/05/16 v1.8 Rerun checks for auxiliary files (HO)
Package uniquecounter Info: New unique counter `rerunfilecheck' on input line 2
82.
)
\Hy@SectionHShift=\skip75
)
Package hyperref Info: Option `colorlinks' set `true' on input line 23.

(/usr/local/texlive/2016/texmf-dist/tex/generic/pgf/frontendlayer/tikz/librarie
s/tikzlibraryautomata.code.tex
File: tikzlibraryautomata.code.tex 2008/07/14 v3.0.1a (rcs-revision 1.3)

(/usr/local/texlive/2016/texmf-dist/tex/generic/pgf/frontendlayer/tikz/librarie
s/tikzlibraryshapes.multipart.code.tex
File: tikzlibraryshapes.multipart.code.tex 2008/01/09 v3.0.1a (rcs-revision 1.1
)

(/usr/local/texlive/2016/texmf-dist/tex/generic/pgf/libraries/shapes/pgflibrary
shapes.multipart.code.tex
File: pgflibraryshapes.multipart.code.tex 2010/01/07 v3.0.1a (rcs-revision 1.2)

\pgfnodepartlowerbox=\box41
\pgfnodeparttwobox=\box42
\pgfnodepartthreebox=\box43
\pgfnodepartfourbox=\box44
\pgfnodeparttwentybox=\box45
\pgfnodepartnineteenbox=\box46
\pgfnodeparteighteenbox=\box47
\pgfnodepartseventeenbox=\box48
\pgfnodepartsixteenbox=\box49
\pgfnodepartfifteenbox=\box50
\pgfnodepartfourteenbox=\box51
\pgfnodepartthirteenbox=\box52
\pgfnodeparttwelvebox=\box53
\pgfnodepartelevenbox=\box54
\pgfnodeparttenbox=\box55
\pgfnodepartninebox=\box56
\pgfnodeparteightbox=\box57
\pgfnodepartsevenbox=\box58
\pgfnodepartsixbox=\box59
\pgfnodepartfivebox=\box60
)))
(/usr/local/texlive/2016/texmf-dist/tex/generic/pgf/frontendlayer/tikz/librarie
s/tikzlibrarypositioning.code.tex
File: tikzlibrarypositioning.code.tex 2008/10/06 v3.0.1a (rcs-revision 1.7)
)
\c@theorem=\count139
\c@corollary=\count140
\c@definition=\count141
 (./Math Review Notes.aux

LaTeX Warning: Label `eqn:17.7ar' multiply defined.

)
\openout1 = `"Math Review Notes.aux"'.

LaTeX Font Info:    Checking defaults for OML/cmm/m/it on input line 119.
LaTeX Font Info:    ... okay on input line 119.
LaTeX Font Info:    Checking defaults for T1/cmr/m/n on input line 119.
LaTeX Font Info:    ... okay on input line 119.
LaTeX Font Info:    Checking defaults for OT1/cmr/m/n on input line 119.
LaTeX Font Info:    ... okay on input line 119.
LaTeX Font Info:    Checking defaults for OMS/cmsy/m/n on input line 119.
LaTeX Font Info:    ... okay on input line 119.
LaTeX Font Info:    Checking defaults for OMX/cmex/m/n on input line 119.
LaTeX Font Info:    ... okay on input line 119.
LaTeX Font Info:    Checking defaults for U/cmr/m/n on input line 119.
LaTeX Font Info:    ... okay on input line 119.
LaTeX Font Info:    Checking defaults for TS1/cmr/m/n on input line 119.
LaTeX Font Info:    Try loading font information for TS1+cmr on input line 119.

 (/usr/local/texlive/2016/texmf-dist/tex/latex/base/ts1cmr.fd
File: ts1cmr.fd 2014/09/29 v2.5h Standard LaTeX font definitions
)
LaTeX Font Info:    ... okay on input line 119.
LaTeX Font Info:    Checking defaults for PD1/pdf/m/n on input line 119.
LaTeX Font Info:    ... okay on input line 119.

ABD: EveryShipout initializing macros
(/usr/local/texlive/2016/texmf-dist/tex/context/base/mkii/supp-pdf.mkii
[Loading MPS to PDF converter (version 2006.09.02).]
\scratchcounter=\count142
\scratchdimen=\dimen165
\scratchbox=\box61
\nofMPsegments=\count143
\nofMParguments=\count144
\everyMPshowfont=\toks44
\MPscratchCnt=\count145
\MPscratchDim=\dimen166
\MPnumerator=\count146
\makeMPintoPDFobject=\count147
\everyMPtoPDFconversion=\toks45
) (/usr/local/texlive/2016/texmf-dist/tex/latex/oberdiek/epstopdf-base.sty
Package: epstopdf-base 2016/05/15 v2.6 Base part for package epstopdf

(/usr/local/texlive/2016/texmf-dist/tex/latex/oberdiek/grfext.sty
Package: grfext 2016/05/16 v1.2 Manage graphics extensions (HO)
)
Package epstopdf-base Info: Redefining graphics rule for `.eps' on input line 4
38.
Package grfext Info: Graphics extension search list:
(grfext)             [.png,.pdf,.jpg,.mps,.jpeg,.jbig2,.jb2,.PNG,.PDF,.JPG,.JPE
G,.JBIG2,.JB2,.eps]
(grfext)             \AppendGraphicsExtensions on input line 456.

(/usr/local/texlive/2016/texmf-dist/tex/latex/latexconfig/epstopdf-sys.cfg
File: epstopdf-sys.cfg 2010/07/13 v1.3 Configuration of (r)epstopdf for TeX Liv
e
))
Package ragged2e Info: ABD: executing \RaggedRight on input line 119.

ABD: EverySelectfont initializing macros
LaTeX Info: Redefining \selectfont on input line 119.
\AtBeginShipoutBox=\box62
Package hyperref Info: Link coloring ON on input line 119.

(/usr/local/texlive/2016/texmf-dist/tex/latex/hyperref/nameref.sty
Package: nameref 2016/05/21 v2.44 Cross-referencing by name of section

(/usr/local/texlive/2016/texmf-dist/tex/generic/oberdiek/gettitlestring.sty
Package: gettitlestring 2016/05/16 v1.5 Cleanup title references (HO)
)
\c@section@level=\count148
)
LaTeX Info: Redefining \ref on input line 119.
LaTeX Info: Redefining \pageref on input line 119.
LaTeX Info: Redefining \nameref on input line 119.

(./Math Review Notes.out) (./Math Review Notes.out)
\@outlinefile=\write4
\openout4 = `"Math Review Notes.out"'.

LaTeX Font Info:    Try loading font information for U+msa on input line 122.

(/usr/local/texlive/2016/texmf-dist/tex/latex/amsfonts/umsa.fd
File: umsa.fd 2013/01/14 v3.01 AMS symbols A
)
LaTeX Font Info:    Try loading font information for U+msb on input line 122.

(/usr/local/texlive/2016/texmf-dist/tex/latex/amsfonts/umsb.fd
File: umsb.fd 2013/01/14 v3.01 AMS symbols B
) [1

{/usr/local/texlive/2016/texmf-var/fonts/map/pdftex/updmap/pdftex.map}]
(./Math Review Notes.toc [2] [3] [4] [5])
\tf@toc=\write5
\openout5 = `"Math Review Notes.toc"'.

 [6] [7]
Overfull \hbox (7.44023pt too wide) in paragraph at lines 146--147
[]\OT1/cmr/m/n/10 I use many sources through-out this doc-u-ment, which I ei-th
er cite at the be-gin-ning of the sec-tion (for sources 
 []

[8] (./Topics/Linear_Algebra/Linear_Algebra.tex [9]
Overfull \hbox (25.75264pt too wide) in paragraph at lines 207--208
[]\OT1/cmr/m/n/10 The test is to check, for an eigen-value that is re-peated $\
OML/cmm/m/it/10 p$ \OT1/cmr/m/n/10 times, whether there are $\OML/cmm/m/it/10 p
$ \OT1/cmr/m/n/10 in-de-pen-dent eigenvectors-- 
 []

[10] [11] [12]
Overfull \hbox (3.91234pt too wide) in paragraph at lines 341--342
[]\OT1/cmr/m/n/10 To find the sec-ond eigen-vec-tor and eigen-value, we can re-
peat the above pro-ce-dure, where we start by choos- 
 []

<images/0568_12.png, id=889, 928.46875pt x 308.15125pt>
File: images/0568_12.png Graphic file (type png)

<use images/0568_12.png>
Package pdftex.def Info: images/0568_12.png used on input line 350.
(pdftex.def)             Requested size: 464.23325pt x 154.07524pt.
 <images/0568_12s.png, id=891, 879.285pt x 176.66pt>
File: images/0568_12s.png Graphic file (type png)

<use images/0568_12s.png>
Package pdftex.def Info: images/0568_12s.png used on input line 352.
(pdftex.def)             Requested size: 439.64143pt x 88.32977pt.
 [13 <./images/0568_12.png>]
<images/1268_24.png, id=899, 759.83875pt x 341.275pt>
File: images/1268_24.png Graphic file (type png)
 <use images/1268_24.png>
Package pdftex.def Info: images/1268_24.png used on input line 354.
(pdftex.def)             Requested size: 493.88933pt x 221.82611pt.

Overfull \hbox (24.13434pt too wide) in paragraph at lines 354--355
[][]  
 []

<images/1268_24s.png, id=900, 721.69624pt x 70.2625pt>
File: images/1268_24s.png Graphic file (type png)

<use images/1268_24s.png>
Package pdftex.def Info: images/1268_24s.png used on input line 356.
(pdftex.def)             Requested size: 469.097pt x 45.67007pt.

<images/1268_34.png, id=901, 715.67375pt x 347.2975pt>
File: images/1268_34.png Graphic file (type png)

<use images/1268_34.png>
Package pdftex.def Info: images/1268_34.png used on input line 358.
(pdftex.def)             Requested size: 465.18242pt x 225.74069pt.

<images/1268_34s.png, id=902, 721.69624pt x 134.5025pt>
File: images/1268_34s.png Graphic file (type png)

<use images/1268_34s.png>
Package pdftex.def Info: images/1268_34s.png used on input line 360.
(pdftex.def)             Requested size: 469.097pt x 87.42557pt.
 [14 <./images/0568_12s.png> <./images/1268_24.png> <./images/1268_24s.png> <./
images/1268_34.png>]
<images/1268_37.png, id=912, 758.835pt x 159.59625pt>
File: images/1268_37.png Graphic file (type png)
 <use images/1268_37.png>
Package pdftex.def Info: images/1268_37.png used on input line 362.
(pdftex.def)             Requested size: 493.23691pt x 103.73631pt.

Overfull \hbox (23.48192pt too wide) in paragraph at lines 362--363
[][]  
 []

<images/1268_37s.png, id=913, 721.69624pt x 92.345pt>
File: images/1268_37s.png Graphic file (type png)

<use images/1268_37s.png>
Package pdftex.def Info: images/1268_37s.png used on input line 364.
(pdftex.def)             Requested size: 469.097pt x 60.02351pt.

<images/0568_50.png, id=914, 848.16875pt x 189.70876pt>
File: images/0568_50.png Graphic file (type png)

<use images/0568_50.png>
Package pdftex.def Info: images/0568_50.png used on input line 366.
(pdftex.def)             Requested size: 424.08333pt x 94.85414pt.

<images/0568_50s.png, id=915, 884.30376pt x 115.43124pt>
File: images/0568_50s.png Graphic file (type png)

<use images/0568_50s.png>
Package pdftex.def Info: images/0568_50s.png used on input line 368.
(pdftex.def)             Requested size: 442.1508pt x 57.71547pt.

<images/1268_51.png, id=916, 775.89874pt x 525.965pt>
File: images/1268_51.png Graphic file (type png)
 <use images/1268_51.png>
Package pdftex.def Info: images/1268_51.png used on input line 370.
(pdftex.def)             Requested size: 504.32822pt x 341.87318pt.

Overfull \hbox (34.57323pt too wide) in paragraph at lines 370--371
[][]  
 []

[15 <./images/1268_34s.png> <./images/1268_37.png> <./images/1268_37s.png> <./i
mages/0568_50.png> <./images/0568_50s.png>]
<images/1268_51s.png, id=926, 719.68875pt x 114.4275pt>
File: images/1268_51s.png Graphic file (type png)

<use images/1268_51s.png>
Package pdftex.def Info: images/1268_51s.png used on input line 372.
(pdftex.def)             Requested size: 467.79214pt x 74.37698pt.
) [16 <./images/1268_51.png> <./images/1268_51s.png>]
(./Topics/Calculus/Calculus.tex
<images/derivatives.png, id=934, 641.39626pt x 212.795pt>
File: images/derivatives.png Graphic file (type png)

<use images/derivatives.png>
Package pdftex.def Info: images/derivatives.png used on input line 134.
(pdftex.def)             Requested size: 288.62564pt x 95.75685pt.

<images/integrals.png, id=935, 309.155pt x 203.76125pt>
File: images/integrals.png Graphic file (type png)

<use images/integrals.png>
Package pdftex.def Info: images/integrals.png used on input line 136.
(pdftex.def)             Requested size: 139.11845pt x 91.69171pt.

<images/integral_ln.png, id=936, 258.9675pt x 51.19125pt>
File: images/integral_ln.png Graphic file (type png)

<use images/integral_ln.png>
Package pdftex.def Info: images/integral_ln.png used on input line 138.
(pdftex.def)             Requested size: 116.53429pt x 23.03584pt.

<images/integrals2.png, id=937, 325.215pt x 35.38219pt>
File: images/integrals2.png Graphic file (type png)

<use images/integrals2.png>
Package pdftex.def Info: images/integrals2.png used on input line 140.
(pdftex.def)             Requested size: 211.38724pt x 22.99814pt.

Overfull \hbox (12.38348pt too wide) in paragraph at lines 145--146
\OT1/cmr/m/n/10 ment of Civil En-gi-neer-ing, Uni-ver-sity of Min-nesota). Avai
l-able for down-load at [][]$\OT1/cmtt/m/n/10 https : / / atmos . washington . 

 []

[17 <./images/derivatives.png> <./images/integrals.png> <./images/integral_ln.p
ng> <./images/integrals2.png>] [18] [19]
<images/hessian1.png, id=961, 654.445pt x 368.37625pt>
File: images/hessian1.png Graphic file (type png)

<use images/hessian1.png>
Package pdftex.def Info: images/hessian1.png used on input line 292.
(pdftex.def)             Requested size: 425.38422pt x 239.44171pt.
 <images/hessian2.png, id=962, 634.37pt x 132.495pt>
File: images/hessian2.png Graphic file (type png)

<use images/hessian2.png>
Package pdftex.def Info: images/hessian2.png used on input line 294.
(pdftex.def)             Requested size: 412.3356pt x 86.12071pt.
 [20 <./images/hessian1.png>]
<images/hessian3.png, id=968, 533.995pt x 140.525pt>
File: images/hessian3.png Graphic file (type png)
 <use images/hessian3.png>
Package pdftex.def Info: images/hessian3.png used on input line 296.
(pdftex.def)             Requested size: 347.09264pt x 91.34015pt.

[21 <./images/hessian2.png> <./images/hessian3.png>]
<images/tangent_plane.png, id=976, 653.44125pt x 152.57pt>
File: images/tangent_plane.png Graphic file (type png)

<use images/tangent_plane.png>
Package pdftex.def Info: images/tangent_plane.png used on input line 331.
(pdftex.def)             Requested size: 424.73178pt x 99.16931pt.

<images/tangent_plane2.png, id=977, 655.44875pt x 157.58875pt>
File: images/tangent_plane2.png Graphic file (type png)

<use images/tangent_plane2.png>
Package pdftex.def Info: images/tangent_plane2.png used on input line 333.
(pdftex.def)             Requested size: 426.03664pt x 102.43146pt.

<images/total_differential.png, id=978, 838.13126pt x 135.50626pt>
File: images/total_differential.png Graphic file (type png)

<use images/total_differential.png>
Package pdftex.def Info: images/total_differential.png used on input line 335.
(pdftex.def)             Requested size: 460.97362pt x 74.52866pt.

<images/gradient.png, id=979, 784.9325pt x 166.6225pt>
File: images/gradient.png Graphic file (type png)

<use images/gradient.png>
Package pdftex.def Info: images/gradient.png used on input line 346.
(pdftex.def)             Requested size: 431.7142pt x 91.64265pt.
 <images/line_int1.png, id=980, 558.085pt x 80.3pt>
File: images/line_int1.png Graphic file (type png)

<use images/line_int1.png>
Package pdftex.def Info: images/line_int1.png used on input line 348.
(pdftex.def)             Requested size: 306.94771pt x 44.16512pt.

<images/line_int2.png, id=981, 653.44125pt x 120.45pt>
File: images/line_int2.png Graphic file (type png)

<use images/line_int2.png>
Package pdftex.def Info: images/line_int2.png used on input line 350.
(pdftex.def)             Requested size: 359.3938pt x 66.2477pt.
 [22 <./images/tangent_plane.png> <./images/tangent_plane2.png> <./images/total
_differential.png> <./images/gradient.png> <./images/line_int1.png>] <images/05
68_19.png, id=991, 952.55875pt x 272.01625pt>
File: images/0568_19.png Graphic file (type png)

<use images/0568_19.png>
Package pdftex.def Info: images/0568_19.png used on input line 352.
(pdftex.def)             Requested size: 476.27821pt x 136.00778pt.

Overfull \hbox (6.52322pt too wide) in paragraph at lines 352--353
[][]  
 []

<images/0568_19s.png, id=992, 881.2925pt x 143.53625pt>
File: images/0568_19s.png Graphic file (type png)

<use images/0568_19s.png>
Package pdftex.def Info: images/0568_19s.png used on input line 354.
(pdftex.def)             Requested size: 440.64517pt x 71.76794pt.

<images/1268_22.png, id=993, 695.59875pt x 106.3975pt>
File: images/1268_22.png Graphic file (type png)

<use images/1268_22.png>
Package pdftex.def Info: images/1268_22.png used on input line 356.
(pdftex.def)             Requested size: 452.13383pt x 69.15755pt.

<images/1268_22s.png, id=994, 719.68875pt x 285.065pt>
File: images/1268_22s.png Graphic file (type png)

<use images/1268_22s.png>
Package pdftex.def Info: images/1268_22s.png used on input line 358.
(pdftex.def)             Requested size: 467.79214pt x 185.29005pt.

<images/0568_24.png, id=995, 764.8575pt x 110.4125pt>
File: images/0568_24.png Graphic file (type png)
 <use images/0568_24.png>
Package pdftex.def Info: images/0568_24.png used on input line 360.
(pdftex.def)             Requested size: 382.42781pt x 55.2061pt.

<images/0568_24s.png, id=996, 880.28876pt x 227.85126pt>
File: images/0568_24s.png Graphic file (type png)

<use images/0568_24s.png>
Package pdftex.def Info: images/0568_24s.png used on input line 362.
(pdftex.def)             Requested size: 440.1433pt x 113.92534pt.
 [23 <./images/line_int2.png> <./images/0568_19.png> <./images/0568_19s.png> <.
/images/1268_22.png> <./images/1268_22s.png> <./images/0568_24.png>] <images/05
68_26.png, id=1007, 713.66624pt x 272.01625pt>
File: images/0568_26.png Graphic file (type png)

<use images/0568_26.png>
Package pdftex.def Info: images/0568_26.png used on input line 364.
(pdftex.def)             Requested size: 356.83224pt x 136.00778pt.
 <images/0568_26s.png, id=1008, 877.2775pt x 401.5pt>
File: images/0568_26s.png Graphic file (type png)

<use images/0568_26s.png>
Package pdftex.def Info: images/0568_26s.png used on input line 366.
(pdftex.def)             Requested size: 438.63768pt x 200.7495pt.

<images/0568_27.png, id=1009, 896.34875pt x 260.975pt>
File: images/0568_27.png Graphic file (type png)

<use images/0568_27.png>
Package pdftex.def Info: images/0568_27.png used on input line 368.
(pdftex.def)             Requested size: 448.17328pt x 130.48718pt.

<images/0568_27s.png, id=1010, 884.30376pt x 282.05376pt>
File: images/0568_27s.png Graphic file (type png)

<use images/0568_27s.png>
Package pdftex.def Info: images/0568_27s.png used on input line 370.
(pdftex.def)             Requested size: 442.1508pt x 141.02652pt.
 [24 <./images/0568_24s.png> <./images/0568_26.png> <./images/0568_26s.png> <./
images/0568_27.png>]
<images/1268_32.png, id=1019, 749.80125pt x 136.51pt>
File: images/1268_32.png Graphic file (type png)
 <use images/1268_32.png>
Package pdftex.def Info: images/1268_32.png used on input line 372.
(pdftex.def)             Requested size: 487.36504pt x 88.73044pt.

Overfull \hbox (17.61005pt too wide) in paragraph at lines 372--373
[][]  
 []

<images/1268_32s.png, id=1020, 720.6925pt x 280.04625pt>
File: images/1268_32s.png Graphic file (type png)

<use images/1268_32s.png>
Package pdftex.def Info: images/1268_32s.png used on input line 374.
(pdftex.def)             Requested size: 468.44458pt x 182.0279pt.
 <images/1268_41.png, id=1021, 760.8425pt x 208.78pt>
File: images/1268_41.png Graphic file (type png)

<use images/1268_41.png>
Package pdftex.def Info: images/1268_41.png used on input line 376.
(pdftex.def)             Requested size: 494.54176pt x 135.70537pt.

Overfull \hbox (24.78677pt too wide) in paragraph at lines 376--377
[][]  
 []

<images/1268_41s1.png, id=1022, 719.68875pt x 151.56625pt>
File: images/1268_41s1.png Graphic file (type png)

<use images/1268_41s1.png>
Package pdftex.def Info: images/1268_41s1.png used on input line 378.
(pdftex.def)             Requested size: 467.79214pt x 98.51689pt.
 [25 <./images/0568_27s.png> <./images/1268_32.png> <./images/1268_32s.png> <./
images/1268_41.png>]
<images/0568_41.png, id=1032, 954.56625pt x 148.555pt>
File: images/0568_41.png Graphic file (type png)

<use images/0568_41.png>
Package pdftex.def Info: images/0568_41.png used on input line 380.
(pdftex.def)             Requested size: 477.28197pt x 74.27731pt.

Overfull \hbox (7.52698pt too wide) in paragraph at lines 380--381
[][]  
 []

<images/0568_41s.png, id=1033, 703.62875pt x 225.84375pt>
File: images/0568_41s.png Graphic file (type png)

<use images/0568_41s.png>
Package pdftex.def Info: images/0568_41s.png used on input line 382.
(pdftex.def)             Requested size: 351.8135pt x 112.92159pt.

<images/1268_41s2.png, id=1034, 718.685pt x 51.19125pt>
File: images/1268_41s2.png Graphic file (type png)

<use images/1268_41s2.png>
Package pdftex.def Info: images/1268_41s2.png used on input line 384.
(pdftex.def)             Requested size: 467.13971pt x 33.27391pt.

<images/1268_44.png, id=1035, 711.65875pt x 154.5775pt>
File: images/1268_44.png Graphic file (type png)

<use images/1268_44.png>
Package pdftex.def Info: images/1268_44.png used on input line 386.
(pdftex.def)             Requested size: 462.57271pt x 100.47417pt.

<images/1268_44s.png, id=1036, 717.68124pt x 223.83624pt>
File: images/1268_44s.png Graphic file (type png)

<use images/1268_44s.png>
Package pdftex.def Info: images/1268_44s.png used on input line 388.
(pdftex.def)             Requested size: 466.48727pt x 145.49182pt.

<images/1268_48.png, id=1037, 728.7225pt x 115.43124pt>
File: images/1268_48.png Graphic file (type png)

<use images/1268_48.png>
Package pdftex.def Info: images/1268_48.png used on input line 391.
(pdftex.def)             Requested size: 473.66402pt x 75.0294pt.

Overfull \hbox (3.90903pt too wide) in paragraph at lines 391--392
[][]  
 []

[26 <./images/1268_41s1.png> <./images/0568_41.png> <./images/0568_41s.png> <./
images/1268_41s2.png> <./images/1268_44.png> <./images/1268_44s.png>]
<images/1268_48s.png, id=1048, 721.69624pt x 189.70876pt>
File: images/1268_48s.png Graphic file (type png)

<use images/1268_48s.png>
Package pdftex.def Info: images/1268_48s.png used on input line 393.
(pdftex.def)             Requested size: 469.097pt x 123.30922pt.

<images/0568_48.png, id=1049, 962.59625pt x 600.2425pt>
File: images/0568_48.png Graphic file (type png)

<use images/0568_48.png>
Package pdftex.def Info: images/0568_48.png used on input line 395.
(pdftex.def)             Requested size: 481.29695pt x 300.12051pt.

Overfull \hbox (11.54196pt too wide) in paragraph at lines 395--396
[][]  
 []

<images/0568_48s.png, id=1050, 877.2775pt x 87.32625pt>
File: images/0568_48s.png Graphic file (type png)

<use images/0568_48s.png>
Package pdftex.def Info: images/0568_48s.png used on input line 397.
(pdftex.def)             Requested size: 438.63768pt x 43.66301pt.
) [27 <./images/1268_48.png> <./images/1268_48s.png> <./images/0568_48.png> <./
images/0568_48s.png>] (./Topics/Diff_EQ.tex
<images/1268_61.png, id=1059, 743.77875pt x 140.525pt>
File: images/1268_61.png Graphic file (type png)

<use images/1268_61.png>
Package pdftex.def Info: images/1268_61.png used on input line 4.
(pdftex.def)             Requested size: 483.45045pt x 91.34015pt.

Overfull \hbox (13.69547pt too wide) in paragraph at lines 4--5
[]  
 []

<images/1268_61s.png, id=1060, 724.7075pt x 283.0575pt>
File: images/1268_61s.png Graphic file (type png)

<use images/1268_61s.png>
Package pdftex.def Info: images/1268_61s.png used on input line 6.
(pdftex.def)             Requested size: 471.05429pt x 183.98518pt.
)
Overfull \hbox (1.2993pt too wide) in paragraph at lines 6--162
[][] 
 []


Underfull \hbox (badness 10000) in paragraph at lines 6--162
 
 []

[28 <./images/1268_61.png> <./images/1268_61s.png>]
(./Topics/Real_Analysis/Real_Analysis.tex [29] [30] [31] [32] [33]
Overfull \hbox (12.86136pt too wide) in paragraph at lines 395--396
[][]\OT1/cmr/bx/n/10 Theorem 5.1. []Fu-bini's The-o-rem. \OT1/cmr/m/n/10 Let $\
OML/cmm/m/it/10 h \OT1/cmr/m/n/10 : \U/msb/m/n/10 R[] \OMS/cmsy/m/n/10 ! \U/msb
/m/n/10 R$ \OT1/cmr/m/n/10 be a con-tin-u-ous func-tion such that $[] [][] \OMS
/cmsy/m/n/10 j\OML/cmm/m/it/10 h\OT1/cmr/m/n/10 (\OML/cmm/m/it/10 x; y\OT1/cmr/
m/n/10 )\OMS/cmsy/m/n/10 j\OML/cmm/m/it/10 dxdy < 
 []

<images/0568_38.png, id=1109, 940.51375pt x 209.78375pt>
File: images/0568_38.png Graphic file (type png)

<use images/0568_38.png>
Package pdftex.def Info: images/0568_38.png used on input line 409.
(pdftex.def)             Requested size: 470.25572pt x 104.8916pt.

Overfull \hbox (0.50073pt too wide) in paragraph at lines 409--410
[]  
 []

<images/0568_38s.png, id=1110, 884.30376pt x 202.7575pt>
File: images/0568_38s.png Graphic file (type png)

<use images/0568_38s.png>
Package pdftex.def Info: images/0568_38s.png used on input line 411.
(pdftex.def)             Requested size: 442.1508pt x 101.3785pt.
 [34 <./images/0568_38.png>]
<images/1268_47.png, id=1119, 489.83pt x 284.06125pt>
File: images/1268_47.png Graphic file (type png)
 <use images/1268_47.png>
Package pdftex.def Info: images/1268_47.png used on input line 413.
(pdftex.def)             Requested size: 318.38573pt x 184.6376pt.

<images/1268_47s.png, id=1120, 718.685pt x 69.25874pt>
File: images/1268_47s.png Graphic file (type png)

<use images/1268_47s.png>
Package pdftex.def Info: images/1268_47s.png used on input line 415.
(pdftex.def)             Requested size: 467.13971pt x 45.01764pt.

<images/1268_57.png, id=1121, 772.8875pt x 227.85126pt>
File: images/1268_57.png Graphic file (type png)

<use images/1268_57.png>
Package pdftex.def Info: images/1268_57.png used on input line 417.
(pdftex.def)             Requested size: 502.37091pt x 148.10155pt.

Overfull \hbox (32.61592pt too wide) in paragraph at lines 417--418
[][]  
 []

<images/1268_57s.png, id=1122, 720.6925pt x 115.43124pt>
File: images/1268_57s.png Graphic file (type png)

<use images/1268_57s.png>
Package pdftex.def Info: images/1268_57s.png used on input line 419.
(pdftex.def)             Requested size: 468.44458pt x 75.0294pt.
 <images/1268_60.png, id=1123, 628.3475pt x 337.26pt>
File: images/1268_60.png Graphic file (type png)

<use images/1268_60.png>
Package pdftex.def Info: images/1268_60.png used on input line 421.
(pdftex.def)             Requested size: 408.42104pt x 219.2164pt.
 [35 <./images/0568_38s.png> <./images/1268_47.png> <./images/1268_47s.png> <./
images/1268_57.png> <./images/1268_57s.png>]
<images/1268_60s.png, id=1133, 720.6925pt x 95.35625pt>
File: images/1268_60s.png Graphic file (type png)

<use images/1268_60s.png>
Package pdftex.def Info: images/1268_60s.png used on input line 423.
(pdftex.def)             Requested size: 468.44458pt x 61.98082pt.

<images/1268_63.png, id=1134, 711.65875pt x 263.98625pt>
File: images/1268_63.png Graphic file (type png)

<use images/1268_63.png>
Package pdftex.def Info: images/1268_63.png used on input line 425.
(pdftex.def)             Requested size: 462.57271pt x 171.58902pt.
 <images/1268_63s.png, id=1135, 722.7pt x 141.52875pt>
File: images/1268_63s.png Graphic file (type png)

<use images/1268_63s.png>
Package pdftex.def Info: images/1268_63s.png used on input line 427.
(pdftex.def)             Requested size: 469.74944pt x 91.99258pt.
) [36 <./images/1268_60.png> <./images/1268_60s.png> <./images/1268_63.png> <./
images/1268_63s.png>]
(./Topics/Probability/Probability.tex [37] [38] [39] [40] [41] [42] [43]
[44] [45] [46]
Overfull \hbox (1.71036pt too wide) in paragraph at lines 755--756
[]\OT1/cmr/bx/n/10 Hypergeometric\OT1/cmr/m/n/10 : $[](\OML/cmm/m/it/10 N; M; K
\OT1/cmr/m/n/10 )$: When draw-ing a sam-ple of size $\OML/cmm/m/it/10 K$ \OT1/c
mr/m/n/10 from a group of $\OML/cmm/m/it/10 N$ \OT1/cmr/m/n/10 items, 
 []

<images/prob_hypergeometric.jpg, id=1273, 3738.96875pt x 2052.66875pt>
File: images/prob_hypergeometric.jpg Graphic file (type jpg)

<use images/prob_hypergeometric.jpg>
Package pdftex.def Info: images/prob_hypergeometric.jpg used on input line 789.

(pdftex.def)             Requested size: 373.91878pt x 205.2789pt.
 [47] [48 <./images/prob_hypergeometric.jpg>]
Overfull \hbox (6.6549pt too wide) in paragraph at lines 873--874
[][]\OT1/cmr/bx/n/10 Theorem 6.31. []\OT1/cmr/m/n/10 (The-o-rem 4.12.9, p. 129 
of Grim-mett and Stirza-ker.) Let $\OML/cmm/m/it/10 A[]$ \OT1/cmr/m/n/10 be an 
event. If $\OML/cmm/m/it/10 X \OT1/cmr/m/n/10 = [][] [][]$ 
 []


Overfull \hbox (1.9749pt too wide) in paragraph at lines 879--880
[]\OT1/cmr/m/n/10 More specif-i-cally, let $\OML/cmm/m/it/10 B[]$ \OT1/cmr/m/n/
10 be $\OML/cmm/m/it/10 n$ \OT1/cmr/m/n/10 in-de-pen-dent Bernoulli ran-dom var
i-ables with prob-a-bil-i-ties $\OML/cmm/m/it/10 p[]$\OT1/cmr/m/n/10 . If $\OML
/cmm/m/it/10 Y \OT1/cmr/m/n/10 = [][] \OML/cmm/m/it/10 B[]$ 
 []

[49] [50]
Overfull \hbox (0.71082pt too wide) in paragraph at lines 1124--1125
[]\OT1/cmr/bx/n/10 Spring 2013 Prob-lem 1, in notes from 09/21. \OT1/cmr/m/n/10
 Let $\OML/cmm/m/it/10 X$ \OT1/cmr/m/n/10 and $\OML/cmm/m/it/10 Y$ \OT1/cmr/m/n
/10 be ran-dom vari-ables such that $\U/msb/m/n/10 E\OT1/cmr/m/n/10 (\OML/cmm/m
/it/10 X \OMS/cmsy/m/n/10 j 
 []

[51] [52] [53]
Overfull \hbox (2.15047pt too wide) in paragraph at lines 1295--1296
[]\OT1/cmr/bx/n/10 Solution. \OT1/cmr/m/n/10 ($ =[]\OMS/cmsy/m/n/10 ) $\OT1/cmr
/m/n/10 ) Sup-pose $\OML/cmm/m/it/10 A$ \OT1/cmr/m/n/10 and $\OML/cmm/m/it/10 B
$ \OT1/cmr/m/n/10 are in-de-pen-dent. Then $\OML/cmm/m/it/10 ^^X$ \OT1/cmr/m/n/
10 and $\OML/cmm/m/it/10 ^^Q$ \OT1/cmr/m/n/10 are un-cor-re-lated if and only i
f $\U/msb/m/n/10 E\OT1/cmr/m/n/10 (\OML/cmm/m/it/10 ^^X^^Q\OT1/cmr/m/n/10 ) = 
 []

[54] [55] [56] [57]
<images/prob_sp18p2.png, id=1366, 745.78625pt x 298.11375pt>
File: images/prob_sp18p2.png Graphic file (type png)

<use images/prob_sp18p2.png>
Package pdftex.def Info: images/prob_sp18p2.png used on input line 1604.
(pdftex.def)             Requested size: 447.4752pt x 178.86963pt.
 [58] [59 <./images/prob_sp18p2.png>] [60] [61]
[62] [63] [64] [65] [66] [67] [68] [69]
Overfull \hbox (7.1903pt too wide) in paragraph at lines 2333--2334
[]\OT1/cmr/m/n/10 Clearly all out-comes that sat-isfy part (I)(a) also sat-isfy
 these con-di-tions, so we start with $[]7! = 
 []

[70]
Overfull \hbox (2.49577pt too wide) in paragraph at lines 2444--2445
\OT1/cmr/m/n/10 tions where four or more chil-dren don't re-ceive gifts, and we
 don't want to double-count). There- 
 []

[71] [72] [73]
Overfull \hbox (7.30214pt too wide) detected at line 2573
\OT1/cmr/m/n/10 = [][] \OMS/cmsy/m/n/10 ^^A \OT1/cmr/m/n/10 (7 \OMS/cmsy/m/n/10
 ^^@ \OT1/cmr/m/n/10 1)[] \OMS/cmsy/m/n/10 ^^@ [][] ^^A \OT1/cmr/m/n/10 2! \OMS
/cmsy/m/n/10 ^^A \OT1/cmr/m/n/10 (7 \OMS/cmsy/m/n/10 ^^@ \OT1/cmr/m/n/10 2)[] +
 [][] \OMS/cmsy/m/n/10 ^^A \OT1/cmr/m/n/10 3! \OMS/cmsy/m/n/10 ^^A \OT1/cmr/m/n
/10 (7 \OMS/cmsy/m/n/10 ^^@ \OT1/cmr/m/n/10 3)[] \OMS/cmsy/m/n/10 ^^@ [][] ^^A 
\OT1/cmr/m/n/10 4! \OMS/cmsy/m/n/10 ^^A \OT1/cmr/m/n/10 (7 \OMS/cmsy/m/n/10 ^^@
 \OT1/cmr/m/n/10 4)[]
 []


Overfull \hbox (7.17657pt too wide) in paragraph at lines 2639--2640
[]\OT1/cmr/m/n/10 By Propo-si-tion [][]6.12[][], the num-ber of pos-si-ble al-l
o-ca-tions un-der these con-di-tions, is $[] = 
 []

[74] [75] [76] [77] [78]
Overfull \hbox (5.45537pt too wide) in paragraph at lines 2929--2929
[][]\OT1/cmr/bx/n/10 Theorem 6.35. []\OT1/cmr/m/n/10 The ran-dom vari-ables $\O
ML/cmm/m/it/10 X$ \OT1/cmr/m/n/10 and $\OML/cmm/m/it/10 Y$ \OT1/cmr/m/n/10 are 
in-de-pen-dent if and only if $\OML/cmm/m/it/10 F\OT1/cmr/m/n/10 (\OML/cmm/m/it
/10 x; y\OT1/cmr/m/n/10 ) = \OML/cmm/m/it/10 F[]\OT1/cmr/m/n/10 (\OML/cmm/m/it/
10 x\OT1/cmr/m/n/10 )\OML/cmm/m/it/10 F[]\OT1/cmr/m/n/10 (\OML/cmm/m/it/10 x\OT
1/cmr/m/n/10 )$ 
 []

[79] [80] [81] [82] [83] [84] [85] [86] [87]
<images/prob_505a_midterm_1a.jpg, id=1634, 3319.40125pt x 2147.02126pt>
File: images/prob_505a_midterm_1a.jpg Graphic file (type jpg)

<use images/prob_505a_midterm_1a.jpg>
Package pdftex.def Info: images/prob_505a_midterm_1a.jpg used on input line 361
2.
(pdftex.def)             Requested size: 375.80542pt x 243.05284pt.
 [88 <./images/prob_505a_midterm_1a.jpg>]
Overfull \hbox (27.35664pt too wide) detected at line 3632
[]\OT1/cmr/m/n/10 (\OML/cmm/m/it/10 Y \OMS/cmsy/m/n/10 ^^T \OML/cmm/m/it/10 tX[
] \OMS/cmsy/m/n/10 j \OT1/cmr/m/n/10 1 \OMS/cmsy/m/n/10 ^^T \OML/cmm/m/it/10 t 
< \OT1/cmr/m/n/10 5) = [][]1 \OMS/cmsy/m/n/10 ^^A \OT1/cmr/m/n/10 (\OML/cmm/m/i
t/10 t \OMS/cmsy/m/n/10 ^^@ \OT1/cmr/m/n/10 1) + [][] []\OML/cmm/m/it/10 dx[] \
OT1/cmr/m/n/10 = [][]\OML/cmm/m/it/10 t \OMS/cmsy/m/n/10 ^^@ \OT1/cmr/m/n/10 1 
+ \OML/cmm/m/it/10 t[] []\OT1/cmr/m/n/10 (\OML/cmm/m/it/10 x\OT1/cmr/m/n/10 )[]
[][] = []
 []


Overfull \hbox (17.01724pt too wide) in paragraph at lines 3634--3635
[]$\OML/cmm/m/it/10 t \OMS/cmsy/m/n/10 ^^U \OT1/cmr/m/n/10 5$: In this case, th
e en-tire rect-an-gle lies be-low the curve. There-fore $[]$.  
 []

<images/prob_505a_midterm_1b.jpg, id=1646, 3405.72375pt x 1728.4575pt>
File: images/prob_505a_midterm_1b.jpg Graphic file (type jpg)

<use images/prob_505a_midterm_1b.jpg>
Package pdftex.def Info: images/prob_505a_midterm_1b.jpg used on input line 368
3.
(pdftex.def)             Requested size: 375.80542pt x 190.71114pt.
 [89] [90 <./images/prob_505a_midterm_1b.jpg>]
Overfull \hbox (24.50954pt too wide) in paragraph at lines 3753--3755
\OT1/cmr/m/n/10 which is the cdf for an ex-po-nen-tial dis-tri-bu-tion with mea
n 1. There-fore $\OML/cmm/m/it/10 Y \OT1/cmr/m/n/10 = \OMS/cmsy/m/n/10 ^^@ []\O
T1/cmr/m/n/10 (\OML/cmm/m/it/10 X\OT1/cmr/m/n/10 ) \OMS/cmsy/m/n/10 ^^X []\OT1/
cmr/m/n/10 (1)$, 
 []

<images/prob_midterm2_p5.jpg, id=1664, 2661.945pt x 2477.255pt>
File: images/prob_midterm2_p5.jpg Graphic file (type jpg)

<use images/prob_midterm2_p5.jpg>
Package pdftex.def Info: images/prob_midterm2_p5.jpg used on input line 3787.
(pdftex.def)             Requested size: 328.82706pt x 305.98953pt.
 [91] [92 <./images/prob_midterm2_p5.jpg>]
[93]
Overfull \hbox (14.99474pt too wide) detected at line 3922
\OML/cmm/m/it/10 M[]\OT1/cmr/m/n/10 (\OML/cmm/m/it/10 t\OT1/cmr/m/n/10 ) = \U/m
sb/m/n/10 E\OT1/cmr/m/n/10 (\OML/cmm/m/it/10 e[]\OT1/cmr/m/n/10 ) = \U/msb/m/n/
10 E\OT1/cmr/m/n/10 [\U/msb/m/n/10 E\OT1/cmr/m/n/10 (\OML/cmm/m/it/10 e[] \OMS/
cmsy/m/n/10 j \OML/cmm/m/it/10 N\OT1/cmr/m/n/10 )] = [] \U/msb/m/n/10 E\OT1/cmr
/m/n/10 (\OML/cmm/m/it/10 e[] \OMS/cmsy/m/n/10 j \OML/cmm/m/it/10 N \OT1/cmr/m/
n/10 = \OML/cmm/m/it/10 n\OT1/cmr/m/n/10 ) [](\OML/cmm/m/it/10 N \OT1/cmr/m/n/1
0 = \OML/cmm/m/it/10 n\OT1/cmr/m/n/10 ) = [] \U/msb/m/n/10 E\OT1/cmr/m/n/10 (\O
ML/cmm/m/it/10 e[] \OMS/cmsy/m/n/10 j \OML/cmm/m/it/10 N \OT1/cmr/m/n/10 = \OML
/cmm/m/it/10 n\OT1/cmr/m/n/10 ) [](\OML/cmm/m/it/10 N \OT1/cmr/m/n/10 = \OML/cm
m/m/it/10 n\OT1/cmr/m/n/10 )
 []

[94]
Overfull \hbox (22.56882pt too wide) detected at line 3990
\OML/cmm/m/it/10 ^^^[]\OT1/cmr/m/n/10 (\OML/cmm/m/it/10 t\OT1/cmr/m/n/10 ) = \U
/msb/m/n/10 E\OT1/cmr/m/n/10 (\OML/cmm/m/it/10 e[]\OT1/cmr/m/n/10 ) = \U/msb/m/
n/10 E\OT1/cmr/m/n/10 [\U/msb/m/n/10 E\OT1/cmr/m/n/10 (\OML/cmm/m/it/10 e[] \OM
S/cmsy/m/n/10 j \OML/cmm/m/it/10 N\OT1/cmr/m/n/10 )] = [] \U/msb/m/n/10 E\OT1/c
mr/m/n/10 (\OML/cmm/m/it/10 e[] \OMS/cmsy/m/n/10 j \OML/cmm/m/it/10 N \OT1/cmr/
m/n/10 = \OML/cmm/m/it/10 n\OT1/cmr/m/n/10 ) [](\OML/cmm/m/it/10 N \OT1/cmr/m/n
/10 = \OML/cmm/m/it/10 n\OT1/cmr/m/n/10 ) = [] \U/msb/m/n/10 E\OT1/cmr/m/n/10 (
\OML/cmm/m/it/10 e[] \OMS/cmsy/m/n/10 j \OML/cmm/m/it/10 N \OT1/cmr/m/n/10 = \O
ML/cmm/m/it/10 n\OT1/cmr/m/n/10 ) [](\OML/cmm/m/it/10 N \OT1/cmr/m/n/10 = \OML/
cmm/m/it/10 n\OT1/cmr/m/n/10 )
 []

[95] [96] <images/prob_hw6p10a.png, id=1707, 815.045pt x 692.5875pt>
File: images/prob_hw6p10a.png Graphic file (type png)

<use images/prob_hw6p10a.png>
Package pdftex.def Info: images/prob_hw6p10a.png used on input line 4142.
(pdftex.def)             Requested size: 326.01222pt x 277.03009pt.
 [97] [98 <./images/prob_hw6p10a.png>]) [99]
(./Topics/Stochastic_Processes/Stochastic_Processes.tex [100] [101]) [102]
(./Topics/Asymptotics/Asymptotics.tex [103]
Overfull \hbox (1.26411pt too wide) in paragraph at lines 228--229
\OT1/cmr/m/n/10 dis-tri-bu-tion func-tions \OT1/cmr/bx/n/10 con-verges \OT1/cmr
/m/n/10 to the dis-tri-bu-tion func-tion $\OML/cmm/m/it/10 F$ \OT1/cmr/m/n/10 (
writ-ten $\OML/cmm/m/it/10 F[] \OMS/cmsy/m/n/10 ! \OML/cmm/m/it/10 F$\OT1/cmr/m
/n/10 ) if $\OML/cmm/m/it/10 F\OT1/cmr/m/n/10 (\OML/cmm/m/it/10 x\OT1/cmr/m/n/1
0 ) = [][] \OML/cmm/m/it/10 F[]\OT1/cmr/m/n/10 (\OML/cmm/m/it/10 x\OT1/cmr/m/n/
10 )$ 
 []

[104]
Overfull \hbox (4.63089pt too wide) in paragraph at lines 295--296
[]\OT1/cmr/m/n/10 (Can be used to demon-strate con-sis-tency of es-ti-ma-tors: 
if we can show that as $\OML/cmm/m/it/10 T \OMS/cmsy/m/n/10 ! 1$ $[]\OT1/cmr/m/
n/10 (\OML/cmm/m/it/10 X\OT1/cmr/m/n/10 ) = 
 []

[105] [106] [107]
Overfull \hbox (3.24895pt too wide) in paragraph at lines 516--517
[]\OT1/cmr/m/n/10 The above con-cept is read-ily ex-tended to mul-ti-vari-ate c
ases where $\OMS/cmsy/m/n/10 f[][]\OML/cmm/m/it/10 ; n \OT1/cmr/m/n/10 = 1\OML/
cmm/m/it/10 ; \OT1/cmr/m/n/10 2\OML/cmm/m/it/10 ; []\OMS/cmsy/m/n/10 g$ \OT1/cm
r/m/n/10 de-note $\OML/cmm/m/it/10 m$\OT1/cmr/m/n/10 -dimensional 
 []

[108]
Overfull \hbox (13.22461pt too wide) in paragraph at lines 575--576
[][]\OT1/cmr/bx/n/10 Definition 8.10. []Con-ver-gence in Dis-tri-bu-tion. \OT1/
cmr/m/n/10 Let $\OML/cmm/m/it/10 X[]; X[]; []$ \OT1/cmr/m/n/10 have dis-tri-bu-
tion func-tions $\OML/cmm/m/it/10 F[]\OT1/cmr/m/n/10 (\OMS/cmsy/m/n/10 ^^A\OT1/
cmr/m/n/10 )\OML/cmm/m/it/10 ; F[]\OT1/cmr/m/n/10 (\OMS/cmsy/m/n/10 ^^A\OT1/cmr
/m/n/10 )\OML/cmm/m/it/10 ; []$ 
 []

[109] [110] [111] [112]
Overfull \hbox (24.94687pt too wide) in paragraph at lines 803--804
\OT1/cmr/m/n/10 an in-fi-nite se-quence of events from some prob-a-bil-ity spac
e $(
\OML/cmm/m/it/10 ; \OMS/cmsy/m/n/10 F\OML/cmm/m/it/10 ; \U/msb/m/n/10 P\OT1/cmr
/m/n/10 )$. Let $\OML/cmm/m/it/10 A \OT1/cmr/m/n/10 = [][] [][] \OML/cmm/m/it/1
0 A[]  \OT1/cmr/m/n/10 = [][] \OML/cmm/m/it/10 A[] \OT1/cmr/m/n/10 = 
 []

[113]
Overfull \hbox (1.15886pt too wide) in paragraph at lines 855--855
[]\OT1/cmr/m/n/10 Available on wikipedia, [][]$\OT1/cmtt/m/n/10 https : / / en 
. wikipedia . org / wiki / Kolmogorov % 27s _ two-[]series _ theorem$[][]\OT1/c
mr/m/n/10 . 
 []

[114]

Package hyperref Warning: Token not allowed in a PDF string (PDFDocEncoding):
(hyperref)                removing `math shift' on input line 901.


Package hyperref Warning: Token not allowed in a PDF string (PDFDocEncoding):
(hyperref)                removing `subscript' on input line 901.


Package hyperref Warning: Token not allowed in a PDF string (PDFDocEncoding):
(hyperref)                removing `\cdot' on input line 901.


Package hyperref Warning: Token not allowed in a PDF string (PDFDocEncoding):
(hyperref)                removing `math shift' on input line 901.


Package hyperref Warning: Token not allowed in a PDF string (PDFDocEncoding):
(hyperref)                removing `subscript' on input line 901.


Package hyperref Warning: Token not allowed in a PDF string (PDFDocEncoding):
(hyperref)                removing `\cdot' on input line 901.

[115]
Overfull \hbox (24.99667pt too wide) in paragraph at lines 963--964
[]\OT1/cmr/m/n/10 Then $[][] \OMS/cmsy/m/n/10 ^^@ [][] [] \OT1/cmr/m/n/10 0$. I
f the in-de-pen-dence as-sump-tion (i) is re-placed by a lack of cor-re-la-tion
 (i.e. $[](\OML/cmm/m/it/10 X[]; X[]\OT1/cmr/m/n/10 ) = 
 []


Overfull \hbox (14.48894pt too wide) in paragraph at lines 970--971
[][]\OT1/cmr/bx/n/10 Theorem 8.35. []Strong Law of Large Num-bers 2 (Pe-saran 8
.8 The-o-rem 13) \OT1/cmr/m/n/10 Sup-pose that $\OML/cmm/m/it/10 X[]; X[]; []$ 

 []


Overfull \hbox (8.97899pt too wide) in paragraph at lines 978--979
[][]\OT1/cmr/bx/n/10 Theorem 8.36. []Cen-tral Limit The-o-rem (Grim-mett and St
irza-ker the-o-rem 5.10.4.) \OT1/cmr/m/n/10 Let $\OML/cmm/m/it/10 X[]; X[]; []$
 
 []

[116] [117] [118] [119] [120]
Overfull \hbox (13.29747pt too wide) in paragraph at lines 1279--1280
[]\OT1/cmr/bx/n/10 Convergence with prob-a-bil-ity one: \OT1/cmr/m/n/10 We seek
 to show that $[] []\OMS/cmsy/m/n/10 f\OML/cmm/m/it/10 ! \OMS/cmsy/m/n/10 2 \OT
1/cmr/m/n/10 
 : [][] \OML/cmm/m/it/10 X[]\OT1/cmr/m/n/10 (\OML/cmm/m/it/10 !\OT1/cmr/m/n/10 
) = 
 []

[121]) [122] (./Topics/LinReg/LinReg.tex [123] [124] [125] [126] [127] [128])
[129] (./Topics/Time_Series/Time_Series.tex
Overfull \hbox (25.00882pt too wide) in paragraph at lines 164--165
\OT1/cmr/bx/n/10 Stationarity con-di-tions: $\OMS/cmsy/m/n/10 f\OML/cmm/m/it/10
 X[]\OMS/cmsy/m/n/10 g$ \OT1/cmr/m/n/10 is \OT1/cmr/bx/n/10 strictly sta-tion-a
ry \OT1/cmr/m/n/10 if the joint dis-tri-bu-tion func-tions of $\OMS/cmsy/m/n/10
 f\OML/cmm/m/it/10 X[]; X[]; [] ; X[]\OMS/cmsy/m/n/10 g$ 
 []

[130] [131] [132] [133]

Package hyperref Warning: Token not allowed in a PDF string (PDFDocEncoding):
(hyperref)                removing `math shift' on input line 468.


Package hyperref Warning: Token not allowed in a PDF string (PDFDocEncoding):
(hyperref)                removing `\infty' on input line 468.


Overfull \hbox (23.09566pt too wide) detected at line 525
[]
 []

[134]

Package hyperref Warning: Token not allowed in a PDF string (PDFDocEncoding):
(hyperref)                removing `math shift' on input line 584.

[135] [136]
Overfull \hbox (3.42577pt too wide) in paragraph at lines 721--722
\OT1/cmr/m/n/10 By Cheby-shev's In-equal-ity (see sec-tion [][]8.2[][]), $[][]$
 is a con-sis-tent es-ti-ma-tor of $\OML/cmm/m/it/10 ^^V$ \OT1/cmr/m/n/10 as $\
OML/cmm/m/it/10 T \OMS/cmsy/m/n/10 ! 1$ \OT1/cmr/m/n/10 if $[][] \U/msb/m/n/10 
E\OT1/cmr/m/n/10 ([][]) = 
 []

[137] [138] [139] [140]
Overfull \hbox (9.25098pt too wide) detected at line 979
\OT1/cmr/m/n/10 = [][] [] \OML/cmm/m/it/10 u[]y[] \OT1/cmr/m/n/10 + \OML/cmm/m/
it/10 u[]y[][] \OT1/cmr/m/n/10 + [][]\OML/cmm/m/it/10 ^^Ru[]y[] \OT1/cmr/m/n/10
 + [] \OML/cmm/m/it/10 ^^Ru[]y[][] \OT1/cmr/m/n/10 = [][] [] \OML/cmm/m/it/10 u
[]\OT1/cmr/m/n/10 (\OML/cmm/m/it/10 y[] \OT1/cmr/m/n/10 + \OML/cmm/m/it/10 ^^Ry
[]\OT1/cmr/m/n/10 ) + \OML/cmm/m/it/10 ^^Ru[]y[] \OT1/cmr/m/n/10 + \OML/cmm/m/i
t/10 u[]y[][]
 []


Overfull \hbox (31.24446pt too wide) in paragraph at lines 983--998
[]  
 []

[141] [142] [143] [144] [145] [146] [147] [148] [149]
Overfull \hbox (31.24446pt too wide) in paragraph at lines 1574--1589
[]  
 []

[150] [151]
Overfull \hbox (31.24446pt too wide) in paragraph at lines 1696--1719
[]  
 []


Overfull \hbox (31.24446pt too wide) in paragraph at lines 1720--1728
[]  
 []

[152] [153]
Overfull \hbox (11.45415pt too wide) detected at line 1860
 \OT1/cmr/m/n/10 =[]\OMS/cmsy/m/n/10 )  \U/msb/m/n/10 E\OT1/cmr/m/n/10 (\OML/cm
m/m/it/10 y[] \OMS/cmsy/m/n/10 j \OML/cmm/m/it/10 y[]; y[]; [] ; y[]\OT1/cmr/m/
n/10 ) = \OML/cmm/m/it/10 ^^^[]y[] \OT1/cmr/m/n/10 + \U/msb/m/n/10 E\OT1/cmr/m/
n/10 (\OML/cmm/m/it/10 u[] \OMS/cmsy/m/n/10 j \OML/cmm/m/it/10 y[]; [] ; y[]\OT
1/cmr/m/n/10 ) + \OML/cmm/m/it/10 ^^^\U/msb/m/n/10 E\OT1/cmr/m/n/10 (\OML/cmm/m
/it/10 u[] \OMS/cmsy/m/n/10 j \OML/cmm/m/it/10 y[]; [] ; y[]\OT1/cmr/m/n/10 )
 []

[154] [155]
Overfull \hbox (7.02122pt too wide) in paragraph at lines 1988--1989
\OT1/cmr/m/n/10 Risk-Met-rics ex-po-nen-tially weighted for-mu-la-tion of $\OML
/cmm/m/it/10 h[]$ \OT1/cmr/m/n/10 for large $\OML/cmm/m/it/10 H$ \OT1/cmr/m/n/1
0 is a spe-cial case of the IGARCH(1,1) 
 []

[156] [157] [158] [159] [160] [161] [162] [163] [164] [165] [166] [167]
[168] [169]) [170] (./Topics/Convex_Optimization/Convex_Optimization.tex
[171] [172]
Overfull \hbox (12.50812pt too wide) in paragraph at lines 334--335
[]\OT1/cmr/m/n/10 if it is strictly fea-si-ble, i.e., there ex-ists at least on
e $\OML/cmm/m/it/10 x$ \OT1/cmr/m/n/10 in the do-main of $\OML/cmm/m/it/10 f[]$
 \OT1/cmr/m/n/10 such that $\OML/cmm/m/it/10 f[]\OT1/cmr/m/n/10 (\OML/cmm/m/it/
10 x\OT1/cmr/m/n/10 ) \OML/cmm/m/it/10 < \OT1/cmr/m/n/10 0\OML/cmm/m/it/10 ;  i
 \OT1/cmr/m/n/10 = 1\OML/cmm/m/it/10 ; \OT1/cmr/m/n/10 2\OML/cmm/m/it/10 ; [] ;
 m$\OT1/cmr/m/n/10 , 
 []

[173] [174] [175] [176] [177]) [178] (./Topics/Abstract_Algebra.tex
Overfull \hbox (1.15063pt too wide) in paragraph at lines 6--7
\OT1/cmr/m/n/10 These are my notes from read-ing \OT1/cmr/m/it/10 El-e-men-tary
 Ab-stract Al-ge-bra \OT1/cmr/m/n/10 by W. Ed-win Clark, avail-able for free do
wn- 
 []

<images/binary_operation.png, id=2485, 529.98pt x 357.335pt>
File: images/binary_operation.png Graphic file (type png)

<use images/binary_operation.png>
Package pdftex.def Info: images/binary_operation.png used on input line 11.
(pdftex.def)             Requested size: 344.4829pt x 232.26498pt.

<images/1268_15.png, id=2486, 748.7975pt x 222.8325pt>
File: images/1268_15.png Graphic file (type png)

<use images/1268_15.png>
Package pdftex.def Info: images/1268_15.png used on input line 39.
(pdftex.def)             Requested size: 486.7126pt x 144.8394pt.

Overfull \hbox (16.95761pt too wide) in paragraph at lines 39--40
[][]  
 []

[179 <./images/binary_operation.png>]
<images/1268_15s.png, id=2492, 722.7pt x 73.27374pt>
File: images/1268_15s.png Graphic file (type png)
 <use images/1268_15s.png>
Package pdftex.def Info: images/1268_15s.png used on input line 41.
(pdftex.def)             Requested size: 469.74944pt x 47.62735pt.

<images/binary_operation2.png, id=2493, 915.42pt x 854.19125pt>
File: images/binary_operation2.png Graphic file (type png)

<use images/binary_operation2.png>
Package pdftex.def Info: images/binary_operation2.png used on input line 45.
(pdftex.def)             Requested size: 411.9352pt x 384.38252pt.
 [180 <./images/1268_15.png> <./images/1268_15s.png> <./images/binary_operation
2.png>] [181]
<images/group_properties.png, id=2506, 914.41624pt x 694.595pt>
File: images/group_properties.png Graphic file (type png)

<use images/group_properties.png>
Package pdftex.def Info: images/group_properties.png used on input line 98.
(pdftex.def)             Requested size: 411.4835pt x 312.56487pt.
 [182 <./images/group_properties.png>]
<images/cycle.png, id=2515, 904.37875pt x 575.14874pt>
File: images/cycle.png Graphic file (type png)
 <use images/cycle.png>
Package pdftex.def Info: images/cycle.png used on input line 134.
(pdftex.def)             Requested size: 406.96669pt x 258.81454pt.

[183]
Overfull \hbox (15.97241pt too wide) in paragraph at lines 136--137
[]\OT1/cmr/m/n/10 Two cy-cles $(\OML/cmm/m/it/10 i[] i[]  []  i[]\OT1/cmr/m/n/1
0 )$ and $(\OML/cmm/m/it/10 j[] j[]  []  j[]\OT1/cmr/m/n/10 )$ are said to be \
OT1/cmr/bx/n/10 dis-joint \OT1/cmr/m/n/10 if the sets $\OMS/cmsy/m/n/10 f\OML/c
mm/m/it/10 i[]; i[]; [] ; i[]\OMS/cmsy/m/n/10 g$ \OT1/cmr/m/n/10 and $\OMS/cmsy
/m/n/10 f\OML/cmm/m/it/10 j[]; j[]; [] ; j[]\OMS/cmsy/m/n/10 g$ 
 []

<images/disjoint_cycle_decomp.png, id=2520, 902.37125pt x 298.11375pt>
File: images/disjoint_cycle_decomp.png Graphic file (type png)

<use images/disjoint_cycle_decomp.png>
Package pdftex.def Info: images/disjoint_cycle_decomp.png used on input line 14
2.
(pdftex.def)             Requested size: 406.06331pt x 134.14995pt.
 [184 <./images/cycle.png> <./images/disjoint_cycle_decomp.png>]
<images/determinant.png, id=2527, 907.39pt x 325.215pt>
File: images/determinant.png Graphic file (type png)

<use images/determinant.png>
Package pdftex.def Info: images/determinant.png used on input line 161.
(pdftex.def)             Requested size: 408.32173pt x 146.3454pt.
 [185 <./images/determinant.png>] [186]
<images/ch4_proof.png, id=2540, 1037.8775pt x 696.6025pt>
File: images/ch4_proof.png Graphic file (type png)

<use images/ch4_proof.png>
Package pdftex.def Info: images/ch4_proof.png used on input line 230.
(pdftex.def)             Requested size: 415.14365pt x 278.63606pt.

<images/1268_49.png, id=2541, 581.17125pt x 67.25125pt>
File: images/1268_49.png Graphic file (type png)

<use images/1268_49.png>
Package pdftex.def Info: images/1268_49.png used on input line 234.
(pdftex.def)             Requested size: 377.75684pt x 43.71277pt.
 <images/1268_49s.png, id=2542, 718.685pt x 50.1875pt>
File: images/1268_49s.png Graphic file (type png)

<use images/1268_49s.png>
Package pdftex.def Info: images/1268_49s.png used on input line 236.
(pdftex.def)             Requested size: 467.13971pt x 32.62148pt.
 [187 <./images/ch4_proof.png> <./images/1268_49.png> <./images/1268_49s.png>]

Package hyperref Warning: Token not allowed in a PDF string (PDFDocEncoding):
(hyperref)                removing `math shift' on input line 240.


Package hyperref Warning: Token not allowed in a PDF string (PDFDocEncoding):
(hyperref)                removing `subscript' on input line 240.

[188]
Overfull \hbox (13.91089pt too wide) in paragraph at lines 332--333
[]\OT1/cmr/bx/n/10 Theorem. \OT1/cmr/m/n/10 Let $(\OML/cmm/m/it/10 G; \OMS/cmsy
/m/n/10 ^^C\OT1/cmr/m/n/10 )$ and $(\OML/cmm/m/it/10 H; \OMS/cmsy/m/n/10 ^^O\OT
1/cmr/m/n/10 )$ be groups and let $\OML/cmm/m/it/10 f \OT1/cmr/m/n/10 : \OML/cm
m/m/it/10 G \OMS/cmsy/m/n/10 ! \OML/cmm/m/it/10 H$ \OT1/cmr/m/n/10 be an iso-mo
r-phism. Then $[](\OML/cmm/m/it/10 a\OT1/cmr/m/n/10 ) = [](\OML/cmm/m/it/10 f\O
T1/cmr/m/n/10 (\OML/cmm/m/it/10 a\OT1/cmr/m/n/10 )) \OMS/cmsy/m/n/10 8 \OML/cmm
/m/it/10 a \OMS/cmsy/m/n/10 2 
 []

[189] <images/1268_66.png, id=2566, 752.8125pt x 179.67125pt>
File: images/1268_66.png Graphic file (type png)

<use images/1268_66.png>
Package pdftex.def Info: images/1268_66.png used on input line 360.
(pdftex.def)             Requested size: 489.32233pt x 116.78491pt.

Overfull \hbox (19.56734pt too wide) in paragraph at lines 360--361
[][]  
 []

<images/1268_66s.png, id=2567, 723.70375pt x 152.57pt>
File: images/1268_66s.png Graphic file (type png)

<use images/1268_66s.png>
Package pdftex.def Info: images/1268_66s.png used on input line 362.
(pdftex.def)             Requested size: 470.40186pt x 99.16931pt.

Overfull \hbox (0.64687pt too wide) in paragraph at lines 362--363
[][]  
 []

[190 <./images/1268_66.png> <./images/1268_66s.png>]
<images/prime_order.png, id=2576, 1051.93pt x 161.60374pt>
File: images/prime_order.png Graphic file (type png)

<use images/prime_order.png>
Package pdftex.def Info: images/prime_order.png used on input line 392.
(pdftex.def)             Requested size: 473.36412pt x 72.72101pt.

Overfull \hbox (3.60913pt too wide) in paragraph at lines 392--393
[][]  
 []


Overfull \hbox (2.00537pt too wide) in paragraph at lines 394--395
[]\OT1/cmr/m/n/10 We say that there are $\OML/cmm/m/it/10 k$ \OT1/cmr/bx/n/10 i
so-mor-phism classes of groups of or-der $\OML/cmm/m/it/10 n$ \OT1/cmr/m/n/10 i
f there are $\OML/cmm/m/it/10 k$ \OT1/cmr/m/n/10 groups $\OML/cmm/m/it/10 G[]; 
G[]; [] ; G[]$ 
 []

<images/1268_12.png, id=2577, 714.67pt x 182.6825pt>
File: images/1268_12.png Graphic file (type png)
 <use images/1268_12.png>
Package pdftex.def Info: images/1268_12.png used on input line 406.
(pdftex.def)             Requested size: 464.52998pt x 118.7422pt.

<images/1268_12s.png, id=2578, 727.71875pt x 74.2775pt>
File: images/1268_12s.png Graphic file (type png)

<use images/1268_12s.png>
Package pdftex.def Info: images/1268_12s.png used on input line 408.
(pdftex.def)             Requested size: 473.01158pt x 48.27979pt.

Overfull \hbox (3.25659pt too wide) in paragraph at lines 408--409
[][]  
 []

<images/isomorphism_groups_order.png, id=2579, 1041.8925pt x 351.3125pt>
File: images/isomorphism_groups_order.png Graphic file (type png)

<use images/isomorphism_groups_order.png>
Package pdftex.def Info: images/isomorphism_groups_order.png used on input line
 410.
(pdftex.def)             Requested size: 468.8473pt x 158.08916pt.
 [191 <./images/prime_order.png> <./images/1268_12.png> <./images/1268_12s.png>
]
<images/isomorphism_groups_order2.png, id=2592, 911.405pt x 483.8075pt>
File: images/isomorphism_groups_order2.png Graphic file (type png)

<use images/isomorphism_groups_order2.png>
Package pdftex.def Info: images/isomorphism_groups_order2.png used on input lin
e 428.
(pdftex.def)             Requested size: 410.12846pt x 217.71136pt.
 [192 <./images/isomorphism_groups_order.png> <./images/isomorphism_groups_orde
r2.png>]
<images/ring_summary.png, id=2599, 911.405pt x 842.14626pt>
File: images/ring_summary.png Graphic file (type png)

<use images/ring_summary.png>
Package pdftex.def Info: images/ring_summary.png used on input line 438.
(pdftex.def)             Requested size: 410.12846pt x 378.96231pt.

<images/1268_23.png, id=2600, 776.9025pt x 212.795pt>
File: images/1268_23.png Graphic file (type png)
 <use images/1268_23.png>
Package pdftex.def Info: images/1268_23.png used on input line 440.
(pdftex.def)             Requested size: 504.98064pt x 138.3151pt.

Overfull \hbox (35.22565pt too wide) in paragraph at lines 440--441
[][]  
 []

<images/1268_23s.png, id=2601, 722.7pt x 170.6375pt>
File: images/1268_23s.png Graphic file (type png)
 <use images/1268_23s.png>
Package pdftex.def Info: images/1268_23s.png used on input line 442.
(pdftex.def)             Requested size: 469.74944pt x 110.91304pt.

[193 <./images/ring_summary.png> <./images/1268_23.png>]
<images/1268_50.png, id=2609, 786.94pt x 148.555pt>
File: images/1268_50.png Graphic file (type png)
 <use images/1268_50.png>
Package pdftex.def Info: images/1268_50.png used on input line 444.
(pdftex.def)             Requested size: 511.50494pt x 96.55959pt.

Overfull \hbox (41.74995pt too wide) in paragraph at lines 444--445
[][]  
 []

<images/1268_50s.png, id=2610, 721.69624pt x 176.66pt>
File: images/1268_50s.png Graphic file (type png)

<use images/1268_50s.png>
Package pdftex.def Info: images/1268_50s.png used on input line 446.
(pdftex.def)             Requested size: 469.097pt x 114.82762pt.
 <images/0568_18.png, id=2611, 923.45pt x 134.5025pt>
File: images/0568_18.png Graphic file (type png)

<use images/0568_18.png>
Package pdftex.def Info: images/0568_18.png used on input line 448.
(pdftex.def)             Requested size: 461.72386pt x 67.25107pt.

<images/0568_18s.png, id=2612, 880.28876pt x 55.20625pt>
File: images/0568_18s.png Graphic file (type png)

<use images/0568_18s.png>
Package pdftex.def Info: images/0568_18s.png used on input line 450.
(pdftex.def)             Requested size: 440.1433pt x 27.60304pt.
) [194 <./images/1268_23s.png> <./images/1268_50.png> <./images/1268_50s.png> <
./images/0568_18.png> <./images/0568_18s.png>]
(./Topics/Miscellaneous.tex
<images/0568_6.png, id=2622, 946.53625pt x 298.11375pt>
File: images/0568_6.png Graphic file (type png)

<use images/0568_6.png>
Package pdftex.def Info: images/0568_6.png used on input line 4.
(pdftex.def)             Requested size: 473.26697pt x 149.0565pt.

Overfull \hbox (3.51198pt too wide) in paragraph at lines 4--5
[]  
 []

<images/0568_6s.png, id=2623, 888.31876pt x 166.6225pt>
File: images/0568_6s.png Graphic file (type png)

<use images/0568_6s.png>
Package pdftex.def Info: images/0568_6s.png used on input line 6.
(pdftex.def)             Requested size: 444.1583pt x 83.31104pt.
 <images/1268_19.png, id=2624, 640.3925pt x 84.315pt>
File: images/1268_19.png Graphic file (type png)

<use images/1268_19.png>
Package pdftex.def Info: images/1268_19.png used on input line 8.
(pdftex.def)             Requested size: 416.25018pt x 54.80408pt.
 <images/1268_19s.png, id=2625, 722.7pt x 217.81375pt>
File: images/1268_19s.png Graphic file (type png)

<use images/1268_19s.png>
Package pdftex.def Info: images/1268_19s.png used on input line 10.
(pdftex.def)             Requested size: 469.74944pt x 141.57724pt.

<images/1268_28.png, id=2626, 689.57625pt x 58.2175pt>
File: images/1268_28.png Graphic file (type png)

<use images/1268_28.png>
Package pdftex.def Info: images/1268_28.png used on input line 12.
(pdftex.def)             Requested size: 448.21924pt x 37.84091pt.
 <images/1268_28s.png, id=2627, 718.685pt x 116.435pt>
File: images/1268_28s.png Graphic file (type png)

<use images/1268_28s.png>
Package pdftex.def Info: images/1268_28s.png used on input line 14.
(pdftex.def)             Requested size: 467.13971pt x 75.68184pt.

<images/1268_28fig.png, id=2628, 263.98625pt x 118.4425pt>
File: images/1268_28fig.png Graphic file (type png)

<use images/1268_28fig.png>
Package pdftex.def Info: images/1268_28fig.png used on input line 17.
(pdftex.def)             Requested size: 171.58902pt x 76.9867pt.
 [195 <./images/0568_6.png> <./images/0568_6s.png> <./images/1268_19.png> <./im
ages/1268_19s.png> <./images/1268_28.png> <./images/1268_28s.png>] <images/1268
_38.png, id=2639, 593.21625pt x 61.22874pt>
File: images/1268_38.png Graphic file (type png)

<use images/1268_38.png>
Package pdftex.def Info: images/1268_38.png used on input line 20.
(pdftex.def)             Requested size: 385.58598pt x 39.79819pt.

<images/1268_38s.png, id=2640, 721.69624pt x 111.41624pt>
File: images/1268_38s.png Graphic file (type png)

<use images/1268_38s.png>
Package pdftex.def Info: images/1268_38s.png used on input line 22.
(pdftex.def)             Requested size: 469.097pt x 72.4197pt.

<images/1268_45.png, id=2641, 492.84125pt x 70.2625pt>
File: images/1268_45.png Graphic file (type png)

<use images/1268_45.png>
Package pdftex.def Info: images/1268_45.png used on input line 24.
(pdftex.def)             Requested size: 320.343pt x 45.67007pt.

<images/1268_45s.png, id=2642, 724.7075pt x 155.58125pt>
File: images/1268_45s.png Graphic file (type png)

<use images/1268_45s.png>
Package pdftex.def Info: images/1268_45s.png used on input line 26.
(pdftex.def)             Requested size: 471.05429pt x 101.1266pt.
)
Overfull \hbox (1.2993pt too wide) in paragraph at lines 26--207
[][] 
 []


Underfull \hbox (badness 10000) in paragraph at lines 26--207
 
 []

[196 <./images/1268_28fig.png> <./images/1268_38.png> <./images/1268_38s.png> <
./images/1268_45.png> <./images/1268_45s.png>]
Package atveryend Info: Empty hook `BeforeClearDocument' on input line 209.
Package atveryend Info: Empty hook `AfterLastShipout' on input line 209.
 (./Math Review Notes.aux)
Package atveryend Info: Executing hook `AtVeryEndDocument' on input line 209.
Package atveryend Info: Executing hook `AtEndAfterFileList' on input line 209.
Package rerunfilecheck Info: File `"Math Review Notes".out' has not changed.
(rerunfilecheck)             Checksum: AA168E100507E6710D0EA52A6EB07992;11058.


LaTeX Warning: There were multiply-defined labels.

Package atveryend Info: Empty hook `AtVeryVeryEnd' on input line 209.
 ) 
Here is how much of TeX's memory you used:
 19437 strings out of 493013
 365100 string characters out of 6133344
 425747 words of memory out of 5000000
 21567 multiletter control sequences out of 15000+600000
 15820 words of font info for 59 fonts, out of 8000000 for 9000
 1141 hyphenation exceptions out of 8191
 55i,19n,66p,1086b,690s stack positions out of 5000i,500n,10000p,200000b,80000s
pdfTeX warning (dest): name{theorem.11.2} has been referenced but does not ex
ist, replaced by a fixed one

{/usr/local/texlive/2016/texmf-dist/fonts/enc/dvips/cm-super/cm-super-ts1.enc}<
/usr/local/texlive/2016/texmf-dist/fonts/type1/public/amsfonts/cm/cmbx10.pfb></
usr/local/texlive/2016/texmf-dist/fonts/type1/public/amsfonts/cm/cmbx12.pfb></u
sr/local/texlive/2016/texmf-dist/fonts/type1/public/amsfonts/cm/cmbxti10.pfb></
usr/local/texlive/2016/texmf-dist/fonts/type1/public/amsfonts/cm/cmex10.pfb></u
sr/local/texlive/2016/texmf-dist/fonts/type1/public/amsfonts/cmextra/cmex7.pfb>
</usr/local/texlive/2016/texmf-dist/fonts/type1/public/amsfonts/cm/cmmi10.pfb><
/usr/local/texlive/2016/texmf-dist/fonts/type1/public/amsfonts/cm/cmmi12.pfb></
usr/local/texlive/2016/texmf-dist/fonts/type1/public/amsfonts/cm/cmmi5.pfb></us
r/local/texlive/2016/texmf-dist/fonts/type1/public/amsfonts/cm/cmmi7.pfb></usr/
local/texlive/2016/texmf-dist/fonts/type1/public/amsfonts/cm/cmmi8.pfb></usr/lo
cal/texlive/2016/texmf-dist/fonts/type1/public/amsfonts/cm/cmmib10.pfb></usr/lo
cal/texlive/2016/texmf-dist/fonts/type1/public/amsfonts/cm/cmr10.pfb></usr/loca
l/texlive/2016/texmf-dist/fonts/type1/public/amsfonts/cm/cmr12.pfb></usr/local/
texlive/2016/texmf-dist/fonts/type1/public/amsfonts/cm/cmr5.pfb></usr/local/tex
live/2016/texmf-dist/fonts/type1/public/amsfonts/cm/cmr7.pfb></usr/local/texliv
e/2016/texmf-dist/fonts/type1/public/amsfonts/cm/cmsl10.pfb></usr/local/texlive
/2016/texmf-dist/fonts/type1/public/amsfonts/cm/cmsy10.pfb></usr/local/texlive/
2016/texmf-dist/fonts/type1/public/amsfonts/cm/cmsy5.pfb></usr/local/texlive/20
16/texmf-dist/fonts/type1/public/amsfonts/cm/cmsy7.pfb></usr/local/texlive/2016
/texmf-dist/fonts/type1/public/amsfonts/cm/cmti10.pfb></usr/local/texlive/2016/
texmf-dist/fonts/type1/public/amsfonts/cm/cmtt10.pfb></usr/local/texlive/2016/t
exmf-dist/fonts/type1/public/amsfonts/symbols/msbm10.pfb></usr/local/texlive/20
16/texmf-dist/fonts/type1/public/amsfonts/symbols/msbm7.pfb></usr/local/texlive
/2016/texmf-dist/fonts/type1/public/cm-super/sfrm1000.pfb>
Output written on "Math Review Notes.pdf" (196 pages, 10086177 bytes).
PDF statistics:
 2926 PDF objects out of 2984 (max. 8388607)
 2476 compressed objects within 25 object streams
 923 named destinations out of 1000 (max. 500000)
 1587 words of extra memory for PDF output out of 10000 (max. 10000000)

