\BOOKMARK [0][-]{chapter.1}{Probability}{}% 1
\BOOKMARK [1][-]{section.1.1}{To Know for Math 505A Midterm 1 \(Discrete Random Variables\)}{chapter.1}% 2
\BOOKMARK [2][-]{subsection.1.1.1}{Definitions}{section.1.1}% 3
\BOOKMARK [2][-]{subsection.1.1.2}{Conditioning}{section.1.1}% 4
\BOOKMARK [2][-]{subsection.1.1.3}{Convolution}{section.1.1}% 5
\BOOKMARK [2][-]{subsection.1.1.4}{Compound Random Variables}{section.1.1}% 6
\BOOKMARK [2][-]{subsection.1.1.5}{Odds and Ends}{section.1.1}% 7
\BOOKMARK [2][-]{subsection.1.1.6}{Methods for Calculating Quantities}{section.1.1}% 8
\BOOKMARK [2][-]{subsection.1.1.7}{Discrete Random Variable Distributions}{section.1.1}% 9
\BOOKMARK [2][-]{subsection.1.1.8}{Indicator Method}{section.1.1}% 10
\BOOKMARK [2][-]{subsection.1.1.9}{Linear transformations of random variables}{section.1.1}% 11
\BOOKMARK [2][-]{subsection.1.1.10}{Poisson Paradigm \(Poisson approximation for indicator method\)}{section.1.1}% 12
\BOOKMARK [2][-]{subsection.1.1.11}{Asymptotic Distributions}{section.1.1}% 13
\BOOKMARK [1][-]{section.1.2}{Worked problems}{chapter.1}% 14
\BOOKMARK [2][-]{subsection.1.2.1}{Example Problems That Will Likely Appear on Midterm \(and Final\)}{section.1.2}% 15
\BOOKMARK [2][-]{subsection.1.2.2}{Problems we did in class that professor mentioned}{section.1.2}% 16
\BOOKMARK [2][-]{subsection.1.2.3}{Problems we did on homework}{section.1.2}% 17
\BOOKMARK [2][-]{subsection.1.2.4}{DSO Statistics Group Screening Exam Problems}{section.1.2}% 18
\BOOKMARK [1][-]{section.1.3}{To Know for Math 505A Midterm 2}{chapter.1}% 19
\BOOKMARK [2][-]{subsection.1.3.1}{Definitions}{section.1.3}% 20
\BOOKMARK [2][-]{subsection.1.3.2}{Probability-Generating Functions}{section.1.3}% 21
\BOOKMARK [2][-]{subsection.1.3.3}{Moment-Generating Functions}{section.1.3}% 22
\BOOKMARK [2][-]{subsection.1.3.4}{Characteristic Functions}{section.1.3}% 23
\BOOKMARK [2][-]{subsection.1.3.5}{Continuous Random Variable Distributions}{section.1.3}% 24
\BOOKMARK [2][-]{subsection.1.3.6}{More on Exponential Random Variables}{section.1.3}% 25
\BOOKMARK [2][-]{subsection.1.3.7}{Multivariate Gaussian \(Normal\) Distributions}{section.1.3}% 26
\BOOKMARK [1][-]{section.1.4}{Exponential Families}{chapter.1}% 27
\BOOKMARK [2][-]{subsection.1.4.1}{Differential identities \(Generalization of Moment-Generating Functions\)}{section.1.4}% 28
\BOOKMARK [1][-]{section.1.5}{KL Divergence \(DSO 607\)}{chapter.1}% 29
\BOOKMARK [1][-]{section.1.6}{Worked problems}{chapter.1}% 30
\BOOKMARK [2][-]{subsection.1.6.1}{Example Problems That Will Likely Appear on Midterm \(and Final\)}{section.1.6}% 31
\BOOKMARK [2][-]{subsection.1.6.2}{More Problems From Homework}{section.1.6}% 32
\BOOKMARK [1][-]{section.1.7}{Random Matrix Theory}{chapter.1}% 33
\BOOKMARK [2][-]{subsection.1.7.1}{Large Deviation Theory}{section.1.7}% 34
\BOOKMARK [2][-]{subsection.1.7.2}{Band Matrix}{section.1.7}% 35
\BOOKMARK [2][-]{subsection.1.7.3}{Subgaussian Random Variable}{section.1.7}% 36
\BOOKMARK [2][-]{subsection.1.7.4}{Topic 1: Invertibility of Matrices}{section.1.7}% 37
\BOOKMARK [2][-]{subsection.1.7.5}{Random Graphs}{section.1.7}% 38
