This is pdfTeX, Version 3.14159265-2.6-1.40.19 (TeX Live 2018) (preloaded format=pdflatex 2018.4.16)  4 OCT 2019 11:46
entering extended mode
 restricted \write18 enabled.
 file:line:error style messages enabled.
 %&-line parsing enabled.
**Probability.tex
(./Probability.tex
LaTeX2e <2018-04-01> patch level 2
Babel <3.18> and hyphenation patterns for 84 language(s) loaded.
(/usr/local/texlive/2018/texmf-dist/tex/latex/base/article.cls
Document Class: article 2014/09/29 v1.4h Standard LaTeX document class
(/usr/local/texlive/2018/texmf-dist/tex/latex/base/size10.clo
File: size10.clo 2014/09/29 v1.4h Standard LaTeX file (size option)
)
\c@part=\count80
\c@section=\count81
\c@subsection=\count82
\c@subsubsection=\count83
\c@paragraph=\count84
\c@subparagraph=\count85
\c@figure=\count86
\c@table=\count87
\abovecaptionskip=\skip41
\belowcaptionskip=\skip42
\bibindent=\dimen102
)
(/usr/local/texlive/2018/texmf-dist/tex/latex/fancyhdr/fancyhdr.sty
Package: fancyhdr 2017/06/30 v3.9a Extensive control of page headers and footer
s
\f@nch@headwidth=\skip43
\f@nch@O@elh=\skip44
\f@nch@O@erh=\skip45
\f@nch@O@olh=\skip46
\f@nch@O@orh=\skip47
\f@nch@O@elf=\skip48
\f@nch@O@erf=\skip49
\f@nch@O@olf=\skip50
\f@nch@O@orf=\skip51
)
(/usr/local/texlive/2018/texmf-dist/tex/latex/fancyhdr/extramarks.sty
Package: extramarks 2017/06/30 v3.9a Extra marks for LaTeX
\@temptokenb=\toks14
)
(/usr/local/texlive/2018/texmf-dist/tex/latex/amsmath/amsmath.sty
Package: amsmath 2017/09/02 v2.17a AMS math features
\@mathmargin=\skip52

For additional information on amsmath, use the `?' option.
(/usr/local/texlive/2018/texmf-dist/tex/latex/amsmath/amstext.sty
Package: amstext 2000/06/29 v2.01 AMS text

(/usr/local/texlive/2018/texmf-dist/tex/latex/amsmath/amsgen.sty
File: amsgen.sty 1999/11/30 v2.0 generic functions
\@emptytoks=\toks15
\ex@=\dimen103
))
(/usr/local/texlive/2018/texmf-dist/tex/latex/amsmath/amsbsy.sty
Package: amsbsy 1999/11/29 v1.2d Bold Symbols
\pmbraise@=\dimen104
)
(/usr/local/texlive/2018/texmf-dist/tex/latex/amsmath/amsopn.sty
Package: amsopn 2016/03/08 v2.02 operator names
)
\inf@bad=\count88
LaTeX Info: Redefining \frac on input line 213.
\uproot@=\count89
\leftroot@=\count90
LaTeX Info: Redefining \overline on input line 375.
\classnum@=\count91
\DOTSCASE@=\count92
LaTeX Info: Redefining \ldots on input line 472.
LaTeX Info: Redefining \dots on input line 475.
LaTeX Info: Redefining \cdots on input line 596.
\Mathstrutbox@=\box26
\strutbox@=\box27
\big@size=\dimen105
LaTeX Font Info:    Redeclaring font encoding OML on input line 712.
LaTeX Font Info:    Redeclaring font encoding OMS on input line 713.
\macc@depth=\count93
\c@MaxMatrixCols=\count94
\dotsspace@=\muskip10
\c@parentequation=\count95
\dspbrk@lvl=\count96
\tag@help=\toks16
\row@=\count97
\column@=\count98
\maxfields@=\count99
\andhelp@=\toks17
\eqnshift@=\dimen106
\alignsep@=\dimen107
\tagshift@=\dimen108
\tagwidth@=\dimen109
\totwidth@=\dimen110
\lineht@=\dimen111
\@envbody=\toks18
\multlinegap=\skip53
\multlinetaggap=\skip54
\mathdisplay@stack=\toks19
LaTeX Info: Redefining \[ on input line 2817.
LaTeX Info: Redefining \] on input line 2818.
)
(/usr/local/texlive/2018/texmf-dist/tex/latex/amscls/amsthm.sty
Package: amsthm 2017/10/31 v2.20.4
\thm@style=\toks20
\thm@bodyfont=\toks21
\thm@headfont=\toks22
\thm@notefont=\toks23
\thm@headpunct=\toks24
\thm@preskip=\skip55
\thm@postskip=\skip56
\thm@headsep=\skip57
\dth@everypar=\toks25
)
(/usr/local/texlive/2018/texmf-dist/tex/latex/amsfonts/amsfonts.sty
Package: amsfonts 2013/01/14 v3.01 Basic AMSFonts support
\symAMSa=\mathgroup4
\symAMSb=\mathgroup5
LaTeX Font Info:    Overwriting math alphabet `\mathfrak' in version `bold'
(Font)                  U/euf/m/n --> U/euf/b/n on input line 106.
)
(/usr/local/texlive/2018/texmf-dist/tex/latex/pgf/frontendlayer/tikz.sty
(/usr/local/texlive/2018/texmf-dist/tex/latex/pgf/basiclayer/pgf.sty
(/usr/local/texlive/2018/texmf-dist/tex/latex/pgf/utilities/pgfrcs.sty
(/usr/local/texlive/2018/texmf-dist/tex/generic/pgf/utilities/pgfutil-common.te
x
\pgfutil@everybye=\toks26
\pgfutil@tempdima=\dimen112
\pgfutil@tempdimb=\dimen113

(/usr/local/texlive/2018/texmf-dist/tex/generic/pgf/utilities/pgfutil-common-li
sts.tex))
(/usr/local/texlive/2018/texmf-dist/tex/generic/pgf/utilities/pgfutil-latex.def
\pgfutil@abb=\box28
(/usr/local/texlive/2018/texmf-dist/tex/latex/ms/everyshi.sty
Package: everyshi 2001/05/15 v3.00 EveryShipout Package (MS)
))
(/usr/local/texlive/2018/texmf-dist/tex/generic/pgf/utilities/pgfrcs.code.tex
Package: pgfrcs 2015/08/07 v3.0.1a (rcs-revision 1.31)
))
Package: pgf 2015/08/07 v3.0.1a (rcs-revision 1.15)
(/usr/local/texlive/2018/texmf-dist/tex/latex/pgf/basiclayer/pgfcore.sty
(/usr/local/texlive/2018/texmf-dist/tex/latex/graphics/graphicx.sty
Package: graphicx 2017/06/01 v1.1a Enhanced LaTeX Graphics (DPC,SPQR)

(/usr/local/texlive/2018/texmf-dist/tex/latex/graphics/keyval.sty
Package: keyval 2014/10/28 v1.15 key=value parser (DPC)
\KV@toks@=\toks27
)
(/usr/local/texlive/2018/texmf-dist/tex/latex/graphics/graphics.sty
Package: graphics 2017/06/25 v1.2c Standard LaTeX Graphics (DPC,SPQR)

(/usr/local/texlive/2018/texmf-dist/tex/latex/graphics/trig.sty
Package: trig 2016/01/03 v1.10 sin cos tan (DPC)
)
(/usr/local/texlive/2018/texmf-dist/tex/latex/graphics-cfg/graphics.cfg
File: graphics.cfg 2016/06/04 v1.11 sample graphics configuration
)
Package graphics Info: Driver file: pdftex.def on input line 99.

(/usr/local/texlive/2018/texmf-dist/tex/latex/graphics-def/pdftex.def
File: pdftex.def 2018/01/08 v1.0l Graphics/color driver for pdftex
))
\Gin@req@height=\dimen114
\Gin@req@width=\dimen115
)
(/usr/local/texlive/2018/texmf-dist/tex/latex/pgf/systemlayer/pgfsys.sty
(/usr/local/texlive/2018/texmf-dist/tex/generic/pgf/systemlayer/pgfsys.code.tex
Package: pgfsys 2014/07/09 v3.0.1a (rcs-revision 1.48)
(/usr/local/texlive/2018/texmf-dist/tex/generic/pgf/utilities/pgfkeys.code.tex
\pgfkeys@pathtoks=\toks28
\pgfkeys@temptoks=\toks29

(/usr/local/texlive/2018/texmf-dist/tex/generic/pgf/utilities/pgfkeysfiltered.c
ode.tex
\pgfkeys@tmptoks=\toks30
))
\pgf@x=\dimen116
\pgf@y=\dimen117
\pgf@xa=\dimen118
\pgf@ya=\dimen119
\pgf@xb=\dimen120
\pgf@yb=\dimen121
\pgf@xc=\dimen122
\pgf@yc=\dimen123
\w@pgf@writea=\write3
\r@pgf@reada=\read1
\c@pgf@counta=\count100
\c@pgf@countb=\count101
\c@pgf@countc=\count102
\c@pgf@countd=\count103
\t@pgf@toka=\toks31
\t@pgf@tokb=\toks32
\t@pgf@tokc=\toks33

(/usr/local/texlive/2018/texmf-dist/tex/generic/pgf/systemlayer/pgf.cfg
File: pgf.cfg 2008/05/14  (rcs-revision 1.7)
)
Driver file for pgf: pgfsys-pdftex.def

(/usr/local/texlive/2018/texmf-dist/tex/generic/pgf/systemlayer/pgfsys-pdftex.d
ef
File: pgfsys-pdftex.def 2014/10/11  (rcs-revision 1.35)

(/usr/local/texlive/2018/texmf-dist/tex/generic/pgf/systemlayer/pgfsys-common-p
df.def
File: pgfsys-common-pdf.def 2013/10/10  (rcs-revision 1.13)
)))
(/usr/local/texlive/2018/texmf-dist/tex/generic/pgf/systemlayer/pgfsyssoftpath.
code.tex
File: pgfsyssoftpath.code.tex 2013/09/09  (rcs-revision 1.9)
\pgfsyssoftpath@smallbuffer@items=\count104
\pgfsyssoftpath@bigbuffer@items=\count105
)
(/usr/local/texlive/2018/texmf-dist/tex/generic/pgf/systemlayer/pgfsysprotocol.
code.tex
File: pgfsysprotocol.code.tex 2006/10/16  (rcs-revision 1.4)
)) (/usr/local/texlive/2018/texmf-dist/tex/latex/xcolor/xcolor.sty
Package: xcolor 2016/05/11 v2.12 LaTeX color extensions (UK)

(/usr/local/texlive/2018/texmf-dist/tex/latex/graphics-cfg/color.cfg
File: color.cfg 2016/01/02 v1.6 sample color configuration
)
Package xcolor Info: Driver file: pdftex.def on input line 225.
Package xcolor Info: Model `cmy' substituted by `cmy0' on input line 1348.
Package xcolor Info: Model `hsb' substituted by `rgb' on input line 1352.
Package xcolor Info: Model `RGB' extended on input line 1364.
Package xcolor Info: Model `HTML' substituted by `rgb' on input line 1366.
Package xcolor Info: Model `Hsb' substituted by `hsb' on input line 1367.
Package xcolor Info: Model `tHsb' substituted by `hsb' on input line 1368.
Package xcolor Info: Model `HSB' substituted by `hsb' on input line 1369.
Package xcolor Info: Model `Gray' substituted by `gray' on input line 1370.
Package xcolor Info: Model `wave' substituted by `hsb' on input line 1371.
)
(/usr/local/texlive/2018/texmf-dist/tex/generic/pgf/basiclayer/pgfcore.code.tex
Package: pgfcore 2010/04/11 v3.0.1a (rcs-revision 1.7)
(/usr/local/texlive/2018/texmf-dist/tex/generic/pgf/math/pgfmath.code.tex
(/usr/local/texlive/2018/texmf-dist/tex/generic/pgf/math/pgfmathcalc.code.tex
(/usr/local/texlive/2018/texmf-dist/tex/generic/pgf/math/pgfmathutil.code.tex)
(/usr/local/texlive/2018/texmf-dist/tex/generic/pgf/math/pgfmathparser.code.tex
\pgfmath@dimen=\dimen124
\pgfmath@count=\count106
\pgfmath@box=\box29
\pgfmath@toks=\toks34
\pgfmath@stack@operand=\toks35
\pgfmath@stack@operation=\toks36
)
(/usr/local/texlive/2018/texmf-dist/tex/generic/pgf/math/pgfmathfunctions.code.
tex
(/usr/local/texlive/2018/texmf-dist/tex/generic/pgf/math/pgfmathfunctions.basic
.code.tex)
(/usr/local/texlive/2018/texmf-dist/tex/generic/pgf/math/pgfmathfunctions.trigo
nometric.code.tex)
(/usr/local/texlive/2018/texmf-dist/tex/generic/pgf/math/pgfmathfunctions.rando
m.code.tex)
(/usr/local/texlive/2018/texmf-dist/tex/generic/pgf/math/pgfmathfunctions.compa
rison.code.tex)
(/usr/local/texlive/2018/texmf-dist/tex/generic/pgf/math/pgfmathfunctions.base.
code.tex)
(/usr/local/texlive/2018/texmf-dist/tex/generic/pgf/math/pgfmathfunctions.round
.code.tex)
(/usr/local/texlive/2018/texmf-dist/tex/generic/pgf/math/pgfmathfunctions.misc.
code.tex)
(/usr/local/texlive/2018/texmf-dist/tex/generic/pgf/math/pgfmathfunctions.integ
erarithmetics.code.tex)))
(/usr/local/texlive/2018/texmf-dist/tex/generic/pgf/math/pgfmathfloat.code.tex
\c@pgfmathroundto@lastzeros=\count107
))
(/usr/local/texlive/2018/texmf-dist/tex/generic/pgf/basiclayer/pgfcorepoints.co
de.tex
File: pgfcorepoints.code.tex 2013/10/07  (rcs-revision 1.27)
\pgf@picminx=\dimen125
\pgf@picmaxx=\dimen126
\pgf@picminy=\dimen127
\pgf@picmaxy=\dimen128
\pgf@pathminx=\dimen129
\pgf@pathmaxx=\dimen130
\pgf@pathminy=\dimen131
\pgf@pathmaxy=\dimen132
\pgf@xx=\dimen133
\pgf@xy=\dimen134
\pgf@yx=\dimen135
\pgf@yy=\dimen136
\pgf@zx=\dimen137
\pgf@zy=\dimen138
)
(/usr/local/texlive/2018/texmf-dist/tex/generic/pgf/basiclayer/pgfcorepathconst
ruct.code.tex
File: pgfcorepathconstruct.code.tex 2013/10/07  (rcs-revision 1.29)
\pgf@path@lastx=\dimen139
\pgf@path@lasty=\dimen140
)
(/usr/local/texlive/2018/texmf-dist/tex/generic/pgf/basiclayer/pgfcorepathusage
.code.tex
File: pgfcorepathusage.code.tex 2014/11/02  (rcs-revision 1.24)
\pgf@shorten@end@additional=\dimen141
\pgf@shorten@start@additional=\dimen142
)
(/usr/local/texlive/2018/texmf-dist/tex/generic/pgf/basiclayer/pgfcorescopes.co
de.tex
File: pgfcorescopes.code.tex 2015/05/08  (rcs-revision 1.46)
\pgfpic=\box30
\pgf@hbox=\box31
\pgf@layerbox@main=\box32
\pgf@picture@serial@count=\count108
)
(/usr/local/texlive/2018/texmf-dist/tex/generic/pgf/basiclayer/pgfcoregraphicst
ate.code.tex
File: pgfcoregraphicstate.code.tex 2014/11/02  (rcs-revision 1.12)
\pgflinewidth=\dimen143
)
(/usr/local/texlive/2018/texmf-dist/tex/generic/pgf/basiclayer/pgfcoretransform
ations.code.tex
File: pgfcoretransformations.code.tex 2015/08/07  (rcs-revision 1.20)
\pgf@pt@x=\dimen144
\pgf@pt@y=\dimen145
\pgf@pt@temp=\dimen146
)
(/usr/local/texlive/2018/texmf-dist/tex/generic/pgf/basiclayer/pgfcorequick.cod
e.tex
File: pgfcorequick.code.tex 2008/10/09  (rcs-revision 1.3)
)
(/usr/local/texlive/2018/texmf-dist/tex/generic/pgf/basiclayer/pgfcoreobjects.c
ode.tex
File: pgfcoreobjects.code.tex 2006/10/11  (rcs-revision 1.2)
)
(/usr/local/texlive/2018/texmf-dist/tex/generic/pgf/basiclayer/pgfcorepathproce
ssing.code.tex
File: pgfcorepathprocessing.code.tex 2013/09/09  (rcs-revision 1.9)
)
(/usr/local/texlive/2018/texmf-dist/tex/generic/pgf/basiclayer/pgfcorearrows.co
de.tex
File: pgfcorearrows.code.tex 2015/05/14  (rcs-revision 1.43)
\pgfarrowsep=\dimen147
)
(/usr/local/texlive/2018/texmf-dist/tex/generic/pgf/basiclayer/pgfcoreshade.cod
e.tex
File: pgfcoreshade.code.tex 2013/07/15  (rcs-revision 1.15)
\pgf@max=\dimen148
\pgf@sys@shading@range@num=\count109
)
(/usr/local/texlive/2018/texmf-dist/tex/generic/pgf/basiclayer/pgfcoreimage.cod
e.tex
File: pgfcoreimage.code.tex 2013/07/15  (rcs-revision 1.18)

(/usr/local/texlive/2018/texmf-dist/tex/generic/pgf/basiclayer/pgfcoreexternal.
code.tex
File: pgfcoreexternal.code.tex 2014/07/09  (rcs-revision 1.21)
\pgfexternal@startupbox=\box33
))
(/usr/local/texlive/2018/texmf-dist/tex/generic/pgf/basiclayer/pgfcorelayers.co
de.tex
File: pgfcorelayers.code.tex 2013/07/18  (rcs-revision 1.7)
)
(/usr/local/texlive/2018/texmf-dist/tex/generic/pgf/basiclayer/pgfcoretranspare
ncy.code.tex
File: pgfcoretransparency.code.tex 2013/09/30  (rcs-revision 1.5)
)
(/usr/local/texlive/2018/texmf-dist/tex/generic/pgf/basiclayer/pgfcorepatterns.
code.tex
File: pgfcorepatterns.code.tex 2013/11/07  (rcs-revision 1.5)
)))
(/usr/local/texlive/2018/texmf-dist/tex/generic/pgf/modules/pgfmoduleshapes.cod
e.tex
File: pgfmoduleshapes.code.tex 2014/03/21  (rcs-revision 1.35)
\pgfnodeparttextbox=\box34
)
(/usr/local/texlive/2018/texmf-dist/tex/generic/pgf/modules/pgfmoduleplot.code.
tex
File: pgfmoduleplot.code.tex 2015/08/03  (rcs-revision 1.13)
)
(/usr/local/texlive/2018/texmf-dist/tex/latex/pgf/compatibility/pgfcomp-version
-0-65.sty
Package: pgfcomp-version-0-65 2007/07/03 v3.0.1a (rcs-revision 1.7)
\pgf@nodesepstart=\dimen149
\pgf@nodesepend=\dimen150
)
(/usr/local/texlive/2018/texmf-dist/tex/latex/pgf/compatibility/pgfcomp-version
-1-18.sty
Package: pgfcomp-version-1-18 2007/07/23 v3.0.1a (rcs-revision 1.1)
))
(/usr/local/texlive/2018/texmf-dist/tex/latex/pgf/utilities/pgffor.sty
(/usr/local/texlive/2018/texmf-dist/tex/latex/pgf/utilities/pgfkeys.sty
(/usr/local/texlive/2018/texmf-dist/tex/generic/pgf/utilities/pgfkeys.code.tex)
) (/usr/local/texlive/2018/texmf-dist/tex/latex/pgf/math/pgfmath.sty
(/usr/local/texlive/2018/texmf-dist/tex/generic/pgf/math/pgfmath.code.tex))
(/usr/local/texlive/2018/texmf-dist/tex/generic/pgf/utilities/pgffor.code.tex
Package: pgffor 2013/12/13 v3.0.1a (rcs-revision 1.25)

(/usr/local/texlive/2018/texmf-dist/tex/generic/pgf/math/pgfmath.code.tex)
\pgffor@iter=\dimen151
\pgffor@skip=\dimen152
\pgffor@stack=\toks37
\pgffor@toks=\toks38
))
(/usr/local/texlive/2018/texmf-dist/tex/generic/pgf/frontendlayer/tikz/tikz.cod
e.tex
Package: tikz 2015/08/07 v3.0.1a (rcs-revision 1.151)

(/usr/local/texlive/2018/texmf-dist/tex/generic/pgf/libraries/pgflibraryplothan
dlers.code.tex
File: pgflibraryplothandlers.code.tex 2013/08/31 v3.0.1a (rcs-revision 1.20)
\pgf@plot@mark@count=\count110
\pgfplotmarksize=\dimen153
)
\tikz@lastx=\dimen154
\tikz@lasty=\dimen155
\tikz@lastxsaved=\dimen156
\tikz@lastysaved=\dimen157
\tikzleveldistance=\dimen158
\tikzsiblingdistance=\dimen159
\tikz@figbox=\box35
\tikz@figbox@bg=\box36
\tikz@tempbox=\box37
\tikz@tempbox@bg=\box38
\tikztreelevel=\count111
\tikznumberofchildren=\count112
\tikznumberofcurrentchild=\count113
\tikz@fig@count=\count114

(/usr/local/texlive/2018/texmf-dist/tex/generic/pgf/modules/pgfmodulematrix.cod
e.tex
File: pgfmodulematrix.code.tex 2013/09/17  (rcs-revision 1.8)
\pgfmatrixcurrentrow=\count115
\pgfmatrixcurrentcolumn=\count116
\pgf@matrix@numberofcolumns=\count117
)
\tikz@expandcount=\count118

(/usr/local/texlive/2018/texmf-dist/tex/generic/pgf/frontendlayer/tikz/librarie
s/tikzlibrarytopaths.code.tex
File: tikzlibrarytopaths.code.tex 2008/06/17 v3.0.1a (rcs-revision 1.2)
)))
(/usr/local/texlive/2018/texmf-dist/tex/latex/tools/enumerate.sty
Package: enumerate 2015/07/23 v3.00 enumerate extensions (DPC)
\@enLab=\toks39
)
(/usr/local/texlive/2018/texmf-dist/tex/latex/algorithms/algorithm.sty
Package: algorithm 2009/08/24 v0.1 Document Style `algorithm' - floating enviro
nment

(/usr/local/texlive/2018/texmf-dist/tex/latex/float/float.sty
Package: float 2001/11/08 v1.3d Float enhancements (AL)
\c@float@type=\count119
\float@exts=\toks40
\float@box=\box39
\@float@everytoks=\toks41
\@floatcapt=\box40
)
(/usr/local/texlive/2018/texmf-dist/tex/latex/base/ifthen.sty
Package: ifthen 2014/09/29 v1.1c Standard LaTeX ifthen package (DPC)
)
\@float@every@algorithm=\toks42
\c@algorithm=\count120
)
(/usr/local/texlive/2018/texmf-dist/tex/latex/algorithmicx/algpseudocode.sty
Package: algpseudocode 

(/usr/local/texlive/2018/texmf-dist/tex/latex/algorithmicx/algorithmicx.sty
Package: algorithmicx 2005/04/27 v1.2 Algorithmicx

Document Style algorithmicx 1.2 - a greatly improved `algorithmic' style
\c@ALG@line=\count121
\c@ALG@rem=\count122
\c@ALG@nested=\count123
\ALG@tlm=\skip58
\ALG@thistlm=\skip59
\c@ALG@Lnr=\count124
\c@ALG@blocknr=\count125
\c@ALG@storecount=\count126
\c@ALG@tmpcounter=\count127
\ALG@tmplength=\skip60
)
Document Style - pseudocode environments for use with the `algorithmicx' style
) (/usr/local/texlive/2018/texmf-dist/tex/latex/ms/ragged2e.sty
Package: ragged2e 2009/05/21 v2.1 ragged2e Package (MS)


LaTeX Warning: Command \@arrayparboxrestore  has changed.
               Check if current package is valid.

(/usr/local/texlive/2018/texmf-dist/tex/latex/ms/everysel.sty
Package: everysel 2011/10/28 v1.2 EverySelectfont Package (MS)
)
(/usr/local/texlive/2018/texmf-dist/tex/latex/footmisc/footmisc.sty
Package: footmisc 2011/06/06 v5.5b a miscellany of footnote facilities
\FN@temptoken=\toks43
\footnotemargin=\dimen160
\c@pp@next@reset=\count128
Package footmisc Info: Declaring symbol style bringhurst on input line 855.
Package footmisc Info: Declaring symbol style chicago on input line 863.
Package footmisc Info: Declaring symbol style wiley on input line 872.
Package footmisc Info: Declaring symbol style lamport-robust on input line 883.

Package footmisc Info: Declaring symbol style lamport* on input line 903.
Package footmisc Info: Declaring symbol style lamport*-robust on input line 924
.
)
\CenteringLeftskip=\skip61
\RaggedLeftLeftskip=\skip62
\RaggedRightLeftskip=\skip63
\CenteringRightskip=\skip64
\RaggedLeftRightskip=\skip65
\RaggedRightRightskip=\skip66
\CenteringParfillskip=\skip67
\RaggedLeftParfillskip=\skip68
\RaggedRightParfillskip=\skip69
\JustifyingParfillskip=\skip70
\CenteringParindent=\skip71
\RaggedLeftParindent=\skip72
\RaggedRightParindent=\skip73
\JustifyingParindent=\skip74
)
(/usr/local/texlive/2018/texmf-dist/tex/latex/base/textcomp.sty
Package: textcomp 2017/04/05 v2.0i Standard LaTeX package
Package textcomp Info: Sub-encoding information:
(textcomp)               5 = only ISO-Adobe without \textcurrency
(textcomp)               4 = 5 + \texteuro
(textcomp)               3 = 4 + \textohm
(textcomp)               2 = 3 + \textestimated + \textcurrency
(textcomp)               1 = TS1 - \textcircled - \t
(textcomp)               0 = TS1 (full)
(textcomp)             Font families with sub-encoding setting implement
(textcomp)             only a restricted character set as indicated.
(textcomp)             Family '?' is the default used for unknown fonts.
(textcomp)             See the documentation for details.
Package textcomp Info: Setting ? sub-encoding to TS1/1 on input line 79.

(/usr/local/texlive/2018/texmf-dist/tex/latex/base/ts1enc.def
File: ts1enc.def 2001/06/05 v3.0e (jk/car/fm) Standard LaTeX file
Now handling font encoding TS1 ...
... processing UTF-8 mapping file for font encoding TS1

(/usr/local/texlive/2018/texmf-dist/tex/latex/base/ts1enc.dfu
File: ts1enc.dfu 2018/04/05 v1.2c UTF-8 support for inputenc
   defining Unicode char U+00A2 (decimal 162)
   defining Unicode char U+00A3 (decimal 163)
   defining Unicode char U+00A4 (decimal 164)
   defining Unicode char U+00A5 (decimal 165)
   defining Unicode char U+00A6 (decimal 166)
   defining Unicode char U+00A7 (decimal 167)
   defining Unicode char U+00A8 (decimal 168)
   defining Unicode char U+00A9 (decimal 169)
   defining Unicode char U+00AA (decimal 170)
   defining Unicode char U+00AC (decimal 172)
   defining Unicode char U+00AE (decimal 174)
   defining Unicode char U+00AF (decimal 175)
   defining Unicode char U+00B0 (decimal 176)
   defining Unicode char U+00B1 (decimal 177)
   defining Unicode char U+00B2 (decimal 178)
   defining Unicode char U+00B3 (decimal 179)
   defining Unicode char U+00B4 (decimal 180)
   defining Unicode char U+00B5 (decimal 181)
   defining Unicode char U+00B6 (decimal 182)
   defining Unicode char U+00B7 (decimal 183)
   defining Unicode char U+00B9 (decimal 185)
   defining Unicode char U+00BA (decimal 186)
   defining Unicode char U+00BC (decimal 188)
   defining Unicode char U+00BD (decimal 189)
   defining Unicode char U+00BE (decimal 190)
   defining Unicode char U+00D7 (decimal 215)
   defining Unicode char U+00F7 (decimal 247)
   defining Unicode char U+0192 (decimal 402)
   defining Unicode char U+02C7 (decimal 711)
   defining Unicode char U+02D8 (decimal 728)
   defining Unicode char U+02DD (decimal 733)
   defining Unicode char U+0E3F (decimal 3647)
   defining Unicode char U+2016 (decimal 8214)
   defining Unicode char U+2020 (decimal 8224)
   defining Unicode char U+2021 (decimal 8225)
   defining Unicode char U+2022 (decimal 8226)
   defining Unicode char U+2030 (decimal 8240)
   defining Unicode char U+2031 (decimal 8241)
   defining Unicode char U+203B (decimal 8251)
   defining Unicode char U+203D (decimal 8253)
   defining Unicode char U+2044 (decimal 8260)
   defining Unicode char U+204E (decimal 8270)
   defining Unicode char U+2052 (decimal 8274)
   defining Unicode char U+20A1 (decimal 8353)
   defining Unicode char U+20A4 (decimal 8356)
   defining Unicode char U+20A6 (decimal 8358)
   defining Unicode char U+20A9 (decimal 8361)
   defining Unicode char U+20AB (decimal 8363)
   defining Unicode char U+20AC (decimal 8364)
   defining Unicode char U+20B1 (decimal 8369)
   defining Unicode char U+2103 (decimal 8451)
   defining Unicode char U+2116 (decimal 8470)
   defining Unicode char U+2117 (decimal 8471)
   defining Unicode char U+211E (decimal 8478)
   defining Unicode char U+2120 (decimal 8480)
   defining Unicode char U+2122 (decimal 8482)
   defining Unicode char U+2126 (decimal 8486)
   defining Unicode char U+2127 (decimal 8487)
   defining Unicode char U+212E (decimal 8494)
   defining Unicode char U+2190 (decimal 8592)
   defining Unicode char U+2191 (decimal 8593)
   defining Unicode char U+2192 (decimal 8594)
   defining Unicode char U+2193 (decimal 8595)
   defining Unicode char U+2329 (decimal 9001)
   defining Unicode char U+232A (decimal 9002)
   defining Unicode char U+2422 (decimal 9250)
   defining Unicode char U+25E6 (decimal 9702)
   defining Unicode char U+25EF (decimal 9711)
   defining Unicode char U+266A (decimal 9834)
   defining Unicode char U+FEFF (decimal 65279)
))
LaTeX Info: Redefining \oldstylenums on input line 334.
Package textcomp Info: Setting cmr sub-encoding to TS1/0 on input line 349.
Package textcomp Info: Setting cmss sub-encoding to TS1/0 on input line 350.
Package textcomp Info: Setting cmtt sub-encoding to TS1/0 on input line 351.
Package textcomp Info: Setting cmvtt sub-encoding to TS1/0 on input line 352.
Package textcomp Info: Setting cmbr sub-encoding to TS1/0 on input line 353.
Package textcomp Info: Setting cmtl sub-encoding to TS1/0 on input line 354.
Package textcomp Info: Setting ccr sub-encoding to TS1/0 on input line 355.
Package textcomp Info: Setting ptm sub-encoding to TS1/4 on input line 356.
Package textcomp Info: Setting pcr sub-encoding to TS1/4 on input line 357.
Package textcomp Info: Setting phv sub-encoding to TS1/4 on input line 358.
Package textcomp Info: Setting ppl sub-encoding to TS1/3 on input line 359.
Package textcomp Info: Setting pag sub-encoding to TS1/4 on input line 360.
Package textcomp Info: Setting pbk sub-encoding to TS1/4 on input line 361.
Package textcomp Info: Setting pnc sub-encoding to TS1/4 on input line 362.
Package textcomp Info: Setting pzc sub-encoding to TS1/4 on input line 363.
Package textcomp Info: Setting bch sub-encoding to TS1/4 on input line 364.
Package textcomp Info: Setting put sub-encoding to TS1/5 on input line 365.
Package textcomp Info: Setting uag sub-encoding to TS1/5 on input line 366.
Package textcomp Info: Setting ugq sub-encoding to TS1/5 on input line 367.
Package textcomp Info: Setting ul8 sub-encoding to TS1/4 on input line 368.
Package textcomp Info: Setting ul9 sub-encoding to TS1/4 on input line 369.
Package textcomp Info: Setting augie sub-encoding to TS1/5 on input line 370.
Package textcomp Info: Setting dayrom sub-encoding to TS1/3 on input line 371.
Package textcomp Info: Setting dayroms sub-encoding to TS1/3 on input line 372.

Package textcomp Info: Setting pxr sub-encoding to TS1/0 on input line 373.
Package textcomp Info: Setting pxss sub-encoding to TS1/0 on input line 374.
Package textcomp Info: Setting pxtt sub-encoding to TS1/0 on input line 375.
Package textcomp Info: Setting txr sub-encoding to TS1/0 on input line 376.
Package textcomp Info: Setting txss sub-encoding to TS1/0 on input line 377.
Package textcomp Info: Setting txtt sub-encoding to TS1/0 on input line 378.
Package textcomp Info: Setting lmr sub-encoding to TS1/0 on input line 379.
Package textcomp Info: Setting lmdh sub-encoding to TS1/0 on input line 380.
Package textcomp Info: Setting lmss sub-encoding to TS1/0 on input line 381.
Package textcomp Info: Setting lmssq sub-encoding to TS1/0 on input line 382.
Package textcomp Info: Setting lmvtt sub-encoding to TS1/0 on input line 383.
Package textcomp Info: Setting lmtt sub-encoding to TS1/0 on input line 384.
Package textcomp Info: Setting qhv sub-encoding to TS1/0 on input line 385.
Package textcomp Info: Setting qag sub-encoding to TS1/0 on input line 386.
Package textcomp Info: Setting qbk sub-encoding to TS1/0 on input line 387.
Package textcomp Info: Setting qcr sub-encoding to TS1/0 on input line 388.
Package textcomp Info: Setting qcs sub-encoding to TS1/0 on input line 389.
Package textcomp Info: Setting qpl sub-encoding to TS1/0 on input line 390.
Package textcomp Info: Setting qtm sub-encoding to TS1/0 on input line 391.
Package textcomp Info: Setting qzc sub-encoding to TS1/0 on input line 392.
Package textcomp Info: Setting qhvc sub-encoding to TS1/0 on input line 393.
Package textcomp Info: Setting futs sub-encoding to TS1/4 on input line 394.
Package textcomp Info: Setting futx sub-encoding to TS1/4 on input line 395.
Package textcomp Info: Setting futj sub-encoding to TS1/4 on input line 396.
Package textcomp Info: Setting hlh sub-encoding to TS1/3 on input line 397.
Package textcomp Info: Setting hls sub-encoding to TS1/3 on input line 398.
Package textcomp Info: Setting hlst sub-encoding to TS1/3 on input line 399.
Package textcomp Info: Setting hlct sub-encoding to TS1/5 on input line 400.
Package textcomp Info: Setting hlx sub-encoding to TS1/5 on input line 401.
Package textcomp Info: Setting hlce sub-encoding to TS1/5 on input line 402.
Package textcomp Info: Setting hlcn sub-encoding to TS1/5 on input line 403.
Package textcomp Info: Setting hlcw sub-encoding to TS1/5 on input line 404.
Package textcomp Info: Setting hlcf sub-encoding to TS1/5 on input line 405.
Package textcomp Info: Setting pplx sub-encoding to TS1/3 on input line 406.
Package textcomp Info: Setting pplj sub-encoding to TS1/3 on input line 407.
Package textcomp Info: Setting ptmx sub-encoding to TS1/4 on input line 408.
Package textcomp Info: Setting ptmj sub-encoding to TS1/4 on input line 409.
)
(/usr/local/texlive/2018/texmf-dist/tex/latex/import/import.sty
Package: import 2009/03/23  v 5.1
)
(/usr/local/texlive/2018/texmf-dist/tex/latex/hyperref/hyperref.sty
Package: hyperref 2018/02/06 v6.86b Hypertext links for LaTeX

(/usr/local/texlive/2018/texmf-dist/tex/generic/oberdiek/hobsub-hyperref.sty
Package: hobsub-hyperref 2016/05/16 v1.14 Bundle oberdiek, subset hyperref (HO)


(/usr/local/texlive/2018/texmf-dist/tex/generic/oberdiek/hobsub-generic.sty
Package: hobsub-generic 2016/05/16 v1.14 Bundle oberdiek, subset generic (HO)
Package: hobsub 2016/05/16 v1.14 Construct package bundles (HO)
Package: infwarerr 2016/05/16 v1.4 Providing info/warning/error messages (HO)
Package: ltxcmds 2016/05/16 v1.23 LaTeX kernel commands for general use (HO)
Package: ifluatex 2016/05/16 v1.4 Provides the ifluatex switch (HO)
Package ifluatex Info: LuaTeX not detected.
Package: ifvtex 2016/05/16 v1.6 Detect VTeX and its facilities (HO)
Package ifvtex Info: VTeX not detected.
Package: intcalc 2016/05/16 v1.2 Expandable calculations with integers (HO)
Package: ifpdf 2017/03/15 v3.2 Provides the ifpdf switch
Package: etexcmds 2016/05/16 v1.6 Avoid name clashes with e-TeX commands (HO)
Package etexcmds Info: Could not find \expanded.
(etexcmds)             That can mean that you are not using pdfTeX 1.50 or
(etexcmds)             that some package has redefined \expanded.
(etexcmds)             In the latter case, load this package earlier.
Package: kvsetkeys 2016/05/16 v1.17 Key value parser (HO)
Package: kvdefinekeys 2016/05/16 v1.4 Define keys (HO)
Package: pdftexcmds 2018/01/30 v0.27 Utility functions of pdfTeX for LuaTeX (HO
)
Package pdftexcmds Info: LuaTeX not detected.
Package pdftexcmds Info: \pdf@primitive is available.
Package pdftexcmds Info: \pdf@ifprimitive is available.
Package pdftexcmds Info: \pdfdraftmode found.
Package: pdfescape 2016/05/16 v1.14 Implements pdfTeX's escape features (HO)
Package: bigintcalc 2016/05/16 v1.4 Expandable calculations on big integers (HO
)
Package: bitset 2016/05/16 v1.2 Handle bit-vector datatype (HO)
Package: uniquecounter 2016/05/16 v1.3 Provide unlimited unique counter (HO)
)
Package hobsub Info: Skipping package `hobsub' (already loaded).
Package: letltxmacro 2016/05/16 v1.5 Let assignment for LaTeX macros (HO)
Package: hopatch 2016/05/16 v1.3 Wrapper for package hooks (HO)
Package: xcolor-patch 2016/05/16 xcolor patch
Package: atveryend 2016/05/16 v1.9 Hooks at the very end of document (HO)
Package atveryend Info: \enddocument detected (standard20110627).
Package: atbegshi 2016/06/09 v1.18 At begin shipout hook (HO)
Package: refcount 2016/05/16 v3.5 Data extraction from label references (HO)
Package: hycolor 2016/05/16 v1.8 Color options for hyperref/bookmark (HO)
)
(/usr/local/texlive/2018/texmf-dist/tex/generic/ifxetex/ifxetex.sty
Package: ifxetex 2010/09/12 v0.6 Provides ifxetex conditional
)
(/usr/local/texlive/2018/texmf-dist/tex/latex/oberdiek/auxhook.sty
Package: auxhook 2016/05/16 v1.4 Hooks for auxiliary files (HO)
)
(/usr/local/texlive/2018/texmf-dist/tex/latex/oberdiek/kvoptions.sty
Package: kvoptions 2016/05/16 v3.12 Key value format for package options (HO)
)
\@linkdim=\dimen161
\Hy@linkcounter=\count129
\Hy@pagecounter=\count130

(/usr/local/texlive/2018/texmf-dist/tex/latex/hyperref/pd1enc.def
File: pd1enc.def 2018/02/06 v6.86b Hyperref: PDFDocEncoding definition (HO)
Now handling font encoding PD1 ...
... no UTF-8 mapping file for font encoding PD1
)
\Hy@SavedSpaceFactor=\count131

(/usr/local/texlive/2018/texmf-dist/tex/latex/latexconfig/hyperref.cfg
File: hyperref.cfg 2002/06/06 v1.2 hyperref configuration of TeXLive
)
Package hyperref Info: Hyper figures OFF on input line 4509.
Package hyperref Info: Link nesting OFF on input line 4514.
Package hyperref Info: Hyper index ON on input line 4517.
Package hyperref Info: Plain pages OFF on input line 4524.
Package hyperref Info: Backreferencing OFF on input line 4529.
Package hyperref Info: Implicit mode ON; LaTeX internals redefined.
Package hyperref Info: Bookmarks ON on input line 4762.
\c@Hy@tempcnt=\count132

(/usr/local/texlive/2018/texmf-dist/tex/latex/url/url.sty
\Urlmuskip=\muskip11
Package: url 2013/09/16  ver 3.4  Verb mode for urls, etc.
)
LaTeX Info: Redefining \url on input line 5115.
\XeTeXLinkMargin=\dimen162
\Fld@menulength=\count133
\Field@Width=\dimen163
\Fld@charsize=\dimen164
Package hyperref Info: Hyper figures OFF on input line 6369.
Package hyperref Info: Link nesting OFF on input line 6374.
Package hyperref Info: Hyper index ON on input line 6377.
Package hyperref Info: backreferencing OFF on input line 6384.
Package hyperref Info: Link coloring OFF on input line 6389.
Package hyperref Info: Link coloring with OCG OFF on input line 6394.
Package hyperref Info: PDF/A mode OFF on input line 6399.
LaTeX Info: Redefining \ref on input line 6439.
LaTeX Info: Redefining \pageref on input line 6443.
\Hy@abspage=\count134
\c@Item=\count135
\c@Hfootnote=\count136
)
Package hyperref Info: Driver (autodetected): hpdftex.

(/usr/local/texlive/2018/texmf-dist/tex/latex/hyperref/hpdftex.def
File: hpdftex.def 2018/02/06 v6.86b Hyperref driver for pdfTeX
\Fld@listcount=\count137
\c@bookmark@seq@number=\count138

(/usr/local/texlive/2018/texmf-dist/tex/latex/oberdiek/rerunfilecheck.sty
Package: rerunfilecheck 2016/05/16 v1.8 Rerun checks for auxiliary files (HO)
Package uniquecounter Info: New unique counter `rerunfilecheck' on input line 2
82.
)
\Hy@SectionHShift=\skip75
)
Package hyperref Info: Option `colorlinks' set `true' on input line 23.

(/usr/local/texlive/2018/texmf-dist/tex/latex/natbib/natbib.sty
Package: natbib 2010/09/13 8.31b (PWD, AO)
\bibhang=\skip76
\bibsep=\skip77
LaTeX Info: Redefining \cite on input line 694.
\c@NAT@ctr=\count139
)
(/usr/local/texlive/2018/texmf-dist/tex/generic/pgf/frontendlayer/tikz/librarie
s/tikzlibraryautomata.code.tex
File: tikzlibraryautomata.code.tex 2008/07/14 v3.0.1a (rcs-revision 1.3)

(/usr/local/texlive/2018/texmf-dist/tex/generic/pgf/frontendlayer/tikz/librarie
s/tikzlibraryshapes.multipart.code.tex
File: tikzlibraryshapes.multipart.code.tex 2008/01/09 v3.0.1a (rcs-revision 1.1
)

(/usr/local/texlive/2018/texmf-dist/tex/generic/pgf/libraries/shapes/pgflibrary
shapes.multipart.code.tex
File: pgflibraryshapes.multipart.code.tex 2010/01/07 v3.0.1a (rcs-revision 1.2)

\pgfnodepartlowerbox=\box41
\pgfnodeparttwobox=\box42
\pgfnodepartthreebox=\box43
\pgfnodepartfourbox=\box44
\pgfnodeparttwentybox=\box45
\pgfnodepartnineteenbox=\box46
\pgfnodeparteighteenbox=\box47
\pgfnodepartseventeenbox=\box48
\pgfnodepartsixteenbox=\box49
\pgfnodepartfifteenbox=\box50
\pgfnodepartfourteenbox=\box51
\pgfnodepartthirteenbox=\box52
\pgfnodeparttwelvebox=\box53
\pgfnodepartelevenbox=\box54
\pgfnodeparttenbox=\box55
\pgfnodepartninebox=\box56
\pgfnodeparteightbox=\box57
\pgfnodepartsevenbox=\box58
\pgfnodepartsixbox=\box59
\pgfnodepartfivebox=\box60
)))
(/usr/local/texlive/2018/texmf-dist/tex/generic/pgf/frontendlayer/tikz/librarie
s/tikzlibrarypositioning.code.tex
File: tikzlibrarypositioning.code.tex 2008/10/06 v3.0.1a (rcs-revision 1.7)
)
\c@theorem=\count140
\c@corollary=\count141
\c@definition=\count142
\c@exercise=\count143
\c@example=\count144
 (./Probability.aux)
\openout1 = `Probability.aux'.

LaTeX Font Info:    Checking defaults for OML/cmm/m/it on input line 118.
LaTeX Font Info:    ... okay on input line 118.
LaTeX Font Info:    Checking defaults for T1/cmr/m/n on input line 118.
LaTeX Font Info:    ... okay on input line 118.
LaTeX Font Info:    Checking defaults for OT1/cmr/m/n on input line 118.
LaTeX Font Info:    ... okay on input line 118.
LaTeX Font Info:    Checking defaults for OMS/cmsy/m/n on input line 118.
LaTeX Font Info:    ... okay on input line 118.
LaTeX Font Info:    Checking defaults for OMX/cmex/m/n on input line 118.
LaTeX Font Info:    ... okay on input line 118.
LaTeX Font Info:    Checking defaults for U/cmr/m/n on input line 118.
LaTeX Font Info:    ... okay on input line 118.
LaTeX Font Info:    Checking defaults for TS1/cmr/m/n on input line 118.
LaTeX Font Info:    Try loading font information for TS1+cmr on input line 118.


(/usr/local/texlive/2018/texmf-dist/tex/latex/base/ts1cmr.fd
File: ts1cmr.fd 2014/09/29 v2.5h Standard LaTeX font definitions
)
LaTeX Font Info:    ... okay on input line 118.
LaTeX Font Info:    Checking defaults for PD1/pdf/m/n on input line 118.
LaTeX Font Info:    ... okay on input line 118.

ABD: EveryShipout initializing macros
(/usr/local/texlive/2018/texmf-dist/tex/context/base/mkii/supp-pdf.mkii
[Loading MPS to PDF converter (version 2006.09.02).]
\scratchcounter=\count145
\scratchdimen=\dimen165
\scratchbox=\box61
\nofMPsegments=\count146
\nofMParguments=\count147
\everyMPshowfont=\toks44
\MPscratchCnt=\count148
\MPscratchDim=\dimen166
\MPnumerator=\count149
\makeMPintoPDFobject=\count150
\everyMPtoPDFconversion=\toks45
) (/usr/local/texlive/2018/texmf-dist/tex/latex/oberdiek/epstopdf-base.sty
Package: epstopdf-base 2016/05/15 v2.6 Base part for package epstopdf

(/usr/local/texlive/2018/texmf-dist/tex/latex/oberdiek/grfext.sty
Package: grfext 2016/05/16 v1.2 Manage graphics extensions (HO)
)
Package epstopdf-base Info: Redefining graphics rule for `.eps' on input line 4
38.
Package grfext Info: Graphics extension search list:
(grfext)             [.pdf,.png,.jpg,.mps,.jpeg,.jbig2,.jb2,.PDF,.PNG,.JPG,.JPE
G,.JBIG2,.JB2,.eps]
(grfext)             \AppendGraphicsExtensions on input line 456.

(/usr/local/texlive/2018/texmf-dist/tex/latex/latexconfig/epstopdf-sys.cfg
File: epstopdf-sys.cfg 2010/07/13 v1.3 Configuration of (r)epstopdf for TeX Liv
e
))
Package ragged2e Info: ABD: executing \RaggedRight on input line 118.

ABD: EverySelectfont initializing macros
LaTeX Info: Redefining \selectfont on input line 118.
\AtBeginShipoutBox=\box62
Package hyperref Info: Link coloring ON on input line 118.

(/usr/local/texlive/2018/texmf-dist/tex/latex/hyperref/nameref.sty
Package: nameref 2016/05/21 v2.44 Cross-referencing by name of section

(/usr/local/texlive/2018/texmf-dist/tex/generic/oberdiek/gettitlestring.sty
Package: gettitlestring 2016/05/16 v1.5 Cleanup title references (HO)
)
\c@section@level=\count151
)
LaTeX Info: Redefining \ref on input line 118.
LaTeX Info: Redefining \pageref on input line 118.
LaTeX Info: Redefining \nameref on input line 118.

(./Probability.out) (./Probability.out)
\@outlinefile=\write4
\openout4 = `Probability.out'.

LaTeX Font Info:    Try loading font information for U+msa on input line 121.

(/usr/local/texlive/2018/texmf-dist/tex/latex/amsfonts/umsa.fd
File: umsa.fd 2013/01/14 v3.01 AMS symbols A
)
LaTeX Font Info:    Try loading font information for U+msb on input line 121.

(/usr/local/texlive/2018/texmf-dist/tex/latex/amsfonts/umsb.fd
File: umsb.fd 2013/01/14 v3.01 AMS symbols B
) [1

{/usr/local/texlive/2018/texmf-var/fonts/map/pdftex/updmap/pdftex.map}] (./Prob
ability.toc
[2])
\tf@toc=\write5
\openout5 = `Probability.toc'.

 [3]
Overfull \hbox (0.63483pt too wide) in paragraph at lines 151--152
\OT1/cmr/m/n/10 These are my notes from tak-ing Math 505A at USC taught by Serg
ey Lo-tot-sky, Math 541A at USC taught 
 []

[4] [5] [6]
Overfull \hbox (24.23158pt too wide) in paragraph at lines 323--324
\OT1/cmr/m/n/10 ables with fi-nite sec-ond mo-ment and $\OMS/cmsy/m/n/10 h\OML/
cmm/m/it/10 X; Y\OMS/cmsy/m/n/10 i \OT1/cmr/m/n/10 := \U/msb/m/n/10 E\OT1/cmr/m
/n/10 (\OML/cmm/m/it/10 XY\OT1/cmr/m/n/10 )$. Con-sider $\OML/cmm/m/it/10 L\OT1
/cmr/m/n/10 (\OML/cmm/m/it/10 Y\OT1/cmr/m/n/10 ) = \OMS/cmsy/m/n/10 f[]\OML/cmm
/m/it/10 X \OT1/cmr/m/n/10 = 
 []

[7]

LaTeX Warning: Reference `ra.fubini' on page 8 undefined on input line 385.

[8]
Overfull \hbox (25.98056pt too wide) detected at line 455
\U/msb/m/n/10 E[]E\OT1/cmr/m/n/10 (\OML/cmm/m/it/10 X \OMS/cmsy/m/n/10 j \OML/c
mm/m/it/10 Y\OT1/cmr/m/n/10 )[] = [][] \U/msb/m/n/10 E\OT1/cmr/m/n/10 (\OML/cmm
/m/it/10 X \OMS/cmsy/m/n/10 j \OML/cmm/m/it/10 Y \OT1/cmr/m/n/10 = \OML/cmm/m/i
t/10 y\OT1/cmr/m/n/10 )\OML/cmm/m/it/10 f[]\OT1/cmr/m/n/10 (\OML/cmm/m/it/10 y\
OT1/cmr/m/n/10 )\OML/cmm/m/it/10 dy \OT1/cmr/m/n/10 = [] [][] [] [][] \OML/cmm/
m/it/10 xf[]\OT1/cmr/m/n/10 (\OML/cmm/m/it/10 x \OMS/cmsy/m/n/10 j \OML/cmm/m/i
t/10 y\OT1/cmr/m/n/10 )\OML/cmm/m/it/10 dx[]f[]\OT1/cmr/m/n/10 (\OML/cmm/m/it/1
0 y\OT1/cmr/m/n/10 )\OML/cmm/m/it/10 dy
 []

[9] [10] [11] [12] [13] [14] [15] [16] [17] [18] [19]

LaTeX Warning: Reference `stoch.ex.cont' on page 20 undefined on input line 114
3.


LaTeX Warning: Reference `ra.fubini' on page 20 undefined on input line 1173.

[20]
Overfull \hbox (20.1112pt too wide) in paragraph at lines 1212--1213
[]\OT1/cmr/bx/n/10 Variance-Covariance Ex-pan-sion. $[][] [][] \OML/cmm/m/it/10
 X[][] \OT1/cmr/m/n/10 = [][] [](\OML/cmm/m/it/10 X[]\OT1/cmr/m/n/10 ) + 2 [][]
 [](\OML/cmm/m/it/10 X[]; X[]\OT1/cmr/m/n/10 )$  
 []

[21] [22] [23] [24] [25]
Overfull \hbox (1.71036pt too wide) in paragraph at lines 1517--1518
[]\OT1/cmr/bx/n/10 Hypergeometric\OT1/cmr/m/n/10 : $[](\OML/cmm/m/it/10 N; M; K
\OT1/cmr/m/n/10 )$: When draw-ing a sam-ple of size $\OML/cmm/m/it/10 K$ \OT1/c
mr/m/n/10 from a group of $\OML/cmm/m/it/10 N$ \OT1/cmr/m/n/10 items, 
 []

<images/prob_hypergeometric.jpg, id=505, 3738.96875pt x 2052.66875pt>
File: images/prob_hypergeometric.jpg Graphic file (type jpg)
<use images/prob_hypergeometric.jpg>
Package pdftex.def Info: images/prob_hypergeometric.jpg  used on input line 155
1.
(pdftex.def)             Requested size: 373.91878pt x 205.2789pt.
[26] [27 <./images/prob_hypergeometric.jpg>]
Overfull \hbox (1.9749pt too wide) in paragraph at lines 1641--1642
[]\OT1/cmr/m/n/10 More specif-i-cally, let $\OML/cmm/m/it/10 B[]$ \OT1/cmr/m/n/
10 be $\OML/cmm/m/it/10 n$ \OT1/cmr/m/n/10 in-de-pen-dent Bernoulli ran-dom var
i-ables with prob-a-bil-i-ties $\OML/cmm/m/it/10 p[]$\OT1/cmr/m/n/10 . If $\OML
/cmm/m/it/10 Y \OT1/cmr/m/n/10 = [][] \OML/cmm/m/it/10 B[]$ 
 []


Overfull \hbox (55.17587pt too wide) detected at line 1663
[]\OT1/cmr/m/n/10 (\OML/cmm/m/it/10 X \OT1/cmr/m/n/10 = 0 \OMS/cmsy/m/n/10 j \O
ML/cmm/m/it/10 Y \OT1/cmr/m/n/10 = 0) = [](\OMS/cmsy/m/n/10 f[]g\OT1/cmr/m/n/10
 )
 []

[28]
Overfull \hbox (27.66248pt too wide) detected at line 1667
\OT1/cmr/m/n/10 + [](\OMS/cmsy/m/n/10 f[]g\OT1/cmr/m/n/10 )
 []

[29] [30] [31]
Overfull \hbox (0.71082pt too wide) in paragraph at lines 1950--1951
[]\OT1/cmr/bx/n/10 Spring 2013 Prob-lem 1, in notes from 09/21. \OT1/cmr/m/n/10
 Let $\OML/cmm/m/it/10 X$ \OT1/cmr/m/n/10 and $\OML/cmm/m/it/10 Y$ \OT1/cmr/m/n
/10 be ran-dom vari-ables such that $\U/msb/m/n/10 E\OT1/cmr/m/n/10 (\OML/cmm/m
/it/10 X \OMS/cmsy/m/n/10 j 
 []

[32] [33]
Overfull \hbox (2.15047pt too wide) in paragraph at lines 2121--2122
[]\OT1/cmr/bx/n/10 Solution. \OT1/cmr/m/n/10 ($ =[]\OMS/cmsy/m/n/10 ) $\OT1/cmr
/m/n/10 ) Sup-pose $\OML/cmm/m/it/10 A$ \OT1/cmr/m/n/10 and $\OML/cmm/m/it/10 B
$ \OT1/cmr/m/n/10 are in-de-pen-dent. Then $\OML/cmm/m/it/10 ^^X$ \OT1/cmr/m/n/
10 and $\OML/cmm/m/it/10 ^^Q$ \OT1/cmr/m/n/10 are un-cor-re-lated if and only i
f $\U/msb/m/n/10 E\OT1/cmr/m/n/10 (\OML/cmm/m/it/10 ^^X^^Q\OT1/cmr/m/n/10 ) = 
 []

[34] [35] [36] [37] [38]
<images/prob_sp18p2.png, id=614, 745.78625pt x 298.11375pt>
File: images/prob_sp18p2.png Graphic file (type png)
<use images/prob_sp18p2.png>
Package pdftex.def Info: images/prob_sp18p2.png  used on input line 2433.
(pdftex.def)             Requested size: 447.4752pt x 178.86963pt.
 [39 <./images/prob_sp18p2.png>] [40] [41] [42]
[43] [44] [45] [46] [47] [48] [49]
Overfull \hbox (7.1903pt too wide) in paragraph at lines 3162--3163
[]\OT1/cmr/m/n/10 Clearly all out-comes that sat-isfy part (I)(a) also sat-isfy
 these con-di-tions, so we start with $[]7! = 
 []

[50] [51]
Overfull \hbox (2.49577pt too wide) in paragraph at lines 3273--3274
\OT1/cmr/m/n/10 tions where four or more chil-dren don't re-ceive gifts, and we
 don't want to double-count). There- 
 []

[52] [53]
Overfull \hbox (7.30214pt too wide) detected at line 3402
\OT1/cmr/m/n/10 = [][] \OMS/cmsy/m/n/10 ^^A \OT1/cmr/m/n/10 (7 \OMS/cmsy/m/n/10
 ^^@ \OT1/cmr/m/n/10 1)[] \OMS/cmsy/m/n/10 ^^@ [][] ^^A \OT1/cmr/m/n/10 2! \OMS
/cmsy/m/n/10 ^^A \OT1/cmr/m/n/10 (7 \OMS/cmsy/m/n/10 ^^@ \OT1/cmr/m/n/10 2)[] +
 [][] \OMS/cmsy/m/n/10 ^^A \OT1/cmr/m/n/10 3! \OMS/cmsy/m/n/10 ^^A \OT1/cmr/m/n
/10 (7 \OMS/cmsy/m/n/10 ^^@ \OT1/cmr/m/n/10 3)[] \OMS/cmsy/m/n/10 ^^@ [][] ^^A 
\OT1/cmr/m/n/10 4! \OMS/cmsy/m/n/10 ^^A \OT1/cmr/m/n/10 (7 \OMS/cmsy/m/n/10 ^^@
 \OT1/cmr/m/n/10 4)[]
 []

[54] [55] [56] [57]
Overfull \hbox (11.12265pt too wide) in paragraph at lines 3699--3700
[][]\OT1/cmr/bx/n/10 Exercise 2 \OT1/cmr/m/n/10 (\OT1/cmr/bx/n/10 2017 DSO Stat
is-tics Group In---Class Screen-ing Exam, Ques-tion 1\OT1/cmr/m/n/10 )\OT1/cmr/
bx/n/10 . []\OT1/cmr/m/n/10 Let $\OML/cmm/m/it/10 X[]; X[]; [] ; X[]$ 
 []

[58] [59] [60]
Overfull \hbox (3.7734pt too wide) detected at line 3938
[] [][] \OML/cmm/m/it/10 u[] du \OT1/cmr/m/n/10 = \U/msb/m/n/10 E []  \OMS/cmsy
/m/n/10 ([])  [] [][] \OT1/cmr/m/n/10 = \U/msb/m/n/10 E []  \OMS/cmsy/m/n/10 ([
])  \U/msb/m/n/10 E [] \OT1/cmr/m/n/10 = [] []
 []

[61] [62]

LaTeX Warning: Reference `asym.cauchy.schwarz' on page 63 undefined on input li
ne 4104.

[63] [64]
Overfull \hbox (10.28822pt too wide) in paragraph at lines 4247--4248
[]\OT1/cmr/bx/n/10 Remark. []Re-la-tion-ship be-tween char-ac-ter-is-tic func-t
ions and prob-a-bil-ity and moment-generating 
 []

[65] [66] [67] [68] [69] [70] [71] [72] [73] [74]
Overfull \hbox (8.81168pt too wide) in paragraph at lines 4909--4909
\OT1/cmr/m/n/10 chi squared ran-dom vari-able with $\OML/cmm/m/it/10 q$ \OT1/cm
r/m/n/10 de-grees of free-dom, with $\OML/cmm/m/it/10 X$ \OT1/cmr/m/n/10 and $\
OML/cmm/m/it/10 Y$ \OT1/cmr/m/n/10 in-de-pen-dent. Then $(\OML/cmm/m/it/10 X=p\
OT1/cmr/m/n/10 )\OML/cmm/m/it/10 =\OT1/cmr/m/n/10 (\OML/cmm/m/it/10 Y=q\OT1/cmr
/m/n/10 )$ 
 []

[75] [76] [77] [78]
Overfull \hbox (8.31526pt too wide) in paragraph at lines 5194--5195
\OT1/cmr/m/n/10 ex-pected time is the same as ini-tially be-cause of the mem-o-
ry-less prop-erty (Propo-si-tion [][]66[][]). Thus $[]\OMS/cmsy/m/n/10 f\OML/cm
m/m/it/10 X; Y\OMS/cmsy/m/n/10 g$ 
 []


Overfull \hbox (0.49577pt too wide) in paragraph at lines 5206--5207
[]\OT1/cmr/m/n/10 which is not ex-po-nen-tial. In-tu-itively, if we only need o
ne ma-chine to be work-ing, just be-cause we are work- 
 []


Overfull \hbox (2.74576pt too wide) in paragraph at lines 5206--5207
\OT1/cmr/m/n/10 ing at time $\OML/cmm/m/it/10 t$ \OT1/cmr/m/n/10 does not mean 
we are in the same po-si-tion as we were ini-tially; one ma-chine could have fa
iled. 
 []

[79] [80]
LaTeX Font Info:    Font shape `OT1/cmtt/bx/n' in size <10> not available
(Font)              Font shape `OT1/cmtt/m/n' tried instead on input line 5325.

 [81]
Overfull \hbox (142.4657pt too wide) in paragraph at lines 5352--5353
[][]\OT1/cmr/bx/n/10 Proposition 73 \OT1/cmr/m/n/10 (\OT1/cmr/bx/n/10 Generaliz
ation of Propo-si-tion [][]72[][]; from [][]$\OT1/cmtt/m/n/10 https : / / en . 
wikipedia . org / wiki / Multivariate _ normal _ distribution$[][]\OT1/cmr/m/n/
10 )\OT1/cmr/bx/n/10 . 
 []


LaTeX Warning: Reference `cvx.schur.sec' on page 82 undefined on input line 536
7.


LaTeX Warning: Reference `linalg.mat.decomp' on page 82 undefined on input line
 5367.


LaTeX Warning: Reference `asym.berry.esseen' on page 82 undefined on input line
 5370.

[82]

LaTeX Warning: Reference `linreg.glm' on page 83 undefined on input line 5444.

[83] [84]
Overfull \hbox (20.82428pt too wide) in paragraph at lines 5528--5529
[]\OT1/cmr/bx/n/10 Remark. []\OT1/cmr/m/n/10 (notes re-mark 3.7) \OT1/cmr/bx/n/
10 (Lo-ca-tion and scale fam-ily.) \OT1/cmr/m/n/10 The fam-ily of den-si-ties $
\OMS/cmsy/m/n/10 f\OML/cmm/m/it/10 ^^[[]f\OT1/cmr/m/n/10 ((\OML/cmm/m/it/10 x \
OT1/cmr/m/n/10 + \OML/cmm/m/it/10 ^^V\OT1/cmr/m/n/10 )\OML/cmm/m/it/10 =^^[\OT1
/cmr/m/n/10 )\OMS/cmsy/m/n/10 g[]$ 
 []

[85] [86] [87]
Overfull \hbox (30.33614pt too wide) detected at line 5712
[] \OMS/cmsy/m/n/10 ^^T \OML/cmm/m/it/10 h\OT1/cmr/m/n/10 (\OML/cmm/m/it/10 x\O
T1/cmr/m/n/10 ) [] [] [] \OML/cmm/m/it/10 w[]t[]\OT1/cmr/m/n/10 (\OML/cmm/m/it/
10 x\OT1/cmr/m/n/10 )[]\OMS/cmsy/m/n/10 j\OML/cmm/m/it/10 t[]\OT1/cmr/m/n/10 (\
OML/cmm/m/it/10 x\OT1/cmr/m/n/10 )\OMS/cmsy/m/n/10 j[] []\OT1/cmr/m/n/10 (\OML/
cmm/m/it/10 ^^Ot[]\OT1/cmr/m/n/10 (\OML/cmm/m/it/10 x\OT1/cmr/m/n/10 ) + [](\OM
S/cmsy/m/n/10 ^^@\OML/cmm/m/it/10 ^^Ot[]\OT1/cmr/m/n/10 (\OML/cmm/m/it/10 x\OT1
/cmr/m/n/10 )[]
 []

[88] [89] [90] [91]
Overfull \hbox (31.06885pt too wide) in paragraph at lines 5953--5954
[]\OT1/cmr/m/n/10 Way we wrote this in DSO 607: KL Di-ver-gence of den-sity $\O
ML/cmm/m/it/10 f$ \OT1/cmr/m/n/10 (es-ti-mated) from den-sity $\OML/cmm/m/it/10
 g$ \OT1/cmr/m/n/10 (true model/distribution):  
 []


LaTeX Warning: Reference `linreg.aic.bic' on page 92 undefined on input line 59
63.


LaTeX Warning: Reference `mathstats.sec.mle' on page 92 undefined on input line
 5963.

[92]
<images/prob_505a_midterm_1a.jpg, id=1073, 3319.40125pt x 2147.02126pt>
File: images/prob_505a_midterm_1a.jpg Graphic file (type jpg)
<use images/prob_505a_midterm_1a.jpg>
Package pdftex.def Info: images/prob_505a_midterm_1a.jpg  used on input line 60
45.
(pdftex.def)             Requested size: 375.80542pt x 243.05284pt.

Overfull \hbox (27.35664pt too wide) detected at line 6065
[]\OT1/cmr/m/n/10 (\OML/cmm/m/it/10 Y \OMS/cmsy/m/n/10 ^^T \OML/cmm/m/it/10 tX[
] \OMS/cmsy/m/n/10 j \OT1/cmr/m/n/10 1 \OMS/cmsy/m/n/10 ^^T \OML/cmm/m/it/10 t 
< \OT1/cmr/m/n/10 5) = [][]1 \OMS/cmsy/m/n/10 ^^A \OT1/cmr/m/n/10 (\OML/cmm/m/i
t/10 t \OMS/cmsy/m/n/10 ^^@ \OT1/cmr/m/n/10 1) + [][] []\OML/cmm/m/it/10 dx[] \
OT1/cmr/m/n/10 = [][]\OML/cmm/m/it/10 t \OMS/cmsy/m/n/10 ^^@ \OT1/cmr/m/n/10 1 
+ \OML/cmm/m/it/10 t[] []\OT1/cmr/m/n/10 (\OML/cmm/m/it/10 x\OT1/cmr/m/n/10 )[]
[][] = []
 []

[93 <./images/prob_505a_midterm_1a.jpg>]
Overfull \hbox (17.01724pt too wide) in paragraph at lines 6067--6068
[]$\OML/cmm/m/it/10 t \OMS/cmsy/m/n/10 ^^U \OT1/cmr/m/n/10 5$: In this case, th
e en-tire rect-an-gle lies be-low the curve. There-fore $[]$.  
 []

<images/prob_505a_midterm_1b.jpg, id=1086, 3405.72375pt x 1728.4575pt>
File: images/prob_505a_midterm_1b.jpg Graphic file (type jpg)
<use images/prob_505a_midterm_1b.jpg>
Package pdftex.def Info: images/prob_505a_midterm_1b.jpg  used on input line 61
16.
(pdftex.def)             Requested size: 375.80542pt x 190.71114pt.
[94 <./images/prob_505a_midterm_1b.jpg>]
Overfull \hbox (24.50954pt too wide) in paragraph at lines 6186--6188
\OT1/cmr/m/n/10 which is the cdf for an ex-po-nen-tial dis-tri-bu-tion with mea
n 1. There-fore $\OML/cmm/m/it/10 Y \OT1/cmr/m/n/10 = \OMS/cmsy/m/n/10 ^^@ []\O
T1/cmr/m/n/10 (\OML/cmm/m/it/10 X\OT1/cmr/m/n/10 ) \OMS/cmsy/m/n/10 ^^X []\OT1/
cmr/m/n/10 (1)$, 
 []

[95]
<images/prob_midterm2_p5.jpg, id=1103, 2661.945pt x 2477.255pt>
File: images/prob_midterm2_p5.jpg Graphic file (type jpg)
<use images/prob_midterm2_p5.jpg>
Package pdftex.def Info: images/prob_midterm2_p5.jpg  used on input line 6220.
(pdftex.def)             Requested size: 328.82706pt x 305.98953pt.
 [96] [97 <./images/prob_midterm2_p5.jpg>]

LaTeX Warning: Reference `stoch.pois.proc.sec' on page 98 undefined on input li
ne 6276.


LaTeX Warning: Reference `stoch.pois.proc.thm.6.8.2' on page 98 undefined on in
put line 6281.


LaTeX Warning: Reference `stoch.pois.proc.inter.cor' on page 98 undefined on in
put line 6298.

[98]
Overfull \hbox (14.99474pt too wide) detected at line 6355
\OML/cmm/m/it/10 M[]\OT1/cmr/m/n/10 (\OML/cmm/m/it/10 t\OT1/cmr/m/n/10 ) = \U/m
sb/m/n/10 E\OT1/cmr/m/n/10 (\OML/cmm/m/it/10 e[]\OT1/cmr/m/n/10 ) = \U/msb/m/n/
10 E\OT1/cmr/m/n/10 [\U/msb/m/n/10 E\OT1/cmr/m/n/10 (\OML/cmm/m/it/10 e[] \OMS/
cmsy/m/n/10 j \OML/cmm/m/it/10 N\OT1/cmr/m/n/10 )] = [] \U/msb/m/n/10 E\OT1/cmr
/m/n/10 (\OML/cmm/m/it/10 e[] \OMS/cmsy/m/n/10 j \OML/cmm/m/it/10 N \OT1/cmr/m/
n/10 = \OML/cmm/m/it/10 n\OT1/cmr/m/n/10 ) [](\OML/cmm/m/it/10 N \OT1/cmr/m/n/1
0 = \OML/cmm/m/it/10 n\OT1/cmr/m/n/10 ) = [] \U/msb/m/n/10 E\OT1/cmr/m/n/10 (\O
ML/cmm/m/it/10 e[] \OMS/cmsy/m/n/10 j \OML/cmm/m/it/10 N \OT1/cmr/m/n/10 = \OML
/cmm/m/it/10 n\OT1/cmr/m/n/10 ) [](\OML/cmm/m/it/10 N \OT1/cmr/m/n/10 = \OML/cm
m/m/it/10 n\OT1/cmr/m/n/10 )
 []

[99]
Overfull \hbox (22.56882pt too wide) detected at line 6423
\OML/cmm/m/it/10 ^^^[]\OT1/cmr/m/n/10 (\OML/cmm/m/it/10 t\OT1/cmr/m/n/10 ) = \U
/msb/m/n/10 E\OT1/cmr/m/n/10 (\OML/cmm/m/it/10 e[]\OT1/cmr/m/n/10 ) = \U/msb/m/
n/10 E\OT1/cmr/m/n/10 [\U/msb/m/n/10 E\OT1/cmr/m/n/10 (\OML/cmm/m/it/10 e[] \OM
S/cmsy/m/n/10 j \OML/cmm/m/it/10 N\OT1/cmr/m/n/10 )] = [] \U/msb/m/n/10 E\OT1/c
mr/m/n/10 (\OML/cmm/m/it/10 e[] \OMS/cmsy/m/n/10 j \OML/cmm/m/it/10 N \OT1/cmr/
m/n/10 = \OML/cmm/m/it/10 n\OT1/cmr/m/n/10 ) [](\OML/cmm/m/it/10 N \OT1/cmr/m/n
/10 = \OML/cmm/m/it/10 n\OT1/cmr/m/n/10 ) = [] \U/msb/m/n/10 E\OT1/cmr/m/n/10 (
\OML/cmm/m/it/10 e[] \OMS/cmsy/m/n/10 j \OML/cmm/m/it/10 N \OT1/cmr/m/n/10 = \O
ML/cmm/m/it/10 n\OT1/cmr/m/n/10 ) [](\OML/cmm/m/it/10 N \OT1/cmr/m/n/10 = \OML/
cmm/m/it/10 n\OT1/cmr/m/n/10 )
 []

[100] [101]
<images/prob_hw6p10a.png, id=1143, 815.045pt x 692.5875pt>
File: images/prob_hw6p10a.png Graphic file (type png)
<use images/prob_hw6p10a.png>
Package pdftex.def Info: images/prob_hw6p10a.png  used on input line 6575.
(pdftex.def)             Requested size: 326.01222pt x 277.03009pt.
 [102 <./images/prob_hw6p10a.png>] [103]
Overfull \hbox (27.11095pt too wide) in paragraph at lines 6756--6757
[][]\OT1/cmr/bx/n/10 Exercise 6. []\OT1/cmr/m/n/10 Sup-pose $\OML/cmm/m/it/10 X
[]; [] ; X[]$ \OT1/cmr/m/n/10 are i.i.d. uni-form on $[0\OML/cmm/m/it/10 ; \OT1
/cmr/m/n/10 1]$. Let $\OML/cmm/m/it/10 Y[]; [] ; Y[]$ \OT1/cmr/m/n/10 be the or
-der statis-tics $\OML/cmm/m/it/10 X[]; [] ; X[]$\OT1/cmr/m/n/10 . 
 []

[104] [105] [106] [107] [108]
Overfull \hbox (2.01097pt too wide) in paragraph at lines 7039--7040
[]\OT1/cmr/m/n/10 If $\OML/cmm/m/it/10 A$ \OT1/cmr/m/n/10 is a tall ma-trix, $\
OML/cmm/m/it/10 n \OMS/cmsy/m/n/10 ^^] \OML/cmm/m/it/10 m$\OT1/cmr/m/n/10 , the
n $\OML/cmm/m/it/10 ^^T\OT1/cmr/m/n/10 (\OML/cmm/m/it/10 A\OT1/cmr/m/n/10 )$ is
 con-stant. In square case, $\OML/cmm/m/it/10 ^^[[]\OT1/cmr/m/n/10 (\OML/cmm/m/
it/10 A\OT1/cmr/m/n/10 ) \OML/cmm/m/it/10 < \OT1/cmr/m/n/10 0  \OMS/cmsy/m/n/10
 ([])  \OML/cmm/m/it/10 A[]$\OT1/cmr/m/n/10 .  
 []

[109] [110] [111] [112] [113] [114] [115] [116] (./Probability.bbl) [117]
Package atveryend Info: Empty hook `BeforeClearDocument' on input line 7555.
Package atveryend Info: Empty hook `AfterLastShipout' on input line 7555.

(./Probability.aux)
Package atveryend Info: Executing hook `AtVeryEndDocument' on input line 7555.
Package atveryend Info: Executing hook `AtEndAfterFileList' on input line 7555.

Package rerunfilecheck Info: File `Probability.out' has not changed.
(rerunfilecheck)             Checksum: A769C77DDFC671A114991398C9243432;3339.


LaTeX Warning: There were undefined references.

Package atveryend Info: Empty hook `AtVeryVeryEnd' on input line 7555.
 ) 
Here is how much of TeX's memory you used:
 18721 strings out of 492649
 350330 string characters out of 6129622
 428101 words of memory out of 5000000
 21694 multiletter control sequences out of 15000+600000
 15820 words of font info for 59 fonts, out of 8000000 for 9000
 1141 hyphenation exceptions out of 8191
 55i,14n,66p,1036b,623s stack positions out of 5000i,500n,10000p,200000b,80000s
pdfTeX warning (dest): name{theorem.54} has been referenced but does not exis
t, replaced by a fixed one

pdfTeX warning (dest): name{theorem.6} has been referenced but does not exist, 
replaced by a fixed one

{/usr/local/texlive/2018/texmf-dist/fonts/enc/dvips/cm-super/cm-super-ts1.enc}<
/usr/local/texlive/2018/texmf-dist/fonts/type1/public/amsfonts/cm/cmbsy10.pfb><
/usr/local/texlive/2018/texmf-dist/fonts/type1/public/amsfonts/cm/cmbx10.pfb></
usr/local/texlive/2018/texmf-dist/fonts/type1/public/amsfonts/cm/cmbx12.pfb></u
sr/local/texlive/2018/texmf-dist/fonts/type1/public/amsfonts/cm/cmbx7.pfb></usr
/local/texlive/2018/texmf-dist/fonts/type1/public/amsfonts/cm/cmbxti10.pfb></us
r/local/texlive/2018/texmf-dist/fonts/type1/public/amsfonts/cm/cmex10.pfb></usr
/local/texlive/2018/texmf-dist/fonts/type1/public/amsfonts/cmextra/cmex7.pfb></
usr/local/texlive/2018/texmf-dist/fonts/type1/public/amsfonts/cm/cmmi10.pfb></u
sr/local/texlive/2018/texmf-dist/fonts/type1/public/amsfonts/cm/cmmi5.pfb></usr
/local/texlive/2018/texmf-dist/fonts/type1/public/amsfonts/cm/cmmi7.pfb></usr/l
ocal/texlive/2018/texmf-dist/fonts/type1/public/amsfonts/cm/cmmi8.pfb></usr/loc
al/texlive/2018/texmf-dist/fonts/type1/public/amsfonts/cm/cmmib10.pfb></usr/loc
al/texlive/2018/texmf-dist/fonts/type1/public/amsfonts/cmextra/cmmib5.pfb></usr
/local/texlive/2018/texmf-dist/fonts/type1/public/amsfonts/cmextra/cmmib7.pfb><
/usr/local/texlive/2018/texmf-dist/fonts/type1/public/amsfonts/cm/cmr10.pfb></u
sr/local/texlive/2018/texmf-dist/fonts/type1/public/amsfonts/cm/cmr12.pfb></usr
/local/texlive/2018/texmf-dist/fonts/type1/public/amsfonts/cm/cmr5.pfb></usr/lo
cal/texlive/2018/texmf-dist/fonts/type1/public/amsfonts/cm/cmr6.pfb></usr/local
/texlive/2018/texmf-dist/fonts/type1/public/amsfonts/cm/cmr7.pfb></usr/local/te
xlive/2018/texmf-dist/fonts/type1/public/amsfonts/cm/cmr8.pfb></usr/local/texli
ve/2018/texmf-dist/fonts/type1/public/amsfonts/cm/cmsl10.pfb></usr/local/texliv
e/2018/texmf-dist/fonts/type1/public/amsfonts/cm/cmsy10.pfb></usr/local/texlive
/2018/texmf-dist/fonts/type1/public/amsfonts/cm/cmsy5.pfb></usr/local/texlive/2
018/texmf-dist/fonts/type1/public/amsfonts/cm/cmsy7.pfb></usr/local/texlive/201
8/texmf-dist/fonts/type1/public/amsfonts/cm/cmti10.pfb></usr/local/texlive/2018
/texmf-dist/fonts/type1/public/amsfonts/cm/cmtt10.pfb></usr/local/texlive/2018/
texmf-dist/fonts/type1/public/amsfonts/symbols/msbm10.pfb></usr/local/texlive/2
018/texmf-dist/fonts/type1/public/amsfonts/symbols/msbm7.pfb></usr/local/texliv
e/2018/texmf-dist/fonts/type1/public/cm-super/sfrm1000.pfb>
Output written on Probability.pdf (117 pages, 6676555 bytes).
PDF statistics:
 1490 PDF objects out of 1728 (max. 8388607)
 1314 compressed objects within 14 object streams
 558 named destinations out of 1000 (max. 500000)
 347 words of extra memory for PDF output out of 10000 (max. 10000000)

