\BOOKMARK [1][-]{section.1}{Midterm 1}{}% 1
\BOOKMARK [2][-]{subsection.1.1}{Limit Theorems}{section.1}% 2
\BOOKMARK [2][-]{subsection.1.2}{Exponential Families}{section.1}% 3
\BOOKMARK [2][-]{subsection.1.3}{Random Samples}{section.1}% 4
\BOOKMARK [3][-]{subsubsection.1.3.1}{The Delta Method}{subsection.1.3}% 5
\BOOKMARK [1][-]{section.2}{Midterm 2}{}% 6
\BOOKMARK [2][-]{subsection.2.1}{Data Reduction}{section.2}% 7
\BOOKMARK [3][-]{subsubsection.2.1.1}{Sufficient Statistics}{subsection.2.1}% 8
\BOOKMARK [3][-]{subsubsection.2.1.2}{Ancillary Statistics}{subsection.2.1}% 9
\BOOKMARK [2][-]{subsection.2.2}{Point Estimation}{section.2}% 10
\BOOKMARK [3][-]{subsubsection.2.2.1}{Evaluating Estimators}{subsection.2.2}% 11
\BOOKMARK [3][-]{subsubsection.2.2.2}{Efficiency of an Estimator}{subsection.2.2}% 12
\BOOKMARK [3][-]{subsubsection.2.2.3}{Bayes Estimation}{subsection.2.2}% 13
\BOOKMARK [1][-]{section.3}{Post-Midterm 2 \(HW 6 and 7\)}{}% 14
\BOOKMARK [2][-]{subsection.3.1}{Results from Convexity}{section.3}% 15
\BOOKMARK [2][-]{subsection.3.2}{Point Estimation \(continued\)}{section.3}% 16
\BOOKMARK [3][-]{subsubsection.3.2.1}{Method of Moments}{subsection.3.2}% 17
\BOOKMARK [3][-]{subsubsection.3.2.2}{Maximum Likelihood Estimator}{subsection.3.2}% 18
\BOOKMARK [3][-]{subsubsection.3.2.3}{EM Algorithm}{subsection.3.2}% 19
\BOOKMARK [2][-]{subsection.3.3}{Resampling and Bias Reduction}{section.3}% 20
\BOOKMARK [2][-]{subsection.3.4}{Some Concentration of Measure}{section.3}% 21
