This is pdfTeX, Version 3.14159265-2.6-1.40.19 (TeX Live 2018) (preloaded format=pdflatex 2018.4.16)  6 JUL 2020 09:06
entering extended mode
 restricted \write18 enabled.
 file:line:error style messages enabled.
 %&-line parsing enabled.
**Mathematical_Statistics.tex
(./Mathematical_Statistics.tex
LaTeX2e <2018-04-01> patch level 2
Babel <3.18> and hyphenation patterns for 84 language(s) loaded.
(/usr/local/texlive/2018/texmf-dist/tex/latex/base/book.cls
Document Class: book 2014/09/29 v1.4h Standard LaTeX document class
(/usr/local/texlive/2018/texmf-dist/tex/latex/base/bk10.clo
File: bk10.clo 2014/09/29 v1.4h Standard LaTeX file (size option)
)
\c@part=\count80
\c@chapter=\count81
\c@section=\count82
\c@subsection=\count83
\c@subsubsection=\count84
\c@paragraph=\count85
\c@subparagraph=\count86
\c@figure=\count87
\c@table=\count88
\abovecaptionskip=\skip41
\belowcaptionskip=\skip42
\bibindent=\dimen102
)
(/usr/local/texlive/2018/texmf-dist/tex/latex/fancyhdr/fancyhdr.sty
Package: fancyhdr 2017/06/30 v3.9a Extensive control of page headers and footer
s
\f@nch@headwidth=\skip43
\f@nch@O@elh=\skip44
\f@nch@O@erh=\skip45
\f@nch@O@olh=\skip46
\f@nch@O@orh=\skip47
\f@nch@O@elf=\skip48
\f@nch@O@erf=\skip49
\f@nch@O@olf=\skip50
\f@nch@O@orf=\skip51
)
(/usr/local/texlive/2018/texmf-dist/tex/latex/fancyhdr/extramarks.sty
Package: extramarks 2017/06/30 v3.9a Extra marks for LaTeX
\@temptokenb=\toks14
)
(/usr/local/texlive/2018/texmf-dist/tex/latex/amsmath/amsmath.sty
Package: amsmath 2017/09/02 v2.17a AMS math features
\@mathmargin=\skip52

For additional information on amsmath, use the `?' option.
(/usr/local/texlive/2018/texmf-dist/tex/latex/amsmath/amstext.sty
Package: amstext 2000/06/29 v2.01 AMS text

(/usr/local/texlive/2018/texmf-dist/tex/latex/amsmath/amsgen.sty
File: amsgen.sty 1999/11/30 v2.0 generic functions
\@emptytoks=\toks15
\ex@=\dimen103
))
(/usr/local/texlive/2018/texmf-dist/tex/latex/amsmath/amsbsy.sty
Package: amsbsy 1999/11/29 v1.2d Bold Symbols
\pmbraise@=\dimen104
)
(/usr/local/texlive/2018/texmf-dist/tex/latex/amsmath/amsopn.sty
Package: amsopn 2016/03/08 v2.02 operator names
)
\inf@bad=\count89
LaTeX Info: Redefining \frac on input line 213.
\uproot@=\count90
\leftroot@=\count91
LaTeX Info: Redefining \overline on input line 375.
\classnum@=\count92
\DOTSCASE@=\count93
LaTeX Info: Redefining \ldots on input line 472.
LaTeX Info: Redefining \dots on input line 475.
LaTeX Info: Redefining \cdots on input line 596.
\Mathstrutbox@=\box26
\strutbox@=\box27
\big@size=\dimen105
LaTeX Font Info:    Redeclaring font encoding OML on input line 712.
LaTeX Font Info:    Redeclaring font encoding OMS on input line 713.
\macc@depth=\count94
\c@MaxMatrixCols=\count95
\dotsspace@=\muskip10
\c@parentequation=\count96
\dspbrk@lvl=\count97
\tag@help=\toks16
\row@=\count98
\column@=\count99
\maxfields@=\count100
\andhelp@=\toks17
\eqnshift@=\dimen106
\alignsep@=\dimen107
\tagshift@=\dimen108
\tagwidth@=\dimen109
\totwidth@=\dimen110
\lineht@=\dimen111
\@envbody=\toks18
\multlinegap=\skip53
\multlinetaggap=\skip54
\mathdisplay@stack=\toks19
LaTeX Info: Redefining \[ on input line 2817.
LaTeX Info: Redefining \] on input line 2818.
)
(/usr/local/texlive/2018/texmf-dist/tex/latex/amscls/amsthm.sty
Package: amsthm 2017/10/31 v2.20.4
\thm@style=\toks20
\thm@bodyfont=\toks21
\thm@headfont=\toks22
\thm@notefont=\toks23
\thm@headpunct=\toks24
\thm@preskip=\skip55
\thm@postskip=\skip56
\thm@headsep=\skip57
\dth@everypar=\toks25
)
(/usr/local/texlive/2018/texmf-dist/tex/latex/amsfonts/amsfonts.sty
Package: amsfonts 2013/01/14 v3.01 Basic AMSFonts support
\symAMSa=\mathgroup4
\symAMSb=\mathgroup5
LaTeX Font Info:    Overwriting math alphabet `\mathfrak' in version `bold'
(Font)                  U/euf/m/n --> U/euf/b/n on input line 106.
)
(/usr/local/texlive/2018/texmf-dist/tex/latex/pgf/frontendlayer/tikz.sty
(/usr/local/texlive/2018/texmf-dist/tex/latex/pgf/basiclayer/pgf.sty
(/usr/local/texlive/2018/texmf-dist/tex/latex/pgf/utilities/pgfrcs.sty
(/usr/local/texlive/2018/texmf-dist/tex/generic/pgf/utilities/pgfutil-common.te
x
\pgfutil@everybye=\toks26
\pgfutil@tempdima=\dimen112
\pgfutil@tempdimb=\dimen113

(/usr/local/texlive/2018/texmf-dist/tex/generic/pgf/utilities/pgfutil-common-li
sts.tex))
(/usr/local/texlive/2018/texmf-dist/tex/generic/pgf/utilities/pgfutil-latex.def
\pgfutil@abb=\box28
(/usr/local/texlive/2018/texmf-dist/tex/latex/ms/everyshi.sty
Package: everyshi 2001/05/15 v3.00 EveryShipout Package (MS)
))
(/usr/local/texlive/2018/texmf-dist/tex/generic/pgf/utilities/pgfrcs.code.tex
Package: pgfrcs 2015/08/07 v3.0.1a (rcs-revision 1.31)
))
Package: pgf 2015/08/07 v3.0.1a (rcs-revision 1.15)
(/usr/local/texlive/2018/texmf-dist/tex/latex/pgf/basiclayer/pgfcore.sty
(/usr/local/texlive/2018/texmf-dist/tex/latex/graphics/graphicx.sty
Package: graphicx 2017/06/01 v1.1a Enhanced LaTeX Graphics (DPC,SPQR)

(/usr/local/texlive/2018/texmf-dist/tex/latex/graphics/keyval.sty
Package: keyval 2014/10/28 v1.15 key=value parser (DPC)
\KV@toks@=\toks27
)
(/usr/local/texlive/2018/texmf-dist/tex/latex/graphics/graphics.sty
Package: graphics 2017/06/25 v1.2c Standard LaTeX Graphics (DPC,SPQR)

(/usr/local/texlive/2018/texmf-dist/tex/latex/graphics/trig.sty
Package: trig 2016/01/03 v1.10 sin cos tan (DPC)
)
(/usr/local/texlive/2018/texmf-dist/tex/latex/graphics-cfg/graphics.cfg
File: graphics.cfg 2016/06/04 v1.11 sample graphics configuration
)
Package graphics Info: Driver file: pdftex.def on input line 99.

(/usr/local/texlive/2018/texmf-dist/tex/latex/graphics-def/pdftex.def
File: pdftex.def 2018/01/08 v1.0l Graphics/color driver for pdftex
))
\Gin@req@height=\dimen114
\Gin@req@width=\dimen115
)
(/usr/local/texlive/2018/texmf-dist/tex/latex/pgf/systemlayer/pgfsys.sty
(/usr/local/texlive/2018/texmf-dist/tex/generic/pgf/systemlayer/pgfsys.code.tex
Package: pgfsys 2014/07/09 v3.0.1a (rcs-revision 1.48)
(/usr/local/texlive/2018/texmf-dist/tex/generic/pgf/utilities/pgfkeys.code.tex
\pgfkeys@pathtoks=\toks28
\pgfkeys@temptoks=\toks29

(/usr/local/texlive/2018/texmf-dist/tex/generic/pgf/utilities/pgfkeysfiltered.c
ode.tex
\pgfkeys@tmptoks=\toks30
))
\pgf@x=\dimen116
\pgf@y=\dimen117
\pgf@xa=\dimen118
\pgf@ya=\dimen119
\pgf@xb=\dimen120
\pgf@yb=\dimen121
\pgf@xc=\dimen122
\pgf@yc=\dimen123
\w@pgf@writea=\write3
\r@pgf@reada=\read1
\c@pgf@counta=\count101
\c@pgf@countb=\count102
\c@pgf@countc=\count103
\c@pgf@countd=\count104
\t@pgf@toka=\toks31
\t@pgf@tokb=\toks32
\t@pgf@tokc=\toks33

(/usr/local/texlive/2018/texmf-dist/tex/generic/pgf/systemlayer/pgf.cfg
File: pgf.cfg 2008/05/14  (rcs-revision 1.7)
)
Driver file for pgf: pgfsys-pdftex.def

(/usr/local/texlive/2018/texmf-dist/tex/generic/pgf/systemlayer/pgfsys-pdftex.d
ef
File: pgfsys-pdftex.def 2014/10/11  (rcs-revision 1.35)

(/usr/local/texlive/2018/texmf-dist/tex/generic/pgf/systemlayer/pgfsys-common-p
df.def
File: pgfsys-common-pdf.def 2013/10/10  (rcs-revision 1.13)
)))
(/usr/local/texlive/2018/texmf-dist/tex/generic/pgf/systemlayer/pgfsyssoftpath.
code.tex
File: pgfsyssoftpath.code.tex 2013/09/09  (rcs-revision 1.9)
\pgfsyssoftpath@smallbuffer@items=\count105
\pgfsyssoftpath@bigbuffer@items=\count106
)
(/usr/local/texlive/2018/texmf-dist/tex/generic/pgf/systemlayer/pgfsysprotocol.
code.tex
File: pgfsysprotocol.code.tex 2006/10/16  (rcs-revision 1.4)
)) (/usr/local/texlive/2018/texmf-dist/tex/latex/xcolor/xcolor.sty
Package: xcolor 2016/05/11 v2.12 LaTeX color extensions (UK)

(/usr/local/texlive/2018/texmf-dist/tex/latex/graphics-cfg/color.cfg
File: color.cfg 2016/01/02 v1.6 sample color configuration
)
Package xcolor Info: Driver file: pdftex.def on input line 225.
Package xcolor Info: Model `cmy' substituted by `cmy0' on input line 1348.
Package xcolor Info: Model `hsb' substituted by `rgb' on input line 1352.
Package xcolor Info: Model `RGB' extended on input line 1364.
Package xcolor Info: Model `HTML' substituted by `rgb' on input line 1366.
Package xcolor Info: Model `Hsb' substituted by `hsb' on input line 1367.
Package xcolor Info: Model `tHsb' substituted by `hsb' on input line 1368.
Package xcolor Info: Model `HSB' substituted by `hsb' on input line 1369.
Package xcolor Info: Model `Gray' substituted by `gray' on input line 1370.
Package xcolor Info: Model `wave' substituted by `hsb' on input line 1371.
)
(/usr/local/texlive/2018/texmf-dist/tex/generic/pgf/basiclayer/pgfcore.code.tex
Package: pgfcore 2010/04/11 v3.0.1a (rcs-revision 1.7)
(/usr/local/texlive/2018/texmf-dist/tex/generic/pgf/math/pgfmath.code.tex
(/usr/local/texlive/2018/texmf-dist/tex/generic/pgf/math/pgfmathcalc.code.tex
(/usr/local/texlive/2018/texmf-dist/tex/generic/pgf/math/pgfmathutil.code.tex)
(/usr/local/texlive/2018/texmf-dist/tex/generic/pgf/math/pgfmathparser.code.tex
\pgfmath@dimen=\dimen124
\pgfmath@count=\count107
\pgfmath@box=\box29
\pgfmath@toks=\toks34
\pgfmath@stack@operand=\toks35
\pgfmath@stack@operation=\toks36
)
(/usr/local/texlive/2018/texmf-dist/tex/generic/pgf/math/pgfmathfunctions.code.
tex
(/usr/local/texlive/2018/texmf-dist/tex/generic/pgf/math/pgfmathfunctions.basic
.code.tex)
(/usr/local/texlive/2018/texmf-dist/tex/generic/pgf/math/pgfmathfunctions.trigo
nometric.code.tex)
(/usr/local/texlive/2018/texmf-dist/tex/generic/pgf/math/pgfmathfunctions.rando
m.code.tex)
(/usr/local/texlive/2018/texmf-dist/tex/generic/pgf/math/pgfmathfunctions.compa
rison.code.tex)
(/usr/local/texlive/2018/texmf-dist/tex/generic/pgf/math/pgfmathfunctions.base.
code.tex)
(/usr/local/texlive/2018/texmf-dist/tex/generic/pgf/math/pgfmathfunctions.round
.code.tex)
(/usr/local/texlive/2018/texmf-dist/tex/generic/pgf/math/pgfmathfunctions.misc.
code.tex)
(/usr/local/texlive/2018/texmf-dist/tex/generic/pgf/math/pgfmathfunctions.integ
erarithmetics.code.tex)))
(/usr/local/texlive/2018/texmf-dist/tex/generic/pgf/math/pgfmathfloat.code.tex
\c@pgfmathroundto@lastzeros=\count108
))
(/usr/local/texlive/2018/texmf-dist/tex/generic/pgf/basiclayer/pgfcorepoints.co
de.tex
File: pgfcorepoints.code.tex 2013/10/07  (rcs-revision 1.27)
\pgf@picminx=\dimen125
\pgf@picmaxx=\dimen126
\pgf@picminy=\dimen127
\pgf@picmaxy=\dimen128
\pgf@pathminx=\dimen129
\pgf@pathmaxx=\dimen130
\pgf@pathminy=\dimen131
\pgf@pathmaxy=\dimen132
\pgf@xx=\dimen133
\pgf@xy=\dimen134
\pgf@yx=\dimen135
\pgf@yy=\dimen136
\pgf@zx=\dimen137
\pgf@zy=\dimen138
)
(/usr/local/texlive/2018/texmf-dist/tex/generic/pgf/basiclayer/pgfcorepathconst
ruct.code.tex
File: pgfcorepathconstruct.code.tex 2013/10/07  (rcs-revision 1.29)
\pgf@path@lastx=\dimen139
\pgf@path@lasty=\dimen140
)
(/usr/local/texlive/2018/texmf-dist/tex/generic/pgf/basiclayer/pgfcorepathusage
.code.tex
File: pgfcorepathusage.code.tex 2014/11/02  (rcs-revision 1.24)
\pgf@shorten@end@additional=\dimen141
\pgf@shorten@start@additional=\dimen142
)
(/usr/local/texlive/2018/texmf-dist/tex/generic/pgf/basiclayer/pgfcorescopes.co
de.tex
File: pgfcorescopes.code.tex 2015/05/08  (rcs-revision 1.46)
\pgfpic=\box30
\pgf@hbox=\box31
\pgf@layerbox@main=\box32
\pgf@picture@serial@count=\count109
)
(/usr/local/texlive/2018/texmf-dist/tex/generic/pgf/basiclayer/pgfcoregraphicst
ate.code.tex
File: pgfcoregraphicstate.code.tex 2014/11/02  (rcs-revision 1.12)
\pgflinewidth=\dimen143
)
(/usr/local/texlive/2018/texmf-dist/tex/generic/pgf/basiclayer/pgfcoretransform
ations.code.tex
File: pgfcoretransformations.code.tex 2015/08/07  (rcs-revision 1.20)
\pgf@pt@x=\dimen144
\pgf@pt@y=\dimen145
\pgf@pt@temp=\dimen146
)
(/usr/local/texlive/2018/texmf-dist/tex/generic/pgf/basiclayer/pgfcorequick.cod
e.tex
File: pgfcorequick.code.tex 2008/10/09  (rcs-revision 1.3)
)
(/usr/local/texlive/2018/texmf-dist/tex/generic/pgf/basiclayer/pgfcoreobjects.c
ode.tex
File: pgfcoreobjects.code.tex 2006/10/11  (rcs-revision 1.2)
)
(/usr/local/texlive/2018/texmf-dist/tex/generic/pgf/basiclayer/pgfcorepathproce
ssing.code.tex
File: pgfcorepathprocessing.code.tex 2013/09/09  (rcs-revision 1.9)
)
(/usr/local/texlive/2018/texmf-dist/tex/generic/pgf/basiclayer/pgfcorearrows.co
de.tex
File: pgfcorearrows.code.tex 2015/05/14  (rcs-revision 1.43)
\pgfarrowsep=\dimen147
)
(/usr/local/texlive/2018/texmf-dist/tex/generic/pgf/basiclayer/pgfcoreshade.cod
e.tex
File: pgfcoreshade.code.tex 2013/07/15  (rcs-revision 1.15)
\pgf@max=\dimen148
\pgf@sys@shading@range@num=\count110
)
(/usr/local/texlive/2018/texmf-dist/tex/generic/pgf/basiclayer/pgfcoreimage.cod
e.tex
File: pgfcoreimage.code.tex 2013/07/15  (rcs-revision 1.18)

(/usr/local/texlive/2018/texmf-dist/tex/generic/pgf/basiclayer/pgfcoreexternal.
code.tex
File: pgfcoreexternal.code.tex 2014/07/09  (rcs-revision 1.21)
\pgfexternal@startupbox=\box33
))
(/usr/local/texlive/2018/texmf-dist/tex/generic/pgf/basiclayer/pgfcorelayers.co
de.tex
File: pgfcorelayers.code.tex 2013/07/18  (rcs-revision 1.7)
)
(/usr/local/texlive/2018/texmf-dist/tex/generic/pgf/basiclayer/pgfcoretranspare
ncy.code.tex
File: pgfcoretransparency.code.tex 2013/09/30  (rcs-revision 1.5)
)
(/usr/local/texlive/2018/texmf-dist/tex/generic/pgf/basiclayer/pgfcorepatterns.
code.tex
File: pgfcorepatterns.code.tex 2013/11/07  (rcs-revision 1.5)
)))
(/usr/local/texlive/2018/texmf-dist/tex/generic/pgf/modules/pgfmoduleshapes.cod
e.tex
File: pgfmoduleshapes.code.tex 2014/03/21  (rcs-revision 1.35)
\pgfnodeparttextbox=\box34
)
(/usr/local/texlive/2018/texmf-dist/tex/generic/pgf/modules/pgfmoduleplot.code.
tex
File: pgfmoduleplot.code.tex 2015/08/03  (rcs-revision 1.13)
)
(/usr/local/texlive/2018/texmf-dist/tex/latex/pgf/compatibility/pgfcomp-version
-0-65.sty
Package: pgfcomp-version-0-65 2007/07/03 v3.0.1a (rcs-revision 1.7)
\pgf@nodesepstart=\dimen149
\pgf@nodesepend=\dimen150
)
(/usr/local/texlive/2018/texmf-dist/tex/latex/pgf/compatibility/pgfcomp-version
-1-18.sty
Package: pgfcomp-version-1-18 2007/07/23 v3.0.1a (rcs-revision 1.1)
))
(/usr/local/texlive/2018/texmf-dist/tex/latex/pgf/utilities/pgffor.sty
(/usr/local/texlive/2018/texmf-dist/tex/latex/pgf/utilities/pgfkeys.sty
(/usr/local/texlive/2018/texmf-dist/tex/generic/pgf/utilities/pgfkeys.code.tex)
) (/usr/local/texlive/2018/texmf-dist/tex/latex/pgf/math/pgfmath.sty
(/usr/local/texlive/2018/texmf-dist/tex/generic/pgf/math/pgfmath.code.tex))
(/usr/local/texlive/2018/texmf-dist/tex/generic/pgf/utilities/pgffor.code.tex
Package: pgffor 2013/12/13 v3.0.1a (rcs-revision 1.25)

(/usr/local/texlive/2018/texmf-dist/tex/generic/pgf/math/pgfmath.code.tex)
\pgffor@iter=\dimen151
\pgffor@skip=\dimen152
\pgffor@stack=\toks37
\pgffor@toks=\toks38
))
(/usr/local/texlive/2018/texmf-dist/tex/generic/pgf/frontendlayer/tikz/tikz.cod
e.tex
Package: tikz 2015/08/07 v3.0.1a (rcs-revision 1.151)

(/usr/local/texlive/2018/texmf-dist/tex/generic/pgf/libraries/pgflibraryplothan
dlers.code.tex
File: pgflibraryplothandlers.code.tex 2013/08/31 v3.0.1a (rcs-revision 1.20)
\pgf@plot@mark@count=\count111
\pgfplotmarksize=\dimen153
)
\tikz@lastx=\dimen154
\tikz@lasty=\dimen155
\tikz@lastxsaved=\dimen156
\tikz@lastysaved=\dimen157
\tikzleveldistance=\dimen158
\tikzsiblingdistance=\dimen159
\tikz@figbox=\box35
\tikz@figbox@bg=\box36
\tikz@tempbox=\box37
\tikz@tempbox@bg=\box38
\tikztreelevel=\count112
\tikznumberofchildren=\count113
\tikznumberofcurrentchild=\count114
\tikz@fig@count=\count115

(/usr/local/texlive/2018/texmf-dist/tex/generic/pgf/modules/pgfmodulematrix.cod
e.tex
File: pgfmodulematrix.code.tex 2013/09/17  (rcs-revision 1.8)
\pgfmatrixcurrentrow=\count116
\pgfmatrixcurrentcolumn=\count117
\pgf@matrix@numberofcolumns=\count118
)
\tikz@expandcount=\count119

(/usr/local/texlive/2018/texmf-dist/tex/generic/pgf/frontendlayer/tikz/librarie
s/tikzlibrarytopaths.code.tex
File: tikzlibrarytopaths.code.tex 2008/06/17 v3.0.1a (rcs-revision 1.2)
)))
(/usr/local/texlive/2018/texmf-dist/tex/latex/tools/enumerate.sty
Package: enumerate 2015/07/23 v3.00 enumerate extensions (DPC)
\@enLab=\toks39
)
(/usr/local/texlive/2018/texmf-dist/tex/latex/algorithms/algorithm.sty
Package: algorithm 2009/08/24 v0.1 Document Style `algorithm' - floating enviro
nment

(/usr/local/texlive/2018/texmf-dist/tex/latex/float/float.sty
Package: float 2001/11/08 v1.3d Float enhancements (AL)
\c@float@type=\count120
\float@exts=\toks40
\float@box=\box39
\@float@everytoks=\toks41
\@floatcapt=\box40
)
(/usr/local/texlive/2018/texmf-dist/tex/latex/base/ifthen.sty
Package: ifthen 2014/09/29 v1.1c Standard LaTeX ifthen package (DPC)
)
\@float@every@algorithm=\toks42
\c@algorithm=\count121
)
(/usr/local/texlive/2018/texmf-dist/tex/latex/algorithmicx/algpseudocode.sty
Package: algpseudocode 

(/usr/local/texlive/2018/texmf-dist/tex/latex/algorithmicx/algorithmicx.sty
Package: algorithmicx 2005/04/27 v1.2 Algorithmicx

Document Style algorithmicx 1.2 - a greatly improved `algorithmic' style
\c@ALG@line=\count122
\c@ALG@rem=\count123
\c@ALG@nested=\count124
\ALG@tlm=\skip58
\ALG@thistlm=\skip59
\c@ALG@Lnr=\count125
\c@ALG@blocknr=\count126
\c@ALG@storecount=\count127
\c@ALG@tmpcounter=\count128
\ALG@tmplength=\skip60
)
Document Style - pseudocode environments for use with the `algorithmicx' style
) (/usr/local/texlive/2018/texmf-dist/tex/latex/ms/ragged2e.sty
Package: ragged2e 2009/05/21 v2.1 ragged2e Package (MS)


LaTeX Warning: Command \@arrayparboxrestore  has changed.
               Check if current package is valid.

(/usr/local/texlive/2018/texmf-dist/tex/latex/ms/everysel.sty
Package: everysel 2011/10/28 v1.2 EverySelectfont Package (MS)
)
(/usr/local/texlive/2018/texmf-dist/tex/latex/footmisc/footmisc.sty
Package: footmisc 2011/06/06 v5.5b a miscellany of footnote facilities
\FN@temptoken=\toks43
\footnotemargin=\dimen160
\c@pp@next@reset=\count129
Package footmisc Info: Declaring symbol style bringhurst on input line 855.
Package footmisc Info: Declaring symbol style chicago on input line 863.
Package footmisc Info: Declaring symbol style wiley on input line 872.
Package footmisc Info: Declaring symbol style lamport-robust on input line 883.

Package footmisc Info: Declaring symbol style lamport* on input line 903.
Package footmisc Info: Declaring symbol style lamport*-robust on input line 924
.
)
\CenteringLeftskip=\skip61
\RaggedLeftLeftskip=\skip62
\RaggedRightLeftskip=\skip63
\CenteringRightskip=\skip64
\RaggedLeftRightskip=\skip65
\RaggedRightRightskip=\skip66
\CenteringParfillskip=\skip67
\RaggedLeftParfillskip=\skip68
\RaggedRightParfillskip=\skip69
\JustifyingParfillskip=\skip70
\CenteringParindent=\skip71
\RaggedLeftParindent=\skip72
\RaggedRightParindent=\skip73
\JustifyingParindent=\skip74
)
(/usr/local/texlive/2018/texmf-dist/tex/latex/base/textcomp.sty
Package: textcomp 2017/04/05 v2.0i Standard LaTeX package
Package textcomp Info: Sub-encoding information:
(textcomp)               5 = only ISO-Adobe without \textcurrency
(textcomp)               4 = 5 + \texteuro
(textcomp)               3 = 4 + \textohm
(textcomp)               2 = 3 + \textestimated + \textcurrency
(textcomp)               1 = TS1 - \textcircled - \t
(textcomp)               0 = TS1 (full)
(textcomp)             Font families with sub-encoding setting implement
(textcomp)             only a restricted character set as indicated.
(textcomp)             Family '?' is the default used for unknown fonts.
(textcomp)             See the documentation for details.
Package textcomp Info: Setting ? sub-encoding to TS1/1 on input line 79.

(/usr/local/texlive/2018/texmf-dist/tex/latex/base/ts1enc.def
File: ts1enc.def 2001/06/05 v3.0e (jk/car/fm) Standard LaTeX file
Now handling font encoding TS1 ...
... processing UTF-8 mapping file for font encoding TS1

(/usr/local/texlive/2018/texmf-dist/tex/latex/base/ts1enc.dfu
File: ts1enc.dfu 2018/04/05 v1.2c UTF-8 support for inputenc
   defining Unicode char U+00A2 (decimal 162)
   defining Unicode char U+00A3 (decimal 163)
   defining Unicode char U+00A4 (decimal 164)
   defining Unicode char U+00A5 (decimal 165)
   defining Unicode char U+00A6 (decimal 166)
   defining Unicode char U+00A7 (decimal 167)
   defining Unicode char U+00A8 (decimal 168)
   defining Unicode char U+00A9 (decimal 169)
   defining Unicode char U+00AA (decimal 170)
   defining Unicode char U+00AC (decimal 172)
   defining Unicode char U+00AE (decimal 174)
   defining Unicode char U+00AF (decimal 175)
   defining Unicode char U+00B0 (decimal 176)
   defining Unicode char U+00B1 (decimal 177)
   defining Unicode char U+00B2 (decimal 178)
   defining Unicode char U+00B3 (decimal 179)
   defining Unicode char U+00B4 (decimal 180)
   defining Unicode char U+00B5 (decimal 181)
   defining Unicode char U+00B6 (decimal 182)
   defining Unicode char U+00B7 (decimal 183)
   defining Unicode char U+00B9 (decimal 185)
   defining Unicode char U+00BA (decimal 186)
   defining Unicode char U+00BC (decimal 188)
   defining Unicode char U+00BD (decimal 189)
   defining Unicode char U+00BE (decimal 190)
   defining Unicode char U+00D7 (decimal 215)
   defining Unicode char U+00F7 (decimal 247)
   defining Unicode char U+0192 (decimal 402)
   defining Unicode char U+02C7 (decimal 711)
   defining Unicode char U+02D8 (decimal 728)
   defining Unicode char U+02DD (decimal 733)
   defining Unicode char U+0E3F (decimal 3647)
   defining Unicode char U+2016 (decimal 8214)
   defining Unicode char U+2020 (decimal 8224)
   defining Unicode char U+2021 (decimal 8225)
   defining Unicode char U+2022 (decimal 8226)
   defining Unicode char U+2030 (decimal 8240)
   defining Unicode char U+2031 (decimal 8241)
   defining Unicode char U+203B (decimal 8251)
   defining Unicode char U+203D (decimal 8253)
   defining Unicode char U+2044 (decimal 8260)
   defining Unicode char U+204E (decimal 8270)
   defining Unicode char U+2052 (decimal 8274)
   defining Unicode char U+20A1 (decimal 8353)
   defining Unicode char U+20A4 (decimal 8356)
   defining Unicode char U+20A6 (decimal 8358)
   defining Unicode char U+20A9 (decimal 8361)
   defining Unicode char U+20AB (decimal 8363)
   defining Unicode char U+20AC (decimal 8364)
   defining Unicode char U+20B1 (decimal 8369)
   defining Unicode char U+2103 (decimal 8451)
   defining Unicode char U+2116 (decimal 8470)
   defining Unicode char U+2117 (decimal 8471)
   defining Unicode char U+211E (decimal 8478)
   defining Unicode char U+2120 (decimal 8480)
   defining Unicode char U+2122 (decimal 8482)
   defining Unicode char U+2126 (decimal 8486)
   defining Unicode char U+2127 (decimal 8487)
   defining Unicode char U+212E (decimal 8494)
   defining Unicode char U+2190 (decimal 8592)
   defining Unicode char U+2191 (decimal 8593)
   defining Unicode char U+2192 (decimal 8594)
   defining Unicode char U+2193 (decimal 8595)
   defining Unicode char U+2329 (decimal 9001)
   defining Unicode char U+232A (decimal 9002)
   defining Unicode char U+2422 (decimal 9250)
   defining Unicode char U+25E6 (decimal 9702)
   defining Unicode char U+25EF (decimal 9711)
   defining Unicode char U+266A (decimal 9834)
   defining Unicode char U+FEFF (decimal 65279)
))
LaTeX Info: Redefining \oldstylenums on input line 334.
Package textcomp Info: Setting cmr sub-encoding to TS1/0 on input line 349.
Package textcomp Info: Setting cmss sub-encoding to TS1/0 on input line 350.
Package textcomp Info: Setting cmtt sub-encoding to TS1/0 on input line 351.
Package textcomp Info: Setting cmvtt sub-encoding to TS1/0 on input line 352.
Package textcomp Info: Setting cmbr sub-encoding to TS1/0 on input line 353.
Package textcomp Info: Setting cmtl sub-encoding to TS1/0 on input line 354.
Package textcomp Info: Setting ccr sub-encoding to TS1/0 on input line 355.
Package textcomp Info: Setting ptm sub-encoding to TS1/4 on input line 356.
Package textcomp Info: Setting pcr sub-encoding to TS1/4 on input line 357.
Package textcomp Info: Setting phv sub-encoding to TS1/4 on input line 358.
Package textcomp Info: Setting ppl sub-encoding to TS1/3 on input line 359.
Package textcomp Info: Setting pag sub-encoding to TS1/4 on input line 360.
Package textcomp Info: Setting pbk sub-encoding to TS1/4 on input line 361.
Package textcomp Info: Setting pnc sub-encoding to TS1/4 on input line 362.
Package textcomp Info: Setting pzc sub-encoding to TS1/4 on input line 363.
Package textcomp Info: Setting bch sub-encoding to TS1/4 on input line 364.
Package textcomp Info: Setting put sub-encoding to TS1/5 on input line 365.
Package textcomp Info: Setting uag sub-encoding to TS1/5 on input line 366.
Package textcomp Info: Setting ugq sub-encoding to TS1/5 on input line 367.
Package textcomp Info: Setting ul8 sub-encoding to TS1/4 on input line 368.
Package textcomp Info: Setting ul9 sub-encoding to TS1/4 on input line 369.
Package textcomp Info: Setting augie sub-encoding to TS1/5 on input line 370.
Package textcomp Info: Setting dayrom sub-encoding to TS1/3 on input line 371.
Package textcomp Info: Setting dayroms sub-encoding to TS1/3 on input line 372.

Package textcomp Info: Setting pxr sub-encoding to TS1/0 on input line 373.
Package textcomp Info: Setting pxss sub-encoding to TS1/0 on input line 374.
Package textcomp Info: Setting pxtt sub-encoding to TS1/0 on input line 375.
Package textcomp Info: Setting txr sub-encoding to TS1/0 on input line 376.
Package textcomp Info: Setting txss sub-encoding to TS1/0 on input line 377.
Package textcomp Info: Setting txtt sub-encoding to TS1/0 on input line 378.
Package textcomp Info: Setting lmr sub-encoding to TS1/0 on input line 379.
Package textcomp Info: Setting lmdh sub-encoding to TS1/0 on input line 380.
Package textcomp Info: Setting lmss sub-encoding to TS1/0 on input line 381.
Package textcomp Info: Setting lmssq sub-encoding to TS1/0 on input line 382.
Package textcomp Info: Setting lmvtt sub-encoding to TS1/0 on input line 383.
Package textcomp Info: Setting lmtt sub-encoding to TS1/0 on input line 384.
Package textcomp Info: Setting qhv sub-encoding to TS1/0 on input line 385.
Package textcomp Info: Setting qag sub-encoding to TS1/0 on input line 386.
Package textcomp Info: Setting qbk sub-encoding to TS1/0 on input line 387.
Package textcomp Info: Setting qcr sub-encoding to TS1/0 on input line 388.
Package textcomp Info: Setting qcs sub-encoding to TS1/0 on input line 389.
Package textcomp Info: Setting qpl sub-encoding to TS1/0 on input line 390.
Package textcomp Info: Setting qtm sub-encoding to TS1/0 on input line 391.
Package textcomp Info: Setting qzc sub-encoding to TS1/0 on input line 392.
Package textcomp Info: Setting qhvc sub-encoding to TS1/0 on input line 393.
Package textcomp Info: Setting futs sub-encoding to TS1/4 on input line 394.
Package textcomp Info: Setting futx sub-encoding to TS1/4 on input line 395.
Package textcomp Info: Setting futj sub-encoding to TS1/4 on input line 396.
Package textcomp Info: Setting hlh sub-encoding to TS1/3 on input line 397.
Package textcomp Info: Setting hls sub-encoding to TS1/3 on input line 398.
Package textcomp Info: Setting hlst sub-encoding to TS1/3 on input line 399.
Package textcomp Info: Setting hlct sub-encoding to TS1/5 on input line 400.
Package textcomp Info: Setting hlx sub-encoding to TS1/5 on input line 401.
Package textcomp Info: Setting hlce sub-encoding to TS1/5 on input line 402.
Package textcomp Info: Setting hlcn sub-encoding to TS1/5 on input line 403.
Package textcomp Info: Setting hlcw sub-encoding to TS1/5 on input line 404.
Package textcomp Info: Setting hlcf sub-encoding to TS1/5 on input line 405.
Package textcomp Info: Setting pplx sub-encoding to TS1/3 on input line 406.
Package textcomp Info: Setting pplj sub-encoding to TS1/3 on input line 407.
Package textcomp Info: Setting ptmx sub-encoding to TS1/4 on input line 408.
Package textcomp Info: Setting ptmj sub-encoding to TS1/4 on input line 409.
)
(/usr/local/texlive/2018/texmf-dist/tex/latex/hyperref/hyperref.sty
Package: hyperref 2018/02/06 v6.86b Hypertext links for LaTeX

(/usr/local/texlive/2018/texmf-dist/tex/generic/oberdiek/hobsub-hyperref.sty
Package: hobsub-hyperref 2016/05/16 v1.14 Bundle oberdiek, subset hyperref (HO)


(/usr/local/texlive/2018/texmf-dist/tex/generic/oberdiek/hobsub-generic.sty
Package: hobsub-generic 2016/05/16 v1.14 Bundle oberdiek, subset generic (HO)
Package: hobsub 2016/05/16 v1.14 Construct package bundles (HO)
Package: infwarerr 2016/05/16 v1.4 Providing info/warning/error messages (HO)
Package: ltxcmds 2016/05/16 v1.23 LaTeX kernel commands for general use (HO)
Package: ifluatex 2016/05/16 v1.4 Provides the ifluatex switch (HO)
Package ifluatex Info: LuaTeX not detected.
Package: ifvtex 2016/05/16 v1.6 Detect VTeX and its facilities (HO)
Package ifvtex Info: VTeX not detected.
Package: intcalc 2016/05/16 v1.2 Expandable calculations with integers (HO)
Package: ifpdf 2017/03/15 v3.2 Provides the ifpdf switch
Package: etexcmds 2016/05/16 v1.6 Avoid name clashes with e-TeX commands (HO)
Package etexcmds Info: Could not find \expanded.
(etexcmds)             That can mean that you are not using pdfTeX 1.50 or
(etexcmds)             that some package has redefined \expanded.
(etexcmds)             In the latter case, load this package earlier.
Package: kvsetkeys 2016/05/16 v1.17 Key value parser (HO)
Package: kvdefinekeys 2016/05/16 v1.4 Define keys (HO)
Package: pdftexcmds 2018/01/30 v0.27 Utility functions of pdfTeX for LuaTeX (HO
)
Package pdftexcmds Info: LuaTeX not detected.
Package pdftexcmds Info: \pdf@primitive is available.
Package pdftexcmds Info: \pdf@ifprimitive is available.
Package pdftexcmds Info: \pdfdraftmode found.
Package: pdfescape 2016/05/16 v1.14 Implements pdfTeX's escape features (HO)
Package: bigintcalc 2016/05/16 v1.4 Expandable calculations on big integers (HO
)
Package: bitset 2016/05/16 v1.2 Handle bit-vector datatype (HO)
Package: uniquecounter 2016/05/16 v1.3 Provide unlimited unique counter (HO)
)
Package hobsub Info: Skipping package `hobsub' (already loaded).
Package: letltxmacro 2016/05/16 v1.5 Let assignment for LaTeX macros (HO)
Package: hopatch 2016/05/16 v1.3 Wrapper for package hooks (HO)
Package: xcolor-patch 2016/05/16 xcolor patch
Package: atveryend 2016/05/16 v1.9 Hooks at the very end of document (HO)
Package atveryend Info: \enddocument detected (standard20110627).
Package: atbegshi 2016/06/09 v1.18 At begin shipout hook (HO)
Package: refcount 2016/05/16 v3.5 Data extraction from label references (HO)
Package: hycolor 2016/05/16 v1.8 Color options for hyperref/bookmark (HO)
)
(/usr/local/texlive/2018/texmf-dist/tex/generic/ifxetex/ifxetex.sty
Package: ifxetex 2010/09/12 v0.6 Provides ifxetex conditional
)
(/usr/local/texlive/2018/texmf-dist/tex/latex/oberdiek/auxhook.sty
Package: auxhook 2016/05/16 v1.4 Hooks for auxiliary files (HO)
)
(/usr/local/texlive/2018/texmf-dist/tex/latex/oberdiek/kvoptions.sty
Package: kvoptions 2016/05/16 v3.12 Key value format for package options (HO)
)
\@linkdim=\dimen161
\Hy@linkcounter=\count130
\Hy@pagecounter=\count131

(/usr/local/texlive/2018/texmf-dist/tex/latex/hyperref/pd1enc.def
File: pd1enc.def 2018/02/06 v6.86b Hyperref: PDFDocEncoding definition (HO)
Now handling font encoding PD1 ...
... no UTF-8 mapping file for font encoding PD1
)
\Hy@SavedSpaceFactor=\count132

(/usr/local/texlive/2018/texmf-dist/tex/latex/latexconfig/hyperref.cfg
File: hyperref.cfg 2002/06/06 v1.2 hyperref configuration of TeXLive
)
Package hyperref Info: Hyper figures OFF on input line 4509.
Package hyperref Info: Link nesting OFF on input line 4514.
Package hyperref Info: Hyper index ON on input line 4517.
Package hyperref Info: Plain pages OFF on input line 4524.
Package hyperref Info: Backreferencing OFF on input line 4529.
Package hyperref Info: Implicit mode ON; LaTeX internals redefined.
Package hyperref Info: Bookmarks ON on input line 4762.
\c@Hy@tempcnt=\count133

(/usr/local/texlive/2018/texmf-dist/tex/latex/url/url.sty
\Urlmuskip=\muskip11
Package: url 2013/09/16  ver 3.4  Verb mode for urls, etc.
)
LaTeX Info: Redefining \url on input line 5115.
\XeTeXLinkMargin=\dimen162
\Fld@menulength=\count134
\Field@Width=\dimen163
\Fld@charsize=\dimen164
Package hyperref Info: Hyper figures OFF on input line 6369.
Package hyperref Info: Link nesting OFF on input line 6374.
Package hyperref Info: Hyper index ON on input line 6377.
Package hyperref Info: backreferencing OFF on input line 6384.
Package hyperref Info: Link coloring OFF on input line 6389.
Package hyperref Info: Link coloring with OCG OFF on input line 6394.
Package hyperref Info: PDF/A mode OFF on input line 6399.
LaTeX Info: Redefining \ref on input line 6439.
LaTeX Info: Redefining \pageref on input line 6443.
\Hy@abspage=\count135
\c@Item=\count136
\c@Hfootnote=\count137
)
Package hyperref Info: Driver (autodetected): hpdftex.

(/usr/local/texlive/2018/texmf-dist/tex/latex/hyperref/hpdftex.def
File: hpdftex.def 2018/02/06 v6.86b Hyperref driver for pdfTeX
\Fld@listcount=\count138
\c@bookmark@seq@number=\count139

(/usr/local/texlive/2018/texmf-dist/tex/latex/oberdiek/rerunfilecheck.sty
Package: rerunfilecheck 2016/05/16 v1.8 Rerun checks for auxiliary files (HO)
Package uniquecounter Info: New unique counter `rerunfilecheck' on input line 2
82.
)
\Hy@SectionHShift=\skip75
)
Package hyperref Info: Option `colorlinks' set `true' on input line 22.

(/usr/local/texlive/2018/texmf-dist/tex/latex/import/import.sty
Package: import 2009/03/23  v 5.1
)
(/usr/local/texlive/2018/texmf-dist/tex/latex/natbib/natbib.sty
Package: natbib 2010/09/13 8.31b (PWD, AO)
\bibhang=\skip76
\bibsep=\skip77
LaTeX Info: Redefining \cite on input line 694.
\c@NAT@ctr=\count140
)
(/usr/local/texlive/2018/texmf-dist/tex/latex/bbm-macros/bbm.sty
Package: bbm 1999/03/15 V 1.2 provides fonts for set symbols - TH
LaTeX Font Info:    Overwriting math alphabet `\mathbbm' in version `bold'
(Font)                  U/bbm/m/n --> U/bbm/bx/n on input line 33.
LaTeX Font Info:    Overwriting math alphabet `\mathbbmss' in version `bold'
(Font)                  U/bbmss/m/n --> U/bbmss/bx/n on input line 35.
)
(/usr/local/texlive/2018/texmf-dist/tex/latex/amsfonts/amssymb.sty
Package: amssymb 2013/01/14 v3.01 AMS font symbols
)
(/usr/local/texlive/2018/texmf-dist/tex/generic/pgf/frontendlayer/tikz/librarie
s/tikzlibraryautomata.code.tex
File: tikzlibraryautomata.code.tex 2008/07/14 v3.0.1a (rcs-revision 1.3)

(/usr/local/texlive/2018/texmf-dist/tex/generic/pgf/frontendlayer/tikz/librarie
s/tikzlibraryshapes.multipart.code.tex
File: tikzlibraryshapes.multipart.code.tex 2008/01/09 v3.0.1a (rcs-revision 1.1
)

(/usr/local/texlive/2018/texmf-dist/tex/generic/pgf/libraries/shapes/pgflibrary
shapes.multipart.code.tex
File: pgflibraryshapes.multipart.code.tex 2010/01/07 v3.0.1a (rcs-revision 1.2)

\pgfnodepartlowerbox=\box41
\pgfnodeparttwobox=\box42
\pgfnodepartthreebox=\box43
\pgfnodepartfourbox=\box44
\pgfnodeparttwentybox=\box45
\pgfnodepartnineteenbox=\box46
\pgfnodeparteighteenbox=\box47
\pgfnodepartseventeenbox=\box48
\pgfnodepartsixteenbox=\box49
\pgfnodepartfifteenbox=\box50
\pgfnodepartfourteenbox=\box51
\pgfnodepartthirteenbox=\box52
\pgfnodeparttwelvebox=\box53
\pgfnodepartelevenbox=\box54
\pgfnodeparttenbox=\box55
\pgfnodepartninebox=\box56
\pgfnodeparteightbox=\box57
\pgfnodepartsevenbox=\box58
\pgfnodepartsixbox=\box59
\pgfnodepartfivebox=\box60
)))
(/usr/local/texlive/2018/texmf-dist/tex/generic/pgf/frontendlayer/tikz/librarie
s/tikzlibrarypositioning.code.tex
File: tikzlibrarypositioning.code.tex 2008/10/06 v3.0.1a (rcs-revision 1.7)
)
\c@theorem=\count141
\c@corollary=\count142
\c@definition=\count143
\c@remark=\count144
\c@exercise=\count145
\c@example=\count146
 (./Mathematical_Statistics.aux

LaTeX Warning: Label `mathstats.541a.ex.5.2' multiply defined.

)
\openout1 = `Mathematical_Statistics.aux'.

LaTeX Font Info:    Checking defaults for OML/cmm/m/it on input line 120.
LaTeX Font Info:    ... okay on input line 120.
LaTeX Font Info:    Checking defaults for T1/cmr/m/n on input line 120.
LaTeX Font Info:    ... okay on input line 120.
LaTeX Font Info:    Checking defaults for OT1/cmr/m/n on input line 120.
LaTeX Font Info:    ... okay on input line 120.
LaTeX Font Info:    Checking defaults for OMS/cmsy/m/n on input line 120.
LaTeX Font Info:    ... okay on input line 120.
LaTeX Font Info:    Checking defaults for OMX/cmex/m/n on input line 120.
LaTeX Font Info:    ... okay on input line 120.
LaTeX Font Info:    Checking defaults for U/cmr/m/n on input line 120.
LaTeX Font Info:    ... okay on input line 120.
LaTeX Font Info:    Checking defaults for TS1/cmr/m/n on input line 120.
LaTeX Font Info:    Try loading font information for TS1+cmr on input line 120.

 (/usr/local/texlive/2018/texmf-dist/tex/latex/base/ts1cmr.fd
File: ts1cmr.fd 2014/09/29 v2.5h Standard LaTeX font definitions
)
LaTeX Font Info:    ... okay on input line 120.
LaTeX Font Info:    Checking defaults for PD1/pdf/m/n on input line 120.
LaTeX Font Info:    ... okay on input line 120.

ABD: EveryShipout initializing macros
(/usr/local/texlive/2018/texmf-dist/tex/context/base/mkii/supp-pdf.mkii
[Loading MPS to PDF converter (version 2006.09.02).]
\scratchcounter=\count147
\scratchdimen=\dimen165
\scratchbox=\box61
\nofMPsegments=\count148
\nofMParguments=\count149
\everyMPshowfont=\toks44
\MPscratchCnt=\count150
\MPscratchDim=\dimen166
\MPnumerator=\count151
\makeMPintoPDFobject=\count152
\everyMPtoPDFconversion=\toks45
) (/usr/local/texlive/2018/texmf-dist/tex/latex/oberdiek/epstopdf-base.sty
Package: epstopdf-base 2016/05/15 v2.6 Base part for package epstopdf

(/usr/local/texlive/2018/texmf-dist/tex/latex/oberdiek/grfext.sty
Package: grfext 2016/05/16 v1.2 Manage graphics extensions (HO)
)
Package epstopdf-base Info: Redefining graphics rule for `.eps' on input line 4
38.
Package grfext Info: Graphics extension search list:
(grfext)             [.pdf,.png,.jpg,.mps,.jpeg,.jbig2,.jb2,.PDF,.PNG,.JPG,.JPE
G,.JBIG2,.JB2,.eps]
(grfext)             \AppendGraphicsExtensions on input line 456.

(/usr/local/texlive/2018/texmf-dist/tex/latex/latexconfig/epstopdf-sys.cfg
File: epstopdf-sys.cfg 2010/07/13 v1.3 Configuration of (r)epstopdf for TeX Liv
e
))
Package ragged2e Info: ABD: executing \RaggedRight on input line 120.

ABD: EverySelectfont initializing macros
LaTeX Info: Redefining \selectfont on input line 120.
\AtBeginShipoutBox=\box62
Package hyperref Info: Link coloring ON on input line 120.

(/usr/local/texlive/2018/texmf-dist/tex/latex/hyperref/nameref.sty
Package: nameref 2016/05/21 v2.44 Cross-referencing by name of section

(/usr/local/texlive/2018/texmf-dist/tex/generic/oberdiek/gettitlestring.sty
Package: gettitlestring 2016/05/16 v1.5 Cleanup title references (HO)
)
\c@section@level=\count153
)
LaTeX Info: Redefining \ref on input line 120.
LaTeX Info: Redefining \pageref on input line 120.
LaTeX Info: Redefining \nameref on input line 120.

(./Mathematical_Statistics.out) (./Mathematical_Statistics.out)
\@outlinefile=\write4
\openout4 = `Mathematical_Statistics.out'.

LaTeX Font Info:    Try loading font information for U+msa on input line 123.

(/usr/local/texlive/2018/texmf-dist/tex/latex/amsfonts/umsa.fd
File: umsa.fd 2013/01/14 v3.01 AMS symbols A
)
LaTeX Font Info:    Try loading font information for U+msb on input line 123.

(/usr/local/texlive/2018/texmf-dist/tex/latex/amsfonts/umsb.fd
File: umsb.fd 2013/01/14 v3.01 AMS symbols B
) [1


{/usr/local/texlive/2018/texmf-var/fonts/map/pdftex/updmap/pdftex.map}] [2

]
(./Mathematical_Statistics.toc [3])
\tf@toc=\write5
\openout5 = `Mathematical_Statistics.toc'.


Underfull \vbox (badness 10000) has occurred while \output is active []

 [4]
[5] [6

]
Chapter 1.
[7] [8]

LaTeX Warning: Reference `prob.ross.multinomial.dist.def' on page 9 undefined o
n input line 262.

[9] [10]
Overfull \hbox (9.1642pt too wide) in paragraph at lines 360--361
[][]\OT1/cmr/bx/n/10 Proposition 1.2.0.1. []\OT1/cmr/m/n/10 Sup-pose we have a 
ran-dom sam-ple of size $\OML/cmm/m/it/10 n$ \OT1/cmr/m/n/10 from an i.i.d. dis
-tri-bu-tion $\OML/cmm/m/it/10 X[]; X[]; [] ; X[]$ 
 []

[11] [12] [13]

LaTeX Warning: Reference `asym.slutsky' on page 14 undefined on input line 604.


[14]

LaTeX Warning: Reference `prob.thm.sums.gaussian' on page 15 undefined on input
 line 616.


LaTeX Warning: Reference `prob.thm.sums.gaussian' on page 15 undefined on input
 line 616.


Overfull \hbox (6.5536pt too wide) detected at line 643
\OT1/cmr/m/n/10 = \U/msb/m/n/10 E[] [] \OML/cmm/m/it/10 X[]v[]v[] \OT1/cmr/m/n/
10 + [] \OML/cmm/m/it/10 X[]X[]v[]v[][] \OMS/cmsy/m/n/10 ^^@ \OT1/cmr/m/n/10 2\
U/msb/m/n/10 E[] [] \OML/cmm/m/it/10 X[]\U/msb/m/n/10 E\OT1/cmr/m/n/10 (\OML/cm
m/m/it/10 X[]\OT1/cmr/m/n/10 )\OML/cmm/m/it/10 v[]v[] \OT1/cmr/m/n/10 + [] \OML
/cmm/m/it/10 X[]\U/msb/m/n/10 E\OT1/cmr/m/n/10 (\OML/cmm/m/it/10 X[]\OT1/cmr/m/
n/10 )\OML/cmm/m/it/10 v[]v[][]
 []


Overfull \hbox (23.48946pt too wide) in paragraph at lines 649--650
[]\OT1/cmr/m/n/10 Recall that $\U/msb/m/n/10 E\OT1/cmr/m/n/10 (\OML/cmm/m/it/10
 X[]\OT1/cmr/m/n/10 ) = 0$ for all $\OML/cmm/m/it/10 i$\OT1/cmr/m/n/10 . Also, 
due to in-de-pen-dence of the $\OML/cmm/m/it/10 X[]$\OT1/cmr/m/n/10 , all of th
e terms that in-volve $\U/msb/m/n/10 E\OT1/cmr/m/n/10 (\OML/cmm/m/it/10 X[]X[]\
OT1/cmr/m/n/10 )\OML/cmm/m/it/10 ;  a \OMS/cmsy/m/n/10 6\OT1/cmr/m/n/10 = 
 []

[15] [16] [17] [18] [19] [20] [21] [22] [23] [24]

LaTeX Warning: Reference `asym.slutsky' on page 25 undefined on input line 1238
.

[25]
Overfull \hbox (12.59819pt too wide) in paragraph at lines 1351--1352
[][]\OT1/cmr/bx/n/10 Theorem 1.2.1.4 \OT1/cmr/m/n/10 (\OT1/cmr/bx/n/10 Converge
nce The-o-rem with Bounded Mo-ment, The-o-rem 4.16 in 541A notes.\OT1/cmr/m/n/1
0 )\OT1/cmr/bx/n/10 . 
 []

[26]

LaTeX Warning: Reference `asym.contmappthm' on page 27 undefined on input line 
1381.


LaTeX Warning: Reference `asym.contmappthm' on page 27 undefined on input line 
1387.


LaTeX Warning: Reference `asym.slutsky' on page 27 undefined on input line 1387
.

[27]
Overfull \hbox (8.84283pt too wide) in paragraph at lines 1421--1422
[]\OT1/cmr/m/n/10 Note that since $\OML/cmm/m/it/10 F$ \OT1/cmr/m/n/10 is a cu-
mu-la-tive dis-tri-bu-tion func-tion, $\OML/cmm/m/it/10 F$ \OT1/cmr/m/n/10 is n
on-de-creas-ing and $\OML/cmm/m/it/10 F$ \OT1/cmr/m/n/10 is right-continuous. 
 []

[28] [29] [30] [31] [32] [33] [34]
Overfull \hbox (0.24557pt too wide) in paragraph at lines 1781--1782
[]\OT1/cmr/m/n/10 We are only con-sid-er-ing prob-a-bil-ity mass func-tions to 
make things eas-ier. We first prove suf-fi-ciency. 
 []

[35] [36] [37] [38]
Overfull \hbox (19.57915pt too wide) in paragraph at lines 2033--2034
[]\OT1/cmr/m/n/10 Since we al-ready have $[][] \U/msb/m/n/10 P[]\OT1/cmr/m/n/10
 (\OML/cmm/m/it/10 z\OT1/cmr/m/n/10 ) \OMS/cmsy/m/n/10 ^^@ \U/msb/m/n/10 P[]\OT
1/cmr/m/n/10 (\OML/cmm/m/it/10 z\OT1/cmr/m/n/10 ) = [][] \OMS/cmsy/m/n/10 j\U/m
sb/m/n/10 P[]\OT1/cmr/m/n/10 (\OML/cmm/m/it/10 A\OT1/cmr/m/n/10 ) \OMS/cmsy/m/n
/10 ^^@ \U/msb/m/n/10 P[]\OT1/cmr/m/n/10 (\OML/cmm/m/it/10 A\OT1/cmr/m/n/10 )\O
MS/cmsy/m/n/10 j$\OT1/cmr/m/n/10 , if it is also true that $[][](\U/msb/m/n/10 
P[]\OT1/cmr/m/n/10 (\OML/cmm/m/it/10 z\OT1/cmr/m/n/10 ) \OMS/cmsy/m/n/10 ^^@ 
 []


Overfull \hbox (18.9227pt too wide) in paragraph at lines 2033--2034
\U/msb/m/n/10 P[]\OT1/cmr/m/n/10 (\OML/cmm/m/it/10 z\OT1/cmr/m/n/10 )) = [][] \
OMS/cmsy/m/n/10 j\U/msb/m/n/10 P[]\OT1/cmr/m/n/10 (\OML/cmm/m/it/10 A\OT1/cmr/m
/n/10 ) \OMS/cmsy/m/n/10 ^^@ \U/msb/m/n/10 P[]\OT1/cmr/m/n/10 (\OML/cmm/m/it/10
 A\OT1/cmr/m/n/10 )\OMS/cmsy/m/n/10 j$ \OT1/cmr/m/n/10 we are done by ([][]1.9[
][]), so this is what we will show next. Let $[][] \U/msb/m/n/10 P[]\OT1/cmr/m/
n/10 (\OML/cmm/m/it/10 z\OT1/cmr/m/n/10 ) = 
 []

[39] [40]
Overfull \hbox (13.46664pt too wide) in paragraph at lines 2100--2113
[]  
 []

[41] [42]
Overfull \hbox (0.63022pt too wide) in paragraph at lines 2234--2235
[][]\OT1/cmr/bx/n/10 Exercise 2 \OT1/cmr/m/n/10 (\OT1/cmr/bx/n/10 Exercise 5.20
 in Math 541A notes\OT1/cmr/m/n/10 )\OT1/cmr/bx/n/10 . []\OT1/cmr/m/n/10 This e
x-er-cise shows that a com-plete suf-fi-cient statis- 
 []

[43] [44]
Overfull \hbox (31.24446pt too wide) in paragraph at lines 2314--2325
[]  
 []


Overfull \hbox (3.10796pt too wide) in paragraph at lines 2332--2333
[]\OT1/cmr/m/n/10 Let $\OML/cmm/m/it/10 Z[]; [] ; Z[]$ \OT1/cmr/m/n/10 be a ran
-dom sam-ple of size $\OML/cmm/m/it/10 n$ \OT1/cmr/m/n/10 from the uni-form dis
-tri-bu-tion on the three points $\OMS/cmsy/m/n/10 f\OT1/cmr/m/n/10 0\OML/cmm/m
/it/10 ; \OT1/cmr/m/n/10 1\OML/cmm/m/it/10 ; \OT1/cmr/m/n/10 2\OMS/cmsy/m/n/10 
g$\OT1/cmr/m/n/10 . 
 []

[45] [46]

LaTeX Warning: Reference `prob.541Ahw.condexp.thm' on page 47 undefined on inpu
t line 2425.

[47] [48] [49] [50]

LaTeX Warning: Reference `cvx.541A.exercise5.89' on page 51 undefined on input 
line 2642.


LaTeX Warning: Reference `cvx.defn.strictly.convex' on page 51 undefined on inp
ut line 2674.

[51] [52]
Overfull \hbox (2.64973pt too wide) in paragraph at lines 2746--2747
[]\OT1/cmr/m/n/10 Therefore by The-o-rem [][]1.4.2.3[][], $\OML/cmm/m/it/10 h\O
T1/cmr/m/n/10 (\OML/cmm/m/it/10 Z\OT1/cmr/m/n/10 )$ is UMVU for $\OML/cmm/m/it/
10 g\OT1/cmr/m/n/10 (\OML/cmm/m/it/10 ^^R\OT1/cmr/m/n/10 )$. That is, any func-
tion of a com-plete suf-fi-cient statis- 
 []

[53]
Overfull \hbox (1.76532pt too wide) detected at line 2808
[] \OML/cmm/m/it/10 h\OT1/cmr/m/n/10 (\OML/cmm/m/it/10 j\OT1/cmr/m/n/10 )[]\OML
/cmm/m/it/10 a[] \OT1/cmr/m/n/10 = \OML/cmm/m/it/10 a\OT1/cmr/m/n/10 (1 + \OML/
cmm/m/it/10 a\OT1/cmr/m/n/10 )[] = []\OML/cmm/m/it/10 a [] []a[] \OT1/cmr/m/n/1
0 = [] [] \OMS/cmsy/m/n/10 ^^@ \OT1/cmr/m/n/10 1\OML/cmm/m/it/10 a[]
 []

[54]

LaTeX Warning: Reference `prob.math541a.ex.3.15' on page 55 undefined on input 
line 2830.

[55] [56]

LaTeX Warning: Reference `linreg.glm' on page 57 undefined on input line 2927.

[57] [58] [59] [60] [61] [62] [63]
Overfull \hbox (36.42pt too wide) detected at line 3343
\OT1/cmr/m/n/10 = [] [][] [] []  \OML/cmm/m/it/10 d[]
 []


Overfull \hbox (13.40172pt too wide) detected at line 3347
\OT1/cmr/m/n/10 = [] [][] [] []  \OML/cmm/m/it/10 d[]
 []


Overfull \hbox (19.39444pt too wide) detected at line 3379
\OT1/cmr/m/n/10 = []
 []

[64] [65]
Overfull \hbox (0.99655pt too wide) detected at line 3502
[] \OT1/cmr/m/n/10 = [] \OMS/cmsy/m/n/10 ^^@ [] \OT1/cmr/m/n/10 = [][] [] \OMS/
cmsy/m/n/10 ^^@ [] \OT1/cmr/m/n/10 = [][][][] + [][] + \OML/cmm/m/it/10 n
 []

[66] [67]

LaTeX Warning: Reference `asym.wlln' on page 68 undefined on input line 3608.

[68] [69]

LaTeX Warning: Reference `prob.kl.divergence' on page 70 undefined on input lin
e 3752.


LaTeX Warning: Reference `linreg.aic.bic' on page 70 undefined on input line 37
52.

[70] [71] [72] [73] [74] [75] [76] [77] [78]
Overfull \hbox (32.61208pt too wide) in paragraph at lines 4372--4373
[][]\OT1/cmr/bx/n/10 Example 1.4.12 \OT1/cmr/m/n/10 (\OT1/cmr/bx/n/10 Example 6
.46, Math 541A notes\OT1/cmr/m/n/10 )\OT1/cmr/bx/n/10 . []\OT1/cmr/m/n/10 Al-te
r-na-tive so-lu-tion at [][]$\OT1/cmtt/m/n/10 https : / / math . stackexchange 
. 
 []

[79] [80]
LaTeX Font Info:    Try loading font information for U+bbm on input line 4507.
 (/usr/local/texlive/2018/texmf-dist/tex/latex/bbm-macros/ubbm.fd
File: ubbm.fd 1999/03/15 V 1.2 Font definition for bbm font - TH
)
[81] [82] [83] [84]
Overfull \hbox (6.37143pt too wide) detected at line 4702
 []$[]   [] [] \OMS/cmsy/m/n/10 ^^T [] [][] [] [] [] \OML/cmm/m/it/10 dy \OMS/c
msy/m/n/10 ^^A [] \OT1/cmr/m/n/10 + [] [][] [] [] [] \OML/cmm/m/it/10 dy[]  $ 
 []

[85] [86]
Overfull \hbox (11.02722pt too wide) detected at line 4820
\U/msb/m/n/10 E[]\OT1/cmr/m/n/10 ([] \OMS/cmsy/m/n/10 j \OML/cmm/m/it/10 X[]; X
[]; X[]\OT1/cmr/m/n/10 ) = []\OML/cmm/m/it/10 X[] \OT1/cmr/m/n/10 + []\OML/cmm/
m/it/10 X[] \OT1/cmr/m/n/10 + []\OML/cmm/m/it/10 X[];  \U/msb/m/n/10 E[] [] \OT
1/cmr/m/n/10 = []\OML/cmm/m/it/10 X[] \OT1/cmr/m/n/10 + []\OML/cmm/m/it/10 X[] 
\OT1/cmr/m/n/10 + []\OML/cmm/m/it/10 X[];
 []


Overfull \hbox (43.41473pt too wide) detected at line 4830
 []$[] \OT1/cmr/m/n/10 = []\OML/cmm/m/it/10 X[] \OT1/cmr/m/n/10 + []\OML/cmm/m/
it/10 X[] \OT1/cmr/m/n/10 + []\OML/cmm/m/it/10 X[] \OMS/cmsy/m/n/10 ^^@ [] []$ 

 []


Overfull \hbox (48.91331pt too wide) detected at line 4830
 []$[] \OT1/cmr/m/n/10 = [] \OML/cmm/m/it/10 X[] \OT1/cmr/m/n/10 + [] \OML/cmm/
m/it/10 X[] \OT1/cmr/m/n/10 + [] \OML/cmm/m/it/10 X[] \OMS/cmsy/m/n/10 ^^@ [] [
]$ 
 []

[87] [88]
Overfull \hbox (25.34329pt too wide) in paragraph at lines 4951--4952
[][]\OT1/cmr/bx/n/10 Example 1.7.1. []\OT1/cmr/m/n/10 Al-ice wants to send a me
s-sage to Bob. A mes-sage is a se-quence of sym-bols from $\OMS/cmsy/m/n/10 f\O
ML/cmm/m/it/10 a; b; [] ; z\OMS/cmsy/m/n/10 g \OT1/cmr/m/n/10 = 
 []

[89] [90] [91]
Overfull \hbox (1.71371pt too wide) detected at line 5140
[] \OMS/cmsy/m/n/10 ^^@ []
 []


Overfull \hbox (8.2035pt too wide) detected at line 5146
[] \OT1/cmr/m/n/10 = \OML/cmm/m/it/10 Q\OT1/cmr/m/n/10 (\OML/cmm/m/it/10 L\OT1/
cmr/m/n/10 (\OML/cmm/m/it/10 x\OT1/cmr/m/n/10 ) \OML/cmm/m/it/10 > \OT1/cmr/m/n
/10 (1 \OMS/cmsy/m/n/10 ^^@ \OML/cmm/m/it/10 ^^Y[]\OT1/cmr/m/n/10 )\OML/cmm/m/i
t/10 =^^Y[]\OT1/cmr/m/n/10 ) + \OML/cmm/m/it/10 P\OT1/cmr/m/n/10 (\OML/cmm/m/it
/10 L\OT1/cmr/m/n/10 (\OML/cmm/m/it/10 x\OT1/cmr/m/n/10 ) \OML/cmm/m/it/10 > \O
T1/cmr/m/n/10 (1 \OMS/cmsy/m/n/10 ^^@ \OML/cmm/m/it/10 ^^Y[]\OT1/cmr/m/n/10 )\O
ML/cmm/m/it/10 =^^Y[]\OT1/cmr/m/n/10 ) \OMS/cmsy/m/n/10 ^^@ \OT1/cmr/m/n/10 1 +
 (1 \OMS/cmsy/m/n/10 ^^@ \OML/cmm/m/it/10 ^^M\OT1/cmr/m/n/10 ) []
 []


Overfull \hbox (8.2035pt too wide) detected at line 5164
\OMS/cmsy/m/n/10 ^^@\OT1/cmr/m/n/10 (1 \OMS/cmsy/m/n/10 ^^@ \OML/cmm/m/it/10 ^^
M\OT1/cmr/m/n/10 ) [] = \OML/cmm/m/it/10 Q\OT1/cmr/m/n/10 (\OML/cmm/m/it/10 L\O
T1/cmr/m/n/10 (\OML/cmm/m/it/10 x\OT1/cmr/m/n/10 ) \OML/cmm/m/it/10 > \OT1/cmr/
m/n/10 (1 \OMS/cmsy/m/n/10 ^^@ \OML/cmm/m/it/10 ^^Y[]\OT1/cmr/m/n/10 )\OML/cmm/
m/it/10 =^^Y[]\OT1/cmr/m/n/10 ) + \OML/cmm/m/it/10 P\OT1/cmr/m/n/10 (\OML/cmm/m
/it/10 L\OT1/cmr/m/n/10 (\OML/cmm/m/it/10 x\OT1/cmr/m/n/10 ) \OML/cmm/m/it/10 >
 \OT1/cmr/m/n/10 (1 \OMS/cmsy/m/n/10 ^^@ \OML/cmm/m/it/10 ^^Y[]\OT1/cmr/m/n/10 
)\OML/cmm/m/it/10 =^^Y[]\OT1/cmr/m/n/10 ) \OMS/cmsy/m/n/10 ^^@ \OT1/cmr/m/n/10 
1
 []

[92] [93]
Overfull \hbox (15.01752pt too wide) in paragraph at lines 5295--5296
[]\OT1/cmr/m/n/10 (where $\OML/cmm/m/it/10 ^^L[]$ \OT1/cmr/m/n/10 is the power 
func-tion for $\OML/cmm/m/it/10 ^^^[]$ \OT1/cmr/m/n/10 and $\OML/cmm/m/it/10 ^^
L$ \OT1/cmr/m/n/10 is the power func-tion for $\OML/cmm/m/it/10 ^^^$\OT1/cmr/m/
n/10 ). Note that $\OML/cmm/m/it/10 c [] \OMS/cmsy/m/n/10 ^^U 
 []

[94] [95]
Overfull \hbox (3.38943pt too wide) detected at line 5465
 []$[]  \OML/cmm/m/it/10 ^^M\OT1/cmr/m/n/10 (\OML/cmm/m/it/10 \OT1/cmr/m/n/10 
) := [] = []$ 
 []


Overfull \hbox (43.4128pt too wide) detected at line 5465
 []$[] \OT1/cmr/m/n/10 = []  $ 
 []

[96]
<images/mathstats_np_set.jpg, id=1210, 4047.12pt x 3035.34pt>
File: images/mathstats_np_set.jpg Graphic file (type jpg)
<use images/mathstats_np_set.jpg>
Package pdftex.def Info: images/mathstats_np_set.jpg  used on input line 5520.
(pdftex.def)             Requested size: 404.73572pt x 303.55179pt.
 [97] [98 <./images/mathstats_np_set.jpg>]
Overfull \hbox (1.46117pt too wide) in paragraph at lines 5556--5557
[]\OT1/cmr/m/n/10 Note that the ra-tio $\OML/cmm/m/it/10 q=p$ \OT1/cmr/m/n/10 o
nly takes on three val-ues. By the Neyman-Pearson Lemma (Lemma [][]1.8.1.1[][])
, 
 []

[99] [100] [101]

Package amsmath Warning: Foreign command \atopwithdelims;
(amsmath)                \frac or \genfrac should be used instead
(amsmath)                 on input line 5804.

[102] [103]
Overfull \hbox (5.3092pt too wide) in paragraph at lines 5905--5906
[][]\OT1/cmr/bx/n/10 Definition 1.8.8 \OT1/cmr/m/n/10 (\OT1/cmr/bx/n/10 Uniform
ly most pow-er-ful test; def-i-ni-tion 8.3.11 in [][]Casella and Berger[][] [[]
[]2001[][]]\OT1/cmr/m/n/10 )\OT1/cmr/bx/n/10 . 
 []


Overfull \hbox (0.14114pt too wide) in paragraph at lines 5949--5950
[][]\OT1/cmr/bx/n/10 Theorem 1.8.3.1 \OT1/cmr/m/n/10 (\OT1/cmr/bx/n/10 Karlin-R
ubin; sim-i-lar to The-o-rem 8.3.17 in [][]Casella and Berger[][] [[][]2001[][]
], The- 
 []

[104]
Overfull \hbox (39.56102pt too wide) in paragraph at lines 5971--5972
\OT1/cmr/m/n/10 larger fam-ily (and it is a test of size $\OML/cmm/m/it/10 $\O
T1/cmr/m/n/10 ), then that is also the UMP test for test of size $\OML/cmm/m/it
/10 $ \OT1/cmr/m/n/10 (sat-is-fy-ing $[][] \OML/cmm/m/it/10 ^^L[]\OT1/cmr/m/n/
10 (\OML/cmm/m/it/10 ^^R\OT1/cmr/m/n/10 ) \OMS/cmsy/m/n/10 ^^T 
 []

[105] [106] [107]
<images/mathstats_gnp_ex.jpg, id=1330, 2583.6525pt x 2636.85126pt>
File: images/mathstats_gnp_ex.jpg Graphic file (type jpg)
<use images/mathstats_gnp_ex.jpg>
Package pdftex.def Info: images/mathstats_gnp_ex.jpg  used on input line 6212.
(pdftex.def)             Requested size: 258.38039pt x 263.70058pt.
 [108] [109 <./images/mathstats_gnp_ex.jpg>]
<images/mathstats_gnp_ex_2.jpg, id=1350, 1123.19624pt x 1502.61375pt>
File: images/mathstats_gnp_ex_2.jpg Graphic file (type jpg)
<use images/mathstats_gnp_ex_2.jpg>
Package pdftex.def Info: images/mathstats_gnp_ex_2.jpg  used on input line 6222
.
(pdftex.def)             Requested size: 224.63527pt x 300.51743pt.
 [110 <./images/mathstats_gnp_ex_2.jpg>]
<images/mathstats_gnp_ex_3.jpg, id=1370, 1568.86125pt x 1824.8175pt>
File: images/mathstats_gnp_ex_3.jpg Graphic file (type jpg)
<use images/mathstats_gnp_ex_3.jpg>
Package pdftex.def Info: images/mathstats_gnp_ex_3.jpg  used on input line 6270
.
(pdftex.def)             Requested size: 235.31903pt x 273.71082pt.
 [111 <./images/mathstats_gnp_ex_3.jpg>] [112] [113]
[114]
Overfull \hbox (13.32558pt too wide) in paragraph at lines 6562--6562
[]\OT1/cmr/bx/n/12 Similarity and Com-plete-ness (Sec-tion 4.3 of [][]Lehmann a
nd Ro-mano[][] [[][]2005[][]])  
 []


Package hyperref Warning: Token not allowed in a PDF string (PDFDocEncoding):
(hyperref)                removing `\begingroup' on input line 6562.


Package hyperref Warning: Token not allowed in a PDF string (PDFDocEncoding):
(hyperref)                removing `\let' on input line 6562.


Package hyperref Warning: Token not allowed in a PDF string (PDFDocEncoding):
(hyperref)                removing `\<let>-command' on input line 6562.


Package hyperref Warning: Token not allowed in a PDF string (PDFDocEncoding):
(hyperref)                removing `\NAT@ctype' on input line 6562.


Package hyperref Warning: Token not allowed in a PDF string (PDFDocEncoding):
(hyperref)                removing `\z@' on input line 6562.


Package hyperref Warning: Token not allowed in a PDF string (PDFDocEncoding):
(hyperref)                removing `\let' on input line 6562.


Package hyperref Warning: Token not allowed in a PDF string (PDFDocEncoding):
(hyperref)                removing `\new@ifnextchar' on input line 6562.

[115]
Overfull \hbox (0.70386pt too wide) in paragraph at lines 6628--6629
[][]\OT1/cmr/bx/n/10 Remark 40. []\OT1/cmr/m/n/10 By The-o-rem 2.7.1 in [][]Leh
mann and Ro-mano[][] [[][]2005[][]], the power func-tion for a (one-parameter) 

 []

[116] [117] [118] [119] [120]

LaTeX Warning: Reference `linreg.dist.beta' on page 121 undefined on input line
 6923.

[121]

Package hyperref Warning: Token not allowed in a PDF string (PDFDocEncoding):
(hyperref)                removing `\begingroup' on input line 6966.


Package hyperref Warning: Token not allowed in a PDF string (PDFDocEncoding):
(hyperref)                removing `\let' on input line 6966.


Package hyperref Warning: Token not allowed in a PDF string (PDFDocEncoding):
(hyperref)                removing `\<let>-command' on input line 6966.


Package hyperref Warning: Token not allowed in a PDF string (PDFDocEncoding):
(hyperref)                removing `\NAT@ctype' on input line 6966.


Package hyperref Warning: Token not allowed in a PDF string (PDFDocEncoding):
(hyperref)                removing `\z@' on input line 6966.


Package hyperref Warning: Token not allowed in a PDF string (PDFDocEncoding):
(hyperref)                removing `\let' on input line 6966.


Package hyperref Warning: Token not allowed in a PDF string (PDFDocEncoding):
(hyperref)                removing `\new@ifnextchar' on input line 6966.


Overfull \hbox (28.54271pt too wide) in paragraph at lines 6970--6971
[]\OT1/cmr/bx/n/10 Alternatively: $\OML/cmm/m/it/10 H[] \OT1/cmr/m/n/10 : \OML/
cmm/m/it/10 X[]; [] ; X[]; Y[]; [] ; Y[]$ \OT1/cmr/m/n/10 i.i.d. with den-sity 
$\OML/cmm/m/it/10 f$\OT1/cmr/m/n/10 , $\OML/cmm/m/it/10 H[] \OT1/cmr/m/n/10 :$ 
the joint den-sity of $\OML/cmm/m/it/10 X[]; [] ; X[]; Y[]; [] ; Y[]$ 
 []


Overfull \hbox (57.0994pt too wide) in paragraph at lines 6976--6977
[][]\OT1/cmr/bx/n/10 Theorem 1.8.6.1. []\OT1/cmr/m/n/10 Con-sider the fol-low-i
ng sta-tis-ti-cal model: $\OMS/cmsy/m/n/10 f\OML/cmm/m/it/10 p[] \OT1/cmr/m/n/1
0 : \OML/cmm/m/it/10 f[]\U/msb/m/n/10 R[]\OMS/cmsy/m/n/10 g$ 
 []

[122] [123]
Overfull \hbox (13.40141pt too wide) in paragraph at lines 7043--7044
[]\OT1/cmr/m/n/10 Under $\OML/cmm/m/it/10 H[]$\OT1/cmr/m/n/10 , $\U/msb/m/n/10 
P[] [] \OT1/cmr/m/n/10 = 1\OML/cmm/m/it/10 =\OT1/cmr/m/n/10 (\OML/cmm/m/it/10 n
 \OT1/cmr/m/n/10 + \OML/cmm/m/it/10 m\OT1/cmr/m/n/10 )!$ for any spe-cific per-
mu-ta-tion $(\OML/cmm/m/it/10 z[]; [] ; z[]\OT1/cmr/m/n/10 )$. 
 []


Overfull \hbox (18.84616pt too wide) in paragraph at lines 7059--7060
[][]\OT1/cmr/bx/n/10 Lemma 1.8.6.3 \OT1/cmr/m/n/10 (\OT1/cmr/bx/n/10 See sec-ti
on 5.9 of [][]Lehmann and Ro-mano[][] [[][]2005[][]], p. 189 of pdf\OT1/cmr/m/n
/10 )\OT1/cmr/bx/n/10 . []\OT1/cmr/m/n/10 Let $(\U/msb/m/n/10 Z[]\OML/cmm/m/it/
10 ; [] ; \U/msb/m/n/10 Z[]\OT1/cmr/m/n/10 )$ 
 []


Overfull \hbox (24.64221pt too wide) in paragraph at lines 7073--7074
[]\OT1/cmr/m/n/10 Want to show that for any sym-met-ric set $\OMS/cmsy/m/n/10 A
[]$ \OT1/cmr/m/n/10 (mean-ing that $(\OML/cmm/m/it/10 z[]; [] ; z[]\OT1/cmr/m/n
/10 ) \OMS/cmsy/m/n/10 2 A[]  ([])  \OT1/cmr/m/n/10 (\OML/cmm/m/it/10 z[]; [] ;
 z[]\OT1/cmr/m/n/10 ) \OMS/cmsy/m/n/10 2 
 []

[124]
Overfull \hbox (6.84125pt too wide) in paragraph at lines 7114--7115
[]\OT1/cmr/m/n/10 We are in-ter-ested in $\OML/cmm/m/it/10 f[]$\OT1/cmr/m/n/10 
. Take $\OML/cmm/m/it/10 f \OT1/cmr/m/n/10 = \OML/cmm/m/it/10 I []$ \OT1/cmr/m/
n/10 for a spe-cific per-mu-ta-tion $(\OML/cmm/m/it/10 z[]; [] ; z[]\OT1/cmr/m/
n/10 )$ 
 []


Overfull \hbox (12.107pt too wide) in paragraph at lines 7129--7130
[]\OT1/cmr/m/n/10 (next time: ap-ply Neyman-Pearson lemma to ([][]1.58[][]) to 
show how we fi-nally get the UMP test.) The Neyman- 
 []

[125] [126]

Package hyperref Warning: Token not allowed in a PDF string (PDFDocEncoding):
(hyperref)                removing `\begingroup' on input line 7232.


Package hyperref Warning: Token not allowed in a PDF string (PDFDocEncoding):
(hyperref)                removing `\let' on input line 7232.


Package hyperref Warning: Token not allowed in a PDF string (PDFDocEncoding):
(hyperref)                removing `\<let>-command' on input line 7232.


Package hyperref Warning: Token not allowed in a PDF string (PDFDocEncoding):
(hyperref)                removing `\NAT@ctype' on input line 7232.


Package hyperref Warning: Token not allowed in a PDF string (PDFDocEncoding):
(hyperref)                removing `\z@' on input line 7232.


Package hyperref Warning: Token not allowed in a PDF string (PDFDocEncoding):
(hyperref)                removing `\let' on input line 7232.


Package hyperref Warning: Token not allowed in a PDF string (PDFDocEncoding):
(hyperref)                removing `\new@ifnextchar' on input line 7232.

[127]

LaTeX Warning: Reference `abs.alg.grps.sec' on page 128 undefined on input line
 7294.

[128] [129]

Package hyperref Warning: Token not allowed in a PDF string (PDFDocEncoding):
(hyperref)                removing `\begingroup' on input line 7436.


Package hyperref Warning: Token not allowed in a PDF string (PDFDocEncoding):
(hyperref)                removing `\let' on input line 7436.


Package hyperref Warning: Token not allowed in a PDF string (PDFDocEncoding):
(hyperref)                removing `\<let>-command' on input line 7436.


Package hyperref Warning: Token not allowed in a PDF string (PDFDocEncoding):
(hyperref)                removing `\NAT@ctype' on input line 7436.


Package hyperref Warning: Token not allowed in a PDF string (PDFDocEncoding):
(hyperref)                removing `\z@' on input line 7436.


Package hyperref Warning: Token not allowed in a PDF string (PDFDocEncoding):
(hyperref)                removing `\let' on input line 7436.


Package hyperref Warning: Token not allowed in a PDF string (PDFDocEncoding):
(hyperref)                removing `\new@ifnextchar' on input line 7436.

[130]
Overfull \hbox (30.93578pt too wide) in paragraph at lines 7541--7542
[][]\OT1/cmr/bx/n/10 Example 1.8.14 \OT1/cmr/m/n/10 (\OT1/cmr/bx/n/10 Scale fam
-ily (like Ex-am-ple 6.2.1(ii) in [][]Lehmann and Ro-mano[][] [[][]2005[][]])\O
T1/cmr/m/n/10 )\OT1/cmr/bx/n/10 . []$\OML/cmm/m/it/10 X[]; [] ; X[] \OMS/cmsy/m
/n/10 ^^X 
 []

[131]
Overfull \hbox (1.09444pt too wide) in paragraph at lines 7572--7573
[]\OT1/cmr/m/n/10 Know: if $\OML/cmm/m/it/10 T\OT1/cmr/m/n/10 (\OML/cmm/m/it/10
 x\OT1/cmr/m/n/10 )$ is the max-i-mal in-vari-ant, then any $\OML/cmm/m/it/10 G
$\OT1/cmr/m/n/10 -invariant test de-pends on $\OML/cmm/m/it/10 T$ \OT1/cmr/m/n/
10 only. More-over, the power 
 []

[132] [133]

Package hyperref Warning: Token not allowed in a PDF string (PDFDocEncoding):
(hyperref)                removing `\begingroup' on input line 7698.


Package hyperref Warning: Token not allowed in a PDF string (PDFDocEncoding):
(hyperref)                removing `\let' on input line 7698.


Package hyperref Warning: Token not allowed in a PDF string (PDFDocEncoding):
(hyperref)                removing `\<let>-command' on input line 7698.


Package hyperref Warning: Token not allowed in a PDF string (PDFDocEncoding):
(hyperref)                removing `\NAT@ctype' on input line 7698.


Package hyperref Warning: Token not allowed in a PDF string (PDFDocEncoding):
(hyperref)                removing `\z@' on input line 7698.


Package hyperref Warning: Token not allowed in a PDF string (PDFDocEncoding):
(hyperref)                removing `\let' on input line 7698.


Package hyperref Warning: Token not allowed in a PDF string (PDFDocEncoding):
(hyperref)                removing `\new@ifnextchar' on input line 7698.


Overfull \hbox (50.94609pt too wide) in paragraph at lines 7702--7703
[][]\OT1/cmr/bx/n/10 Example 1.8.20. []$\OML/cmm/m/it/10 X[]; [] ; X[]$ \OT1/cm
r/m/n/10 i.i.d. with cdf $\OML/cmm/m/it/10 F$\OT1/cmr/m/n/10 , pdf $\OML/cmm/m/
it/10 f$\OT1/cmr/m/n/10 . $\OML/cmm/m/it/10 Y[]; [] ; Y[]$ \OT1/cmr/m/n/10 i.i.
d. with cdf $\OML/cmm/m/it/10 G$\OT1/cmr/m/n/10 , pdf $\OML/cmm/m/it/10 g$\OT1/
cmr/m/n/10 . $\OML/cmm/m/it/10 H[] \OT1/cmr/m/n/10 : \OML/cmm/m/it/10 X[]; [] ;
 X[]; Y[]; [] ; Y[]$ 
 []

[134] [135]
Overfull \hbox (1.2839pt too wide) in paragraph at lines 7807--7807
[]\OT1/cmr/bx/n/12 Likelihood Ra-tio Tests (Sec-tion 12.4.4 of [][]Lehmann and 
Ro-mano[][] [[][]2005[][]])  
 []


Package hyperref Warning: Token not allowed in a PDF string (PDFDocEncoding):
(hyperref)                removing `\begingroup' on input line 7807.


Package hyperref Warning: Token not allowed in a PDF string (PDFDocEncoding):
(hyperref)                removing `\let' on input line 7807.


Package hyperref Warning: Token not allowed in a PDF string (PDFDocEncoding):
(hyperref)                removing `\<let>-command' on input line 7807.


Package hyperref Warning: Token not allowed in a PDF string (PDFDocEncoding):
(hyperref)                removing `\NAT@ctype' on input line 7807.


Package hyperref Warning: Token not allowed in a PDF string (PDFDocEncoding):
(hyperref)                removing `\z@' on input line 7807.


Package hyperref Warning: Token not allowed in a PDF string (PDFDocEncoding):
(hyperref)                removing `\let' on input line 7807.


Package hyperref Warning: Token not allowed in a PDF string (PDFDocEncoding):
(hyperref)                removing `\new@ifnextchar' on input line 7807.

[136]

LaTeX Warning: Command \l invalid in math mode on input line 7846.

[137] [138] [139] [140] [141] [142]
Overfull \hbox (14.81895pt too wide) in paragraph at lines 8207--8208
[]\OT1/cmr/m/n/10 Idea: since $[] = []([] \OMS/cmsy/m/n/10 ^^@ \OML/cmm/m/it/10
 ^^R[]\OT1/cmr/m/n/10 )$ max-i-mizes $\OML/cmm/m/it/10 Z[]\OT1/cmr/m/n/10 (\OML
/cmm/m/it/10 u\OT1/cmr/m/n/10 )$, it must be close to $[]$ that max-i-mizes $\O
MS/cmsy/m/n/10 h\OML/cmm/m/it/10 A[]; u\OMS/cmsy/m/n/10 i ^^@ \OT1/cmr/m/n/10 (
1\OML/cmm/m/it/10 =\OT1/cmr/m/n/10 2)\OMS/cmsy/m/n/10 h\OML/cmm/m/it/10 I\OT1/c
mr/m/n/10 (\OML/cmm/m/it/10 ^^R[]\OT1/cmr/m/n/10 )\OML/cmm/m/it/10 u; u\OMS/cms
y/m/n/10 i$ 
 []

[143]

Package hyperref Warning: Token not allowed in a PDF string (PDFDocEncoding):
(hyperref)                removing `\begingroup' on input line 8274.


Package hyperref Warning: Token not allowed in a PDF string (PDFDocEncoding):
(hyperref)                removing `\let' on input line 8274.


Package hyperref Warning: Token not allowed in a PDF string (PDFDocEncoding):
(hyperref)                removing `\<let>-command' on input line 8274.


Package hyperref Warning: Token not allowed in a PDF string (PDFDocEncoding):
(hyperref)                removing `\NAT@ctype' on input line 8274.


Package hyperref Warning: Token not allowed in a PDF string (PDFDocEncoding):
(hyperref)                removing `\z@' on input line 8274.


Package hyperref Warning: Token not allowed in a PDF string (PDFDocEncoding):
(hyperref)                removing `\let' on input line 8274.


Package hyperref Warning: Token not allowed in a PDF string (PDFDocEncoding):
(hyperref)                removing `\new@ifnextchar' on input line 8274.

[144] [145]
Overfull \hbox (2.76135pt too wide) detected at line 8372
 []$[]  \U/msb/m/n/10 P[]\OT1/cmr/m/n/10 (\OML/cmm/m/it/10 T[] \OMS/cmsy/m/n/10
 ^^U \OML/cmm/m/it/10 t\OT1/cmr/m/n/10 ) = \U/msb/m/n/10 P[] [] \OT1/cmr/m/n/10
 = \U/msb/m/n/10 P[] [] \OT1/cmr/m/n/10 = \U/msb/m/n/10 P[] []$ 
 []

[146] [147] [148] [149] [150] [151] [152]
Overfull \hbox (20.71814pt too wide) in paragraph at lines 8783--8784
[]\OT1/cmr/m/n/10 See Fig-ure [][]1.5[][] for an ex-pla-na-tion of the change o
f in-te-grands in the third step (ei-ther way finds the probability- 
 []

<images/mathstats_thm_pratt_img.jpg, id=1775, 4047.12pt x 3035.34pt>
File: images/mathstats_thm_pratt_img.jpg Graphic file (type jpg)
<use images/mathstats_thm_pratt_img.jpg>
Package pdftex.def Info: images/mathstats_thm_pratt_img.jpg  used on input line
 8787.
(pdftex.def)             Requested size: 4047.11017pt x 3035.33263pt.
[153] [154 <./images/mathstats_thm_pratt_img.jpg>]
Overfull \hbox (19.2036pt too wide) in paragraph at lines 8820--8821
\OT1/cmr/m/n/10 re-gions are nested, mean-ing that $\OML/cmm/m/it/10 p[] < p[] 
 \OT1/cmr/m/n/10 =[]\OMS/cmsy/m/n/10 )  f[]\OML/cmm/m/it/10 p[]\OMS/cmsy/m/n/10
 g ^^R f[]\OML/cmm/m/it/10 p[]\OMS/cmsy/m/n/10 g  ([]) 
 []


Package hyperref Warning: Token not allowed in a PDF string (PDFDocEncoding):
(hyperref)                removing `math shift' on input line 8836.


Package hyperref Warning: Token not allowed in a PDF string (PDFDocEncoding):
(hyperref)                removing `\begingroup' on input line 8838.


Package hyperref Warning: Token not allowed in a PDF string (PDFDocEncoding):
(hyperref)                removing `\<let>-command' on input line 8838.


Package hyperref Warning: Token not allowed in a PDF string (PDFDocEncoding):
(hyperref)                removing `\NAT@ctype' on input line 8838.


Package hyperref Warning: Token not allowed in a PDF string (PDFDocEncoding):
(hyperref)                removing `\z@' on input line 8838.


Package hyperref Warning: Token not allowed in a PDF string (PDFDocEncoding):
(hyperref)                removing `\let' on input line 8838.


Package hyperref Warning: Token not allowed in a PDF string (PDFDocEncoding):
(hyperref)                removing `\let' on input line 8838.


Package hyperref Warning: Token not allowed in a PDF string (PDFDocEncoding):
(hyperref)                removing `\new@ifnextchar' on input line 8838.


Package hyperref Warning: Token not allowed in a PDF string (PDFDocEncoding):
(hyperref)                removing `\begingroup' on input line 8838.


Package hyperref Warning: Token not allowed in a PDF string (PDFDocEncoding):
(hyperref)                removing `\<let>-command' on input line 8838.


Package hyperref Warning: Token not allowed in a PDF string (PDFDocEncoding):
(hyperref)                removing `\NAT@ctype' on input line 8838.


Package hyperref Warning: Token not allowed in a PDF string (PDFDocEncoding):
(hyperref)                removing `\z@' on input line 8838.


Package hyperref Warning: Token not allowed in a PDF string (PDFDocEncoding):
(hyperref)                removing `\let' on input line 8838.


Package hyperref Warning: Token not allowed in a PDF string (PDFDocEncoding):
(hyperref)                removing `\let' on input line 8838.


Package hyperref Warning: Token not allowed in a PDF string (PDFDocEncoding):
(hyperref)                removing `\new@ifnextchar' on input line 8838.

[155] [156]
Overfull \hbox (24.04555pt too wide) in paragraph at lines 8929--8930
[][]\OT1/cmr/bx/n/10 Definition 1.10.2 \OT1/cmr/m/n/10 (\OT1/cmr/bx/n/10 Notati
on from Sec-tion 5.1.5 of [][]Ser-fling[][] [[][]1980[][]]\OT1/cmr/m/n/10 )\OT1
/cmr/bx/n/10 . []\OT1/cmr/m/n/10 For a sym-met-ric ker-nel $\OML/cmm/m/it/10 h\
OT1/cmr/m/n/10 (\OML/cmm/m/it/10 x[]; [] ; x[]\OT1/cmr/m/n/10 )$ 
 []

[157] [158]

Package hyperref Warning: Token not allowed in a PDF string (PDFDocEncoding):
(hyperref)                removing `\begingroup' on input line 9085.


Package hyperref Warning: Token not allowed in a PDF string (PDFDocEncoding):
(hyperref)                removing `\<let>-command' on input line 9085.


Package hyperref Warning: Token not allowed in a PDF string (PDFDocEncoding):
(hyperref)                removing `\NAT@ctype' on input line 9085.


Package hyperref Warning: Token not allowed in a PDF string (PDFDocEncoding):
(hyperref)                removing `\z@' on input line 9085.


Package hyperref Warning: Token not allowed in a PDF string (PDFDocEncoding):
(hyperref)                removing `\let' on input line 9085.


Package hyperref Warning: Token not allowed in a PDF string (PDFDocEncoding):
(hyperref)                removing `\let' on input line 9085.


Package hyperref Warning: Token not allowed in a PDF string (PDFDocEncoding):
(hyperref)                removing `\new@ifnextchar' on input line 9085.


Package hyperref Warning: Token not allowed in a PDF string (PDFDocEncoding):
(hyperref)                removing `\begingroup' on input line 9085.


Package hyperref Warning: Token not allowed in a PDF string (PDFDocEncoding):
(hyperref)                removing `\<let>-command' on input line 9085.


Package hyperref Warning: Token not allowed in a PDF string (PDFDocEncoding):
(hyperref)                removing `\NAT@ctype' on input line 9085.


Package hyperref Warning: Token not allowed in a PDF string (PDFDocEncoding):
(hyperref)                removing `\z@' on input line 9085.


Package hyperref Warning: Token not allowed in a PDF string (PDFDocEncoding):
(hyperref)                removing `\let' on input line 9085.


Package hyperref Warning: Token not allowed in a PDF string (PDFDocEncoding):
(hyperref)                removing `\let' on input line 9085.


Package hyperref Warning: Token not allowed in a PDF string (PDFDocEncoding):
(hyperref)                removing `\new@ifnextchar' on input line 9085.

[159] [160]

Package hyperref Warning: Token not allowed in a PDF string (PDFDocEncoding):
(hyperref)                removing `\begingroup' on input line 9178.


Package hyperref Warning: Token not allowed in a PDF string (PDFDocEncoding):
(hyperref)                removing `\let' on input line 9178.


Package hyperref Warning: Token not allowed in a PDF string (PDFDocEncoding):
(hyperref)                removing `\<let>-command' on input line 9178.


Package hyperref Warning: Token not allowed in a PDF string (PDFDocEncoding):
(hyperref)                removing `\NAT@ctype' on input line 9178.


Package hyperref Warning: Token not allowed in a PDF string (PDFDocEncoding):
(hyperref)                removing `\z@' on input line 9178.


Package hyperref Warning: Token not allowed in a PDF string (PDFDocEncoding):
(hyperref)                removing `\let' on input line 9178.


Package hyperref Warning: Token not allowed in a PDF string (PDFDocEncoding):
(hyperref)                removing `\new@ifnextchar' on input line 9178.


Package hyperref Warning: Token not allowed in a PDF string (PDFDocEncoding):
(hyperref)                removing `math shift' on input line 9180.


Package hyperref Warning: Token not allowed in a PDF string (PDFDocEncoding):
(hyperref)                removing `\begingroup' on input line 9180.


Package hyperref Warning: Token not allowed in a PDF string (PDFDocEncoding):
(hyperref)                removing `\let' on input line 9180.


Package hyperref Warning: Token not allowed in a PDF string (PDFDocEncoding):
(hyperref)                removing `\<let>-command' on input line 9180.


Package hyperref Warning: Token not allowed in a PDF string (PDFDocEncoding):
(hyperref)                removing `\NAT@ctype' on input line 9180.


Package hyperref Warning: Token not allowed in a PDF string (PDFDocEncoding):
(hyperref)                removing `\z@' on input line 9180.


Package hyperref Warning: Token not allowed in a PDF string (PDFDocEncoding):
(hyperref)                removing `\let' on input line 9180.


Package hyperref Warning: Token not allowed in a PDF string (PDFDocEncoding):
(hyperref)                removing `\new@ifnextchar' on input line 9180.

(./Mathematical_Statistics.bbl

Package natbib Warning: Citation `SERFLING1980' on page 161 undefined on input 
line 1.

[161] [162

])

Package natbib Warning: There were undefined citations.

[163]
Package atveryend Info: Empty hook `BeforeClearDocument' on input line 9201.
Package atveryend Info: Empty hook `AfterLastShipout' on input line 9201.
 (./Mathematical_Statistics.aux)
Package atveryend Info: Executing hook `AtVeryEndDocument' on input line 9201.
Package atveryend Info: Executing hook `AtEndAfterFileList' on input line 9201.

Package rerunfilecheck Info: File `Mathematical_Statistics.out' has not changed
.
(rerunfilecheck)             Checksum: 8AA7130EA4F9528C0EE557762CD3B1A8;3865.


LaTeX Warning: There were undefined references.


LaTeX Warning: There were multiply-defined labels.

Package atveryend Info: Empty hook `AtVeryVeryEnd' on input line 9201.
 ) 
Here is how much of TeX's memory you used:
 19212 strings out of 492649
 358139 string characters out of 6129622
 439470 words of memory out of 5000000
 22018 multiletter control sequences out of 15000+600000
 18710 words of font info for 73 fonts, out of 8000000 for 9000
 1141 hyphenation exceptions out of 8191
 55i,17n,66p,1012b,503s stack positions out of 5000i,500n,10000p,200000b,80000s
 </Users/gregfaletto/Library/texlive/2018/texmf-var/fonts/pk/ljfour/public/bb
m/bbm10.600pk>{/usr/local/texlive/2018/texmf-dist/fonts/enc/dvips/cm-super/cm-s
uper-ts1.enc}</usr/local/texlive/2018/texmf-dist/fonts/type1/public/amsfonts/cm
/cmbx10.pfb></usr/local/texlive/2018/texmf-dist/fonts/type1/public/amsfonts/cm/
cmbx12.pfb></usr/local/texlive/2018/texmf-dist/fonts/type1/public/amsfonts/cm/c
mex10.pfb></usr/local/texlive/2018/texmf-dist/fonts/type1/public/amsfonts/cmext
ra/cmex7.pfb></usr/local/texlive/2018/texmf-dist/fonts/type1/public/amsfonts/cm
extra/cmex8.pfb></usr/local/texlive/2018/texmf-dist/fonts/type1/public/amsfonts
/cm/cmmi10.pfb></usr/local/texlive/2018/texmf-dist/fonts/type1/public/amsfonts/
cm/cmmi12.pfb></usr/local/texlive/2018/texmf-dist/fonts/type1/public/amsfonts/c
m/cmmi5.pfb></usr/local/texlive/2018/texmf-dist/fonts/type1/public/amsfonts/cm/
cmmi6.pfb></usr/local/texlive/2018/texmf-dist/fonts/type1/public/amsfonts/cm/cm
mi7.pfb></usr/local/texlive/2018/texmf-dist/fonts/type1/public/amsfonts/cm/cmmi
8.pfb></usr/local/texlive/2018/texmf-dist/fonts/type1/public/amsfonts/cm/cmmib1
0.pfb></usr/local/texlive/2018/texmf-dist/fonts/type1/public/amsfonts/cmextra/c
mmib7.pfb></usr/local/texlive/2018/texmf-dist/fonts/type1/public/amsfonts/cm/cm
r10.pfb></usr/local/texlive/2018/texmf-dist/fonts/type1/public/amsfonts/cm/cmr1
2.pfb></usr/local/texlive/2018/texmf-dist/fonts/type1/public/amsfonts/cm/cmr5.p
fb></usr/local/texlive/2018/texmf-dist/fonts/type1/public/amsfonts/cm/cmr6.pfb>
</usr/local/texlive/2018/texmf-dist/fonts/type1/public/amsfonts/cm/cmr7.pfb></u
sr/local/texlive/2018/texmf-dist/fonts/type1/public/amsfonts/cm/cmr8.pfb></usr/
local/texlive/2018/texmf-dist/fonts/type1/public/amsfonts/cm/cmsl10.pfb></usr/l
ocal/texlive/2018/texmf-dist/fonts/type1/public/amsfonts/cm/cmsy10.pfb></usr/lo
cal/texlive/2018/texmf-dist/fonts/type1/public/amsfonts/cm/cmsy5.pfb></usr/loca
l/texlive/2018/texmf-dist/fonts/type1/public/amsfonts/cm/cmsy7.pfb></usr/local/
texlive/2018/texmf-dist/fonts/type1/public/amsfonts/cm/cmti10.pfb></usr/local/t
exlive/2018/texmf-dist/fonts/type1/public/amsfonts/cm/cmtt10.pfb></usr/local/te
xlive/2018/texmf-dist/fonts/type1/public/amsfonts/symbols/msam10.pfb></usr/loca
l/texlive/2018/texmf-dist/fonts/type1/public/amsfonts/symbols/msbm10.pfb></usr/
local/texlive/2018/texmf-dist/fonts/type1/public/amsfonts/symbols/msbm5.pfb></u
sr/local/texlive/2018/texmf-dist/fonts/type1/public/amsfonts/symbols/msbm7.pfb>
</usr/local/texlive/2018/texmf-dist/fonts/type1/public/cm-super/sfrm1000.pfb>
Output written on Mathematical_Statistics.pdf (163 pages, 3583266 bytes).
PDF statistics:
 2181 PDF objects out of 2487 (max. 8388607)
 1936 compressed objects within 20 object streams
 711 named destinations out of 1000 (max. 500000)
 406 words of extra memory for PDF output out of 10000 (max. 10000000)

