This is pdfTeX, Version 3.14159265-2.6-1.40.19 (TeX Live 2018) (preloaded format=pdflatex 2018.4.16)  11 MAY 2020 13:18
entering extended mode
 restricted \write18 enabled.
 file:line:error style messages enabled.
 %&-line parsing enabled.
**Real_Analysis.tex
(./Real_Analysis.tex
LaTeX2e <2018-04-01> patch level 2
Babel <3.18> and hyphenation patterns for 84 language(s) loaded.
(/usr/local/texlive/2018/texmf-dist/tex/latex/base/book.cls
Document Class: book 2014/09/29 v1.4h Standard LaTeX document class
(/usr/local/texlive/2018/texmf-dist/tex/latex/base/bk10.clo
File: bk10.clo 2014/09/29 v1.4h Standard LaTeX file (size option)
)
\c@part=\count80
\c@chapter=\count81
\c@section=\count82
\c@subsection=\count83
\c@subsubsection=\count84
\c@paragraph=\count85
\c@subparagraph=\count86
\c@figure=\count87
\c@table=\count88
\abovecaptionskip=\skip41
\belowcaptionskip=\skip42
\bibindent=\dimen102
)
(/usr/local/texlive/2018/texmf-dist/tex/latex/fancyhdr/fancyhdr.sty
Package: fancyhdr 2017/06/30 v3.9a Extensive control of page headers and footer
s
\f@nch@headwidth=\skip43
\f@nch@O@elh=\skip44
\f@nch@O@erh=\skip45
\f@nch@O@olh=\skip46
\f@nch@O@orh=\skip47
\f@nch@O@elf=\skip48
\f@nch@O@erf=\skip49
\f@nch@O@olf=\skip50
\f@nch@O@orf=\skip51
)
(/usr/local/texlive/2018/texmf-dist/tex/latex/fancyhdr/extramarks.sty
Package: extramarks 2017/06/30 v3.9a Extra marks for LaTeX
\@temptokenb=\toks14
)
(/usr/local/texlive/2018/texmf-dist/tex/latex/amsmath/amsmath.sty
Package: amsmath 2017/09/02 v2.17a AMS math features
\@mathmargin=\skip52

For additional information on amsmath, use the `?' option.
(/usr/local/texlive/2018/texmf-dist/tex/latex/amsmath/amstext.sty
Package: amstext 2000/06/29 v2.01 AMS text

(/usr/local/texlive/2018/texmf-dist/tex/latex/amsmath/amsgen.sty
File: amsgen.sty 1999/11/30 v2.0 generic functions
\@emptytoks=\toks15
\ex@=\dimen103
))
(/usr/local/texlive/2018/texmf-dist/tex/latex/amsmath/amsbsy.sty
Package: amsbsy 1999/11/29 v1.2d Bold Symbols
\pmbraise@=\dimen104
)
(/usr/local/texlive/2018/texmf-dist/tex/latex/amsmath/amsopn.sty
Package: amsopn 2016/03/08 v2.02 operator names
)
\inf@bad=\count89
LaTeX Info: Redefining \frac on input line 213.
\uproot@=\count90
\leftroot@=\count91
LaTeX Info: Redefining \overline on input line 375.
\classnum@=\count92
\DOTSCASE@=\count93
LaTeX Info: Redefining \ldots on input line 472.
LaTeX Info: Redefining \dots on input line 475.
LaTeX Info: Redefining \cdots on input line 596.
\Mathstrutbox@=\box26
\strutbox@=\box27
\big@size=\dimen105
LaTeX Font Info:    Redeclaring font encoding OML on input line 712.
LaTeX Font Info:    Redeclaring font encoding OMS on input line 713.
\macc@depth=\count94
\c@MaxMatrixCols=\count95
\dotsspace@=\muskip10
\c@parentequation=\count96
\dspbrk@lvl=\count97
\tag@help=\toks16
\row@=\count98
\column@=\count99
\maxfields@=\count100
\andhelp@=\toks17
\eqnshift@=\dimen106
\alignsep@=\dimen107
\tagshift@=\dimen108
\tagwidth@=\dimen109
\totwidth@=\dimen110
\lineht@=\dimen111
\@envbody=\toks18
\multlinegap=\skip53
\multlinetaggap=\skip54
\mathdisplay@stack=\toks19
LaTeX Info: Redefining \[ on input line 2817.
LaTeX Info: Redefining \] on input line 2818.
)
(/usr/local/texlive/2018/texmf-dist/tex/latex/esint/esint.sty
Package: esint 
\symlargesymbolsA=\mathgroup4
)
(/usr/local/texlive/2018/texmf-dist/tex/latex/amscls/amsthm.sty
Package: amsthm 2017/10/31 v2.20.4
\thm@style=\toks20
\thm@bodyfont=\toks21
\thm@headfont=\toks22
\thm@notefont=\toks23
\thm@headpunct=\toks24
\thm@preskip=\skip55
\thm@postskip=\skip56
\thm@headsep=\skip57
\dth@everypar=\toks25
)
(/usr/local/texlive/2018/texmf-dist/tex/latex/amsfonts/amsfonts.sty
Package: amsfonts 2013/01/14 v3.01 Basic AMSFonts support
\symAMSa=\mathgroup5
\symAMSb=\mathgroup6
LaTeX Font Info:    Overwriting math alphabet `\mathfrak' in version `bold'
(Font)                  U/euf/m/n --> U/euf/b/n on input line 106.
)
(/usr/local/texlive/2018/texmf-dist/tex/latex/pgf/frontendlayer/tikz.sty
(/usr/local/texlive/2018/texmf-dist/tex/latex/pgf/basiclayer/pgf.sty
(/usr/local/texlive/2018/texmf-dist/tex/latex/pgf/utilities/pgfrcs.sty
(/usr/local/texlive/2018/texmf-dist/tex/generic/pgf/utilities/pgfutil-common.te
x
\pgfutil@everybye=\toks26
\pgfutil@tempdima=\dimen112
\pgfutil@tempdimb=\dimen113

(/usr/local/texlive/2018/texmf-dist/tex/generic/pgf/utilities/pgfutil-common-li
sts.tex))
(/usr/local/texlive/2018/texmf-dist/tex/generic/pgf/utilities/pgfutil-latex.def
\pgfutil@abb=\box28
(/usr/local/texlive/2018/texmf-dist/tex/latex/ms/everyshi.sty
Package: everyshi 2001/05/15 v3.00 EveryShipout Package (MS)
))
(/usr/local/texlive/2018/texmf-dist/tex/generic/pgf/utilities/pgfrcs.code.tex
Package: pgfrcs 2015/08/07 v3.0.1a (rcs-revision 1.31)
))
Package: pgf 2015/08/07 v3.0.1a (rcs-revision 1.15)
(/usr/local/texlive/2018/texmf-dist/tex/latex/pgf/basiclayer/pgfcore.sty
(/usr/local/texlive/2018/texmf-dist/tex/latex/graphics/graphicx.sty
Package: graphicx 2017/06/01 v1.1a Enhanced LaTeX Graphics (DPC,SPQR)

(/usr/local/texlive/2018/texmf-dist/tex/latex/graphics/keyval.sty
Package: keyval 2014/10/28 v1.15 key=value parser (DPC)
\KV@toks@=\toks27
)
(/usr/local/texlive/2018/texmf-dist/tex/latex/graphics/graphics.sty
Package: graphics 2017/06/25 v1.2c Standard LaTeX Graphics (DPC,SPQR)

(/usr/local/texlive/2018/texmf-dist/tex/latex/graphics/trig.sty
Package: trig 2016/01/03 v1.10 sin cos tan (DPC)
)
(/usr/local/texlive/2018/texmf-dist/tex/latex/graphics-cfg/graphics.cfg
File: graphics.cfg 2016/06/04 v1.11 sample graphics configuration
)
Package graphics Info: Driver file: pdftex.def on input line 99.

(/usr/local/texlive/2018/texmf-dist/tex/latex/graphics-def/pdftex.def
File: pdftex.def 2018/01/08 v1.0l Graphics/color driver for pdftex
))
\Gin@req@height=\dimen114
\Gin@req@width=\dimen115
)
(/usr/local/texlive/2018/texmf-dist/tex/latex/pgf/systemlayer/pgfsys.sty
(/usr/local/texlive/2018/texmf-dist/tex/generic/pgf/systemlayer/pgfsys.code.tex
Package: pgfsys 2014/07/09 v3.0.1a (rcs-revision 1.48)
(/usr/local/texlive/2018/texmf-dist/tex/generic/pgf/utilities/pgfkeys.code.tex
\pgfkeys@pathtoks=\toks28
\pgfkeys@temptoks=\toks29

(/usr/local/texlive/2018/texmf-dist/tex/generic/pgf/utilities/pgfkeysfiltered.c
ode.tex
\pgfkeys@tmptoks=\toks30
))
\pgf@x=\dimen116
\pgf@y=\dimen117
\pgf@xa=\dimen118
\pgf@ya=\dimen119
\pgf@xb=\dimen120
\pgf@yb=\dimen121
\pgf@xc=\dimen122
\pgf@yc=\dimen123
\w@pgf@writea=\write3
\r@pgf@reada=\read1
\c@pgf@counta=\count101
\c@pgf@countb=\count102
\c@pgf@countc=\count103
\c@pgf@countd=\count104
\t@pgf@toka=\toks31
\t@pgf@tokb=\toks32
\t@pgf@tokc=\toks33

(/usr/local/texlive/2018/texmf-dist/tex/generic/pgf/systemlayer/pgf.cfg
File: pgf.cfg 2008/05/14  (rcs-revision 1.7)
)
Driver file for pgf: pgfsys-pdftex.def

(/usr/local/texlive/2018/texmf-dist/tex/generic/pgf/systemlayer/pgfsys-pdftex.d
ef
File: pgfsys-pdftex.def 2014/10/11  (rcs-revision 1.35)

(/usr/local/texlive/2018/texmf-dist/tex/generic/pgf/systemlayer/pgfsys-common-p
df.def
File: pgfsys-common-pdf.def 2013/10/10  (rcs-revision 1.13)
)))
(/usr/local/texlive/2018/texmf-dist/tex/generic/pgf/systemlayer/pgfsyssoftpath.
code.tex
File: pgfsyssoftpath.code.tex 2013/09/09  (rcs-revision 1.9)
\pgfsyssoftpath@smallbuffer@items=\count105
\pgfsyssoftpath@bigbuffer@items=\count106
)
(/usr/local/texlive/2018/texmf-dist/tex/generic/pgf/systemlayer/pgfsysprotocol.
code.tex
File: pgfsysprotocol.code.tex 2006/10/16  (rcs-revision 1.4)
)) (/usr/local/texlive/2018/texmf-dist/tex/latex/xcolor/xcolor.sty
Package: xcolor 2016/05/11 v2.12 LaTeX color extensions (UK)

(/usr/local/texlive/2018/texmf-dist/tex/latex/graphics-cfg/color.cfg
File: color.cfg 2016/01/02 v1.6 sample color configuration
)
Package xcolor Info: Driver file: pdftex.def on input line 225.
Package xcolor Info: Model `cmy' substituted by `cmy0' on input line 1348.
Package xcolor Info: Model `hsb' substituted by `rgb' on input line 1352.
Package xcolor Info: Model `RGB' extended on input line 1364.
Package xcolor Info: Model `HTML' substituted by `rgb' on input line 1366.
Package xcolor Info: Model `Hsb' substituted by `hsb' on input line 1367.
Package xcolor Info: Model `tHsb' substituted by `hsb' on input line 1368.
Package xcolor Info: Model `HSB' substituted by `hsb' on input line 1369.
Package xcolor Info: Model `Gray' substituted by `gray' on input line 1370.
Package xcolor Info: Model `wave' substituted by `hsb' on input line 1371.
)
(/usr/local/texlive/2018/texmf-dist/tex/generic/pgf/basiclayer/pgfcore.code.tex
Package: pgfcore 2010/04/11 v3.0.1a (rcs-revision 1.7)
(/usr/local/texlive/2018/texmf-dist/tex/generic/pgf/math/pgfmath.code.tex
(/usr/local/texlive/2018/texmf-dist/tex/generic/pgf/math/pgfmathcalc.code.tex
(/usr/local/texlive/2018/texmf-dist/tex/generic/pgf/math/pgfmathutil.code.tex)
(/usr/local/texlive/2018/texmf-dist/tex/generic/pgf/math/pgfmathparser.code.tex
\pgfmath@dimen=\dimen124
\pgfmath@count=\count107
\pgfmath@box=\box29
\pgfmath@toks=\toks34
\pgfmath@stack@operand=\toks35
\pgfmath@stack@operation=\toks36
)
(/usr/local/texlive/2018/texmf-dist/tex/generic/pgf/math/pgfmathfunctions.code.
tex
(/usr/local/texlive/2018/texmf-dist/tex/generic/pgf/math/pgfmathfunctions.basic
.code.tex)
(/usr/local/texlive/2018/texmf-dist/tex/generic/pgf/math/pgfmathfunctions.trigo
nometric.code.tex)
(/usr/local/texlive/2018/texmf-dist/tex/generic/pgf/math/pgfmathfunctions.rando
m.code.tex)
(/usr/local/texlive/2018/texmf-dist/tex/generic/pgf/math/pgfmathfunctions.compa
rison.code.tex)
(/usr/local/texlive/2018/texmf-dist/tex/generic/pgf/math/pgfmathfunctions.base.
code.tex)
(/usr/local/texlive/2018/texmf-dist/tex/generic/pgf/math/pgfmathfunctions.round
.code.tex)
(/usr/local/texlive/2018/texmf-dist/tex/generic/pgf/math/pgfmathfunctions.misc.
code.tex)
(/usr/local/texlive/2018/texmf-dist/tex/generic/pgf/math/pgfmathfunctions.integ
erarithmetics.code.tex)))
(/usr/local/texlive/2018/texmf-dist/tex/generic/pgf/math/pgfmathfloat.code.tex
\c@pgfmathroundto@lastzeros=\count108
))
(/usr/local/texlive/2018/texmf-dist/tex/generic/pgf/basiclayer/pgfcorepoints.co
de.tex
File: pgfcorepoints.code.tex 2013/10/07  (rcs-revision 1.27)
\pgf@picminx=\dimen125
\pgf@picmaxx=\dimen126
\pgf@picminy=\dimen127
\pgf@picmaxy=\dimen128
\pgf@pathminx=\dimen129
\pgf@pathmaxx=\dimen130
\pgf@pathminy=\dimen131
\pgf@pathmaxy=\dimen132
\pgf@xx=\dimen133
\pgf@xy=\dimen134
\pgf@yx=\dimen135
\pgf@yy=\dimen136
\pgf@zx=\dimen137
\pgf@zy=\dimen138
)
(/usr/local/texlive/2018/texmf-dist/tex/generic/pgf/basiclayer/pgfcorepathconst
ruct.code.tex
File: pgfcorepathconstruct.code.tex 2013/10/07  (rcs-revision 1.29)
\pgf@path@lastx=\dimen139
\pgf@path@lasty=\dimen140
)
(/usr/local/texlive/2018/texmf-dist/tex/generic/pgf/basiclayer/pgfcorepathusage
.code.tex
File: pgfcorepathusage.code.tex 2014/11/02  (rcs-revision 1.24)
\pgf@shorten@end@additional=\dimen141
\pgf@shorten@start@additional=\dimen142
)
(/usr/local/texlive/2018/texmf-dist/tex/generic/pgf/basiclayer/pgfcorescopes.co
de.tex
File: pgfcorescopes.code.tex 2015/05/08  (rcs-revision 1.46)
\pgfpic=\box30
\pgf@hbox=\box31
\pgf@layerbox@main=\box32
\pgf@picture@serial@count=\count109
)
(/usr/local/texlive/2018/texmf-dist/tex/generic/pgf/basiclayer/pgfcoregraphicst
ate.code.tex
File: pgfcoregraphicstate.code.tex 2014/11/02  (rcs-revision 1.12)
\pgflinewidth=\dimen143
)
(/usr/local/texlive/2018/texmf-dist/tex/generic/pgf/basiclayer/pgfcoretransform
ations.code.tex
File: pgfcoretransformations.code.tex 2015/08/07  (rcs-revision 1.20)
\pgf@pt@x=\dimen144
\pgf@pt@y=\dimen145
\pgf@pt@temp=\dimen146
)
(/usr/local/texlive/2018/texmf-dist/tex/generic/pgf/basiclayer/pgfcorequick.cod
e.tex
File: pgfcorequick.code.tex 2008/10/09  (rcs-revision 1.3)
)
(/usr/local/texlive/2018/texmf-dist/tex/generic/pgf/basiclayer/pgfcoreobjects.c
ode.tex
File: pgfcoreobjects.code.tex 2006/10/11  (rcs-revision 1.2)
)
(/usr/local/texlive/2018/texmf-dist/tex/generic/pgf/basiclayer/pgfcorepathproce
ssing.code.tex
File: pgfcorepathprocessing.code.tex 2013/09/09  (rcs-revision 1.9)
)
(/usr/local/texlive/2018/texmf-dist/tex/generic/pgf/basiclayer/pgfcorearrows.co
de.tex
File: pgfcorearrows.code.tex 2015/05/14  (rcs-revision 1.43)
\pgfarrowsep=\dimen147
)
(/usr/local/texlive/2018/texmf-dist/tex/generic/pgf/basiclayer/pgfcoreshade.cod
e.tex
File: pgfcoreshade.code.tex 2013/07/15  (rcs-revision 1.15)
\pgf@max=\dimen148
\pgf@sys@shading@range@num=\count110
)
(/usr/local/texlive/2018/texmf-dist/tex/generic/pgf/basiclayer/pgfcoreimage.cod
e.tex
File: pgfcoreimage.code.tex 2013/07/15  (rcs-revision 1.18)

(/usr/local/texlive/2018/texmf-dist/tex/generic/pgf/basiclayer/pgfcoreexternal.
code.tex
File: pgfcoreexternal.code.tex 2014/07/09  (rcs-revision 1.21)
\pgfexternal@startupbox=\box33
))
(/usr/local/texlive/2018/texmf-dist/tex/generic/pgf/basiclayer/pgfcorelayers.co
de.tex
File: pgfcorelayers.code.tex 2013/07/18  (rcs-revision 1.7)
)
(/usr/local/texlive/2018/texmf-dist/tex/generic/pgf/basiclayer/pgfcoretranspare
ncy.code.tex
File: pgfcoretransparency.code.tex 2013/09/30  (rcs-revision 1.5)
)
(/usr/local/texlive/2018/texmf-dist/tex/generic/pgf/basiclayer/pgfcorepatterns.
code.tex
File: pgfcorepatterns.code.tex 2013/11/07  (rcs-revision 1.5)
)))
(/usr/local/texlive/2018/texmf-dist/tex/generic/pgf/modules/pgfmoduleshapes.cod
e.tex
File: pgfmoduleshapes.code.tex 2014/03/21  (rcs-revision 1.35)
\pgfnodeparttextbox=\box34
)
(/usr/local/texlive/2018/texmf-dist/tex/generic/pgf/modules/pgfmoduleplot.code.
tex
File: pgfmoduleplot.code.tex 2015/08/03  (rcs-revision 1.13)
)
(/usr/local/texlive/2018/texmf-dist/tex/latex/pgf/compatibility/pgfcomp-version
-0-65.sty
Package: pgfcomp-version-0-65 2007/07/03 v3.0.1a (rcs-revision 1.7)
\pgf@nodesepstart=\dimen149
\pgf@nodesepend=\dimen150
)
(/usr/local/texlive/2018/texmf-dist/tex/latex/pgf/compatibility/pgfcomp-version
-1-18.sty
Package: pgfcomp-version-1-18 2007/07/23 v3.0.1a (rcs-revision 1.1)
))
(/usr/local/texlive/2018/texmf-dist/tex/latex/pgf/utilities/pgffor.sty
(/usr/local/texlive/2018/texmf-dist/tex/latex/pgf/utilities/pgfkeys.sty
(/usr/local/texlive/2018/texmf-dist/tex/generic/pgf/utilities/pgfkeys.code.tex)
) (/usr/local/texlive/2018/texmf-dist/tex/latex/pgf/math/pgfmath.sty
(/usr/local/texlive/2018/texmf-dist/tex/generic/pgf/math/pgfmath.code.tex))
(/usr/local/texlive/2018/texmf-dist/tex/generic/pgf/utilities/pgffor.code.tex
Package: pgffor 2013/12/13 v3.0.1a (rcs-revision 1.25)

(/usr/local/texlive/2018/texmf-dist/tex/generic/pgf/math/pgfmath.code.tex)
\pgffor@iter=\dimen151
\pgffor@skip=\dimen152
\pgffor@stack=\toks37
\pgffor@toks=\toks38
))
(/usr/local/texlive/2018/texmf-dist/tex/generic/pgf/frontendlayer/tikz/tikz.cod
e.tex
Package: tikz 2015/08/07 v3.0.1a (rcs-revision 1.151)

(/usr/local/texlive/2018/texmf-dist/tex/generic/pgf/libraries/pgflibraryplothan
dlers.code.tex
File: pgflibraryplothandlers.code.tex 2013/08/31 v3.0.1a (rcs-revision 1.20)
\pgf@plot@mark@count=\count111
\pgfplotmarksize=\dimen153
)
\tikz@lastx=\dimen154
\tikz@lasty=\dimen155
\tikz@lastxsaved=\dimen156
\tikz@lastysaved=\dimen157
\tikzleveldistance=\dimen158
\tikzsiblingdistance=\dimen159
\tikz@figbox=\box35
\tikz@figbox@bg=\box36
\tikz@tempbox=\box37
\tikz@tempbox@bg=\box38
\tikztreelevel=\count112
\tikznumberofchildren=\count113
\tikznumberofcurrentchild=\count114
\tikz@fig@count=\count115

(/usr/local/texlive/2018/texmf-dist/tex/generic/pgf/modules/pgfmodulematrix.cod
e.tex
File: pgfmodulematrix.code.tex 2013/09/17  (rcs-revision 1.8)
\pgfmatrixcurrentrow=\count116
\pgfmatrixcurrentcolumn=\count117
\pgf@matrix@numberofcolumns=\count118
)
\tikz@expandcount=\count119

(/usr/local/texlive/2018/texmf-dist/tex/generic/pgf/frontendlayer/tikz/librarie
s/tikzlibrarytopaths.code.tex
File: tikzlibrarytopaths.code.tex 2008/06/17 v3.0.1a (rcs-revision 1.2)
)))
(/usr/local/texlive/2018/texmf-dist/tex/latex/tools/enumerate.sty
Package: enumerate 2015/07/23 v3.00 enumerate extensions (DPC)
\@enLab=\toks39
)
(/usr/local/texlive/2018/texmf-dist/tex/latex/algorithms/algorithm.sty
Package: algorithm 2009/08/24 v0.1 Document Style `algorithm' - floating enviro
nment

(/usr/local/texlive/2018/texmf-dist/tex/latex/float/float.sty
Package: float 2001/11/08 v1.3d Float enhancements (AL)
\c@float@type=\count120
\float@exts=\toks40
\float@box=\box39
\@float@everytoks=\toks41
\@floatcapt=\box40
)
(/usr/local/texlive/2018/texmf-dist/tex/latex/base/ifthen.sty
Package: ifthen 2014/09/29 v1.1c Standard LaTeX ifthen package (DPC)
)
\@float@every@algorithm=\toks42
\c@algorithm=\count121
)
(/usr/local/texlive/2018/texmf-dist/tex/latex/algorithmicx/algpseudocode.sty
Package: algpseudocode 

(/usr/local/texlive/2018/texmf-dist/tex/latex/algorithmicx/algorithmicx.sty
Package: algorithmicx 2005/04/27 v1.2 Algorithmicx

Document Style algorithmicx 1.2 - a greatly improved `algorithmic' style
\c@ALG@line=\count122
\c@ALG@rem=\count123
\c@ALG@nested=\count124
\ALG@tlm=\skip58
\ALG@thistlm=\skip59
\c@ALG@Lnr=\count125
\c@ALG@blocknr=\count126
\c@ALG@storecount=\count127
\c@ALG@tmpcounter=\count128
\ALG@tmplength=\skip60
)
Document Style - pseudocode environments for use with the `algorithmicx' style
) (/usr/local/texlive/2018/texmf-dist/tex/latex/ms/ragged2e.sty
Package: ragged2e 2009/05/21 v2.1 ragged2e Package (MS)


LaTeX Warning: Command \@arrayparboxrestore  has changed.
               Check if current package is valid.

(/usr/local/texlive/2018/texmf-dist/tex/latex/ms/everysel.sty
Package: everysel 2011/10/28 v1.2 EverySelectfont Package (MS)
)
(/usr/local/texlive/2018/texmf-dist/tex/latex/footmisc/footmisc.sty
Package: footmisc 2011/06/06 v5.5b a miscellany of footnote facilities
\FN@temptoken=\toks43
\footnotemargin=\dimen160
\c@pp@next@reset=\count129
Package footmisc Info: Declaring symbol style bringhurst on input line 855.
Package footmisc Info: Declaring symbol style chicago on input line 863.
Package footmisc Info: Declaring symbol style wiley on input line 872.
Package footmisc Info: Declaring symbol style lamport-robust on input line 883.

Package footmisc Info: Declaring symbol style lamport* on input line 903.
Package footmisc Info: Declaring symbol style lamport*-robust on input line 924
.
)
\CenteringLeftskip=\skip61
\RaggedLeftLeftskip=\skip62
\RaggedRightLeftskip=\skip63
\CenteringRightskip=\skip64
\RaggedLeftRightskip=\skip65
\RaggedRightRightskip=\skip66
\CenteringParfillskip=\skip67
\RaggedLeftParfillskip=\skip68
\RaggedRightParfillskip=\skip69
\JustifyingParfillskip=\skip70
\CenteringParindent=\skip71
\RaggedLeftParindent=\skip72
\RaggedRightParindent=\skip73
\JustifyingParindent=\skip74
)
(/usr/local/texlive/2018/texmf-dist/tex/latex/base/textcomp.sty
Package: textcomp 2017/04/05 v2.0i Standard LaTeX package
Package textcomp Info: Sub-encoding information:
(textcomp)               5 = only ISO-Adobe without \textcurrency
(textcomp)               4 = 5 + \texteuro
(textcomp)               3 = 4 + \textohm
(textcomp)               2 = 3 + \textestimated + \textcurrency
(textcomp)               1 = TS1 - \textcircled - \t
(textcomp)               0 = TS1 (full)
(textcomp)             Font families with sub-encoding setting implement
(textcomp)             only a restricted character set as indicated.
(textcomp)             Family '?' is the default used for unknown fonts.
(textcomp)             See the documentation for details.
Package textcomp Info: Setting ? sub-encoding to TS1/1 on input line 79.

(/usr/local/texlive/2018/texmf-dist/tex/latex/base/ts1enc.def
File: ts1enc.def 2001/06/05 v3.0e (jk/car/fm) Standard LaTeX file
Now handling font encoding TS1 ...
... processing UTF-8 mapping file for font encoding TS1

(/usr/local/texlive/2018/texmf-dist/tex/latex/base/ts1enc.dfu
File: ts1enc.dfu 2018/04/05 v1.2c UTF-8 support for inputenc
   defining Unicode char U+00A2 (decimal 162)
   defining Unicode char U+00A3 (decimal 163)
   defining Unicode char U+00A4 (decimal 164)
   defining Unicode char U+00A5 (decimal 165)
   defining Unicode char U+00A6 (decimal 166)
   defining Unicode char U+00A7 (decimal 167)
   defining Unicode char U+00A8 (decimal 168)
   defining Unicode char U+00A9 (decimal 169)
   defining Unicode char U+00AA (decimal 170)
   defining Unicode char U+00AC (decimal 172)
   defining Unicode char U+00AE (decimal 174)
   defining Unicode char U+00AF (decimal 175)
   defining Unicode char U+00B0 (decimal 176)
   defining Unicode char U+00B1 (decimal 177)
   defining Unicode char U+00B2 (decimal 178)
   defining Unicode char U+00B3 (decimal 179)
   defining Unicode char U+00B4 (decimal 180)
   defining Unicode char U+00B5 (decimal 181)
   defining Unicode char U+00B6 (decimal 182)
   defining Unicode char U+00B7 (decimal 183)
   defining Unicode char U+00B9 (decimal 185)
   defining Unicode char U+00BA (decimal 186)
   defining Unicode char U+00BC (decimal 188)
   defining Unicode char U+00BD (decimal 189)
   defining Unicode char U+00BE (decimal 190)
   defining Unicode char U+00D7 (decimal 215)
   defining Unicode char U+00F7 (decimal 247)
   defining Unicode char U+0192 (decimal 402)
   defining Unicode char U+02C7 (decimal 711)
   defining Unicode char U+02D8 (decimal 728)
   defining Unicode char U+02DD (decimal 733)
   defining Unicode char U+0E3F (decimal 3647)
   defining Unicode char U+2016 (decimal 8214)
   defining Unicode char U+2020 (decimal 8224)
   defining Unicode char U+2021 (decimal 8225)
   defining Unicode char U+2022 (decimal 8226)
   defining Unicode char U+2030 (decimal 8240)
   defining Unicode char U+2031 (decimal 8241)
   defining Unicode char U+203B (decimal 8251)
   defining Unicode char U+203D (decimal 8253)
   defining Unicode char U+2044 (decimal 8260)
   defining Unicode char U+204E (decimal 8270)
   defining Unicode char U+2052 (decimal 8274)
   defining Unicode char U+20A1 (decimal 8353)
   defining Unicode char U+20A4 (decimal 8356)
   defining Unicode char U+20A6 (decimal 8358)
   defining Unicode char U+20A9 (decimal 8361)
   defining Unicode char U+20AB (decimal 8363)
   defining Unicode char U+20AC (decimal 8364)
   defining Unicode char U+20B1 (decimal 8369)
   defining Unicode char U+2103 (decimal 8451)
   defining Unicode char U+2116 (decimal 8470)
   defining Unicode char U+2117 (decimal 8471)
   defining Unicode char U+211E (decimal 8478)
   defining Unicode char U+2120 (decimal 8480)
   defining Unicode char U+2122 (decimal 8482)
   defining Unicode char U+2126 (decimal 8486)
   defining Unicode char U+2127 (decimal 8487)
   defining Unicode char U+212E (decimal 8494)
   defining Unicode char U+2190 (decimal 8592)
   defining Unicode char U+2191 (decimal 8593)
   defining Unicode char U+2192 (decimal 8594)
   defining Unicode char U+2193 (decimal 8595)
   defining Unicode char U+2329 (decimal 9001)
   defining Unicode char U+232A (decimal 9002)
   defining Unicode char U+2422 (decimal 9250)
   defining Unicode char U+25E6 (decimal 9702)
   defining Unicode char U+25EF (decimal 9711)
   defining Unicode char U+266A (decimal 9834)
   defining Unicode char U+FEFF (decimal 65279)
))
LaTeX Info: Redefining \oldstylenums on input line 334.
Package textcomp Info: Setting cmr sub-encoding to TS1/0 on input line 349.
Package textcomp Info: Setting cmss sub-encoding to TS1/0 on input line 350.
Package textcomp Info: Setting cmtt sub-encoding to TS1/0 on input line 351.
Package textcomp Info: Setting cmvtt sub-encoding to TS1/0 on input line 352.
Package textcomp Info: Setting cmbr sub-encoding to TS1/0 on input line 353.
Package textcomp Info: Setting cmtl sub-encoding to TS1/0 on input line 354.
Package textcomp Info: Setting ccr sub-encoding to TS1/0 on input line 355.
Package textcomp Info: Setting ptm sub-encoding to TS1/4 on input line 356.
Package textcomp Info: Setting pcr sub-encoding to TS1/4 on input line 357.
Package textcomp Info: Setting phv sub-encoding to TS1/4 on input line 358.
Package textcomp Info: Setting ppl sub-encoding to TS1/3 on input line 359.
Package textcomp Info: Setting pag sub-encoding to TS1/4 on input line 360.
Package textcomp Info: Setting pbk sub-encoding to TS1/4 on input line 361.
Package textcomp Info: Setting pnc sub-encoding to TS1/4 on input line 362.
Package textcomp Info: Setting pzc sub-encoding to TS1/4 on input line 363.
Package textcomp Info: Setting bch sub-encoding to TS1/4 on input line 364.
Package textcomp Info: Setting put sub-encoding to TS1/5 on input line 365.
Package textcomp Info: Setting uag sub-encoding to TS1/5 on input line 366.
Package textcomp Info: Setting ugq sub-encoding to TS1/5 on input line 367.
Package textcomp Info: Setting ul8 sub-encoding to TS1/4 on input line 368.
Package textcomp Info: Setting ul9 sub-encoding to TS1/4 on input line 369.
Package textcomp Info: Setting augie sub-encoding to TS1/5 on input line 370.
Package textcomp Info: Setting dayrom sub-encoding to TS1/3 on input line 371.
Package textcomp Info: Setting dayroms sub-encoding to TS1/3 on input line 372.

Package textcomp Info: Setting pxr sub-encoding to TS1/0 on input line 373.
Package textcomp Info: Setting pxss sub-encoding to TS1/0 on input line 374.
Package textcomp Info: Setting pxtt sub-encoding to TS1/0 on input line 375.
Package textcomp Info: Setting txr sub-encoding to TS1/0 on input line 376.
Package textcomp Info: Setting txss sub-encoding to TS1/0 on input line 377.
Package textcomp Info: Setting txtt sub-encoding to TS1/0 on input line 378.
Package textcomp Info: Setting lmr sub-encoding to TS1/0 on input line 379.
Package textcomp Info: Setting lmdh sub-encoding to TS1/0 on input line 380.
Package textcomp Info: Setting lmss sub-encoding to TS1/0 on input line 381.
Package textcomp Info: Setting lmssq sub-encoding to TS1/0 on input line 382.
Package textcomp Info: Setting lmvtt sub-encoding to TS1/0 on input line 383.
Package textcomp Info: Setting lmtt sub-encoding to TS1/0 on input line 384.
Package textcomp Info: Setting qhv sub-encoding to TS1/0 on input line 385.
Package textcomp Info: Setting qag sub-encoding to TS1/0 on input line 386.
Package textcomp Info: Setting qbk sub-encoding to TS1/0 on input line 387.
Package textcomp Info: Setting qcr sub-encoding to TS1/0 on input line 388.
Package textcomp Info: Setting qcs sub-encoding to TS1/0 on input line 389.
Package textcomp Info: Setting qpl sub-encoding to TS1/0 on input line 390.
Package textcomp Info: Setting qtm sub-encoding to TS1/0 on input line 391.
Package textcomp Info: Setting qzc sub-encoding to TS1/0 on input line 392.
Package textcomp Info: Setting qhvc sub-encoding to TS1/0 on input line 393.
Package textcomp Info: Setting futs sub-encoding to TS1/4 on input line 394.
Package textcomp Info: Setting futx sub-encoding to TS1/4 on input line 395.
Package textcomp Info: Setting futj sub-encoding to TS1/4 on input line 396.
Package textcomp Info: Setting hlh sub-encoding to TS1/3 on input line 397.
Package textcomp Info: Setting hls sub-encoding to TS1/3 on input line 398.
Package textcomp Info: Setting hlst sub-encoding to TS1/3 on input line 399.
Package textcomp Info: Setting hlct sub-encoding to TS1/5 on input line 400.
Package textcomp Info: Setting hlx sub-encoding to TS1/5 on input line 401.
Package textcomp Info: Setting hlce sub-encoding to TS1/5 on input line 402.
Package textcomp Info: Setting hlcn sub-encoding to TS1/5 on input line 403.
Package textcomp Info: Setting hlcw sub-encoding to TS1/5 on input line 404.
Package textcomp Info: Setting hlcf sub-encoding to TS1/5 on input line 405.
Package textcomp Info: Setting pplx sub-encoding to TS1/3 on input line 406.
Package textcomp Info: Setting pplj sub-encoding to TS1/3 on input line 407.
Package textcomp Info: Setting ptmx sub-encoding to TS1/4 on input line 408.
Package textcomp Info: Setting ptmj sub-encoding to TS1/4 on input line 409.
)
(/usr/local/texlive/2018/texmf-dist/tex/latex/import/import.sty
Package: import 2009/03/23  v 5.1
)
(/usr/local/texlive/2018/texmf-dist/tex/latex/natbib/natbib.sty
Package: natbib 2010/09/13 8.31b (PWD, AO)
\bibhang=\skip75
\bibsep=\skip76
LaTeX Info: Redefining \cite on input line 694.
\c@NAT@ctr=\count130
)
(/usr/local/texlive/2018/texmf-dist/tex/latex/hyperref/hyperref.sty
Package: hyperref 2018/02/06 v6.86b Hypertext links for LaTeX

(/usr/local/texlive/2018/texmf-dist/tex/generic/oberdiek/hobsub-hyperref.sty
Package: hobsub-hyperref 2016/05/16 v1.14 Bundle oberdiek, subset hyperref (HO)


(/usr/local/texlive/2018/texmf-dist/tex/generic/oberdiek/hobsub-generic.sty
Package: hobsub-generic 2016/05/16 v1.14 Bundle oberdiek, subset generic (HO)
Package: hobsub 2016/05/16 v1.14 Construct package bundles (HO)
Package: infwarerr 2016/05/16 v1.4 Providing info/warning/error messages (HO)
Package: ltxcmds 2016/05/16 v1.23 LaTeX kernel commands for general use (HO)
Package: ifluatex 2016/05/16 v1.4 Provides the ifluatex switch (HO)
Package ifluatex Info: LuaTeX not detected.
Package: ifvtex 2016/05/16 v1.6 Detect VTeX and its facilities (HO)
Package ifvtex Info: VTeX not detected.
Package: intcalc 2016/05/16 v1.2 Expandable calculations with integers (HO)
Package: ifpdf 2017/03/15 v3.2 Provides the ifpdf switch
Package: etexcmds 2016/05/16 v1.6 Avoid name clashes with e-TeX commands (HO)
Package etexcmds Info: Could not find \expanded.
(etexcmds)             That can mean that you are not using pdfTeX 1.50 or
(etexcmds)             that some package has redefined \expanded.
(etexcmds)             In the latter case, load this package earlier.
Package: kvsetkeys 2016/05/16 v1.17 Key value parser (HO)
Package: kvdefinekeys 2016/05/16 v1.4 Define keys (HO)
Package: pdftexcmds 2018/01/30 v0.27 Utility functions of pdfTeX for LuaTeX (HO
)
Package pdftexcmds Info: LuaTeX not detected.
Package pdftexcmds Info: \pdf@primitive is available.
Package pdftexcmds Info: \pdf@ifprimitive is available.
Package pdftexcmds Info: \pdfdraftmode found.
Package: pdfescape 2016/05/16 v1.14 Implements pdfTeX's escape features (HO)
Package: bigintcalc 2016/05/16 v1.4 Expandable calculations on big integers (HO
)
Package: bitset 2016/05/16 v1.2 Handle bit-vector datatype (HO)
Package: uniquecounter 2016/05/16 v1.3 Provide unlimited unique counter (HO)
)
Package hobsub Info: Skipping package `hobsub' (already loaded).
Package: letltxmacro 2016/05/16 v1.5 Let assignment for LaTeX macros (HO)
Package: hopatch 2016/05/16 v1.3 Wrapper for package hooks (HO)
Package: xcolor-patch 2016/05/16 xcolor patch
Package: atveryend 2016/05/16 v1.9 Hooks at the very end of document (HO)
Package atveryend Info: \enddocument detected (standard20110627).
Package: atbegshi 2016/06/09 v1.18 At begin shipout hook (HO)
Package: refcount 2016/05/16 v3.5 Data extraction from label references (HO)
Package: hycolor 2016/05/16 v1.8 Color options for hyperref/bookmark (HO)
)
(/usr/local/texlive/2018/texmf-dist/tex/generic/ifxetex/ifxetex.sty
Package: ifxetex 2010/09/12 v0.6 Provides ifxetex conditional
)
(/usr/local/texlive/2018/texmf-dist/tex/latex/oberdiek/auxhook.sty
Package: auxhook 2016/05/16 v1.4 Hooks for auxiliary files (HO)
)
(/usr/local/texlive/2018/texmf-dist/tex/latex/oberdiek/kvoptions.sty
Package: kvoptions 2016/05/16 v3.12 Key value format for package options (HO)
)
\@linkdim=\dimen161
\Hy@linkcounter=\count131
\Hy@pagecounter=\count132

(/usr/local/texlive/2018/texmf-dist/tex/latex/hyperref/pd1enc.def
File: pd1enc.def 2018/02/06 v6.86b Hyperref: PDFDocEncoding definition (HO)
Now handling font encoding PD1 ...
... no UTF-8 mapping file for font encoding PD1
)
\Hy@SavedSpaceFactor=\count133

(/usr/local/texlive/2018/texmf-dist/tex/latex/latexconfig/hyperref.cfg
File: hyperref.cfg 2002/06/06 v1.2 hyperref configuration of TeXLive
)
Package hyperref Info: Hyper figures OFF on input line 4509.
Package hyperref Info: Link nesting OFF on input line 4514.
Package hyperref Info: Hyper index ON on input line 4517.
Package hyperref Info: Plain pages OFF on input line 4524.
Package hyperref Info: Backreferencing OFF on input line 4529.
Package hyperref Info: Implicit mode ON; LaTeX internals redefined.
Package hyperref Info: Bookmarks ON on input line 4762.
\c@Hy@tempcnt=\count134

(/usr/local/texlive/2018/texmf-dist/tex/latex/url/url.sty
\Urlmuskip=\muskip11
Package: url 2013/09/16  ver 3.4  Verb mode for urls, etc.
)
LaTeX Info: Redefining \url on input line 5115.
\XeTeXLinkMargin=\dimen162
\Fld@menulength=\count135
\Field@Width=\dimen163
\Fld@charsize=\dimen164
Package hyperref Info: Hyper figures OFF on input line 6369.
Package hyperref Info: Link nesting OFF on input line 6374.
Package hyperref Info: Hyper index ON on input line 6377.
Package hyperref Info: backreferencing OFF on input line 6384.
Package hyperref Info: Link coloring OFF on input line 6389.
Package hyperref Info: Link coloring with OCG OFF on input line 6394.
Package hyperref Info: PDF/A mode OFF on input line 6399.
LaTeX Info: Redefining \ref on input line 6439.
LaTeX Info: Redefining \pageref on input line 6443.
\Hy@abspage=\count136
\c@Item=\count137
\c@Hfootnote=\count138
)
Package hyperref Info: Driver (autodetected): hpdftex.

(/usr/local/texlive/2018/texmf-dist/tex/latex/hyperref/hpdftex.def
File: hpdftex.def 2018/02/06 v6.86b Hyperref driver for pdfTeX
\Fld@listcount=\count139
\c@bookmark@seq@number=\count140

(/usr/local/texlive/2018/texmf-dist/tex/latex/oberdiek/rerunfilecheck.sty
Package: rerunfilecheck 2016/05/16 v1.8 Rerun checks for auxiliary files (HO)
Package uniquecounter Info: New unique counter `rerunfilecheck' on input line 2
82.
)
\Hy@SectionHShift=\skip77
)
Package hyperref Info: Option `colorlinks' set `true' on input line 25.

(/usr/local/texlive/2018/texmf-dist/tex/generic/pgf/frontendlayer/tikz/librarie
s/tikzlibraryautomata.code.tex
File: tikzlibraryautomata.code.tex 2008/07/14 v3.0.1a (rcs-revision 1.3)

(/usr/local/texlive/2018/texmf-dist/tex/generic/pgf/frontendlayer/tikz/librarie
s/tikzlibraryshapes.multipart.code.tex
File: tikzlibraryshapes.multipart.code.tex 2008/01/09 v3.0.1a (rcs-revision 1.1
)

(/usr/local/texlive/2018/texmf-dist/tex/generic/pgf/libraries/shapes/pgflibrary
shapes.multipart.code.tex
File: pgflibraryshapes.multipart.code.tex 2010/01/07 v3.0.1a (rcs-revision 1.2)

\pgfnodepartlowerbox=\box41
\pgfnodeparttwobox=\box42
\pgfnodepartthreebox=\box43
\pgfnodepartfourbox=\box44
\pgfnodeparttwentybox=\box45
\pgfnodepartnineteenbox=\box46
\pgfnodeparteighteenbox=\box47
\pgfnodepartseventeenbox=\box48
\pgfnodepartsixteenbox=\box49
\pgfnodepartfifteenbox=\box50
\pgfnodepartfourteenbox=\box51
\pgfnodepartthirteenbox=\box52
\pgfnodeparttwelvebox=\box53
\pgfnodepartelevenbox=\box54
\pgfnodeparttenbox=\box55
\pgfnodepartninebox=\box56
\pgfnodeparteightbox=\box57
\pgfnodepartsevenbox=\box58
\pgfnodepartsixbox=\box59
\pgfnodepartfivebox=\box60
)))
(/usr/local/texlive/2018/texmf-dist/tex/generic/pgf/frontendlayer/tikz/librarie
s/tikzlibrarypositioning.code.tex
File: tikzlibrarypositioning.code.tex 2008/10/06 v3.0.1a (rcs-revision 1.7)
)
\c@theorem=\count141
\c@corollary=\count142
\c@definition=\count143
\c@remark=\count144
\c@exercise=\count145
\c@example=\count146
 (./Real_Analysis.aux

LaTeX Warning: Label `ra.hw5.4a' multiply defined.

)
\openout1 = `Real_Analysis.aux'.

LaTeX Font Info:    Checking defaults for OML/cmm/m/it on input line 118.
LaTeX Font Info:    ... okay on input line 118.
LaTeX Font Info:    Checking defaults for T1/cmr/m/n on input line 118.
LaTeX Font Info:    ... okay on input line 118.
LaTeX Font Info:    Checking defaults for OT1/cmr/m/n on input line 118.
LaTeX Font Info:    ... okay on input line 118.
LaTeX Font Info:    Checking defaults for OMS/cmsy/m/n on input line 118.
LaTeX Font Info:    ... okay on input line 118.
LaTeX Font Info:    Checking defaults for OMX/cmex/m/n on input line 118.
LaTeX Font Info:    ... okay on input line 118.
LaTeX Font Info:    Checking defaults for U/cmr/m/n on input line 118.
LaTeX Font Info:    ... okay on input line 118.
LaTeX Font Info:    Checking defaults for TS1/cmr/m/n on input line 118.
LaTeX Font Info:    Try loading font information for TS1+cmr on input line 118.

 (/usr/local/texlive/2018/texmf-dist/tex/latex/base/ts1cmr.fd
File: ts1cmr.fd 2014/09/29 v2.5h Standard LaTeX font definitions
)
LaTeX Font Info:    ... okay on input line 118.
LaTeX Font Info:    Checking defaults for PD1/pdf/m/n on input line 118.
LaTeX Font Info:    ... okay on input line 118.

ABD: EveryShipout initializing macros
(/usr/local/texlive/2018/texmf-dist/tex/context/base/mkii/supp-pdf.mkii
[Loading MPS to PDF converter (version 2006.09.02).]
\scratchcounter=\count147
\scratchdimen=\dimen165
\scratchbox=\box61
\nofMPsegments=\count148
\nofMParguments=\count149
\everyMPshowfont=\toks44
\MPscratchCnt=\count150
\MPscratchDim=\dimen166
\MPnumerator=\count151
\makeMPintoPDFobject=\count152
\everyMPtoPDFconversion=\toks45
) (/usr/local/texlive/2018/texmf-dist/tex/latex/oberdiek/epstopdf-base.sty
Package: epstopdf-base 2016/05/15 v2.6 Base part for package epstopdf

(/usr/local/texlive/2018/texmf-dist/tex/latex/oberdiek/grfext.sty
Package: grfext 2016/05/16 v1.2 Manage graphics extensions (HO)
)
Package epstopdf-base Info: Redefining graphics rule for `.eps' on input line 4
38.
Package grfext Info: Graphics extension search list:
(grfext)             [.pdf,.png,.jpg,.mps,.jpeg,.jbig2,.jb2,.PDF,.PNG,.JPG,.JPE
G,.JBIG2,.JB2,.eps]
(grfext)             \AppendGraphicsExtensions on input line 456.

(/usr/local/texlive/2018/texmf-dist/tex/latex/latexconfig/epstopdf-sys.cfg
File: epstopdf-sys.cfg 2010/07/13 v1.3 Configuration of (r)epstopdf for TeX Liv
e
))
Package ragged2e Info: ABD: executing \RaggedRight on input line 118.

ABD: EverySelectfont initializing macros
LaTeX Info: Redefining \selectfont on input line 118.
\AtBeginShipoutBox=\box62
Package hyperref Info: Link coloring ON on input line 118.

(/usr/local/texlive/2018/texmf-dist/tex/latex/hyperref/nameref.sty
Package: nameref 2016/05/21 v2.44 Cross-referencing by name of section

(/usr/local/texlive/2018/texmf-dist/tex/generic/oberdiek/gettitlestring.sty
Package: gettitlestring 2016/05/16 v1.5 Cleanup title references (HO)
)
\c@section@level=\count153
)
LaTeX Info: Redefining \ref on input line 118.
LaTeX Info: Redefining \pageref on input line 118.
LaTeX Info: Redefining \nameref on input line 118.

(./Real_Analysis.out) (./Real_Analysis.out)
\@outlinefile=\write4
\openout4 = `Real_Analysis.out'.

LaTeX Font Info:    Try loading font information for U+esint on input line 121.


(/usr/local/texlive/2018/texmf-dist/tex/latex/esint/uesint.fd
File: uesint.fd 
)
LaTeX Font Info:    Try loading font information for U+msa on input line 121.

(/usr/local/texlive/2018/texmf-dist/tex/latex/amsfonts/umsa.fd
File: umsa.fd 2013/01/14 v3.01 AMS symbols A
)
LaTeX Font Info:    Try loading font information for U+msb on input line 121.

(/usr/local/texlive/2018/texmf-dist/tex/latex/amsfonts/umsb.fd
File: umsb.fd 2013/01/14 v3.01 AMS symbols B
) [1


{/usr/local/texlive/2018/texmf-var/fonts/map/pdftex/updmap/pdftex.map}] [2

]
(./Real_Analysis.toc
Underfull \vbox (badness 5064) has occurred while \output is active []

 [3])
\tf@toc=\write5
\openout5 = `Real_Analysis.toc'.


[4]
Chapter 1.
[5

]

LaTeX Warning: Reference `asym.tri.ineq.norm' on page 6 undefined on input line
 246.

[6] [7] [8] [9] [10] [11]

Package hyperref Warning: Token not allowed in a PDF string (PDFDocEncoding):
(hyperref)                removing `\begingroup' on input line 619.


Package hyperref Warning: Token not allowed in a PDF string (PDFDocEncoding):
(hyperref)                removing `\let' on input line 619.


Package hyperref Warning: Token not allowed in a PDF string (PDFDocEncoding):
(hyperref)                removing `\<let>-command' on input line 619.


Package hyperref Warning: Token not allowed in a PDF string (PDFDocEncoding):
(hyperref)                removing `\NAT@ctype' on input line 619.


Package hyperref Warning: Token not allowed in a PDF string (PDFDocEncoding):
(hyperref)                removing `\z@' on input line 619.


Package hyperref Warning: Token not allowed in a PDF string (PDFDocEncoding):
(hyperref)                removing `\let' on input line 619.


Package hyperref Warning: Token not allowed in a PDF string (PDFDocEncoding):
(hyperref)                removing `\new@ifnextchar' on input line 619.

[12]

Package hyperref Warning: Token not allowed in a PDF string (PDFDocEncoding):
(hyperref)                removing `\begingroup' on input line 663.


Package hyperref Warning: Token not allowed in a PDF string (PDFDocEncoding):
(hyperref)                removing `\let' on input line 663.


Package hyperref Warning: Token not allowed in a PDF string (PDFDocEncoding):
(hyperref)                removing `\<let>-command' on input line 663.


Package hyperref Warning: Token not allowed in a PDF string (PDFDocEncoding):
(hyperref)                removing `\NAT@ctype' on input line 663.


Package hyperref Warning: Token not allowed in a PDF string (PDFDocEncoding):
(hyperref)                removing `\z@' on input line 663.


Package hyperref Warning: Token not allowed in a PDF string (PDFDocEncoding):
(hyperref)                removing `\let' on input line 663.


Package hyperref Warning: Token not allowed in a PDF string (PDFDocEncoding):
(hyperref)                removing `\new@ifnextchar' on input line 663.


Package natbib Warning: Citation `PUGH2015REAL' on page 13 undefined on input l
ine 713.


Package Fancyhdr Warning: \headheight is too small (12.0pt): 
 Make it at least 23.10004pt.
 We now make it that large for the rest of the document.
 This may cause the page layout to be inconsistent, however.

[13] [14]

Package natbib Warning: Citation `PUGH2015REAL' on page 15 undefined on input l
ine 788.

[15] [16]

Package hyperref Warning: Token not allowed in a PDF string (PDFDocEncoding):
(hyperref)                removing `\begingroup' on input line 911.


Package hyperref Warning: Token not allowed in a PDF string (PDFDocEncoding):
(hyperref)                removing `\let' on input line 911.


Package hyperref Warning: Token not allowed in a PDF string (PDFDocEncoding):
(hyperref)                removing `\<let>-command' on input line 911.


Package hyperref Warning: Token not allowed in a PDF string (PDFDocEncoding):
(hyperref)                removing `\NAT@ctype' on input line 911.


Package hyperref Warning: Token not allowed in a PDF string (PDFDocEncoding):
(hyperref)                removing `\z@' on input line 911.


Package hyperref Warning: Token not allowed in a PDF string (PDFDocEncoding):
(hyperref)                removing `\let' on input line 911.


Package hyperref Warning: Token not allowed in a PDF string (PDFDocEncoding):
(hyperref)                removing `\new@ifnextchar' on input line 911.


Package natbib Warning: Citation `PUGH2015REAL' on page 17 undefined on input l
ine 917.

[17]

Package hyperref Warning: Token not allowed in a PDF string (PDFDocEncoding):
(hyperref)                removing `\begingroup' on input line 919.


Package hyperref Warning: Token not allowed in a PDF string (PDFDocEncoding):
(hyperref)                removing `\let' on input line 919.


Package hyperref Warning: Token not allowed in a PDF string (PDFDocEncoding):
(hyperref)                removing `\<let>-command' on input line 919.


Package hyperref Warning: Token not allowed in a PDF string (PDFDocEncoding):
(hyperref)                removing `\NAT@ctype' on input line 919.


Package hyperref Warning: Token not allowed in a PDF string (PDFDocEncoding):
(hyperref)                removing `\z@' on input line 919.


Package hyperref Warning: Token not allowed in a PDF string (PDFDocEncoding):
(hyperref)                removing `\let' on input line 919.


Package hyperref Warning: Token not allowed in a PDF string (PDFDocEncoding):
(hyperref)                removing `\new@ifnextchar' on input line 919.


Package hyperref Warning: Token not allowed in a PDF string (PDFDocEncoding):
(hyperref)                removing `math shift' on input line 921.


Package hyperref Warning: Token not allowed in a PDF string (PDFDocEncoding):
(hyperref)                removing `superscript' on input line 921.


Package hyperref Warning: Token not allowed in a PDF string (PDFDocEncoding):
(hyperref)                removing `\begingroup' on input line 921.


Package hyperref Warning: Token not allowed in a PDF string (PDFDocEncoding):
(hyperref)                removing `\let' on input line 921.


Package hyperref Warning: Token not allowed in a PDF string (PDFDocEncoding):
(hyperref)                removing `\<let>-command' on input line 921.


Package hyperref Warning: Token not allowed in a PDF string (PDFDocEncoding):
(hyperref)                removing `\NAT@ctype' on input line 921.


Package hyperref Warning: Token not allowed in a PDF string (PDFDocEncoding):
(hyperref)                removing `\z@' on input line 921.


Package hyperref Warning: Token not allowed in a PDF string (PDFDocEncoding):
(hyperref)                removing `\let' on input line 921.


Package hyperref Warning: Token not allowed in a PDF string (PDFDocEncoding):
(hyperref)                removing `\new@ifnextchar' on input line 921.

[18]
Overfull \hbox (2.32945pt too wide) in paragraph at lines 1045--1046
[]\OT1/cmr/bx/n/10 Transitivity: \OT1/cmr/m/n/10 Sup-pose we have $(\OML/cmm/m/
it/10 P[]; T[]\OT1/cmr/m/n/10 )\OML/cmm/m/it/10 ; \OT1/cmr/m/n/10 (\OML/cmm/m/i
t/10 P[]; T[]\OT1/cmr/m/n/10 )\OML/cmm/m/it/10 ; \OT1/cmr/m/n/10 (\OML/cmm/m/it
/10 P[]; T[]\OT1/cmr/m/n/10 ) \OMS/cmsy/m/n/10 2 \OML/cmm/m/it/10 A$ \OT1/cmr/m
/n/10 with $(\OML/cmm/m/it/10 P[]; T[]\OT1/cmr/m/n/10 ) \OMS/cmsy/m/n/10 ^^V \O
T1/cmr/m/n/10 (\OML/cmm/m/it/10 P[]; T[]\OT1/cmr/m/n/10 )$ and $(\OML/cmm/m/it/
10 P[]; T[]\OT1/cmr/m/n/10 )\OML/cmm/m/it/10 ; \OMS/cmsy/m/n/10 ^^V 
 []


Package natbib Warning: Citation `PUGH2015REAL' on page 19 undefined on input l
ine 1072.

[19] [20]

Package natbib Warning: Citation `PUGH2015REAL' on page 21 undefined on input l
ine 1192.

[21]
<images/ra_fig88.png, id=506, 676.5275pt x 344.28625pt>
File: images/ra_fig88.png Graphic file (type png)
<use images/ra_fig88.png>
Package pdftex.def Info: images/ra_fig88.png  used on input line 1253.
(pdftex.def)             Requested size: 338.26291pt x 172.1427pt.
 [22]

Package natbib Warning: Citation `PUGH2015REAL' on page 23 undefined on input l
ine 1318.

[23 <./images/ra_fig88.png>]
Overfull \hbox (1.79718pt too wide) in paragraph at lines 1367--1368
\OT1/cmr/m/n/10 have $\OML/cmm/m/it/10 d\OT1/cmr/m/n/10 (\OML/cmm/m/it/10 f[]\O
T1/cmr/m/n/10 (\OML/cmm/m/it/10 x\OT1/cmr/m/n/10 )\OML/cmm/m/it/10 ; f\OT1/cmr/
m/n/10 (\OML/cmm/m/it/10 x\OT1/cmr/m/n/10 )) \OML/cmm/m/it/10 < \OT1/cmr/m/n/10
 1$. We know $\OML/cmm/m/it/10 f[]$ \OT1/cmr/m/n/10 is bounded; this im-plies t
here ex-ists $\OML/cmm/m/it/10 M$ \OT1/cmr/m/n/10 such that $\OML/cmm/m/it/10 d
\OT1/cmr/m/n/10 (\OML/cmm/m/it/10 f[]\OT1/cmr/m/n/10 (\OML/cmm/m/it/10 x\OT1/cm
r/m/n/10 )\OML/cmm/m/it/10 ; f[]\OT1/cmr/m/n/10 (\OML/cmm/m/it/10 x[]\OT1/cmr/m
/n/10 )) \OMS/cmsy/m/n/10 ^^T 
 []

[24]
Overfull \hbox (10.79044pt too wide) in paragraph at lines 1391--1392
[]\OT1/cmr/m/n/10 If all $\OML/cmm/m/it/10 f[]$ \OT1/cmr/m/n/10 are bounded, th
en a se-quence is uni-formly Cauchy if and only if the se-quence is Cauchy in $
\OML/cmm/m/it/10 C[]\OT1/cmr/m/n/10 (\OML/cmm/m/it/10 X; Y\OT1/cmr/m/n/10 )$.  

 []


Overfull \hbox (2.95601pt too wide) in paragraph at lines 1413--1414
[]\OT1/cmr/m/n/10 Let $\OML/cmm/m/it/10 ^^O > \OT1/cmr/m/n/10 0$. By the uni-fo
rm Cauchy con-di-tion, there ex-ists $\OML/cmm/m/it/10 N \OMS/cmsy/m/n/10 2 \U/
msb/m/n/10 N$ \OT1/cmr/m/n/10 such that if $\OML/cmm/m/it/10 n; m \OMS/cmsy/m/n
/10 ^^U \OML/cmm/m/it/10 N$\OT1/cmr/m/n/10 , then $\OML/cmm/m/it/10 d[]\OT1/cmr
/m/n/10 (\OML/cmm/m/it/10 f[]; f[]\OT1/cmr/m/n/10 )) \OML/cmm/m/it/10 < 
 []


Package natbib Warning: Citation `PUGH2015REAL' on page 25 undefined on input l
ine 1457.

[25] [26]

Package natbib Warning: Citation `PUGH2015REAL' on page 27 undefined on input l
ine 1582.

[27]
<images/ra_sup_norm.png, id=594, 654.445pt x 403.5075pt>
File: images/ra_sup_norm.png Graphic file (type png)
<use images/ra_sup_norm.png>
Package pdftex.def Info: images/ra_sup_norm.png  used on input line 1632.
(pdftex.def)             Requested size: 392.67003pt x 242.10637pt.
 [28]

Package natbib Warning: Citation `PUGH2015REAL' on page 29 undefined on input l
ine 1698.

[29 <./images/ra_sup_norm.png>] [30]

Package natbib Warning: Citation `PUGH2015REAL' on page 31 undefined on input l
ine 1827.

[31] [32]
Overfull \hbox (1.81758pt too wide) in paragraph at lines 1906--1907
[][]\OT1/cmr/bx/n/10 Theorem 54 \OT1/cmr/m/n/10 (\OT1/cmr/bx/n/10 Weierstrass M
-test; The-o-rem 4.5 in [][]Pugh[][] [[][]2015[][]], The-o-rem 7.10 in [][]Rudi
n[][] [[][]1976[][]], 
 []


Package natbib Warning: Citation `PUGH2015REAL' on page 33 undefined on input l
ine 1940.

[33]
Overfull \hbox (2.1068pt too wide) in paragraph at lines 1970--1971
[]\OT1/cmr/m/n/10 The Weier-strass M-test can be used to de-duce uni-form con-v
er-gence prop-er-ties for se-ries (par-tic-u-larly power 
 []


Overfull \hbox (4.60399pt too wide) in paragraph at lines 1974--1975
\OT1/cmr/m/n/10 call that (prop-erly) Rie-mann in-te-grable func-tions are boun
ded (The-o-rem 3.16 in [][]Pugh[][] [[][]2015[][]]). So, $\OMS/cmsy/m/n/10 R\OT
1/cmr/m/n/10 [\OML/cmm/m/it/10 a; b\OT1/cmr/m/n/10 ] \OMS/cmsy/m/n/10 ^^R 
 []

[34]
Overfull \hbox (16.50006pt too wide) in paragraph at lines 2045--2046
[]\OT1/cmr/m/n/10 By Propo-si-tion [][]42[][], since each func-tion $\OML/cmm/m
/it/10 f[] \OT1/cmr/m/n/10 : [\OML/cmm/m/it/10 a; b\OT1/cmr/m/n/10 ] \OMS/cmsy/
m/n/10 ! \U/msb/m/n/10 R$ \OT1/cmr/m/n/10 is Rie-mann in-te-grable, each net $(
\OML/cmm/m/it/10 P[]; T[]\OT1/cmr/m/n/10 ) \OMS/cmsy/m/n/10 7! \OML/cmm/m/it/10
 R\OT1/cmr/m/n/10 (\OML/cmm/m/it/10 f[]; P[]; T[]\OT1/cmr/m/n/10 )$ 
 []


Package natbib Warning: Citation `PUGH2015REAL' on page 35 undefined on input l
ine 2046.

[35] [36]

Package natbib Warning: Citation `PUGH2015REAL' on page 37 undefined on input l
ine 2184.

[37] [38]

Package natbib Warning: Citation `PUGH2015REAL' on page 39 undefined on input l
ine 2288.

[39]

Package hyperref Warning: Token not allowed in a PDF string (PDFDocEncoding):
(hyperref)                removing `\begingroup' on input line 2332.


Package hyperref Warning: Token not allowed in a PDF string (PDFDocEncoding):
(hyperref)                removing `\let' on input line 2332.


Package hyperref Warning: Token not allowed in a PDF string (PDFDocEncoding):
(hyperref)                removing `\<let>-command' on input line 2332.


Package hyperref Warning: Token not allowed in a PDF string (PDFDocEncoding):
(hyperref)                removing `\NAT@ctype' on input line 2332.


Package hyperref Warning: Token not allowed in a PDF string (PDFDocEncoding):
(hyperref)                removing `\z@' on input line 2332.


Package hyperref Warning: Token not allowed in a PDF string (PDFDocEncoding):
(hyperref)                removing `\let' on input line 2332.


Package hyperref Warning: Token not allowed in a PDF string (PDFDocEncoding):
(hyperref)                removing `\new@ifnextchar' on input line 2332.

[40]

Package natbib Warning: Citation `PUGH2015REAL' on page 41 undefined on input l
ine 2401.

[41] [42]
Overfull \hbox (31.09657pt too wide) in paragraph at lines 2473--2474
\OT1/cmr/m/n/10 we need to con-sider are if one or both of the suprema equal in
-fin-ity. But if this is true, then $[][]\OMS/cmsy/m/n/10 f\OML/cmm/m/it/10 a[]
\OMS/cmsy/m/n/10 g [][]f\OML/cmm/m/it/10 b[]\OMS/cmsy/m/n/10 g \OT1/cmr/m/n/10 
= 
 []


Package natbib Warning: Citation `PUGH2015REAL' on page 43 undefined on input l
ine 2541.

[43] [44]

Package natbib Warning: Citation `PUGH2015REAL' on page 45 undefined on input l
ine 2668.

[45]
Overfull \hbox (16.997pt too wide) in paragraph at lines 2679--2680
[]\OT1/cmr/m/n/10 where we ap-plied L'Hopital's Rule, ver-i-fy-ing ([][]1.10[][
]). We will con-clude by ver-i-fy-ing ([][]1.11[][]). Let $[] [] \OMS/cmsy/m/n/
10 j\OML/cmm/m/it/10 c[]\OMS/cmsy/m/n/10 j[] \OT1/cmr/m/n/10 := 
 []


Overfull \hbox (3.66245pt too wide) in paragraph at lines 2703--2704
[]\OT1/cmr/m/n/10 Assume it holds that the ra-dius is un-changed when we pass f
rom the orig-i-nal se-ries to the deriva-tive. With- 
 []

[46]

Package natbib Warning: Citation `PUGH2015REAL' on page 47 undefined on input l
ine 2779.

[47]
Overfull \hbox (0.88477pt too wide) in paragraph at lines 2789--2790
[]\OT1/cmr/m/n/10 can prove term-by-term that ex-po-nen-tial is dif-fer-en-tiab
le (even smooth on $\U/msb/m/n/10 R$\OT1/cmr/m/n/10 ) and that its deriva-tive 
equals 
 []

[48]
<images/ra_conv_ball.jpg, id=815, 906.38625pt x 978.65625pt>
File: images/ra_conv_ball.jpg Graphic file (type jpg)
<use images/ra_conv_ball.jpg>
Package pdftex.def Info: images/ra_conv_ball.jpg  used on input line 2865.
(pdftex.def)             Requested size: 226.59601pt x 244.66347pt.


Package hyperref Warning: Token not allowed in a PDF string (PDFDocEncoding):
(hyperref)                removing `math shift' on input line 2878.


Package hyperref Warning: Token not allowed in a PDF string (PDFDocEncoding):
(hyperref)                removing `superscript' on input line 2878.


Package hyperref Warning: Token not allowed in a PDF string (PDFDocEncoding):
(hyperref)                removing `\begingroup' on input line 2878.


Package hyperref Warning: Token not allowed in a PDF string (PDFDocEncoding):
(hyperref)                removing `\let' on input line 2878.


Package hyperref Warning: Token not allowed in a PDF string (PDFDocEncoding):
(hyperref)                removing `\<let>-command' on input line 2878.


Package hyperref Warning: Token not allowed in a PDF string (PDFDocEncoding):
(hyperref)                removing `\NAT@ctype' on input line 2878.


Package hyperref Warning: Token not allowed in a PDF string (PDFDocEncoding):
(hyperref)                removing `\z@' on input line 2878.


Package hyperref Warning: Token not allowed in a PDF string (PDFDocEncoding):
(hyperref)                removing `\let' on input line 2878.


Package hyperref Warning: Token not allowed in a PDF string (PDFDocEncoding):
(hyperref)                removing `\new@ifnextchar' on input line 2878.


Overfull \hbox (2.70108pt too wide) in paragraph at lines 2880--2881
\OT1/cmr/m/n/10 Recall: $\OML/cmm/m/it/10 X$ \OT1/cmr/m/n/10 set, $\OML/cmm/m/i
t/10 Y$ \OT1/cmr/m/n/10 com-plete met-ric space, then $\OML/cmm/m/it/10 C[]\OT1
/cmr/m/n/10 (\OML/cmm/m/it/10 X; Y\OT1/cmr/m/n/10 )$ is com-plete (Corol-lary [
][]49.1[][]). If $\OML/cmm/m/it/10 X$ \OT1/cmr/m/n/10 is a met-ric space, 
 []


Package natbib Warning: Citation `PUGH2015REAL' on page 49 undefined on input l
ine 2883.

[49 <./images/ra_conv_ball.jpg>]
Overfull \hbox (35.34517pt too wide) in paragraph at lines 2888--2889
[]$\OT1/cmr/m/n/10 . Ex-er-cise; there does not ex-ist a uni-formly con-ver-gen
t sub-se-quence for this se-quence. So $\OML/cmm/m/it/10 C[]\OT1/cmr/m/n/10 (\U
/msb/m/n/10 N\OML/cmm/m/it/10 ; \OT1/cmr/m/n/10 [\OMS/cmsy/m/n/10 ^^@\OT1/cmr/m
/n/10 1\OML/cmm/m/it/10 ; \OT1/cmr/m/n/10 1])$ 
 []


Overfull \hbox (4.81201pt too wide) in paragraph at lines 2896--2897
[][]\OT1/cmr/bx/n/10 Definition 1.6.26 \OT1/cmr/m/n/10 (\OT1/cmr/bx/n/10 Equico
ntinuity; def-i-ni-tion 7.22 in [][]Rudin[][] [[][]1976[][]], p.165 of pdf, p.1
56 of book\OT1/cmr/m/n/10 )\OT1/cmr/bx/n/10 . 
 []

[50]
Overfull \hbox (10.96492pt too wide) in paragraph at lines 2984--2985
[]\OT1/cmr/m/n/10 By the Mean Value The-o-rem, $\OML/cmm/m/it/10 M$ \OT1/cmr/m/
n/10 is a uni-form Lip-s-chitz con-stant for $\OMS/cmsy/m/n/10 E$\OT1/cmr/m/n/1
0 . This im-plies that $\OMS/cmsy/m/n/10 E$ \OT1/cmr/m/n/10 is equicon- 
 []


Package natbib Warning: Citation `PUGH2015REAL' on page 51 undefined on input l
ine 2986.

[51] [52]
Overfull \hbox (5.84753pt too wide) in paragraph at lines 3075--3076
\OT1/cmr/m/n/10 the sum of two equicon-tin-u-ous se-quences is equicon-tin-u-ou
s, $[][]$ is equicon-tin-u-ous. By Propo- 
 []


Package natbib Warning: Citation `PUGH2015REAL' on page 53 undefined on input l
ine 3092.

[53]
Overfull \hbox (2.19774pt too wide) in paragraph at lines 3171--3172
[][]\OT1/cmr/bx/n/10 Lemma 80. []\OT1/cmr/m/n/10 If $\OML/cmm/m/it/10 X$ \OT1/c
mr/m/n/10 is a com-pact met-ric space then $\OML/cmm/m/it/10 X$ \OT1/cmr/m/n/10
 has a count-able dense sub-set $\OML/cmm/m/it/10 A$\OT1/cmr/m/n/10 . (That is,
 $\OML/cmm/m/it/10 X$ \OT1/cmr/m/n/10 is \OT1/cmr/bx/n/10 seper- 
 []

[54]
Overfull \hbox (9.62212pt too wide) in paragraph at lines 3220--3221
\OT1/cmr/m/n/10 cause $\OML/cmm/m/it/10 X$ \OT1/cmr/m/n/10 is com-pact, Lemma [
][]81[][] guar-an-tees that for some $\OML/cmm/m/it/10 J \OMS/cmsy/m/n/10 2 \U/
msb/m/n/10 N$\OT1/cmr/m/n/10 , for all $\OML/cmm/m/it/10 x \OMS/cmsy/m/n/10 2 \
OML/cmm/m/it/10 X$ \OT1/cmr/m/n/10 there ex-ists $\OML/cmm/m/it/10 j \OMS/cmsy/
m/n/10 2 f\OML/cmm/m/it/10 n[]; [] ; n[]\OMS/cmsy/m/n/10 g ^^Z 
 []


Package natbib Warning: Citation `PUGH2015REAL' on page 55 undefined on input l
ine 3236.

[55] [56]

Package natbib Warning: Citation `PUGH2015REAL' on page 57 undefined on input l
ine 3372.

[57] [58]

Package hyperref Warning: Token not allowed in a PDF string (PDFDocEncoding):
(hyperref)                removing `math shift' on input line 3450.


Package hyperref Warning: Token not allowed in a PDF string (PDFDocEncoding):
(hyperref)                removing `superscript' on input line 3450.


Package hyperref Warning: Token not allowed in a PDF string (PDFDocEncoding):
(hyperref)                removing `\begingroup' on input line 3450.


Package hyperref Warning: Token not allowed in a PDF string (PDFDocEncoding):
(hyperref)                removing `\let' on input line 3450.


Package hyperref Warning: Token not allowed in a PDF string (PDFDocEncoding):
(hyperref)                removing `\<let>-command' on input line 3450.


Package hyperref Warning: Token not allowed in a PDF string (PDFDocEncoding):
(hyperref)                removing `\NAT@ctype' on input line 3450.


Package hyperref Warning: Token not allowed in a PDF string (PDFDocEncoding):
(hyperref)                removing `\z@' on input line 3450.


Package hyperref Warning: Token not allowed in a PDF string (PDFDocEncoding):
(hyperref)                removing `\let' on input line 3450.


Package hyperref Warning: Token not allowed in a PDF string (PDFDocEncoding):
(hyperref)                removing `\new@ifnextchar' on input line 3450.


Package natbib Warning: Citation `PUGH2015REAL' on page 59 undefined on input l
ine 3491.

[59] [60]

LaTeX Warning: Reference `abs.alg.def.ring' on page 61 undefined on input line 
3571.


Package natbib Warning: Citation `PUGH2015REAL' on page 61 undefined on input l
ine 3579.

[61]
Overfull \hbox (3.64975pt too wide) in paragraph at lines 3602--3603
[][]\OT1/cmr/bx/n/10 Rudin[][] [[][]1976[][]], p. 171 of pdf, p.162\OT1/cmr/m/n
/10 )\OT1/cmr/bx/n/10 . []\OT1/cmr/m/n/10 Let $\OML/cmm/m/it/10 X$ \OT1/cmr/m/n
/10 be a com-pact met-ric space. Let $\OML/cmm/m/it/10 A \OMS/cmsy/m/n/10 ^^Z \
OML/cmm/m/it/10 C[]\OT1/cmr/m/n/10 (\OML/cmm/m/it/10 X; \U/msb/m/n/10 R\OT1/cmr
/m/n/10 )$ or $\OML/cmm/m/it/10 C[]\OT1/cmr/m/n/10 (\OML/cmm/m/it/10 X; \U/msb/
m/n/10 C\OT1/cmr/m/n/10 )$. 
 []


Overfull \hbox (19.17589pt too wide) in paragraph at lines 3610--3611
[][]\OT1/cmr/bx/n/10 Remark 10. []\OT1/cmr/m/n/10 The Weier-strass Ap-prox-i-ma
-tion The-o-rem (The-o-rem [][]90[][]) is a spe-cial case of the Stone-Weierstr
ass 
 []

[62]

Package natbib Warning: Citation `PUGH2015REAL' on page 63 undefined on input l
ine 3695.

[63]
Overfull \hbox (18.84265pt too wide) detected at line 3712
\OT1/cmr/m/n/10 ^^H(\OML/cmm/m/it/10 f \OT1/cmr/m/n/10 + \OML/cmm/m/it/10 g\OT1
/cmr/m/n/10 ) = ((\OML/cmm/m/it/10 f \OT1/cmr/m/n/10 + \OML/cmm/m/it/10 g\OT1/c
mr/m/n/10 )(\OML/cmm/m/it/10 x[]\OT1/cmr/m/n/10 )\OML/cmm/m/it/10 ; \OT1/cmr/m/
n/10 (\OML/cmm/m/it/10 f \OT1/cmr/m/n/10 + \OML/cmm/m/it/10 g\OT1/cmr/m/n/10 )(
\OML/cmm/m/it/10 x[]\OT1/cmr/m/n/10 )) = (\OML/cmm/m/it/10 f\OT1/cmr/m/n/10 (\O
ML/cmm/m/it/10 x[]\OT1/cmr/m/n/10 ) + \OML/cmm/m/it/10 g\OT1/cmr/m/n/10 (\OML/c
mm/m/it/10 x[]\OT1/cmr/m/n/10 )\OML/cmm/m/it/10 ; f\OT1/cmr/m/n/10 (\OML/cmm/m/
it/10 x[]\OT1/cmr/m/n/10 ) + \OML/cmm/m/it/10 g\OT1/cmr/m/n/10 (\OML/cmm/m/it/1
0 x[]\OT1/cmr/m/n/10 )) = (\OML/cmm/m/it/10 f\OT1/cmr/m/n/10 (\OML/cmm/m/it/10 
x[]\OT1/cmr/m/n/10 )\OML/cmm/m/it/10 ; f\OT1/cmr/m/n/10 (\OML/cmm/m/it/10 x[]\O
T1/cmr/m/n/10 )) + (\OML/cmm/m/it/10 g\OT1/cmr/m/n/10 (\OML/cmm/m/it/10 x[]\OT1
/cmr/m/n/10 )\OML/cmm/m/it/10 ; g\OT1/cmr/m/n/10 (\OML/cmm/m/it/10 x[]\OT1/cmr/
m/n/10 )) = ^^H(\OML/cmm/m/it/10 f\OT1/cmr/m/n/10 ) + ^^H(\OML/cmm/m/it/10 g\OT
1/cmr/m/n/10 )\OML/cmm/m/it/10 :
 []

[64]

Package natbib Warning: Citation `PUGH2015REAL' on page 65 undefined on input l
ine 3782.

[65]

LaTeX Warning: Reference `abs.alg.def.ring' on page 66 undefined on input line 
3802.


Package hyperref Warning: Token not allowed in a PDF string (PDFDocEncoding):
(hyperref)                removing `\begingroup' on input line 3812.


Package hyperref Warning: Token not allowed in a PDF string (PDFDocEncoding):
(hyperref)                removing `\let' on input line 3812.


Package hyperref Warning: Token not allowed in a PDF string (PDFDocEncoding):
(hyperref)                removing `\<let>-command' on input line 3812.


Package hyperref Warning: Token not allowed in a PDF string (PDFDocEncoding):
(hyperref)                removing `\NAT@ctype' on input line 3812.


Package hyperref Warning: Token not allowed in a PDF string (PDFDocEncoding):
(hyperref)                removing `\z@' on input line 3812.


Package hyperref Warning: Token not allowed in a PDF string (PDFDocEncoding):
(hyperref)                removing `\let' on input line 3812.


Package hyperref Warning: Token not allowed in a PDF string (PDFDocEncoding):
(hyperref)                removing `\new@ifnextchar' on input line 3812.


Underfull \vbox (badness 3343) has occurred while \output is active []

 [66]

LaTeX Warning: Reference `statlearning.def.contraction' on page 67 undefined on
 input line 3828.


LaTeX Warning: Reference `statlearning.inf.horizon' on page 67 undefined on inp
ut line 3828.


Package natbib Warning: Citation `PUGH2015REAL' on page 67 undefined on input l
ine 3870.

[67]
Overfull \hbox (1.68625pt too wide) in paragraph at lines 3871--3872
[]\OT1/cmr/m/n/10 If $\OML/cmm/m/it/10 x[] \OMS/cmsy/m/n/10 6\OT1/cmr/m/n/10 = 
\OML/cmm/m/it/10 x[] \OMS/cmsy/m/n/10 2 \OML/cmm/m/it/10 X$ \OT1/cmr/m/n/10 and
 $\OML/cmm/m/it/10 f\OT1/cmr/m/n/10 (\OML/cmm/m/it/10 x[]\OT1/cmr/m/n/10 ) = \O
ML/cmm/m/it/10 x[]$ \OT1/cmr/m/n/10 and $\OML/cmm/m/it/10 f\OT1/cmr/m/n/10 (\OM
L/cmm/m/it/10 x[]\OT1/cmr/m/n/10 ) = \OML/cmm/m/it/10 x[]$\OT1/cmr/m/n/10 , the
n be-cause $\OML/cmm/m/it/10 f$ \OT1/cmr/m/n/10 is a con-trac-tion map-ping, $\
OML/cmm/m/it/10 d\OT1/cmr/m/n/10 (\OML/cmm/m/it/10 f\OT1/cmr/m/n/10 (\OML/cmm/m
/it/10 x[]\OT1/cmr/m/n/10 )\OML/cmm/m/it/10 ; f\OT1/cmr/m/n/10 (\OML/cmm/m/it/1
0 x[]\OT1/cmr/m/n/10 )) \OMS/cmsy/m/n/10 ^^T 
 []


LaTeX Warning: Reference `diffeq.sec' on page 68 undefined on input line 3889.


Overfull \hbox (27.78276pt too wide) in paragraph at lines 3909--3910
[]\OT1/cmr/m/n/10 Conversely, given $(\OML/cmm/m/it/10 u; v\OT1/cmr/m/n/10 )$ s
olv-ing this sys-tem, then $\OML/cmm/m/it/10 x\OT1/cmr/m/n/10 (\OML/cmm/m/it/10
 t\OT1/cmr/m/n/10 ) := \OML/cmm/m/it/10 u\OT1/cmr/m/n/10 (\OML/cmm/m/it/10 t\OT
1/cmr/m/n/10 )$ solves the orig-i-nal sys-tem. So, ex-is-tence/uniqueness 
 []

[68]

Package natbib Warning: Citation `PUGH2015REAL' on page 69 undefined on input l
ine 3988.

[69] [70]

Package natbib Warning: Citation `PUGH2015REAL' on page 71 undefined on input l
ine 4111.

[71]
Overfull \hbox (9.70691pt too wide) in paragraph at lines 4120--4121
\OT1/cmr/m/n/10 neigh-bor-hood $\OML/cmm/m/it/10 V$ \OT1/cmr/m/n/10 of $\OML/cm
m/m/it/10 y[]$ \OT1/cmr/m/n/10 in $\OML/cmm/m/it/10 U$ \OT1/cmr/m/n/10 on which
 $\OML/cmm/m/it/10 F$ \OT1/cmr/m/n/10 is Lip-s-chitz). Let $\OML/cmm/m/it/10 L$
 \OT1/cmr/m/n/10 be a Lip-s-chitz con-stant for $\OML/cmm/m/it/10 F$ \OT1/cmr/m
/n/10 on $\OML/cmm/m/it/10 U$\OT1/cmr/m/n/10 ; i.e., $\OMS/cmsy/m/n/10 k\OML/cm
m/m/it/10 F\OT1/cmr/m/n/10 (\OML/cmm/m/it/10 y[]\OT1/cmr/m/n/10 ) \OMS/cmsy/m/n
/10 ^^@ 
 []

[72]

Package natbib Warning: Citation `PUGH2015REAL' on page 73 undefined on input l
ine 4178.

[73] [74]

Package hyperref Warning: Token not allowed in a PDF string (PDFDocEncoding):
(hyperref)                removing `\begingroup' on input line 4242.


Package hyperref Warning: Token not allowed in a PDF string (PDFDocEncoding):
(hyperref)                removing `\let' on input line 4242.


Package hyperref Warning: Token not allowed in a PDF string (PDFDocEncoding):
(hyperref)                removing `\<let>-command' on input line 4242.


Package hyperref Warning: Token not allowed in a PDF string (PDFDocEncoding):
(hyperref)                removing `\NAT@ctype' on input line 4242.


Package hyperref Warning: Token not allowed in a PDF string (PDFDocEncoding):
(hyperref)                removing `\z@' on input line 4242.


Package hyperref Warning: Token not allowed in a PDF string (PDFDocEncoding):
(hyperref)                removing `\let' on input line 4242.


Package hyperref Warning: Token not allowed in a PDF string (PDFDocEncoding):
(hyperref)                removing `\new@ifnextchar' on input line 4242.


Package hyperref Warning: Token not allowed in a PDF string (PDFDocEncoding):
(hyperref)                removing `\begingroup' on input line 4244.


Package hyperref Warning: Token not allowed in a PDF string (PDFDocEncoding):
(hyperref)                removing `\let' on input line 4244.


Package hyperref Warning: Token not allowed in a PDF string (PDFDocEncoding):
(hyperref)                removing `\<let>-command' on input line 4244.


Package hyperref Warning: Token not allowed in a PDF string (PDFDocEncoding):
(hyperref)                removing `\NAT@ctype' on input line 4244.


Package hyperref Warning: Token not allowed in a PDF string (PDFDocEncoding):
(hyperref)                removing `\z@' on input line 4244.


Package hyperref Warning: Token not allowed in a PDF string (PDFDocEncoding):
(hyperref)                removing `\let' on input line 4244.


Package hyperref Warning: Token not allowed in a PDF string (PDFDocEncoding):
(hyperref)                removing `\new@ifnextchar' on input line 4244.


LaTeX Warning: Reference `sec.lin.alg' on page 75 undefined on input line 4246.



Package natbib Warning: Citation `PUGH2015REAL' on page 75 undefined on input l
ine 4292.

[75] [76]

LaTeX Warning: Reference `abs.alg.def.ring' on page 77 undefined on input line 
4380.


Package natbib Warning: Citation `PUGH2015REAL' on page 77 undefined on input l
ine 4410.

[77] [78]

Package natbib Warning: Citation `PUGH2015REAL' on page 79 undefined on input l
ine 4530.

[79] [80]
Overfull \hbox (13.2311pt too wide) in paragraph at lines 4610--4611
[]\OT1/cmr/m/n/10 each en-try of $\OML/cmm/m/it/10 A$ \OT1/cmr/m/n/10 is a con-
tin-u-ous func-tion from $\OML/cmm/m/it/10 U$ \OT1/cmr/m/n/10 to $\U/msb/m/n/10
 R$ \OT1/cmr/m/n/10 (``$\OML/cmm/m/it/10 A$ \OT1/cmr/m/n/10 is con-tin-u-ous gi
ven $\OML/cmm/m/it/10 `[]$ \OT1/cmr/m/n/10 norm on $[][](\U/msb/m/n/10 R\OT1/cm
r/m/n/10 )$") 
 []


LaTeX Warning: Reference `linalg.sec.svd' on page 81 undefined on input line 46
50.


Package natbib Warning: Citation `PUGH2015REAL' on page 81 undefined on input l
ine 4651.

[81]

Package hyperref Warning: Token not allowed in a PDF string (PDFDocEncoding):
(hyperref)                removing `\begingroup' on input line 4678.


Package hyperref Warning: Token not allowed in a PDF string (PDFDocEncoding):
(hyperref)                removing `\let' on input line 4678.


Package hyperref Warning: Token not allowed in a PDF string (PDFDocEncoding):
(hyperref)                removing `\<let>-command' on input line 4678.


Package hyperref Warning: Token not allowed in a PDF string (PDFDocEncoding):
(hyperref)                removing `\NAT@ctype' on input line 4678.


Package hyperref Warning: Token not allowed in a PDF string (PDFDocEncoding):
(hyperref)                removing `\z@' on input line 4678.


Package hyperref Warning: Token not allowed in a PDF string (PDFDocEncoding):
(hyperref)                removing `\let' on input line 4678.


Package hyperref Warning: Token not allowed in a PDF string (PDFDocEncoding):
(hyperref)                removing `\new@ifnextchar' on input line 4678.

<images/ra_manifold_ex.png, id=1314, 440.64626pt x 713.66624pt>
File: images/ra_manifold_ex.png Graphic file (type png)
<use images/ra_manifold_ex.png>
Package pdftex.def Info: images/ra_manifold_ex.png  used on input line 4694.
(pdftex.def)             Requested size: 308.45027pt x 499.56296pt.

Overfull \hbox (4.77032pt too wide) in paragraph at lines 4702--4703
[][]\OT1/cmr/bx/n/10 Definition 1.7.11 \OT1/cmr/m/n/10 (\OT1/cmr/bx/n/10 Topolo
gical man-i-fold; def-i-ni-tion from [][]Lee[][] [[][]2012[][]], p. 17 of pdf, 
p. 2 of book\OT1/cmr/m/n/10 )\OT1/cmr/bx/n/10 . 
 []

[82]

Package natbib Warning: Citation `PUGH2015REAL' on page 83 undefined on input l
ine 4720.

[83 <./images/ra_manifold_ex.png>]
<images/ra_lee_chart.png, id=1348, 522.95375pt x 240.9pt>
File: images/ra_lee_chart.png Graphic file (type png)
<use images/ra_lee_chart.png>
Package pdftex.def Info: images/ra_lee_chart.png  used on input line 4787.
(pdftex.def)             Requested size: 366.06512pt x 168.62883pt.
 [84]
<images/ra_spivak_5-2.png, id=1367, 728.7225pt x 746.79pt>
File: images/ra_spivak_5-2.png Graphic file (type png)
<use images/ra_spivak_5-2.png>
Package pdftex.def Info: images/ra_spivak_5-2.png  used on input line 4812.
(pdftex.def)             Requested size: 364.36035pt x 373.39407pt.


Package hyperref Warning: Token not allowed in a PDF string (PDFDocEncoding):
(hyperref)                removing `math shift' on input line 4819.


Package hyperref Warning: Token not allowed in a PDF string (PDFDocEncoding):
(hyperref)                removing `superscript' on input line 4819.


Package hyperref Warning: Token not allowed in a PDF string (PDFDocEncoding):
(hyperref)                removing `\to' on input line 4819.


Package hyperref Warning: Token not allowed in a PDF string (PDFDocEncoding):
(hyperref)                removing `superscript' on input line 4819.


Package hyperref Warning: Token not allowed in a PDF string (PDFDocEncoding):
(hyperref)                removing `\begingroup' on input line 4819.


Package hyperref Warning: Token not allowed in a PDF string (PDFDocEncoding):
(hyperref)                removing `\let' on input line 4819.


Package hyperref Warning: Token not allowed in a PDF string (PDFDocEncoding):
(hyperref)                removing `\<let>-command' on input line 4819.


Package hyperref Warning: Token not allowed in a PDF string (PDFDocEncoding):
(hyperref)                removing `\NAT@ctype' on input line 4819.


Package hyperref Warning: Token not allowed in a PDF string (PDFDocEncoding):
(hyperref)                removing `\z@' on input line 4819.


Package hyperref Warning: Token not allowed in a PDF string (PDFDocEncoding):
(hyperref)                removing `\let' on input line 4819.


Package hyperref Warning: Token not allowed in a PDF string (PDFDocEncoding):
(hyperref)                removing `\new@ifnextchar' on input line 4819.


LaTeX Warning: Reference `calc.mat.diff' on page 85 undefined on input line 482
1.


Package natbib Warning: Citation `PUGH2015REAL' on page 85 undefined on input l
ine 4847.

[85 <./images/ra_lee_chart.png>] [86 <./images/ra_spivak_5-2.png>]

Package natbib Warning: Citation `PUGH2015REAL' on page 87 undefined on input l
ine 4905.

[87] [88]

Package natbib Warning: Citation `PUGH2015REAL' on page 89 undefined on input l
ine 5012.

[89] [90]

Package natbib Warning: Citation `PUGH2015REAL' on page 91 undefined on input l
ine 5164.

[91] [92]

Package natbib Warning: Citation `PUGH2015REAL' on page 93 undefined on input l
ine 5262.

[93] [94]

Package hyperref Warning: Token not allowed in a PDF string (PDFDocEncoding):
(hyperref)                removing `\begingroup' on input line 5352.


Package hyperref Warning: Token not allowed in a PDF string (PDFDocEncoding):
(hyperref)                removing `\let' on input line 5352.


Package hyperref Warning: Token not allowed in a PDF string (PDFDocEncoding):
(hyperref)                removing `\<let>-command' on input line 5352.


Package hyperref Warning: Token not allowed in a PDF string (PDFDocEncoding):
(hyperref)                removing `\NAT@ctype' on input line 5352.


Package hyperref Warning: Token not allowed in a PDF string (PDFDocEncoding):
(hyperref)                removing `\z@' on input line 5352.


Package hyperref Warning: Token not allowed in a PDF string (PDFDocEncoding):
(hyperref)                removing `\let' on input line 5352.


Package hyperref Warning: Token not allowed in a PDF string (PDFDocEncoding):
(hyperref)                removing `\new@ifnextchar' on input line 5352.


Overfull \hbox (23.54181pt too wide) in paragraph at lines 5362--5363
\OT1/cmr/m/n/10 tion of $\OML/cmm/m/it/10 x$\OT1/cmr/m/n/10 , namely $\OML/cmm/
m/it/10 y \OT1/cmr/m/n/10 = \OMS/cmsy/m/n/10 ^^F[]$ \OT1/cmr/m/n/10 (pick which
 one de-pend-ing on sign of $\OML/cmm/m/it/10 y[]$\OT1/cmr/m/n/10 ). How-ever i
f $(\OML/cmm/m/it/10 x[]; y[]\OT1/cmr/m/n/10 ) \OMS/cmsy/m/n/10 2 f\OT1/cmr/m/n
/10 (1\OML/cmm/m/it/10 ; \OT1/cmr/m/n/10 0)\OML/cmm/m/it/10 ; \OT1/cmr/m/n/10 (
\OMS/cmsy/m/n/10 ^^@\OT1/cmr/m/n/10 1\OML/cmm/m/it/10 ; \OT1/cmr/m/n/10 0)\OMS/
cmsy/m/n/10 g$\OT1/cmr/m/n/10 , 
 []


Package natbib Warning: Citation `PUGH2015REAL' on page 95 undefined on input l
ine 5375.

[95] [96]
Overfull \hbox (11.27385pt too wide) in paragraph at lines 5422--5423
[]\OT1/cmr/m/n/10 Let $[](\OML/cmm/m/it/10 x; y\OT1/cmr/m/n/10 )$ be the ``par-
tial Ja-co-bian" of $\OML/cmm/m/it/10 R$\OT1/cmr/m/n/10 , us-ing only the par-t
ial deriva-tives from $\OML/cmm/m/it/10 y$ \OT1/cmr/m/n/10 (so it has $\OML/cmm
/m/it/10 M$ \OT1/cmr/m/n/10 columns--- 
 []


Overfull \hbox (0.15921pt too wide) in paragraph at lines 5422--5423
\OT1/cmr/m/n/10 Corol-lary [][]112.3[][], we have that $[](\OML/cmm/m/it/10 x; 
y\OT1/cmr/m/n/10 )$ is con-tin-u-ous if we use the op-er-a-tor norm to as the m
et-ric in $\U/msb/m/n/10 R[]$ 
 []


Overfull \hbox (4.57819pt too wide) in paragraph at lines 5422--5423
\OT1/cmr/m/n/10 (see the sec-ond part of Corol-lary [][]112.3[][] for the for-m
al state-ment; writ-ten in short-hand no-ta-tion as $[](\OML/cmm/m/it/10 x; y\O
T1/cmr/m/n/10 ) : 
 []


Package natbib Warning: Citation `PUGH2015REAL' on page 97 undefined on input l
ine 5453.

[97] [98]

Package natbib Warning: Citation `PUGH2015REAL' on page 99 undefined on input l
ine 5547.

[99]
Overfull \hbox (1.71802pt too wide) in paragraph at lines 5589--5590
[]\OT1/cmr/m/n/10 The fol-low-ing is a use-ful re-sult for man-i-folds (see The
-o-rem [][]116[][]) that is closely re-lated to the Im-plicit Func- 
 []

[100]

Package natbib Warning: Citation `PUGH2015REAL' on page 101 undefined on input 
line 5642.

[101]

Package hyperref Warning: Token not allowed in a PDF string (PDFDocEncoding):
(hyperref)                removing `\begingroup' on input line 5716.


Package hyperref Warning: Token not allowed in a PDF string (PDFDocEncoding):
(hyperref)                removing `\let' on input line 5716.


Package hyperref Warning: Token not allowed in a PDF string (PDFDocEncoding):
(hyperref)                removing `\<let>-command' on input line 5716.


Package hyperref Warning: Token not allowed in a PDF string (PDFDocEncoding):
(hyperref)                removing `\NAT@ctype' on input line 5716.


Package hyperref Warning: Token not allowed in a PDF string (PDFDocEncoding):
(hyperref)                removing `\z@' on input line 5716.


Package hyperref Warning: Token not allowed in a PDF string (PDFDocEncoding):
(hyperref)                removing `\let' on input line 5716.


Package hyperref Warning: Token not allowed in a PDF string (PDFDocEncoding):
(hyperref)                removing `\new@ifnextchar' on input line 5716.


LaTeX Warning: Reference `abs.alg.group.abelian' on page 102 undefined on input
 line 5734.

[102]
<images/ra_hw11_4.png, id=1610, 198.7425pt x 165.61874pt>
File: images/ra_hw11_4.png Graphic file (type png)
<use images/ra_hw11_4.png>
Package pdftex.def Info: images/ra_hw11_4.png  used on input line 5778.
(pdftex.def)             Requested size: 99.371pt x 82.80916pt.

Overfull \hbox (0.32893pt too wide) in paragraph at lines 5789--5790
[]\OT1/cmr/m/n/10 We will check that sums and scalar mul-ti-ples pre-serve the 
qual-ity of van-ish-ing at all but finitely 
 []


Overfull \hbox (16.65755pt too wide) in paragraph at lines 5795--5796
\OT1/cmr/m/n/10 (\OML/cmm/m/it/10 v; w\OT1/cmr/m/n/10 )$. Ob-serve that this ma
p is lin-ear be-cause $\OML/cmm/m/it/10 cf \OMS/cmsy/m/n/10 7! \OT1/cmr/m/n/10 
((\OML/cmm/m/it/10 cf\OT1/cmr/m/n/10 )(\OML/cmm/m/it/10 s\OT1/cmr/m/n/10 )\OML/
cmm/m/it/10 ; \OT1/cmr/m/n/10 (\OML/cmm/m/it/10 cf\OT1/cmr/m/n/10 )(\OML/cmm/m/
it/10 t\OT1/cmr/m/n/10 )) = (\OML/cmm/m/it/10 c\OT1/cmr/m/n/10 (\OML/cmm/m/it/1
0 f\OT1/cmr/m/n/10 (\OML/cmm/m/it/10 s\OT1/cmr/m/n/10 ))\OML/cmm/m/it/10 ; c\OT
1/cmr/m/n/10 (\OML/cmm/m/it/10 f\OT1/cmr/m/n/10 (\OML/cmm/m/it/10 t\OT1/cmr/m/n
/10 ))) = \OML/cmm/m/it/10 c\OT1/cmr/m/n/10 (\OML/cmm/m/it/10 f\OT1/cmr/m/n/10 
(\OML/cmm/m/it/10 s\OT1/cmr/m/n/10 )\OML/cmm/m/it/10 ; f\OT1/cmr/m/n/10 (\OML/c
mm/m/it/10 t\OT1/cmr/m/n/10 )) = 
 []


Package natbib Warning: Citation `PUGH2015REAL' on page 103 undefined on input 
line 5797.

[103 <./images/ra_hw11_4.png>] [104]

Package natbib Warning: Citation `PUGH2015REAL' on page 105 undefined on input 
line 5886.

[105] [106]

Package natbib Warning: Citation `PUGH2015REAL' on page 107 undefined on input 
line 5999.

[107] [108]
Overfull \hbox (21.23917pt too wide) in paragraph at lines 6070--6071
\OT1/cmr/bx/n/10 [[][]1971[][]], p. 89 of pdf, p. 76 of book, also Propo-si-tio
n 11.1 in [][]Lee[][] [[][]2012[][]]\OT1/cmr/m/n/10 )\OT1/cmr/bx/n/10 . []\OT1/
cmr/m/n/10 Let $\OML/cmm/m/it/10 V$ \OT1/cmr/m/n/10 be a finite-dimensional 
 []


Overfull \hbox (5.96054pt too wide) in paragraph at lines 6093--6094
[]\OT1/cmr/m/n/10 (where the third equal-ity fol-lows from the fact that $\OML/
cmm/m/it/10 e[]$ \OT1/cmr/m/n/10 is lin-ear and the fourth equal-ity fol-lows f
rom $\OML/cmm/m/it/10 e[]\OT1/cmr/m/n/10 (\OML/cmm/m/it/10 e[]\OT1/cmr/m/n/10 )
 = 
 []


Package natbib Warning: Citation `PUGH2015REAL' on page 109 undefined on input 
line 6103.

[109]
Overfull \hbox (17.62561pt too wide) in paragraph at lines 6122--6122
[]\OT1/cmr/bx/n/12 Differential Forms (Sec-tion 5.8 of [][]Pugh[][] [[][]2015[]
[]]; Chap-ter 10 of [][]Rudin[][] [[][]1976[][]])  
 []


Package hyperref Warning: Token not allowed in a PDF string (PDFDocEncoding):
(hyperref)                removing `\begingroup' on input line 6122.


Package hyperref Warning: Token not allowed in a PDF string (PDFDocEncoding):
(hyperref)                removing `\let' on input line 6122.


Package hyperref Warning: Token not allowed in a PDF string (PDFDocEncoding):
(hyperref)                removing `\<let>-command' on input line 6122.


Package hyperref Warning: Token not allowed in a PDF string (PDFDocEncoding):
(hyperref)                removing `\NAT@ctype' on input line 6122.


Package hyperref Warning: Token not allowed in a PDF string (PDFDocEncoding):
(hyperref)                removing `\z@' on input line 6122.


Package hyperref Warning: Token not allowed in a PDF string (PDFDocEncoding):
(hyperref)                removing `\let' on input line 6122.


Package hyperref Warning: Token not allowed in a PDF string (PDFDocEncoding):
(hyperref)                removing `\new@ifnextchar' on input line 6122.


Package hyperref Warning: Token not allowed in a PDF string (PDFDocEncoding):
(hyperref)                removing `\begingroup' on input line 6122.


Package hyperref Warning: Token not allowed in a PDF string (PDFDocEncoding):
(hyperref)                removing `\let' on input line 6122.


Package hyperref Warning: Token not allowed in a PDF string (PDFDocEncoding):
(hyperref)                removing `\<let>-command' on input line 6122.


Package hyperref Warning: Token not allowed in a PDF string (PDFDocEncoding):
(hyperref)                removing `\NAT@ctype' on input line 6122.


Package hyperref Warning: Token not allowed in a PDF string (PDFDocEncoding):
(hyperref)                removing `\z@' on input line 6122.


Package hyperref Warning: Token not allowed in a PDF string (PDFDocEncoding):
(hyperref)                removing `\let' on input line 6122.


Package hyperref Warning: Token not allowed in a PDF string (PDFDocEncoding):
(hyperref)                removing `\new@ifnextchar' on input line 6122.


Overfull \hbox (7.50937pt too wide) in paragraph at lines 6126--6127
[][]\OT1/cmr/bx/n/10 Definition 1.7.33 \OT1/cmr/m/n/10 (\OT1/cmr/bx/n/10 Multil
inear func-tion-als; Sec-tion 5.9 of [][]Pugh[][] [[][]2015[][]]\OT1/cmr/m/n/10
 )\OT1/cmr/bx/n/10 . []\OT1/cmr/m/n/10 A map $\OML/cmm/m/it/10 ^^L \OT1/cmr/m/n
/10 : [] \OMS/cmsy/m/n/10 ! 
 []


LaTeX Warning: Reference `abs.alg.sec.sym' on page 110 undefined on input line 
6140.

[110]

Package natbib Warning: Citation `PUGH2015REAL' on page 111 undefined on input 
line 6218.

[111]
Overfull \hbox (12.91269pt too wide) in paragraph at lines 6242--6243
[]\OT1/cmr/m/n/10 where $\OML/cmm/m/it/10 f$ \OT1/cmr/m/n/10 and $\OML/cmm/m/it
/10 g$ \OT1/cmr/m/n/10 are smooth real-valued func-tions of $(\OML/cmm/m/it/10 
x; y\OT1/cmr/m/n/10 )$ and $\OML/cmm/m/it/10 C$ \OT1/cmr/m/n/10 is a smooth pat
h pa-ram-e-ter-ized by $(\OML/cmm/m/it/10 x\OT1/cmr/m/n/10 (\OML/cmm/m/it/10 t\
OT1/cmr/m/n/10 )\OML/cmm/m/it/10 ; y\OT1/cmr/m/n/10 (\OML/cmm/m/it/10 t\OT1/cmr
/m/n/10 ))$ 
 []

<images/ra_fig_1form.png, id=1743, 736.7525pt x 463.7325pt>
File: images/ra_fig_1form.png Graphic file (type png)
<use images/ra_fig_1form.png>
Package pdftex.def Info: images/ra_fig_1form.png  used on input line 6256.
(pdftex.def)             Requested size: 368.37535pt x 231.86568pt.
[112]

Package natbib Warning: Citation `PUGH2015REAL' on page 113 undefined on input 
line 6308.

[113 <./images/ra_fig_1form.png>] [114]

Package natbib Warning: Citation `PUGH2015REAL' on page 115 undefined on input 
line 6420.

[115] [116]

Package natbib Warning: Citation `PUGH2015REAL' on page 117 undefined on input 
line 6547.

[117]
Overfull \hbox (7.21413pt too wide) in paragraph at lines 6593--6594
[][]\OT1/cmr/bx/n/10 Remark 20. []\OT1/cmr/m/n/10 See-ing that $(\OML/cmm/m/it/
10 a[]; \OMS/cmsy/m/n/10 ^^@\OML/cmm/m/it/10 a[]; a[]\OT1/cmr/m/n/10 )$ is the 
nat-u-ral vec-tor in $\U/msb/m/n/10 R[]$ \OT1/cmr/m/n/10 to de-fine a given el-
e-ment of $[][](\U/msb/m/n/10 R[]\OML/cmm/m/it/10 ; \U/msb/m/n/10 R\OT1/cmr/m/n
/10 )$ 
 []

[118]
Overfull \hbox (5.31073pt too wide) detected at line 6666
[]\OML/cmm/m/it/10 ^^^[] \OMS/cmsy/m/n/10 ^ \OML/cmm/m/it/10 ^^^[] \OMS/cmsy/m/
n/10 ^ \OML/cmm/m/it/10 ^^^[] \OT1/cmr/m/n/10 = [] [] \OML/cmm/m/it/10 :
 []


Package natbib Warning: Citation `PUGH2015REAL' on page 119 undefined on input 
line 6678.

[119] [120]

Package natbib Warning: Citation `PUGH2015REAL' on page 121 undefined on input 
line 6787.

[121]
Overfull \hbox (4.69037pt too wide) in paragraph at lines 6812--6813
\OT1/cmr/m/n/10 of func-tions are typ-i-cally infinite-dimensional. One rea-son
 why this is is that func-tions have val-ues at points 
 []


Overfull \hbox (2.47151pt too wide) in paragraph at lines 6812--6813
\OT1/cmr/m/n/10 far away from $\OML/cmm/m/it/10 p$\OT1/cmr/m/n/10 , but these v
al-ues should be ir-rel-e-vant for di-rec-tional deriva-tives, so to work to-wa
rd a finite- 
 []

[122]
Overfull \hbox (8.41249pt too wide) in paragraph at lines 6854--6855
[]\OT1/cmr/m/n/10 Now we will con-sider line in-te-grals and in-te-grals of 1-f
orms on curves and 1-manifolds (see Def-i-ni-tion [][]1.7.10[][]). 
 []


Package natbib Warning: Citation `PUGH2015REAL' on page 123 undefined on input 
line 6890.

[123] [124]

Package natbib Warning: Citation `PUGH2015REAL' on page 125 undefined on input 
line 6997.

[125] [126]

Package natbib Warning: Citation `PUGH2015REAL' on page 127 undefined on input 
line 7099.

[127] [128]

Package natbib Warning: Citation `PUGH2015REAL' on page 129 undefined on input 
line 7205.

[129]

LaTeX Warning: Reference `abs.alg.def.ring' on page 130 undefined on input line
 7222.


LaTeX Warning: Reference `abs.alg.def.ring' on page 130 undefined on input line
 7234.


LaTeX Warning: Reference `abs.alg.def.ring.ideal' on page 130 undefined on inpu
t line 7234.


LaTeX Warning: Reference `abs.alg.def.ring.generator' on page 130 undefined on 
input line 7236.

[130]

Package natbib Warning: Citation `PUGH2015REAL' on page 131 undefined on input 
line 7325.

[131] [132]
Overfull \hbox (22.72247pt too wide) in paragraph at lines 7372--7373
[][]\OT1/cmr/bx/n/10 Theorem 159 \OT1/cmr/m/n/10 (\OT1/cmr/bx/n/10 Fubini's The
-o-rem \OT1/cmr/m/n/10 )\OT1/cmr/bx/n/10 . []\OT1/cmr/m/n/10 Let $\OML/cmm/m/it
/10 h \OT1/cmr/m/n/10 : \U/msb/m/n/10 R[] \OMS/cmsy/m/n/10 ! \U/msb/m/n/10 R$ \
OT1/cmr/m/n/10 be a con-tin-u-ous func-tion such that $[] [][] \OMS/cmsy/m/n/10
 j\OML/cmm/m/it/10 h\OT1/cmr/m/n/10 (\OML/cmm/m/it/10 x; y\OT1/cmr/m/n/10 )\OMS
/cmsy/m/n/10 j\OML/cmm/m/it/10 dxdy < 
 []


Package natbib Warning: Citation `PUGH2015REAL' on page 133 undefined on input 
line 7420.

[133] [134]

Package natbib Warning: Citation `PUGH2015REAL' on page 135 undefined on input 
line 7541.

[135]
Overfull \hbox (17.65495pt too wide) detected at line 7583
[][] [] \OT1/cmr/m/n/10 := [][] [][](\OML/cmm/m/it/10 fdA\OT1/cmr/m/n/10 ) = []
[] \OML/cmm/m/it/10 f\OT1/cmr/m/n/10 ([]) [] \OML/cmm/m/it/10 du \OMS/cmsy/m/n/
10 ^ \OML/cmm/m/it/10 dv \OT1/cmr/m/n/10 = [] [][] \OML/cmm/m/it/10 f\OT1/cmr/m
/n/10 ([](\OML/cmm/m/it/10 u; v\OT1/cmr/m/n/10 )) [] \OML/cmm/m/it/10 dudv:
 []

[136]

Package natbib Warning: Citation `PUGH2015REAL' on page 137 undefined on input 
line 7674.

[137]
Overfull \hbox (9.87755pt too wide) detected at line 7717
[][]\OT1/cmr/m/n/10 ([] \OMS/cmsy/m/n/10 ^^A []\OT1/cmr/m/n/10 )\OML/cmm/m/it/1
0 ds \OT1/cmr/m/n/10 = [][] \OML/cmm/m/it/10  \OT1/cmr/m/n/10 = [] [][] \OML/c
mm/m/it/10 d \OT1/cmr/m/n/10 = [] [] [][]((\OMS/cmsy/m/n/10 r ^^B []\OT1/cmr/m
/n/10 ) \OMS/cmsy/m/n/10 ^^A []\OT1/cmr/m/n/10 )\OML/cmm/m/it/10 dA:
 []

[138]
<images/0568_38.png, id=2127, 940.51375pt x 209.78375pt>
File: images/0568_38.png Graphic file (type png)
<use images/0568_38.png>
Package pdftex.def Info: images/0568_38.png  used on input line 7765.
(pdftex.def)             Requested size: 470.25572pt x 104.8916pt.

Overfull \hbox (0.50073pt too wide) in paragraph at lines 7765--7766
[]  
 []

<images/0568_38s.png, id=2128, 884.30376pt x 202.7575pt>
File: images/0568_38s.png Graphic file (type png)
<use images/0568_38s.png>
Package pdftex.def Info: images/0568_38s.png  used on input line 7767.
(pdftex.def)             Requested size: 442.1508pt x 101.3785pt.
<images/1268_47.png, id=2129, 489.83pt x 284.06125pt>
File: images/1268_47.png Graphic file (type png)
<use images/1268_47.png>
Package pdftex.def Info: images/1268_47.png  used on input line 7769.
(pdftex.def)             Requested size: 318.38573pt x 184.6376pt.

Underfull \vbox (badness 10000) has occurred while \output is active []

 [139 <./images/0568_38.png> <./images/0568_38s.png>]
<images/1268_47s.png, id=2137, 718.685pt x 69.25874pt>
File: images/1268_47s.png Graphic file (type png)
<use images/1268_47s.png>
Package pdftex.def Info: images/1268_47s.png  used on input line 7771.
(pdftex.def)             Requested size: 467.13971pt x 45.01764pt.
<images/1268_57.png, id=2138, 772.8875pt x 227.85126pt>
File: images/1268_57.png Graphic file (type png)
<use images/1268_57.png>
Package pdftex.def Info: images/1268_57.png  used on input line 7773.
(pdftex.def)             Requested size: 502.37091pt x 148.10155pt.

Overfull \hbox (32.61592pt too wide) in paragraph at lines 7773--7774
[][]  
 []

<images/1268_57s.png, id=2139, 720.6925pt x 115.43124pt>
File: images/1268_57s.png Graphic file (type png)
<use images/1268_57s.png>
Package pdftex.def Info: images/1268_57s.png  used on input line 7775.
(pdftex.def)             Requested size: 468.44458pt x 75.0294pt.
<images/1268_60.png, id=2140, 628.3475pt x 337.26pt>
File: images/1268_60.png Graphic file (type png)
<use images/1268_60.png>
Package pdftex.def Info: images/1268_60.png  used on input line 7777.
(pdftex.def)             Requested size: 408.42104pt x 219.2164pt.

Underfull \vbox (badness 10000) has occurred while \output is active []

 [140 <./images/1268_47.png> <./images/1268_47s.png> <./images/1268_57.png> <./
images/1268_57s.png>]
<images/1268_60s.png, id=2149, 720.6925pt x 95.35625pt>
File: images/1268_60s.png Graphic file (type png)
<use images/1268_60s.png>
Package pdftex.def Info: images/1268_60s.png  used on input line 7779.
(pdftex.def)             Requested size: 468.44458pt x 61.98082pt.
<images/1268_63.png, id=2150, 711.65875pt x 263.98625pt>
File: images/1268_63.png Graphic file (type png)
<use images/1268_63.png>
Package pdftex.def Info: images/1268_63.png  used on input line 7781.
(pdftex.def)             Requested size: 462.57271pt x 171.58902pt.
<images/1268_63s.png, id=2151, 722.7pt x 141.52875pt>
File: images/1268_63s.png Graphic file (type png)
<use images/1268_63s.png>
Package pdftex.def Info: images/1268_63s.png  used on input line 7783.
(pdftex.def)             Requested size: 469.74944pt x 91.99258pt.
 (./Real_Analysis.bbl [141 <./images/1268_60.png> <./images/1268_60s.png> <./im
ages/1268_63.png> <./images/1268_63s.png>] [142

])

Package natbib Warning: There were undefined citations.

[143]
Package atveryend Info: Empty hook `BeforeClearDocument' on input line 7788.
Package atveryend Info: Empty hook `AfterLastShipout' on input line 7788.
 (./Real_Analysis.aux)
Package atveryend Info: Executing hook `AtVeryEndDocument' on input line 7788.
Package atveryend Info: Executing hook `AtEndAfterFileList' on input line 7788.

Package rerunfilecheck Info: File `Real_Analysis.out' has not changed.
(rerunfilecheck)             Checksum: 002E046BA108A00D3E657915C1B952D3;2402.


LaTeX Warning: There were undefined references.


LaTeX Warning: There were multiply-defined labels.

Package atveryend Info: Empty hook `AtVeryVeryEnd' on input line 7788.
 ) 
Here is how much of TeX's memory you used:
 19138 strings out of 492649
 357606 string characters out of 6129622
 441808 words of memory out of 5000000
 21933 multiletter control sequences out of 15000+600000
 17434 words of font info for 69 fonts, out of 8000000 for 9000
 1141 hyphenation exceptions out of 8191
 55i,18n,66p,1418b,509s stack positions out of 5000i,500n,10000p,200000b,80000s
pdfTeX warning (dest): name{theorem.145} has been referenced but does not exi
st, replaced by a fixed one

pdfTeX warning (dest): name{definition.1.7.46} has been referenced but does not
 exist, replaced by a fixed one

pdfTeX warning (dest): name{theorem.150} has been referenced but does not exist
, replaced by a fixed one

pdfTeX warning (dest): name{theorem.135} has been referenced but does not exist
, replaced by a fixed one

{/usr/local/texlive/2018/texmf-dist/fonts/enc/dvips/cm-super/cm-super-ts1.enc}<
/usr/local/texlive/2018/texmf-dist/fonts/type1/public/amsfonts/cm/cmbx10.pfb></
usr/local/texlive/2018/texmf-dist/fonts/type1/public/amsfonts/cm/cmbx12.pfb></u
sr/local/texlive/2018/texmf-dist/fonts/type1/public/amsfonts/cm/cmbx7.pfb></usr
/local/texlive/2018/texmf-dist/fonts/type1/public/amsfonts/cm/cmbxti10.pfb></us
r/local/texlive/2018/texmf-dist/fonts/type1/public/amsfonts/cm/cmex10.pfb></usr
/local/texlive/2018/texmf-dist/fonts/type1/public/amsfonts/cmextra/cmex8.pfb></
usr/local/texlive/2018/texmf-dist/fonts/type1/public/amsfonts/cm/cmmi10.pfb></u
sr/local/texlive/2018/texmf-dist/fonts/type1/public/amsfonts/cm/cmmi12.pfb></us
r/local/texlive/2018/texmf-dist/fonts/type1/public/amsfonts/cm/cmmi5.pfb></usr/
local/texlive/2018/texmf-dist/fonts/type1/public/amsfonts/cm/cmmi6.pfb></usr/lo
cal/texlive/2018/texmf-dist/fonts/type1/public/amsfonts/cm/cmmi7.pfb></usr/loca
l/texlive/2018/texmf-dist/fonts/type1/public/amsfonts/cm/cmmi8.pfb></usr/local/
texlive/2018/texmf-dist/fonts/type1/public/amsfonts/cm/cmmib10.pfb></usr/local/
texlive/2018/texmf-dist/fonts/type1/public/amsfonts/cmextra/cmmib7.pfb></usr/lo
cal/texlive/2018/texmf-dist/fonts/type1/public/amsfonts/cm/cmr10.pfb></usr/loca
l/texlive/2018/texmf-dist/fonts/type1/public/amsfonts/cm/cmr12.pfb></usr/local/
texlive/2018/texmf-dist/fonts/type1/public/amsfonts/cm/cmr5.pfb></usr/local/tex
live/2018/texmf-dist/fonts/type1/public/amsfonts/cm/cmr6.pfb></usr/local/texliv
e/2018/texmf-dist/fonts/type1/public/amsfonts/cm/cmr7.pfb></usr/local/texlive/2
018/texmf-dist/fonts/type1/public/amsfonts/cm/cmr8.pfb></usr/local/texlive/2018
/texmf-dist/fonts/type1/public/amsfonts/cm/cmsl10.pfb></usr/local/texlive/2018/
texmf-dist/fonts/type1/public/amsfonts/cm/cmsy10.pfb></usr/local/texlive/2018/t
exmf-dist/fonts/type1/public/amsfonts/cm/cmsy5.pfb></usr/local/texlive/2018/tex
mf-dist/fonts/type1/public/amsfonts/cm/cmsy6.pfb></usr/local/texlive/2018/texmf
-dist/fonts/type1/public/amsfonts/cm/cmsy7.pfb></usr/local/texlive/2018/texmf-d
ist/fonts/type1/public/amsfonts/cm/cmsy8.pfb></usr/local/texlive/2018/texmf-dis
t/fonts/type1/public/amsfonts/cm/cmti10.pfb></usr/local/texlive/2018/texmf-dist
/fonts/type1/public/amsfonts/cm/cmtt10.pfb></usr/local/texlive/2018/texmf-dist/
fonts/type1/public/esint-type1/esint10.pfb></usr/local/texlive/2018/texmf-dist/
fonts/type1/public/amsfonts/symbols/msbm10.pfb></usr/local/texlive/2018/texmf-d
ist/fonts/type1/public/amsfonts/symbols/msbm7.pfb></usr/local/texlive/2018/texm
f-dist/fonts/type1/public/cm-super/sfrm1000.pfb>
Output written on Real_Analysis.pdf (143 pages, 2418849 bytes).
PDF statistics:
 2433 PDF objects out of 2487 (max. 8388607)
 2126 compressed objects within 22 object streams
 716 named destinations out of 1000 (max. 500000)
 295 words of extra memory for PDF output out of 10000 (max. 10000000)

