\BOOKMARK [0][-]{chapter.1}{Real Analysis}{}% 1
\BOOKMARK [1][-]{section.1.1}{Midterm 1}{chapter.1}% 2
\BOOKMARK [2][-]{subsection.1.1.1}{Homework 1}{section.1.1}% 3
\BOOKMARK [2][-]{subsection.1.1.2}{Homework 2}{section.1.1}% 4
\BOOKMARK [1][-]{section.1.2}{Midterm 2}{chapter.1}% 5
\BOOKMARK [2][-]{subsection.1.2.1}{Homework 3}{section.1.2}% 6
\BOOKMARK [2][-]{subsection.1.2.2}{Homework 4}{section.1.2}% 7
\BOOKMARK [1][-]{section.1.3}{Real Numbers \(Chapter 1 of pugh2015real; also from Homework 6 of Math 4650 at Cal State LA\)}{chapter.1}% 8
\BOOKMARK [1][-]{section.1.4}{A Taste of Topology \(Chapter 2 of pugh2015real; also from Homework 5 of Math 4650 at Cal State LA\)}{chapter.1}% 9
\BOOKMARK [1][-]{section.1.5}{Functions of a Real Variable; Differentiation, Riemann Integration, and Series \(Chapter 3 of pugh2015real\)}{chapter.1}% 10
\BOOKMARK [1][-]{section.1.6}{Function Spaces \(Chapter 4 of pugh2015real\)}{chapter.1}% 11
\BOOKMARK [2][-]{subsection.1.6.1}{Uniform Convergence and C0 \(Section 4.1 of pugh2015real\)}{section.1.6}% 12
\BOOKMARK [2][-]{subsection.1.6.2}{Power Series \(Section 4.2 of pugh2015real\)}{section.1.6}% 13
\BOOKMARK [2][-]{subsection.1.6.3}{Compactness and Equicontinuity in C0 \(Section 4.3 of pugh2015real\)}{section.1.6}% 14
\BOOKMARK [2][-]{subsection.1.6.4}{Uniform Approximation in C0 \(Section 4.4 of pugh2015real\)}{section.1.6}% 15
\BOOKMARK [2][-]{subsection.1.6.5}{Contractions and ODEs \(Section 4.5 of pugh2015real\)}{section.1.6}% 16
\BOOKMARK [1][-]{section.1.7}{Multivariable Calculus \(Chapter 5 of pugh2015real\)}{chapter.1}% 17
\BOOKMARK [2][-]{subsection.1.7.1}{Linear Algebra \(Section 5.1 of pugh2015real\)}{section.1.7}% 18
\BOOKMARK [2][-]{subsection.1.7.2}{Manifolds \(Chapter 5 of spivak1971calculus\)}{section.1.7}% 19
\BOOKMARK [2][-]{subsection.1.7.3}{Differentiability of functions from Rn Rm \(Section 5.2 of pugh2015real\)}{section.1.7}% 20
\BOOKMARK [2][-]{subsection.1.7.4}{Implicit and Inverse Functions Theorems \(Section 5.4 of pugh2015real\)}{section.1.7}% 21
\BOOKMARK [2][-]{subsection.1.7.5}{Tensors \(Homeworks 11 - 14 in Math 425b, Chapter 16 of lang2005algebra\)}{section.1.7}% 22
\BOOKMARK [2][-]{subsection.1.7.6}{Differential Forms \(Section 5.8 of pugh2015real; Chapter 10 of rudin1976principles\)}{section.1.7}% 23
\BOOKMARK [1][-]{section.1.8}{Problems from Practice Math GRE Subject Tests}{chapter.1}% 24
