\BOOKMARK [0][-]{chapter.1}{Causal Inference and Econometrics}{}% 1
\BOOKMARK [1][-]{section.1.1}{Generalized Method of Moments \(Chapter 13 of hansen2020\)}{chapter.1}% 2
\BOOKMARK [2][-]{subsection.1.1.1}{Overidentified Moment Equations \(Section 13.4 of hansen2020\)}{section.1.1}% 3
\BOOKMARK [1][-]{section.1.2}{Instrumental Variables \(Section 4.8 of camerontrivedi2005\)}{chapter.1}% 4
\BOOKMARK [2][-]{subsection.1.2.1}{Inconsistency of OLS and Examples of Endogeneity \(Section 4.8.1 of camerontrivedi2005, Section 12.3 in hansen2020\)}{section.1.2}% 5
\BOOKMARK [2][-]{subsection.1.2.2}{Instrumental Variable}{section.1.2}% 6
\BOOKMARK [2][-]{subsection.1.2.3}{Instrumental Variables Estimator}{section.1.2}% 7
\BOOKMARK [2][-]{subsection.1.2.4}{Two-Stage Least Squares \(Section 8.3.4 of Greene2003Econometric\)}{section.1.2}% 8
\BOOKMARK [2][-]{subsection.1.2.5}{LATE/CATE Theorem}{section.1.2}% 9
\BOOKMARK [2][-]{subsection.1.2.6}{GMM Estimator \(Section 13.6 of hansen2020\)}{section.1.2}% 10
\BOOKMARK [1][-]{section.1.3}{DSO 699 imbensrubin2015}{chapter.1}% 11
\BOOKMARK [2][-]{subsection.1.3.1}{Causal Estimands \(Section 1.20 of imbensrubin2015, p. 18\)}{section.1.3}% 12
\BOOKMARK [2][-]{subsection.1.3.2}{Assignment Mechanisms \(Chapter 4 of imbensrubin2015\)}{section.1.3}% 13
\BOOKMARK [1][-]{section.1.4}{Regression Methods \(Chapter 7 of imbensrubin2015\)}{chapter.1}% 14
\BOOKMARK [2][-]{subsection.1.4.1}{Linear Regression with No Covariates \(Section 7.4 of imbensrubin2015\)}{section.1.4}% 15
\BOOKMARK [2][-]{subsection.1.4.2}{Linear Regression with Additional Covariates \(Section 7.5 of imbensrubin2015\)}{section.1.4}% 16
\BOOKMARK [2][-]{subsection.1.4.3}{Testing for the Presence of Treatment Effects \(Section 7.9 of imbensrubin2015\)}{section.1.4}% 17
\BOOKMARK [1][-]{section.1.5}{Model-Based Inference for Completely Randomized Experiments \(Chapter 8 of imbensrubin2015\)}{chapter.1}% 18
\BOOKMARK [2][-]{subsection.1.5.1}{A Simple Example: Naive and More Sophisticated Approaches to Estimation \(Section 8.3 of imbensrubin2015\)}{section.1.5}% 19
\BOOKMARK [2][-]{subsection.1.5.2}{Bayesian Model-Based Imputation in the Absence of Covariates \(Section 8.4 of imbensrubin2015\)}{section.1.5}% 20
