This is pdfTeX, Version 3.14159265-2.6-1.40.19 (TeX Live 2018) (preloaded format=pdflatex 2018.4.16)  19 FEB 2020 09:14
entering extended mode
 restricted \write18 enabled.
 file:line:error style messages enabled.
 %&-line parsing enabled.
**Stochastic_Processes.tex
(./Stochastic_Processes.tex
LaTeX2e <2018-04-01> patch level 2
Babel <3.18> and hyphenation patterns for 84 language(s) loaded.
(/usr/local/texlive/2018/texmf-dist/tex/latex/base/article.cls
Document Class: article 2014/09/29 v1.4h Standard LaTeX document class
(/usr/local/texlive/2018/texmf-dist/tex/latex/base/size10.clo
File: size10.clo 2014/09/29 v1.4h Standard LaTeX file (size option)
)
\c@part=\count80
\c@section=\count81
\c@subsection=\count82
\c@subsubsection=\count83
\c@paragraph=\count84
\c@subparagraph=\count85
\c@figure=\count86
\c@table=\count87
\abovecaptionskip=\skip41
\belowcaptionskip=\skip42
\bibindent=\dimen102
)
(/usr/local/texlive/2018/texmf-dist/tex/latex/fancyhdr/fancyhdr.sty
Package: fancyhdr 2017/06/30 v3.9a Extensive control of page headers and footer
s
\f@nch@headwidth=\skip43
\f@nch@O@elh=\skip44
\f@nch@O@erh=\skip45
\f@nch@O@olh=\skip46
\f@nch@O@orh=\skip47
\f@nch@O@elf=\skip48
\f@nch@O@erf=\skip49
\f@nch@O@olf=\skip50
\f@nch@O@orf=\skip51
)
(/usr/local/texlive/2018/texmf-dist/tex/latex/fancyhdr/extramarks.sty
Package: extramarks 2017/06/30 v3.9a Extra marks for LaTeX
\@temptokenb=\toks14
)
(/usr/local/texlive/2018/texmf-dist/tex/latex/amsmath/amsmath.sty
Package: amsmath 2017/09/02 v2.17a AMS math features
\@mathmargin=\skip52

For additional information on amsmath, use the `?' option.
(/usr/local/texlive/2018/texmf-dist/tex/latex/amsmath/amstext.sty
Package: amstext 2000/06/29 v2.01 AMS text

(/usr/local/texlive/2018/texmf-dist/tex/latex/amsmath/amsgen.sty
File: amsgen.sty 1999/11/30 v2.0 generic functions
\@emptytoks=\toks15
\ex@=\dimen103
))
(/usr/local/texlive/2018/texmf-dist/tex/latex/amsmath/amsbsy.sty
Package: amsbsy 1999/11/29 v1.2d Bold Symbols
\pmbraise@=\dimen104
)
(/usr/local/texlive/2018/texmf-dist/tex/latex/amsmath/amsopn.sty
Package: amsopn 2016/03/08 v2.02 operator names
)
\inf@bad=\count88
LaTeX Info: Redefining \frac on input line 213.
\uproot@=\count89
\leftroot@=\count90
LaTeX Info: Redefining \overline on input line 375.
\classnum@=\count91
\DOTSCASE@=\count92
LaTeX Info: Redefining \ldots on input line 472.
LaTeX Info: Redefining \dots on input line 475.
LaTeX Info: Redefining \cdots on input line 596.
\Mathstrutbox@=\box26
\strutbox@=\box27
\big@size=\dimen105
LaTeX Font Info:    Redeclaring font encoding OML on input line 712.
LaTeX Font Info:    Redeclaring font encoding OMS on input line 713.
\macc@depth=\count93
\c@MaxMatrixCols=\count94
\dotsspace@=\muskip10
\c@parentequation=\count95
\dspbrk@lvl=\count96
\tag@help=\toks16
\row@=\count97
\column@=\count98
\maxfields@=\count99
\andhelp@=\toks17
\eqnshift@=\dimen106
\alignsep@=\dimen107
\tagshift@=\dimen108
\tagwidth@=\dimen109
\totwidth@=\dimen110
\lineht@=\dimen111
\@envbody=\toks18
\multlinegap=\skip53
\multlinetaggap=\skip54
\mathdisplay@stack=\toks19
LaTeX Info: Redefining \[ on input line 2817.
LaTeX Info: Redefining \] on input line 2818.
)
(/usr/local/texlive/2018/texmf-dist/tex/latex/amscls/amsthm.sty
Package: amsthm 2017/10/31 v2.20.4
\thm@style=\toks20
\thm@bodyfont=\toks21
\thm@headfont=\toks22
\thm@notefont=\toks23
\thm@headpunct=\toks24
\thm@preskip=\skip55
\thm@postskip=\skip56
\thm@headsep=\skip57
\dth@everypar=\toks25
)
(/usr/local/texlive/2018/texmf-dist/tex/latex/amsfonts/amsfonts.sty
Package: amsfonts 2013/01/14 v3.01 Basic AMSFonts support
\symAMSa=\mathgroup4
\symAMSb=\mathgroup5
LaTeX Font Info:    Overwriting math alphabet `\mathfrak' in version `bold'
(Font)                  U/euf/m/n --> U/euf/b/n on input line 106.
)
(/usr/local/texlive/2018/texmf-dist/tex/latex/pgf/frontendlayer/tikz.sty
(/usr/local/texlive/2018/texmf-dist/tex/latex/pgf/basiclayer/pgf.sty
(/usr/local/texlive/2018/texmf-dist/tex/latex/pgf/utilities/pgfrcs.sty
(/usr/local/texlive/2018/texmf-dist/tex/generic/pgf/utilities/pgfutil-common.te
x
\pgfutil@everybye=\toks26
\pgfutil@tempdima=\dimen112
\pgfutil@tempdimb=\dimen113

(/usr/local/texlive/2018/texmf-dist/tex/generic/pgf/utilities/pgfutil-common-li
sts.tex))
(/usr/local/texlive/2018/texmf-dist/tex/generic/pgf/utilities/pgfutil-latex.def
\pgfutil@abb=\box28
(/usr/local/texlive/2018/texmf-dist/tex/latex/ms/everyshi.sty
Package: everyshi 2001/05/15 v3.00 EveryShipout Package (MS)
))
(/usr/local/texlive/2018/texmf-dist/tex/generic/pgf/utilities/pgfrcs.code.tex
Package: pgfrcs 2015/08/07 v3.0.1a (rcs-revision 1.31)
))
Package: pgf 2015/08/07 v3.0.1a (rcs-revision 1.15)
(/usr/local/texlive/2018/texmf-dist/tex/latex/pgf/basiclayer/pgfcore.sty
(/usr/local/texlive/2018/texmf-dist/tex/latex/graphics/graphicx.sty
Package: graphicx 2017/06/01 v1.1a Enhanced LaTeX Graphics (DPC,SPQR)

(/usr/local/texlive/2018/texmf-dist/tex/latex/graphics/keyval.sty
Package: keyval 2014/10/28 v1.15 key=value parser (DPC)
\KV@toks@=\toks27
)
(/usr/local/texlive/2018/texmf-dist/tex/latex/graphics/graphics.sty
Package: graphics 2017/06/25 v1.2c Standard LaTeX Graphics (DPC,SPQR)

(/usr/local/texlive/2018/texmf-dist/tex/latex/graphics/trig.sty
Package: trig 2016/01/03 v1.10 sin cos tan (DPC)
)
(/usr/local/texlive/2018/texmf-dist/tex/latex/graphics-cfg/graphics.cfg
File: graphics.cfg 2016/06/04 v1.11 sample graphics configuration
)
Package graphics Info: Driver file: pdftex.def on input line 99.

(/usr/local/texlive/2018/texmf-dist/tex/latex/graphics-def/pdftex.def
File: pdftex.def 2018/01/08 v1.0l Graphics/color driver for pdftex
))
\Gin@req@height=\dimen114
\Gin@req@width=\dimen115
)
(/usr/local/texlive/2018/texmf-dist/tex/latex/pgf/systemlayer/pgfsys.sty
(/usr/local/texlive/2018/texmf-dist/tex/generic/pgf/systemlayer/pgfsys.code.tex
Package: pgfsys 2014/07/09 v3.0.1a (rcs-revision 1.48)
(/usr/local/texlive/2018/texmf-dist/tex/generic/pgf/utilities/pgfkeys.code.tex
\pgfkeys@pathtoks=\toks28
\pgfkeys@temptoks=\toks29

(/usr/local/texlive/2018/texmf-dist/tex/generic/pgf/utilities/pgfkeysfiltered.c
ode.tex
\pgfkeys@tmptoks=\toks30
))
\pgf@x=\dimen116
\pgf@y=\dimen117
\pgf@xa=\dimen118
\pgf@ya=\dimen119
\pgf@xb=\dimen120
\pgf@yb=\dimen121
\pgf@xc=\dimen122
\pgf@yc=\dimen123
\w@pgf@writea=\write3
\r@pgf@reada=\read1
\c@pgf@counta=\count100
\c@pgf@countb=\count101
\c@pgf@countc=\count102
\c@pgf@countd=\count103
\t@pgf@toka=\toks31
\t@pgf@tokb=\toks32
\t@pgf@tokc=\toks33

(/usr/local/texlive/2018/texmf-dist/tex/generic/pgf/systemlayer/pgf.cfg
File: pgf.cfg 2008/05/14  (rcs-revision 1.7)
)
Driver file for pgf: pgfsys-pdftex.def

(/usr/local/texlive/2018/texmf-dist/tex/generic/pgf/systemlayer/pgfsys-pdftex.d
ef
File: pgfsys-pdftex.def 2014/10/11  (rcs-revision 1.35)

(/usr/local/texlive/2018/texmf-dist/tex/generic/pgf/systemlayer/pgfsys-common-p
df.def
File: pgfsys-common-pdf.def 2013/10/10  (rcs-revision 1.13)
)))
(/usr/local/texlive/2018/texmf-dist/tex/generic/pgf/systemlayer/pgfsyssoftpath.
code.tex
File: pgfsyssoftpath.code.tex 2013/09/09  (rcs-revision 1.9)
\pgfsyssoftpath@smallbuffer@items=\count104
\pgfsyssoftpath@bigbuffer@items=\count105
)
(/usr/local/texlive/2018/texmf-dist/tex/generic/pgf/systemlayer/pgfsysprotocol.
code.tex
File: pgfsysprotocol.code.tex 2006/10/16  (rcs-revision 1.4)
)) (/usr/local/texlive/2018/texmf-dist/tex/latex/xcolor/xcolor.sty
Package: xcolor 2016/05/11 v2.12 LaTeX color extensions (UK)

(/usr/local/texlive/2018/texmf-dist/tex/latex/graphics-cfg/color.cfg
File: color.cfg 2016/01/02 v1.6 sample color configuration
)
Package xcolor Info: Driver file: pdftex.def on input line 225.
Package xcolor Info: Model `cmy' substituted by `cmy0' on input line 1348.
Package xcolor Info: Model `hsb' substituted by `rgb' on input line 1352.
Package xcolor Info: Model `RGB' extended on input line 1364.
Package xcolor Info: Model `HTML' substituted by `rgb' on input line 1366.
Package xcolor Info: Model `Hsb' substituted by `hsb' on input line 1367.
Package xcolor Info: Model `tHsb' substituted by `hsb' on input line 1368.
Package xcolor Info: Model `HSB' substituted by `hsb' on input line 1369.
Package xcolor Info: Model `Gray' substituted by `gray' on input line 1370.
Package xcolor Info: Model `wave' substituted by `hsb' on input line 1371.
)
(/usr/local/texlive/2018/texmf-dist/tex/generic/pgf/basiclayer/pgfcore.code.tex
Package: pgfcore 2010/04/11 v3.0.1a (rcs-revision 1.7)
(/usr/local/texlive/2018/texmf-dist/tex/generic/pgf/math/pgfmath.code.tex
(/usr/local/texlive/2018/texmf-dist/tex/generic/pgf/math/pgfmathcalc.code.tex
(/usr/local/texlive/2018/texmf-dist/tex/generic/pgf/math/pgfmathutil.code.tex)
(/usr/local/texlive/2018/texmf-dist/tex/generic/pgf/math/pgfmathparser.code.tex
\pgfmath@dimen=\dimen124
\pgfmath@count=\count106
\pgfmath@box=\box29
\pgfmath@toks=\toks34
\pgfmath@stack@operand=\toks35
\pgfmath@stack@operation=\toks36
)
(/usr/local/texlive/2018/texmf-dist/tex/generic/pgf/math/pgfmathfunctions.code.
tex
(/usr/local/texlive/2018/texmf-dist/tex/generic/pgf/math/pgfmathfunctions.basic
.code.tex)
(/usr/local/texlive/2018/texmf-dist/tex/generic/pgf/math/pgfmathfunctions.trigo
nometric.code.tex)
(/usr/local/texlive/2018/texmf-dist/tex/generic/pgf/math/pgfmathfunctions.rando
m.code.tex)
(/usr/local/texlive/2018/texmf-dist/tex/generic/pgf/math/pgfmathfunctions.compa
rison.code.tex)
(/usr/local/texlive/2018/texmf-dist/tex/generic/pgf/math/pgfmathfunctions.base.
code.tex)
(/usr/local/texlive/2018/texmf-dist/tex/generic/pgf/math/pgfmathfunctions.round
.code.tex)
(/usr/local/texlive/2018/texmf-dist/tex/generic/pgf/math/pgfmathfunctions.misc.
code.tex)
(/usr/local/texlive/2018/texmf-dist/tex/generic/pgf/math/pgfmathfunctions.integ
erarithmetics.code.tex)))
(/usr/local/texlive/2018/texmf-dist/tex/generic/pgf/math/pgfmathfloat.code.tex
\c@pgfmathroundto@lastzeros=\count107
))
(/usr/local/texlive/2018/texmf-dist/tex/generic/pgf/basiclayer/pgfcorepoints.co
de.tex
File: pgfcorepoints.code.tex 2013/10/07  (rcs-revision 1.27)
\pgf@picminx=\dimen125
\pgf@picmaxx=\dimen126
\pgf@picminy=\dimen127
\pgf@picmaxy=\dimen128
\pgf@pathminx=\dimen129
\pgf@pathmaxx=\dimen130
\pgf@pathminy=\dimen131
\pgf@pathmaxy=\dimen132
\pgf@xx=\dimen133
\pgf@xy=\dimen134
\pgf@yx=\dimen135
\pgf@yy=\dimen136
\pgf@zx=\dimen137
\pgf@zy=\dimen138
)
(/usr/local/texlive/2018/texmf-dist/tex/generic/pgf/basiclayer/pgfcorepathconst
ruct.code.tex
File: pgfcorepathconstruct.code.tex 2013/10/07  (rcs-revision 1.29)
\pgf@path@lastx=\dimen139
\pgf@path@lasty=\dimen140
)
(/usr/local/texlive/2018/texmf-dist/tex/generic/pgf/basiclayer/pgfcorepathusage
.code.tex
File: pgfcorepathusage.code.tex 2014/11/02  (rcs-revision 1.24)
\pgf@shorten@end@additional=\dimen141
\pgf@shorten@start@additional=\dimen142
)
(/usr/local/texlive/2018/texmf-dist/tex/generic/pgf/basiclayer/pgfcorescopes.co
de.tex
File: pgfcorescopes.code.tex 2015/05/08  (rcs-revision 1.46)
\pgfpic=\box30
\pgf@hbox=\box31
\pgf@layerbox@main=\box32
\pgf@picture@serial@count=\count108
)
(/usr/local/texlive/2018/texmf-dist/tex/generic/pgf/basiclayer/pgfcoregraphicst
ate.code.tex
File: pgfcoregraphicstate.code.tex 2014/11/02  (rcs-revision 1.12)
\pgflinewidth=\dimen143
)
(/usr/local/texlive/2018/texmf-dist/tex/generic/pgf/basiclayer/pgfcoretransform
ations.code.tex
File: pgfcoretransformations.code.tex 2015/08/07  (rcs-revision 1.20)
\pgf@pt@x=\dimen144
\pgf@pt@y=\dimen145
\pgf@pt@temp=\dimen146
)
(/usr/local/texlive/2018/texmf-dist/tex/generic/pgf/basiclayer/pgfcorequick.cod
e.tex
File: pgfcorequick.code.tex 2008/10/09  (rcs-revision 1.3)
)
(/usr/local/texlive/2018/texmf-dist/tex/generic/pgf/basiclayer/pgfcoreobjects.c
ode.tex
File: pgfcoreobjects.code.tex 2006/10/11  (rcs-revision 1.2)
)
(/usr/local/texlive/2018/texmf-dist/tex/generic/pgf/basiclayer/pgfcorepathproce
ssing.code.tex
File: pgfcorepathprocessing.code.tex 2013/09/09  (rcs-revision 1.9)
)
(/usr/local/texlive/2018/texmf-dist/tex/generic/pgf/basiclayer/pgfcorearrows.co
de.tex
File: pgfcorearrows.code.tex 2015/05/14  (rcs-revision 1.43)
\pgfarrowsep=\dimen147
)
(/usr/local/texlive/2018/texmf-dist/tex/generic/pgf/basiclayer/pgfcoreshade.cod
e.tex
File: pgfcoreshade.code.tex 2013/07/15  (rcs-revision 1.15)
\pgf@max=\dimen148
\pgf@sys@shading@range@num=\count109
)
(/usr/local/texlive/2018/texmf-dist/tex/generic/pgf/basiclayer/pgfcoreimage.cod
e.tex
File: pgfcoreimage.code.tex 2013/07/15  (rcs-revision 1.18)

(/usr/local/texlive/2018/texmf-dist/tex/generic/pgf/basiclayer/pgfcoreexternal.
code.tex
File: pgfcoreexternal.code.tex 2014/07/09  (rcs-revision 1.21)
\pgfexternal@startupbox=\box33
))
(/usr/local/texlive/2018/texmf-dist/tex/generic/pgf/basiclayer/pgfcorelayers.co
de.tex
File: pgfcorelayers.code.tex 2013/07/18  (rcs-revision 1.7)
)
(/usr/local/texlive/2018/texmf-dist/tex/generic/pgf/basiclayer/pgfcoretranspare
ncy.code.tex
File: pgfcoretransparency.code.tex 2013/09/30  (rcs-revision 1.5)
)
(/usr/local/texlive/2018/texmf-dist/tex/generic/pgf/basiclayer/pgfcorepatterns.
code.tex
File: pgfcorepatterns.code.tex 2013/11/07  (rcs-revision 1.5)
)))
(/usr/local/texlive/2018/texmf-dist/tex/generic/pgf/modules/pgfmoduleshapes.cod
e.tex
File: pgfmoduleshapes.code.tex 2014/03/21  (rcs-revision 1.35)
\pgfnodeparttextbox=\box34
)
(/usr/local/texlive/2018/texmf-dist/tex/generic/pgf/modules/pgfmoduleplot.code.
tex
File: pgfmoduleplot.code.tex 2015/08/03  (rcs-revision 1.13)
)
(/usr/local/texlive/2018/texmf-dist/tex/latex/pgf/compatibility/pgfcomp-version
-0-65.sty
Package: pgfcomp-version-0-65 2007/07/03 v3.0.1a (rcs-revision 1.7)
\pgf@nodesepstart=\dimen149
\pgf@nodesepend=\dimen150
)
(/usr/local/texlive/2018/texmf-dist/tex/latex/pgf/compatibility/pgfcomp-version
-1-18.sty
Package: pgfcomp-version-1-18 2007/07/23 v3.0.1a (rcs-revision 1.1)
))
(/usr/local/texlive/2018/texmf-dist/tex/latex/pgf/utilities/pgffor.sty
(/usr/local/texlive/2018/texmf-dist/tex/latex/pgf/utilities/pgfkeys.sty
(/usr/local/texlive/2018/texmf-dist/tex/generic/pgf/utilities/pgfkeys.code.tex)
) (/usr/local/texlive/2018/texmf-dist/tex/latex/pgf/math/pgfmath.sty
(/usr/local/texlive/2018/texmf-dist/tex/generic/pgf/math/pgfmath.code.tex))
(/usr/local/texlive/2018/texmf-dist/tex/generic/pgf/utilities/pgffor.code.tex
Package: pgffor 2013/12/13 v3.0.1a (rcs-revision 1.25)

(/usr/local/texlive/2018/texmf-dist/tex/generic/pgf/math/pgfmath.code.tex)
\pgffor@iter=\dimen151
\pgffor@skip=\dimen152
\pgffor@stack=\toks37
\pgffor@toks=\toks38
))
(/usr/local/texlive/2018/texmf-dist/tex/generic/pgf/frontendlayer/tikz/tikz.cod
e.tex
Package: tikz 2015/08/07 v3.0.1a (rcs-revision 1.151)

(/usr/local/texlive/2018/texmf-dist/tex/generic/pgf/libraries/pgflibraryplothan
dlers.code.tex
File: pgflibraryplothandlers.code.tex 2013/08/31 v3.0.1a (rcs-revision 1.20)
\pgf@plot@mark@count=\count110
\pgfplotmarksize=\dimen153
)
\tikz@lastx=\dimen154
\tikz@lasty=\dimen155
\tikz@lastxsaved=\dimen156
\tikz@lastysaved=\dimen157
\tikzleveldistance=\dimen158
\tikzsiblingdistance=\dimen159
\tikz@figbox=\box35
\tikz@figbox@bg=\box36
\tikz@tempbox=\box37
\tikz@tempbox@bg=\box38
\tikztreelevel=\count111
\tikznumberofchildren=\count112
\tikznumberofcurrentchild=\count113
\tikz@fig@count=\count114

(/usr/local/texlive/2018/texmf-dist/tex/generic/pgf/modules/pgfmodulematrix.cod
e.tex
File: pgfmodulematrix.code.tex 2013/09/17  (rcs-revision 1.8)
\pgfmatrixcurrentrow=\count115
\pgfmatrixcurrentcolumn=\count116
\pgf@matrix@numberofcolumns=\count117
)
\tikz@expandcount=\count118

(/usr/local/texlive/2018/texmf-dist/tex/generic/pgf/frontendlayer/tikz/librarie
s/tikzlibrarytopaths.code.tex
File: tikzlibrarytopaths.code.tex 2008/06/17 v3.0.1a (rcs-revision 1.2)
)))
(/usr/local/texlive/2018/texmf-dist/tex/latex/tools/enumerate.sty
Package: enumerate 2015/07/23 v3.00 enumerate extensions (DPC)
\@enLab=\toks39
)
(/usr/local/texlive/2018/texmf-dist/tex/latex/algorithms/algorithm.sty
Package: algorithm 2009/08/24 v0.1 Document Style `algorithm' - floating enviro
nment

(/usr/local/texlive/2018/texmf-dist/tex/latex/float/float.sty
Package: float 2001/11/08 v1.3d Float enhancements (AL)
\c@float@type=\count119
\float@exts=\toks40
\float@box=\box39
\@float@everytoks=\toks41
\@floatcapt=\box40
)
(/usr/local/texlive/2018/texmf-dist/tex/latex/base/ifthen.sty
Package: ifthen 2014/09/29 v1.1c Standard LaTeX ifthen package (DPC)
)
\@float@every@algorithm=\toks42
\c@algorithm=\count120
)
(/usr/local/texlive/2018/texmf-dist/tex/latex/algorithmicx/algpseudocode.sty
Package: algpseudocode 

(/usr/local/texlive/2018/texmf-dist/tex/latex/algorithmicx/algorithmicx.sty
Package: algorithmicx 2005/04/27 v1.2 Algorithmicx

Document Style algorithmicx 1.2 - a greatly improved `algorithmic' style
\c@ALG@line=\count121
\c@ALG@rem=\count122
\c@ALG@nested=\count123
\ALG@tlm=\skip58
\ALG@thistlm=\skip59
\c@ALG@Lnr=\count124
\c@ALG@blocknr=\count125
\c@ALG@storecount=\count126
\c@ALG@tmpcounter=\count127
\ALG@tmplength=\skip60
)
Document Style - pseudocode environments for use with the `algorithmicx' style
) (/usr/local/texlive/2018/texmf-dist/tex/latex/ms/ragged2e.sty
Package: ragged2e 2009/05/21 v2.1 ragged2e Package (MS)


LaTeX Warning: Command \@arrayparboxrestore  has changed.
               Check if current package is valid.

(/usr/local/texlive/2018/texmf-dist/tex/latex/ms/everysel.sty
Package: everysel 2011/10/28 v1.2 EverySelectfont Package (MS)
)
(/usr/local/texlive/2018/texmf-dist/tex/latex/footmisc/footmisc.sty
Package: footmisc 2011/06/06 v5.5b a miscellany of footnote facilities
\FN@temptoken=\toks43
\footnotemargin=\dimen160
\c@pp@next@reset=\count128
Package footmisc Info: Declaring symbol style bringhurst on input line 855.
Package footmisc Info: Declaring symbol style chicago on input line 863.
Package footmisc Info: Declaring symbol style wiley on input line 872.
Package footmisc Info: Declaring symbol style lamport-robust on input line 883.

Package footmisc Info: Declaring symbol style lamport* on input line 903.
Package footmisc Info: Declaring symbol style lamport*-robust on input line 924
.
)
\CenteringLeftskip=\skip61
\RaggedLeftLeftskip=\skip62
\RaggedRightLeftskip=\skip63
\CenteringRightskip=\skip64
\RaggedLeftRightskip=\skip65
\RaggedRightRightskip=\skip66
\CenteringParfillskip=\skip67
\RaggedLeftParfillskip=\skip68
\RaggedRightParfillskip=\skip69
\JustifyingParfillskip=\skip70
\CenteringParindent=\skip71
\RaggedLeftParindent=\skip72
\RaggedRightParindent=\skip73
\JustifyingParindent=\skip74
)
(/usr/local/texlive/2018/texmf-dist/tex/latex/base/textcomp.sty
Package: textcomp 2017/04/05 v2.0i Standard LaTeX package
Package textcomp Info: Sub-encoding information:
(textcomp)               5 = only ISO-Adobe without \textcurrency
(textcomp)               4 = 5 + \texteuro
(textcomp)               3 = 4 + \textohm
(textcomp)               2 = 3 + \textestimated + \textcurrency
(textcomp)               1 = TS1 - \textcircled - \t
(textcomp)               0 = TS1 (full)
(textcomp)             Font families with sub-encoding setting implement
(textcomp)             only a restricted character set as indicated.
(textcomp)             Family '?' is the default used for unknown fonts.
(textcomp)             See the documentation for details.
Package textcomp Info: Setting ? sub-encoding to TS1/1 on input line 79.

(/usr/local/texlive/2018/texmf-dist/tex/latex/base/ts1enc.def
File: ts1enc.def 2001/06/05 v3.0e (jk/car/fm) Standard LaTeX file
Now handling font encoding TS1 ...
... processing UTF-8 mapping file for font encoding TS1

(/usr/local/texlive/2018/texmf-dist/tex/latex/base/ts1enc.dfu
File: ts1enc.dfu 2018/04/05 v1.2c UTF-8 support for inputenc
   defining Unicode char U+00A2 (decimal 162)
   defining Unicode char U+00A3 (decimal 163)
   defining Unicode char U+00A4 (decimal 164)
   defining Unicode char U+00A5 (decimal 165)
   defining Unicode char U+00A6 (decimal 166)
   defining Unicode char U+00A7 (decimal 167)
   defining Unicode char U+00A8 (decimal 168)
   defining Unicode char U+00A9 (decimal 169)
   defining Unicode char U+00AA (decimal 170)
   defining Unicode char U+00AC (decimal 172)
   defining Unicode char U+00AE (decimal 174)
   defining Unicode char U+00AF (decimal 175)
   defining Unicode char U+00B0 (decimal 176)
   defining Unicode char U+00B1 (decimal 177)
   defining Unicode char U+00B2 (decimal 178)
   defining Unicode char U+00B3 (decimal 179)
   defining Unicode char U+00B4 (decimal 180)
   defining Unicode char U+00B5 (decimal 181)
   defining Unicode char U+00B6 (decimal 182)
   defining Unicode char U+00B7 (decimal 183)
   defining Unicode char U+00B9 (decimal 185)
   defining Unicode char U+00BA (decimal 186)
   defining Unicode char U+00BC (decimal 188)
   defining Unicode char U+00BD (decimal 189)
   defining Unicode char U+00BE (decimal 190)
   defining Unicode char U+00D7 (decimal 215)
   defining Unicode char U+00F7 (decimal 247)
   defining Unicode char U+0192 (decimal 402)
   defining Unicode char U+02C7 (decimal 711)
   defining Unicode char U+02D8 (decimal 728)
   defining Unicode char U+02DD (decimal 733)
   defining Unicode char U+0E3F (decimal 3647)
   defining Unicode char U+2016 (decimal 8214)
   defining Unicode char U+2020 (decimal 8224)
   defining Unicode char U+2021 (decimal 8225)
   defining Unicode char U+2022 (decimal 8226)
   defining Unicode char U+2030 (decimal 8240)
   defining Unicode char U+2031 (decimal 8241)
   defining Unicode char U+203B (decimal 8251)
   defining Unicode char U+203D (decimal 8253)
   defining Unicode char U+2044 (decimal 8260)
   defining Unicode char U+204E (decimal 8270)
   defining Unicode char U+2052 (decimal 8274)
   defining Unicode char U+20A1 (decimal 8353)
   defining Unicode char U+20A4 (decimal 8356)
   defining Unicode char U+20A6 (decimal 8358)
   defining Unicode char U+20A9 (decimal 8361)
   defining Unicode char U+20AB (decimal 8363)
   defining Unicode char U+20AC (decimal 8364)
   defining Unicode char U+20B1 (decimal 8369)
   defining Unicode char U+2103 (decimal 8451)
   defining Unicode char U+2116 (decimal 8470)
   defining Unicode char U+2117 (decimal 8471)
   defining Unicode char U+211E (decimal 8478)
   defining Unicode char U+2120 (decimal 8480)
   defining Unicode char U+2122 (decimal 8482)
   defining Unicode char U+2126 (decimal 8486)
   defining Unicode char U+2127 (decimal 8487)
   defining Unicode char U+212E (decimal 8494)
   defining Unicode char U+2190 (decimal 8592)
   defining Unicode char U+2191 (decimal 8593)
   defining Unicode char U+2192 (decimal 8594)
   defining Unicode char U+2193 (decimal 8595)
   defining Unicode char U+2329 (decimal 9001)
   defining Unicode char U+232A (decimal 9002)
   defining Unicode char U+2422 (decimal 9250)
   defining Unicode char U+25E6 (decimal 9702)
   defining Unicode char U+25EF (decimal 9711)
   defining Unicode char U+266A (decimal 9834)
   defining Unicode char U+FEFF (decimal 65279)
))
LaTeX Info: Redefining \oldstylenums on input line 334.
Package textcomp Info: Setting cmr sub-encoding to TS1/0 on input line 349.
Package textcomp Info: Setting cmss sub-encoding to TS1/0 on input line 350.
Package textcomp Info: Setting cmtt sub-encoding to TS1/0 on input line 351.
Package textcomp Info: Setting cmvtt sub-encoding to TS1/0 on input line 352.
Package textcomp Info: Setting cmbr sub-encoding to TS1/0 on input line 353.
Package textcomp Info: Setting cmtl sub-encoding to TS1/0 on input line 354.
Package textcomp Info: Setting ccr sub-encoding to TS1/0 on input line 355.
Package textcomp Info: Setting ptm sub-encoding to TS1/4 on input line 356.
Package textcomp Info: Setting pcr sub-encoding to TS1/4 on input line 357.
Package textcomp Info: Setting phv sub-encoding to TS1/4 on input line 358.
Package textcomp Info: Setting ppl sub-encoding to TS1/3 on input line 359.
Package textcomp Info: Setting pag sub-encoding to TS1/4 on input line 360.
Package textcomp Info: Setting pbk sub-encoding to TS1/4 on input line 361.
Package textcomp Info: Setting pnc sub-encoding to TS1/4 on input line 362.
Package textcomp Info: Setting pzc sub-encoding to TS1/4 on input line 363.
Package textcomp Info: Setting bch sub-encoding to TS1/4 on input line 364.
Package textcomp Info: Setting put sub-encoding to TS1/5 on input line 365.
Package textcomp Info: Setting uag sub-encoding to TS1/5 on input line 366.
Package textcomp Info: Setting ugq sub-encoding to TS1/5 on input line 367.
Package textcomp Info: Setting ul8 sub-encoding to TS1/4 on input line 368.
Package textcomp Info: Setting ul9 sub-encoding to TS1/4 on input line 369.
Package textcomp Info: Setting augie sub-encoding to TS1/5 on input line 370.
Package textcomp Info: Setting dayrom sub-encoding to TS1/3 on input line 371.
Package textcomp Info: Setting dayroms sub-encoding to TS1/3 on input line 372.

Package textcomp Info: Setting pxr sub-encoding to TS1/0 on input line 373.
Package textcomp Info: Setting pxss sub-encoding to TS1/0 on input line 374.
Package textcomp Info: Setting pxtt sub-encoding to TS1/0 on input line 375.
Package textcomp Info: Setting txr sub-encoding to TS1/0 on input line 376.
Package textcomp Info: Setting txss sub-encoding to TS1/0 on input line 377.
Package textcomp Info: Setting txtt sub-encoding to TS1/0 on input line 378.
Package textcomp Info: Setting lmr sub-encoding to TS1/0 on input line 379.
Package textcomp Info: Setting lmdh sub-encoding to TS1/0 on input line 380.
Package textcomp Info: Setting lmss sub-encoding to TS1/0 on input line 381.
Package textcomp Info: Setting lmssq sub-encoding to TS1/0 on input line 382.
Package textcomp Info: Setting lmvtt sub-encoding to TS1/0 on input line 383.
Package textcomp Info: Setting lmtt sub-encoding to TS1/0 on input line 384.
Package textcomp Info: Setting qhv sub-encoding to TS1/0 on input line 385.
Package textcomp Info: Setting qag sub-encoding to TS1/0 on input line 386.
Package textcomp Info: Setting qbk sub-encoding to TS1/0 on input line 387.
Package textcomp Info: Setting qcr sub-encoding to TS1/0 on input line 388.
Package textcomp Info: Setting qcs sub-encoding to TS1/0 on input line 389.
Package textcomp Info: Setting qpl sub-encoding to TS1/0 on input line 390.
Package textcomp Info: Setting qtm sub-encoding to TS1/0 on input line 391.
Package textcomp Info: Setting qzc sub-encoding to TS1/0 on input line 392.
Package textcomp Info: Setting qhvc sub-encoding to TS1/0 on input line 393.
Package textcomp Info: Setting futs sub-encoding to TS1/4 on input line 394.
Package textcomp Info: Setting futx sub-encoding to TS1/4 on input line 395.
Package textcomp Info: Setting futj sub-encoding to TS1/4 on input line 396.
Package textcomp Info: Setting hlh sub-encoding to TS1/3 on input line 397.
Package textcomp Info: Setting hls sub-encoding to TS1/3 on input line 398.
Package textcomp Info: Setting hlst sub-encoding to TS1/3 on input line 399.
Package textcomp Info: Setting hlct sub-encoding to TS1/5 on input line 400.
Package textcomp Info: Setting hlx sub-encoding to TS1/5 on input line 401.
Package textcomp Info: Setting hlce sub-encoding to TS1/5 on input line 402.
Package textcomp Info: Setting hlcn sub-encoding to TS1/5 on input line 403.
Package textcomp Info: Setting hlcw sub-encoding to TS1/5 on input line 404.
Package textcomp Info: Setting hlcf sub-encoding to TS1/5 on input line 405.
Package textcomp Info: Setting pplx sub-encoding to TS1/3 on input line 406.
Package textcomp Info: Setting pplj sub-encoding to TS1/3 on input line 407.
Package textcomp Info: Setting ptmx sub-encoding to TS1/4 on input line 408.
Package textcomp Info: Setting ptmj sub-encoding to TS1/4 on input line 409.
)
(/usr/local/texlive/2018/texmf-dist/tex/latex/import/import.sty
Package: import 2009/03/23  v 5.1
)
(/usr/local/texlive/2018/texmf-dist/tex/latex/hyperref/hyperref.sty
Package: hyperref 2018/02/06 v6.86b Hypertext links for LaTeX

(/usr/local/texlive/2018/texmf-dist/tex/generic/oberdiek/hobsub-hyperref.sty
Package: hobsub-hyperref 2016/05/16 v1.14 Bundle oberdiek, subset hyperref (HO)


(/usr/local/texlive/2018/texmf-dist/tex/generic/oberdiek/hobsub-generic.sty
Package: hobsub-generic 2016/05/16 v1.14 Bundle oberdiek, subset generic (HO)
Package: hobsub 2016/05/16 v1.14 Construct package bundles (HO)
Package: infwarerr 2016/05/16 v1.4 Providing info/warning/error messages (HO)
Package: ltxcmds 2016/05/16 v1.23 LaTeX kernel commands for general use (HO)
Package: ifluatex 2016/05/16 v1.4 Provides the ifluatex switch (HO)
Package ifluatex Info: LuaTeX not detected.
Package: ifvtex 2016/05/16 v1.6 Detect VTeX and its facilities (HO)
Package ifvtex Info: VTeX not detected.
Package: intcalc 2016/05/16 v1.2 Expandable calculations with integers (HO)
Package: ifpdf 2017/03/15 v3.2 Provides the ifpdf switch
Package: etexcmds 2016/05/16 v1.6 Avoid name clashes with e-TeX commands (HO)
Package etexcmds Info: Could not find \expanded.
(etexcmds)             That can mean that you are not using pdfTeX 1.50 or
(etexcmds)             that some package has redefined \expanded.
(etexcmds)             In the latter case, load this package earlier.
Package: kvsetkeys 2016/05/16 v1.17 Key value parser (HO)
Package: kvdefinekeys 2016/05/16 v1.4 Define keys (HO)
Package: pdftexcmds 2018/01/30 v0.27 Utility functions of pdfTeX for LuaTeX (HO
)
Package pdftexcmds Info: LuaTeX not detected.
Package pdftexcmds Info: \pdf@primitive is available.
Package pdftexcmds Info: \pdf@ifprimitive is available.
Package pdftexcmds Info: \pdfdraftmode found.
Package: pdfescape 2016/05/16 v1.14 Implements pdfTeX's escape features (HO)
Package: bigintcalc 2016/05/16 v1.4 Expandable calculations on big integers (HO
)
Package: bitset 2016/05/16 v1.2 Handle bit-vector datatype (HO)
Package: uniquecounter 2016/05/16 v1.3 Provide unlimited unique counter (HO)
)
Package hobsub Info: Skipping package `hobsub' (already loaded).
Package: letltxmacro 2016/05/16 v1.5 Let assignment for LaTeX macros (HO)
Package: hopatch 2016/05/16 v1.3 Wrapper for package hooks (HO)
Package: xcolor-patch 2016/05/16 xcolor patch
Package: atveryend 2016/05/16 v1.9 Hooks at the very end of document (HO)
Package atveryend Info: \enddocument detected (standard20110627).
Package: atbegshi 2016/06/09 v1.18 At begin shipout hook (HO)
Package: refcount 2016/05/16 v3.5 Data extraction from label references (HO)
Package: hycolor 2016/05/16 v1.8 Color options for hyperref/bookmark (HO)
)
(/usr/local/texlive/2018/texmf-dist/tex/generic/ifxetex/ifxetex.sty
Package: ifxetex 2010/09/12 v0.6 Provides ifxetex conditional
)
(/usr/local/texlive/2018/texmf-dist/tex/latex/oberdiek/auxhook.sty
Package: auxhook 2016/05/16 v1.4 Hooks for auxiliary files (HO)
)
(/usr/local/texlive/2018/texmf-dist/tex/latex/oberdiek/kvoptions.sty
Package: kvoptions 2016/05/16 v3.12 Key value format for package options (HO)
)
\@linkdim=\dimen161
\Hy@linkcounter=\count129
\Hy@pagecounter=\count130

(/usr/local/texlive/2018/texmf-dist/tex/latex/hyperref/pd1enc.def
File: pd1enc.def 2018/02/06 v6.86b Hyperref: PDFDocEncoding definition (HO)
Now handling font encoding PD1 ...
... no UTF-8 mapping file for font encoding PD1
)
\Hy@SavedSpaceFactor=\count131

(/usr/local/texlive/2018/texmf-dist/tex/latex/latexconfig/hyperref.cfg
File: hyperref.cfg 2002/06/06 v1.2 hyperref configuration of TeXLive
)
Package hyperref Info: Hyper figures OFF on input line 4509.
Package hyperref Info: Link nesting OFF on input line 4514.
Package hyperref Info: Hyper index ON on input line 4517.
Package hyperref Info: Plain pages OFF on input line 4524.
Package hyperref Info: Backreferencing OFF on input line 4529.
Package hyperref Info: Implicit mode ON; LaTeX internals redefined.
Package hyperref Info: Bookmarks ON on input line 4762.
\c@Hy@tempcnt=\count132

(/usr/local/texlive/2018/texmf-dist/tex/latex/url/url.sty
\Urlmuskip=\muskip11
Package: url 2013/09/16  ver 3.4  Verb mode for urls, etc.
)
LaTeX Info: Redefining \url on input line 5115.
\XeTeXLinkMargin=\dimen162
\Fld@menulength=\count133
\Field@Width=\dimen163
\Fld@charsize=\dimen164
Package hyperref Info: Hyper figures OFF on input line 6369.
Package hyperref Info: Link nesting OFF on input line 6374.
Package hyperref Info: Hyper index ON on input line 6377.
Package hyperref Info: backreferencing OFF on input line 6384.
Package hyperref Info: Link coloring OFF on input line 6389.
Package hyperref Info: Link coloring with OCG OFF on input line 6394.
Package hyperref Info: PDF/A mode OFF on input line 6399.
LaTeX Info: Redefining \ref on input line 6439.
LaTeX Info: Redefining \pageref on input line 6443.
\Hy@abspage=\count134
\c@Item=\count135
\c@Hfootnote=\count136
)
Package hyperref Info: Driver (autodetected): hpdftex.

(/usr/local/texlive/2018/texmf-dist/tex/latex/hyperref/hpdftex.def
File: hpdftex.def 2018/02/06 v6.86b Hyperref driver for pdfTeX
\Fld@listcount=\count137
\c@bookmark@seq@number=\count138

(/usr/local/texlive/2018/texmf-dist/tex/latex/oberdiek/rerunfilecheck.sty
Package: rerunfilecheck 2016/05/16 v1.8 Rerun checks for auxiliary files (HO)
Package uniquecounter Info: New unique counter `rerunfilecheck' on input line 2
82.
)
\Hy@SectionHShift=\skip75
)
Package hyperref Info: Option `colorlinks' set `true' on input line 23.

(/usr/local/texlive/2018/texmf-dist/tex/latex/natbib/natbib.sty
Package: natbib 2010/09/13 8.31b (PWD, AO)
\bibhang=\skip76
\bibsep=\skip77
LaTeX Info: Redefining \cite on input line 694.
\c@NAT@ctr=\count139
)
(/usr/local/texlive/2018/texmf-dist/tex/latex/bbm-macros/bbm.sty
Package: bbm 1999/03/15 V 1.2 provides fonts for set symbols - TH
LaTeX Font Info:    Overwriting math alphabet `\mathbbm' in version `bold'
(Font)                  U/bbm/m/n --> U/bbm/bx/n on input line 33.
LaTeX Font Info:    Overwriting math alphabet `\mathbbmss' in version `bold'
(Font)                  U/bbmss/m/n --> U/bbmss/bx/n on input line 35.
)
(/usr/local/texlive/2018/texmf-dist/tex/latex/tools/bm.sty
Package: bm 2017/01/16 v1.2c Bold Symbol Support (DPC/FMi)
\symboldoperators=\mathgroup6
\symboldletters=\mathgroup7
\symboldsymbols=\mathgroup8
LaTeX Font Info:    Redeclaring math alphabet \mathbf on input line 141.
LaTeX Info: Redefining \bm on input line 207.
)
(/usr/local/texlive/2018/texmf-dist/tex/generic/pgf/frontendlayer/tikz/librarie
s/tikzlibraryautomata.code.tex
File: tikzlibraryautomata.code.tex 2008/07/14 v3.0.1a (rcs-revision 1.3)

(/usr/local/texlive/2018/texmf-dist/tex/generic/pgf/frontendlayer/tikz/librarie
s/tikzlibraryshapes.multipart.code.tex
File: tikzlibraryshapes.multipart.code.tex 2008/01/09 v3.0.1a (rcs-revision 1.1
)

(/usr/local/texlive/2018/texmf-dist/tex/generic/pgf/libraries/shapes/pgflibrary
shapes.multipart.code.tex
File: pgflibraryshapes.multipart.code.tex 2010/01/07 v3.0.1a (rcs-revision 1.2)

\pgfnodepartlowerbox=\box41
\pgfnodeparttwobox=\box42
\pgfnodepartthreebox=\box43
\pgfnodepartfourbox=\box44
\pgfnodeparttwentybox=\box45
\pgfnodepartnineteenbox=\box46
\pgfnodeparteighteenbox=\box47
\pgfnodepartseventeenbox=\box48
\pgfnodepartsixteenbox=\box49
\pgfnodepartfifteenbox=\box50
\pgfnodepartfourteenbox=\box51
\pgfnodepartthirteenbox=\box52
\pgfnodeparttwelvebox=\box53
\pgfnodepartelevenbox=\box54
\pgfnodeparttenbox=\box55
\pgfnodepartninebox=\box56
\pgfnodeparteightbox=\box57
\pgfnodepartsevenbox=\box58
\pgfnodepartsixbox=\box59
\pgfnodepartfivebox=\box60
)))
(/usr/local/texlive/2018/texmf-dist/tex/generic/pgf/frontendlayer/tikz/librarie
s/tikzlibrarypositioning.code.tex
File: tikzlibrarypositioning.code.tex 2008/10/06 v3.0.1a (rcs-revision 1.7)
)
\c@theorem=\count140
\c@definition=\count141
\c@exercise=\count142
\c@example=\count143
 (./Stochastic_Processes.aux)
\openout1 = `Stochastic_Processes.aux'.

LaTeX Font Info:    Checking defaults for OML/cmm/m/it on input line 120.
LaTeX Font Info:    ... okay on input line 120.
LaTeX Font Info:    Checking defaults for T1/cmr/m/n on input line 120.
LaTeX Font Info:    ... okay on input line 120.
LaTeX Font Info:    Checking defaults for OT1/cmr/m/n on input line 120.
LaTeX Font Info:    ... okay on input line 120.
LaTeX Font Info:    Checking defaults for OMS/cmsy/m/n on input line 120.
LaTeX Font Info:    ... okay on input line 120.
LaTeX Font Info:    Checking defaults for OMX/cmex/m/n on input line 120.
LaTeX Font Info:    ... okay on input line 120.
LaTeX Font Info:    Checking defaults for U/cmr/m/n on input line 120.
LaTeX Font Info:    ... okay on input line 120.
LaTeX Font Info:    Checking defaults for TS1/cmr/m/n on input line 120.
LaTeX Font Info:    Try loading font information for TS1+cmr on input line 120.


(/usr/local/texlive/2018/texmf-dist/tex/latex/base/ts1cmr.fd
File: ts1cmr.fd 2014/09/29 v2.5h Standard LaTeX font definitions
)
LaTeX Font Info:    ... okay on input line 120.
LaTeX Font Info:    Checking defaults for PD1/pdf/m/n on input line 120.
LaTeX Font Info:    ... okay on input line 120.

ABD: EveryShipout initializing macros
(/usr/local/texlive/2018/texmf-dist/tex/context/base/mkii/supp-pdf.mkii
[Loading MPS to PDF converter (version 2006.09.02).]
\scratchcounter=\count144
\scratchdimen=\dimen165
\scratchbox=\box61
\nofMPsegments=\count145
\nofMParguments=\count146
\everyMPshowfont=\toks44
\MPscratchCnt=\count147
\MPscratchDim=\dimen166
\MPnumerator=\count148
\makeMPintoPDFobject=\count149
\everyMPtoPDFconversion=\toks45
) (/usr/local/texlive/2018/texmf-dist/tex/latex/oberdiek/epstopdf-base.sty
Package: epstopdf-base 2016/05/15 v2.6 Base part for package epstopdf

(/usr/local/texlive/2018/texmf-dist/tex/latex/oberdiek/grfext.sty
Package: grfext 2016/05/16 v1.2 Manage graphics extensions (HO)
)
Package epstopdf-base Info: Redefining graphics rule for `.eps' on input line 4
38.
Package grfext Info: Graphics extension search list:
(grfext)             [.pdf,.png,.jpg,.mps,.jpeg,.jbig2,.jb2,.PDF,.PNG,.JPG,.JPE
G,.JBIG2,.JB2,.eps]
(grfext)             \AppendGraphicsExtensions on input line 456.

(/usr/local/texlive/2018/texmf-dist/tex/latex/latexconfig/epstopdf-sys.cfg
File: epstopdf-sys.cfg 2010/07/13 v1.3 Configuration of (r)epstopdf for TeX Liv
e
))
Package ragged2e Info: ABD: executing \RaggedRight on input line 120.

ABD: EverySelectfont initializing macros
LaTeX Info: Redefining \selectfont on input line 120.
\AtBeginShipoutBox=\box62
Package hyperref Info: Link coloring ON on input line 120.

(/usr/local/texlive/2018/texmf-dist/tex/latex/hyperref/nameref.sty
Package: nameref 2016/05/21 v2.44 Cross-referencing by name of section

(/usr/local/texlive/2018/texmf-dist/tex/generic/oberdiek/gettitlestring.sty
Package: gettitlestring 2016/05/16 v1.5 Cleanup title references (HO)
)
\c@section@level=\count150
)
LaTeX Info: Redefining \ref on input line 120.
LaTeX Info: Redefining \pageref on input line 120.
LaTeX Info: Redefining \nameref on input line 120.

(./Stochastic_Processes.out) (./Stochastic_Processes.out)
\@outlinefile=\write4
\openout4 = `Stochastic_Processes.out'.

LaTeX Font Info:    Try loading font information for U+msa on input line 123.

(/usr/local/texlive/2018/texmf-dist/tex/latex/amsfonts/umsa.fd
File: umsa.fd 2013/01/14 v3.01 AMS symbols A
)
LaTeX Font Info:    Try loading font information for U+msb on input line 123.

(/usr/local/texlive/2018/texmf-dist/tex/latex/amsfonts/umsb.fd
File: umsb.fd 2013/01/14 v3.01 AMS symbols B
) [1

{/usr/local/texlive/2018/texmf-var/fonts/map/pdftex/updmap/pdftex.map}]
(./Stochastic_Processes.toc [2])
\tf@toc=\write5
\openout5 = `Stochastic_Processes.toc'.

 [3] [4] [5] [6]

LaTeX Warning: Reference `prob.gammasum' on page 7 undefined on input line 390.


[7] [8] [9] [10]
Overfull \hbox (0.24582pt too wide) in paragraph at lines 608--609
\OT1/cmr/m/n/10 Sup-pose we col-lect coupons un-til we have at least one of ev-
ery type, and that all coupons are equally likely 
 []

[11]
Overfull \hbox (5.53163pt too wide) in paragraph at lines 654--655
\OT1/cmr/m/n/10 Let $\OML/cmm/m/it/10 S[]$ \OT1/cmr/m/n/10 be the ar-rival time
 of the $\OML/cmm/m/it/10 j$\OT1/cmr/m/n/10 th per-son. (Note that if $\OML/cmm
/m/it/10 X[]$ \OT1/cmr/m/n/10 are the in-ter-ar-rival times then $\OML/cmm/m/it
/10 S[] \OT1/cmr/m/n/10 = [][] \OML/cmm/m/it/10 X[]$\OT1/cmr/m/n/10 .) 
 []


LaTeX Warning: Reference `mathstats.order.stats.density' on page 12 undefined o
n input line 687.

[12] [13] [14]
Overfull \hbox (18.63339pt too wide) detected at line 852
\U/msb/m/n/10 E\OT1/cmr/m/n/10 (\OML/cmm/m/it/10 D\OT1/cmr/m/n/10 (\OML/cmm/m/i
t/10 t\OT1/cmr/m/n/10 )) = \U/msb/m/n/10 E\OT1/cmr/m/n/10 [\U/msb/m/n/10 E\OT1/
cmr/m/n/10 (\OML/cmm/m/it/10 D\OT1/cmr/m/n/10 (\OML/cmm/m/it/10 t\OT1/cmr/m/n/1
0 ) \OMS/cmsy/m/n/10 j \OML/cmm/m/it/10 N\OT1/cmr/m/n/10 (\OML/cmm/m/it/10 t\OT
1/cmr/m/n/10 ) = \OML/cmm/m/it/10 n\OT1/cmr/m/n/10 )] = \U/msb/m/n/10 E[]E\OT1/
cmr/m/n/10 (\OML/cmm/m/it/10 D[]\OT1/cmr/m/n/10 ) \OMS/cmsy/m/n/10 ^^A []\OT1/c
mr/m/n/10 (1 \OMS/cmsy/m/n/10 ^^@ \OML/cmm/m/it/10 e[]\OT1/cmr/m/n/10 )[] = \U/
msb/m/n/10 E\OT1/cmr/m/n/10 (\OML/cmm/m/it/10 D[]\OT1/cmr/m/n/10 ) \OMS/cmsy/m/
n/10 ^^A []\OT1/cmr/m/n/10 (1 \OMS/cmsy/m/n/10 ^^@ \OML/cmm/m/it/10 e[]\OT1/cmr
/m/n/10 ) = []
 []

[15] [16] [17]
Overfull \hbox (31.66425pt too wide) in paragraph at lines 1017--1018
[][]\OT1/cmr/bx/n/10 Theorem 15. []\OT1/cmr/m/n/10 Let $\OML/cmm/m/it/10 N\OT1/
cmr/m/n/10 (\OML/cmm/m/it/10 t\OT1/cmr/m/n/10 )$ be the count-ing pro-cess for 
a non-sta-tion-ary Pois-son pro-cess. Then $\OML/cmm/m/it/10 N\OT1/cmr/m/n/10 (
\OML/cmm/m/it/10 t\OT1/cmr/m/n/10 ) \OMS/cmsy/m/n/10 ^^X []\OT1/cmr/m/n/10 (\OM
L/cmm/m/it/10 m\OT1/cmr/m/n/10 (\OML/cmm/m/it/10 t\OT1/cmr/m/n/10 ))$.  
 []

[18] [19] [20] [21]
Overfull \hbox (7.3567pt too wide) in paragraph at lines 1245--1246
[]\OT1/cmr/m/n/10 Generalization of Pois-son pro-cesses. A count-ing pro-cess w
here the in-ter-ar-rival times are i.i.d. Let $\OML/cmm/m/it/10 X[]; X[]; []$ 
 []

[22]
Overfull \hbox (6.58383pt too wide) in paragraph at lines 1253--1254
[][]\OT1/cmr/bx/n/10 Definition 1.13 \OT1/cmr/m/n/10 (\OT1/cmr/bx/n/10 Renewal 
pro-cess; Def-i-ni-tion 3.1.1 in \OT1/cmr/bx/it/10 Stochas-tic Pro-cesses\OT1/c
mr/m/n/10 )\OT1/cmr/bx/n/10 . []\OT1/cmr/m/n/10 Let $\OMS/cmsy/m/n/10 f\OML/cmm
/m/it/10 X[]; n \OT1/cmr/m/n/10 = 1\OML/cmm/m/it/10 ; \OT1/cmr/m/n/10 2\OML/cmm
/m/it/10 ; []\OMS/cmsy/m/n/10 g$ 
 []

[23] [24] [25] [26] [27] [28] [29] [30] [31] [32] [33] [34] [35]
Overfull \hbox (3.2041pt too wide) in paragraph at lines 2083--2084
[]$\OML/cmm/m/it/10 A$ \OT1/cmr/m/n/10 serv-ing is a re-newal. Sup-pose $\OML/c
mm/m/it/10 A$ \OT1/cmr/m/n/10 just won a point. Let $\OML/cmm/m/it/10 X$ \OT1/c
mr/m/n/10 be the num-ber of games un-til $\OML/cmm/m/it/10 A$ \OT1/cmr/m/n/10 w
ins again. 
 []

[36] [37] [38]

LaTeX Warning: Reference `asym.lln2' on page 39 undefined on input line 2276.


LaTeX Warning: Reference `asym.contmappthm' on page 39 undefined on input line 
2288.

[39] [40] [41] [42] [43] [44] [45] [46] [47] [48]

LaTeX Warning: Reference `prob.defn.lattice' on page 49 undefined on input line
 2844.

[49] [50] [51] [52] [53] [54] [55] [56] [57]
Overfull \hbox (7.5717pt too wide) detected at line 3375
[] \OT1/cmr/m/n/10 = \OML/cmm/m/it/10 Y[] \OT1/cmr/m/n/10 + \OML/cmm/m/it/10 Y[
] \OT1/cmr/m/n/10 + 1  =[]\OMS/cmsy/m/n/10 )  \U/msb/m/n/10 E\OT1/cmr/m/n/10 ([
]) = \U/msb/m/n/10 E\OT1/cmr/m/n/10 (\OML/cmm/m/it/10 Y[]\OT1/cmr/m/n/10 ) + \U
/msb/m/n/10 E\OT1/cmr/m/n/10 (\OML/cmm/m/it/10 Y[]\OT1/cmr/m/n/10 ) + 1 = \OML/
cmm/m/it/10 p[]p[]p[] \OT1/cmr/m/n/10 + \OML/cmm/m/it/10 p[]p[]p[] \OT1/cmr/m/n
/10 + 1
 []

[58]
Overfull \hbox (5.44156pt too wide) in paragraph at lines 3478--3479
[][]\OT1/cmr/bx/n/10 Example 1.29 \OT1/cmr/m/n/10 (\OT1/cmr/bx/n/10 Similar to 
ex-am-ple 4.10 in \OT1/cmr/bx/it/10 In-tro-duc-tion to Prob-a-bil-ity Mod-els\O
T1/cmr/bx/n/10 , sim-i-lar to home- 
 []

[59]
Overfull \hbox (4.22046pt too wide) in paragraph at lines 3506--3507
\OT1/cmr/m/n/10 But the num-ber of peo-ple in the sys-tem im-me-di-ately af-ter
 the $\OML/cmm/m/it/10 n$\OT1/cmr/m/n/10 th ser-vice com-ple-tion is Marko-vian
. (Called 
 []


Overfull \hbox (3.22293pt too wide) detected at line 3523
\OML/cmm/m/it/10 P[] \OT1/cmr/m/n/10 = \OML/cmm/m/it/10 a[] \OT1/cmr/m/n/10 = [
](\OML/cmm/m/it/10 j \OMS/cmsy/m/n/10 ^^@ \OML/cmm/m/it/10 i \OT1/cmr/m/n/10 + 
1[]) = [][] [](\OML/cmm/m/it/10 j \OMS/cmsy/m/n/10 ^^@ \OML/cmm/m/it/10 i \OT1/
cmr/m/n/10 + 1[]\OML/cmm/m/it/10 t\OT1/cmr/m/n/10 )\OML/cmm/m/it/10 dG\OT1/cmr/
m/n/10 (\OML/cmm/m/it/10 t\OT1/cmr/m/n/10 )
 []

[60] [61] [62] [63] [64] [65] [66] [67]
Overfull \hbox (9.1783pt too wide) in paragraph at lines 4038--4039
[]\OT1/cmr/m/n/10 We will prove this by in-duc-tion on $\OML/cmm/m/it/10 n$ \OT
1/cmr/m/n/10 for $\OML/cmm/m/it/10 X[]$\OT1/cmr/m/n/10 . The case $\OML/cmm/m/i
t/10 n \OT1/cmr/m/n/10 = 0$ is true by as-sump-tion. As-sume $[](\OML/cmm/m/it/
10 X[] \OT1/cmr/m/n/10 = 
 []

[68] [69]

LaTeX Warning: Reference `prob.ex.cont.sum.ex' on page 70 undefined on input li
ne 4118.

[70] [71]
Overfull \hbox (0.9453pt too wide) in paragraph at lines 4254--4255
[][]\OT1/cmr/bx/n/10 Example 1.40 \OT1/cmr/m/n/10 (\OT1/cmr/bx/n/10 Example 4.2
5 in \OT1/cmr/bx/it/10 In-tro-duc-tion to Prob-a-bil-ity Mod-els\OT1/cmr/m/n/10
 )\OT1/cmr/bx/n/10 . []\OT1/cmr/m/n/10 Ho-tel, num-ber of new guests 
 []

[72]

LaTeX Warning: Reference `asym.markov' on page 73 undefined on input line 4324.


[73] [74] [75] [76]
Overfull \hbox (17.44688pt too wide) in paragraph at lines 4504--4505
[][]\OT1/cmr/bx/n/10 Proposition 70 \OT1/cmr/m/n/10 (\OT1/cmr/bx/n/10 Propositi
on 4.9 in \OT1/cmr/bx/it/10 In-tro-duc-tion to Prob-a-bil-ity Mod-els\OT1/cmr/b
x/n/10 , The-o-rem 4.7.3 in \OT1/cmr/bx/it/10 Stochas- 
 []


Overfull \hbox (7.80519pt too wide) in paragraph at lines 4538--4539
[][]\OT1/cmr/bx/n/10 Example 1.44 \OT1/cmr/m/n/10 (\OT1/cmr/bx/n/10 Example 4.3
7 in \OT1/cmr/bx/it/10 In-tro-duc-tion to Prob-a-bil-ity Mod-els\OT1/cmr/bx/n/1
0 , Ex-am-ple 4.7(b) in \OT1/cmr/bx/it/10 Stochas- 
 []

[77] [78] [79] [80] [81]
Overfull \hbox (4.3742pt too wide) in paragraph at lines 4858--4859
\OT1/cmr/m/n/10 tive ([][]13[][]) is con-tin-u-ous and non-pos-i-tive on $(0\OM
L/cmm/m/it/10 ; \OT1/cmr/m/n/10 1]$. There-fore the first deriva-tive ([][]12[]
[]) never ex-ceeds $\OML/cmm/m/it/10 q\OT1/cmr/m/n/10 (0) = 
 []

[82] [83] [84]
<images/stoch_dp_ic.jpg, id=969, 1926.19624pt x 1325.95375pt>
File: images/stoch_dp_ic.jpg Graphic file (type jpg)
<use images/stoch_dp_ic.jpg>
Package pdftex.def Info: images/stoch_dp_ic.jpg  used on input line 5044.
(pdftex.def)             Requested size: 385.23242pt x 265.18605pt.

Overfull \hbox (3.94258pt too wide) detected at line 5063
[] [] \OT1/cmr/m/n/10 = [] [] \OML/cmm/m/it/10 :
 []

[85] [86 <./images/stoch_dp_ic.jpg>] [87]
Overfull \hbox (21.71135pt too wide) detected at line 5171
\OML/cmm/m/it/10 J[]\OT1/cmr/m/n/10 (\OML/cmm/m/it/10 x[]\OT1/cmr/m/n/10 ) = []
 []
 []

[88]
Overfull \hbox (22.02962pt too wide) in paragraph at lines 5223--5224
[]\OT1/cmr/bx/n/10 Time lag: \OT1/cmr/m/n/10 Sup-pose that $\OML/cmm/m/it/10 x[
]$ \OT1/cmr/m/n/10 de-pends on $\OML/cmm/m/it/10 x[]; u[]$\OT1/cmr/m/n/10 , and
 $\OML/cmm/m/it/10 x[]; w[]$\OT1/cmr/m/n/10 . Then $\OML/cmm/m/it/10 x[] \OT1/c
mr/m/n/10 = \OML/cmm/m/it/10 f\OT1/cmr/m/n/10 (\OML/cmm/m/it/10 x[]; u[]; w[]; 
x[]; w[]\OT1/cmr/m/n/10 )$. 
 []


Overfull \hbox (34.35558pt too wide) in paragraph at lines 5237--5238
\OT1/cmr/m/n/10 bil-ity dis-tri-bu-tion of $\OML/cmm/m/it/10 w[]$\OT1/cmr/m/n/1
0 . In par-tic-u-lar, sup-pose $\OML/cmm/m/it/10 w[]$ \OT1/cmr/m/n/10 can have 
one of $\OML/cmm/m/it/10 m$ \OT1/cmr/m/n/10 pos-si-ble dis-tri-bu-tions $\OML/c
mm/m/it/10 Q[]\OT1/cmr/m/n/10 (\OMS/cmsy/m/n/10 ^^A\OT1/cmr/m/n/10 )\OML/cmm/m/
it/10 ; [] ; Q[]\OT1/cmr/m/n/10 (\OMS/cmsy/m/n/10 ^^A\OT1/cmr/m/n/10 )$. 
 []

[89] [90]
<images/stoch_dp_fixed.jpg, id=1022, 953.5625pt x 471.7625pt>
File: images/stoch_dp_fixed.jpg Graphic file (type jpg)
<use images/stoch_dp_fixed.jpg>
Package pdftex.def Info: images/stoch_dp_fixed.jpg  used on input line 5381.
(pdftex.def)             Requested size: 286.07095pt x 141.52983pt.
<images/stoch_dp_fixed_ncvx.jpg, id=1023, 1705.37125pt x 1613.02625pt>
File: images/stoch_dp_fixed_ncvx.jpg Graphic file (type jpg)
<use images/stoch_dp_fixed_ncvx.jpg>
Package pdftex.def Info: images/stoch_dp_fixed_ncvx.jpg  used on input line 538
9.
(pdftex.def)             Requested size: 341.0682pt x 322.59953pt.
 [91] [92 <./images/stoch_dp_fixed.jpg> <./images/stoch_dp_fixed_ncvx.jpg>]
<images/stoch_dp_k_cvx.jpg, id=1039, 1885.0425pt x 1722.435pt>
File: images/stoch_dp_k_cvx.jpg Graphic file (type jpg)
<use images/stoch_dp_k_cvx.jpg>
Package pdftex.def Info: images/stoch_dp_k_cvx.jpg  used on input line 5414.
(pdftex.def)             Requested size: 377.00182pt x 344.4809pt.
<images/stoch_dp_k_cvx_p3.jpg, id=1043, 1632.0975pt x 1121.18875pt>
File: images/stoch_dp_k_cvx_p3.jpg Graphic file (type jpg)
<use images/stoch_dp_k_cvx_p3.jpg>
Package pdftex.def Info: images/stoch_dp_k_cvx_p3.jpg  used on input line 5448.

(pdftex.def)             Requested size: 326.41371pt x 224.23378pt.
 [93 <./images/stoch_dp_k_cvx.jpg>] [94 <./images/stoch_dp_k_cvx_p3.jpg>]
<images/stoch_dp_fixed_thm_proof_1.jpg, id=1079, 1402.23875pt x 687.56876pt>
File: images/stoch_dp_fixed_thm_proof_1.jpg Graphic file (type jpg)
<use images/stoch_dp_fixed_thm_proof_1.jpg>
Package pdftex.def Info: images/stoch_dp_fixed_thm_proof_1.jpg  used on input l
ine 5543.
(pdftex.def)             Requested size: 280.44278pt x 137.5113pt.

[95] [96 <./images/stoch_dp_fixed_thm_proof_1.jpg>]
Overfull \hbox (1.52373pt too wide) in paragraph at lines 5617--5618
\OT1/cmr/m/n/10 for last minute when you can charge a lot?) cal-cu-late and up-
date book-ing lim-its (done daily/weekly). 
 []


Overfull \hbox (15.02362pt too wide) in paragraph at lines 5631--5632
\OT1/cmr/m/n/10 time, bring-ing a carry-on, etc.). Each fare class is a com-bi-
na-tion of a price and re-stric-tions on what/who 
 []

[97]
Overfull \hbox (3.18063pt too wide) in paragraph at lines 5665--5666
\OT1/cmr/m/n/10 seat. Should we open it to a dis-count pas-sen-ger or should we
 sell it? Breakeven point is when $\OML/cmm/m/it/10 P[] \OT1/cmr/m/n/10 = \U/ms
b/m/n/10 P\OT1/cmr/m/n/10 (\OML/cmm/m/it/10 D[] \OMS/cmsy/m/n/10 ^^U 
 []

LaTeX Font Info:    Try loading font information for U+bbm on input line 5697.
(/usr/local/texlive/2018/texmf-dist/tex/latex/bbm-macros/ubbm.fd
File: ubbm.fd 1999/03/15 V 1.2 Font definition for bbm font - TH
)
<images/stoch_littlewood.jpg, id=1124, 700.6175pt x 489.83pt>
File: images/stoch_littlewood.jpg Graphic file (type jpg)
<use images/stoch_littlewood.jpg>
Package pdftex.def Info: images/stoch_littlewood.jpg  used on input line 5703.
(pdftex.def)             Requested size: 350.30789pt x 244.9144pt.
 [98] [99 <./images/stoch_littlewood.jpg>] [100]
<images/stoch_dp_n_class.jpg, id=1157, 2658.93375pt x 2130.96124pt>
File: images/stoch_dp_n_class.jpg Graphic file (type jpg)
<use images/stoch_dp_n_class.jpg>
Package pdftex.def Info: images/stoch_dp_n_class.jpg  used on input line 5808.
(pdftex.def)             Requested size: 398.82286pt x 319.6304pt.
<images/stoch_dp_n_class_pf.jpg, id=1165, 1688.3075pt x 1399.2275pt>
File: images/stoch_dp_n_class_pf.jpg Graphic file (type jpg)
<use images/stoch_dp_n_class_pf.jpg>
Package pdftex.def Info: images/stoch_dp_n_class_pf.jpg  used on input line 583
5.
(pdftex.def)             Requested size: 337.65552pt x 279.84055pt.
 [101 <./images/stoch_dp_n_class.jpg>]
[102 <./images/stoch_dp_n_class_pf.jpg>] [103]
Overfull \hbox (25.14151pt too wide) in paragraph at lines 5935--5936
[]\OT1/cmr/m/n/10 Key rea-son to study in-fi-nite hori-zon prob-lems: in most c
ases, an op-ti-mal pol-icy is sta-tion-ary: $^^E[] = \OMS/cmsy/m/n/10 f\OML/cmm
/m/it/10 ^^V; ^^V; ^^V; []\OMS/cmsy/m/n/10 g$\OT1/cmr/m/n/10 . 
 []


Overfull \hbox (2.31725pt too wide) in paragraph at lines 5945--5946
[]\OT1/cmr/m/n/10 The MDP as-sump-tion cor-re-sponds to the clas-si-cal finite-
state Markov de-ci-sion pro-cess. Let $\OMS/cmsy/m/n/10 X \OT1/cmr/m/n/10 = \OM
S/cmsy/m/n/10 f\OT1/cmr/m/n/10 1\OML/cmm/m/it/10 ; [] ; n\OMS/cmsy/m/n/10 g$\OT
1/cmr/m/n/10 . 
 []

[104] [105]
Overfull \hbox (0.30983pt too wide) in paragraph at lines 6072--6073
[]\OT1/cmr/bx/n/10 notes from re-view on 2/11/10: $\OML/cmm/m/it/10 J[]$ \OT1/c
mr/m/n/10 is the unique fixed point of $\OML/cmm/m/it/10 T$ \OT1/cmr/m/n/10 and
 $\OML/cmm/m/it/10 J[]$ \OT1/cmr/m/n/10 is the unique fixed point 
 []

[106]
Missing character: There is no e in font msbm10!
Missing character: There is no e in font msbm10!
Missing character: There is no e in font msbm10!
 [107] [108]
Overfull \hbox (10.87439pt too wide) in paragraph at lines 6249--6250
[]\OT1/cmr/m/n/10 although this is a bad way to com-pute be-cause if $\OML/cmm/
m/it/10 $ \OT1/cmr/m/n/10 is large (e.g. 0.9999), ma-trix could be very ill-co
nditioned 
 []

[109] [110]
Overfull \hbox (3.53757pt too wide) in paragraph at lines 6364--6366
\OT1/cmr/m/n/10 Note that, by def-i-ni-tion of $[][]$ and $[][]$, prov-ing the 
above in-equal-ity is equiv-a-lent to show-ing that $\OML/cmm/m/it/10 [][] \OM
S/cmsy/m/n/10 ^^T 
 []

[111] [112] [113]
<images/stoch_dp_vi_vis.jpg, id=1258, 2129.9575pt x 1657.19125pt>
File: images/stoch_dp_vi_vis.jpg Graphic file (type jpg)
<use images/stoch_dp_vi_vis.jpg>
Package pdftex.def Info: images/stoch_dp_vi_vis.jpg  used on input line 6571.
(pdftex.def)             Requested size: 425.98396pt x 331.43237pt.
<images/stoch_dp_pi_vis.jpg, id=1260, 718.685pt x 767.86874pt>
File: images/stoch_dp_pi_vis.jpg Graphic file (type jpg)
<use images/stoch_dp_pi_vis.jpg>
Package pdftex.def Info: images/stoch_dp_pi_vis.jpg  used on input line 6581.
(pdftex.def)             Requested size: 359.34161pt x 383.93343pt.
 [114 <./images/stoch_dp_vi_vis.jpg>] [115 <./images/stoch_dp_pi_vis.jpg>] [116
] (./Stochastic_Processes.bbl [117]) [118]
Package atveryend Info: Empty hook `BeforeClearDocument' on input line 6737.
Package atveryend Info: Empty hook `AfterLastShipout' on input line 6737.

(./Stochastic_Processes.aux)
Package atveryend Info: Executing hook `AtVeryEndDocument' on input line 6737.
Package atveryend Info: Executing hook `AtEndAfterFileList' on input line 6737.

Package rerunfilecheck Info: File `Stochastic_Processes.out' has not changed.
(rerunfilecheck)             Checksum: 0A0006CE3B09005CD221EE07821603BB;3515.


LaTeX Warning: There were undefined references.

Package atveryend Info: Empty hook `AtVeryVeryEnd' on input line 6737.
 ) 
Here is how much of TeX's memory you used:
 18865 strings out of 492649
 353657 string characters out of 6129622
 438301 words of memory out of 5000000
 21823 multiletter control sequences out of 15000+600000
 19036 words of font info for 71 fonts, out of 8000000 for 9000
 1141 hyphenation exceptions out of 8191
 55i,22n,66p,873b,655s stack positions out of 5000i,500n,10000p,200000b,80000s
pdfTeX warning (dest): name{example.1.45} has been referenced but does not ex
ist, replaced by a fixed one

 </Users/gregfaletto/Library/texlive/2018/texmf-var/fonts/pk/ljfour/public/bbm/
bbm10.600pk>{/usr/local/texlive/2018/texmf-dist/fonts/enc/dvips/cm-super/cm-sup
er-ts1.enc}</usr/local/texlive/2018/texmf-dist/fonts/type1/public/amsfonts/cm/c
mbx10.pfb></usr/local/texlive/2018/texmf-dist/fonts/type1/public/amsfonts/cm/cm
bx12.pfb></usr/local/texlive/2018/texmf-dist/fonts/type1/public/amsfonts/cm/cmb
xti10.pfb></usr/local/texlive/2018/texmf-dist/fonts/type1/public/amsfonts/cm/cm
ex10.pfb></usr/local/texlive/2018/texmf-dist/fonts/type1/public/amsfonts/cmextr
a/cmex7.pfb></usr/local/texlive/2018/texmf-dist/fonts/type1/public/amsfonts/cm/
cmmi10.pfb></usr/local/texlive/2018/texmf-dist/fonts/type1/public/amsfonts/cm/c
mmi5.pfb></usr/local/texlive/2018/texmf-dist/fonts/type1/public/amsfonts/cm/cmm
i7.pfb></usr/local/texlive/2018/texmf-dist/fonts/type1/public/amsfonts/cm/cmmib
10.pfb></usr/local/texlive/2018/texmf-dist/fonts/type1/public/amsfonts/cm/cmr10
.pfb></usr/local/texlive/2018/texmf-dist/fonts/type1/public/amsfonts/cm/cmr12.p
fb></usr/local/texlive/2018/texmf-dist/fonts/type1/public/amsfonts/cm/cmr5.pfb>
</usr/local/texlive/2018/texmf-dist/fonts/type1/public/amsfonts/cm/cmr7.pfb></u
sr/local/texlive/2018/texmf-dist/fonts/type1/public/amsfonts/cm/cmsl10.pfb></us
r/local/texlive/2018/texmf-dist/fonts/type1/public/amsfonts/cm/cmsy10.pfb></usr
/local/texlive/2018/texmf-dist/fonts/type1/public/amsfonts/cm/cmsy5.pfb></usr/l
ocal/texlive/2018/texmf-dist/fonts/type1/public/amsfonts/cm/cmsy7.pfb></usr/loc
al/texlive/2018/texmf-dist/fonts/type1/public/amsfonts/cm/cmti10.pfb></usr/loca
l/texlive/2018/texmf-dist/fonts/type1/public/amsfonts/cm/cmtt10.pfb></usr/local
/texlive/2018/texmf-dist/fonts/type1/public/amsfonts/symbols/msbm10.pfb></usr/l
ocal/texlive/2018/texmf-dist/fonts/type1/public/cm-super/sfrm1000.pfb>
Output written on Stochastic_Processes.pdf (118 pages, 3336934 bytes).
PDF statistics:
 1510 PDF objects out of 1728 (max. 8388607)
 1337 compressed objects within 14 object streams
 549 named destinations out of 1000 (max. 500000)
 332 words of extra memory for PDF output out of 10000 (max. 10000000)

